                              1 ;--------------------------------------------------------
                              2 ; File Created by SDCC : free open source ANSI-C Compiler
                              3 ; Version 3.6.8 #9946 (Linux)
                              4 ;--------------------------------------------------------
                              5 	.module Walls
                              6 	.optsdcc -mz80
                              7 	
                              8 ;--------------------------------------------------------
                              9 ; Public variables in this module
                             10 ;--------------------------------------------------------
                             11 	.globl _tiles_53
                             12 	.globl _tiles_52
                             13 	.globl _tiles_51
                             14 	.globl _tiles_50
                             15 	.globl _tiles_49
                             16 	.globl _tiles_48
                             17 	.globl _tiles_47
                             18 	.globl _tiles_46
                             19 	.globl _tiles_45
                             20 	.globl _tiles_44
                             21 	.globl _tiles_43
                             22 	.globl _tiles_42
                             23 	.globl _tiles_41
                             24 	.globl _tiles_40
                             25 	.globl _tiles_39
                             26 	.globl _tiles_38
                             27 	.globl _tiles_37
                             28 	.globl _tiles_36
                             29 	.globl _tiles_35
                             30 	.globl _tiles_34
                             31 	.globl _tiles_33
                             32 	.globl _tiles_32
                             33 	.globl _tiles_31
                             34 	.globl _tiles_30
                             35 	.globl _tiles_29
                             36 	.globl _tiles_28
                             37 	.globl _tiles_27
                             38 	.globl _tiles_26
                             39 	.globl _tiles_25
                             40 	.globl _tiles_24
                             41 	.globl _tiles_23
                             42 	.globl _tiles_22
                             43 	.globl _tiles_21
                             44 	.globl _tiles_20
                             45 	.globl _tiles_19
                             46 	.globl _tiles_18
                             47 	.globl _tiles_17
                             48 	.globl _tiles_16
                             49 	.globl _tiles_15
                             50 	.globl _tiles_14
                             51 	.globl _tiles_13
                             52 	.globl _tiles_12
                             53 	.globl _tiles_11
                             54 	.globl _tiles_10
                             55 	.globl _tiles_09
                             56 	.globl _tiles_08
                             57 	.globl _tiles_07
                             58 	.globl _tiles_06
                             59 	.globl _tiles_05
                             60 	.globl _tiles_04
                             61 	.globl _tiles_03
                             62 	.globl _tiles_02
                             63 	.globl _tiles_01
                             64 	.globl _tiles_00
                             65 	.globl _tiles
                             66 	.globl _PALETTE2
                             67 ;--------------------------------------------------------
                             68 ; special function registers
                             69 ;--------------------------------------------------------
                             70 ;--------------------------------------------------------
                             71 ; ram data
                             72 ;--------------------------------------------------------
                             73 	.area _DATA
                             74 ;--------------------------------------------------------
                             75 ; ram data
                             76 ;--------------------------------------------------------
                             77 	.area _INITIALIZED
                             78 ;--------------------------------------------------------
                             79 ; absolute external ram data
                             80 ;--------------------------------------------------------
                             81 	.area _DABS (ABS)
                             82 ;--------------------------------------------------------
                             83 ; global & static initialisations
                             84 ;--------------------------------------------------------
                             85 	.area _HOME
                             86 	.area _GSINIT
                             87 	.area _GSFINAL
                             88 	.area _GSINIT
                             89 ;--------------------------------------------------------
                             90 ; Home
                             91 ;--------------------------------------------------------
                             92 	.area _HOME
                             93 	.area _HOME
                             94 ;--------------------------------------------------------
                             95 ; code
                             96 ;--------------------------------------------------------
                             97 	.area _CODE
                             98 	.area _CODE
   0000                      99 _PALETTE2:
   0000 54                  100 	.db #0x54	; 84	'T'
   0001 44                  101 	.db #0x44	; 68	'D'
   0002 55                  102 	.db #0x55	; 85	'U'
   0003 5D                  103 	.db #0x5d	; 93
   0004 56                  104 	.db #0x56	; 86	'V'
   0005 46                  105 	.db #0x46	; 70	'F'
   0006 57                  106 	.db #0x57	; 87	'W'
   0007 5E                  107 	.db #0x5e	; 94
   0008 40                  108 	.db #0x40	; 64
   0009 5F                  109 	.db #0x5f	; 95
   000A 4F                  110 	.db #0x4f	; 79	'O'
   000B 5B                  111 	.db #0x5b	; 91
   000C 4B                  112 	.db #0x4b	; 75	'K'
   000D                     113 _tiles:
   000Dr79r00               114 	.dw _tiles_00
   000Fr99r00               115 	.dw _tiles_01
   0011rB9r00               116 	.dw _tiles_02
   0013rD9r00               117 	.dw _tiles_03
   0015rF9r00               118 	.dw _tiles_04
   0017r19r01               119 	.dw _tiles_05
   0019r39r01               120 	.dw _tiles_06
   001Br59r01               121 	.dw _tiles_07
   001Dr79r01               122 	.dw _tiles_08
   001Fr99r01               123 	.dw _tiles_09
   0021rB9r01               124 	.dw _tiles_10
   0023rD9r01               125 	.dw _tiles_11
   0025rF9r01               126 	.dw _tiles_12
   0027r19r02               127 	.dw _tiles_13
   0029r39r02               128 	.dw _tiles_14
   002Br59r02               129 	.dw _tiles_15
   002Dr79r02               130 	.dw _tiles_16
   002Fr99r02               131 	.dw _tiles_17
   0031rB9r02               132 	.dw _tiles_18
   0033rD9r02               133 	.dw _tiles_19
   0035rF9r02               134 	.dw _tiles_20
   0037r19r03               135 	.dw _tiles_21
   0039r39r03               136 	.dw _tiles_22
   003Br59r03               137 	.dw _tiles_23
   003Dr79r03               138 	.dw _tiles_24
   003Fr99r03               139 	.dw _tiles_25
   0041rB9r03               140 	.dw _tiles_26
   0043rD9r03               141 	.dw _tiles_27
   0045rF9r03               142 	.dw _tiles_28
   0047r19r04               143 	.dw _tiles_29
   0049r39r04               144 	.dw _tiles_30
   004Br59r04               145 	.dw _tiles_31
   004Dr79r04               146 	.dw _tiles_32
   004Fr99r04               147 	.dw _tiles_33
   0051rB9r04               148 	.dw _tiles_34
   0053rD9r04               149 	.dw _tiles_35
   0055rF9r04               150 	.dw _tiles_36
   0057r19r05               151 	.dw _tiles_37
   0059r39r05               152 	.dw _tiles_38
   005Br59r05               153 	.dw _tiles_39
   005Dr79r05               154 	.dw _tiles_40
   005Fr99r05               155 	.dw _tiles_41
   0061rB9r05               156 	.dw _tiles_42
   0063rD9r05               157 	.dw _tiles_43
   0065rF9r05               158 	.dw _tiles_44
   0067r19r06               159 	.dw _tiles_45
   0069r39r06               160 	.dw _tiles_46
   006Br59r06               161 	.dw _tiles_47
   006Dr79r06               162 	.dw _tiles_48
   006Fr99r06               163 	.dw _tiles_49
   0071rB9r06               164 	.dw _tiles_50
   0073rD9r06               165 	.dw _tiles_51
   0075rF9r06               166 	.dw _tiles_52
   0077r19r07               167 	.dw _tiles_53
   0079                     168 _tiles_00:
   0079 F0                  169 	.db #0xf0	; 240
   007A F0                  170 	.db #0xf0	; 240
   007B C3                  171 	.db #0xc3	; 195
   007C C3                  172 	.db #0xc3	; 195
   007D C3                  173 	.db #0xc3	; 195
   007E C3                  174 	.db #0xc3	; 195
   007F F0                  175 	.db #0xf0	; 240
   0080 F0                  176 	.db #0xf0	; 240
   0081 00                  177 	.db #0x00	; 0
   0082 00                  178 	.db #0x00	; 0
   0083 00                  179 	.db #0x00	; 0
   0084 00                  180 	.db #0x00	; 0
   0085 00                  181 	.db #0x00	; 0
   0086 00                  182 	.db #0x00	; 0
   0087 00                  183 	.db #0x00	; 0
   0088 00                  184 	.db #0x00	; 0
   0089 F0                  185 	.db #0xf0	; 240
   008A 00                  186 	.db #0x00	; 0
   008B 00                  187 	.db #0x00	; 0
   008C C3                  188 	.db #0xc3	; 195
   008D C3                  189 	.db #0xc3	; 195
   008E 00                  190 	.db #0x00	; 0
   008F 00                  191 	.db #0x00	; 0
   0090 F0                  192 	.db #0xf0	; 240
   0091 00                  193 	.db #0x00	; 0
   0092 00                  194 	.db #0x00	; 0
   0093 00                  195 	.db #0x00	; 0
   0094 00                  196 	.db #0x00	; 0
   0095 00                  197 	.db #0x00	; 0
   0096 00                  198 	.db #0x00	; 0
   0097 00                  199 	.db #0x00	; 0
   0098 00                  200 	.db #0x00	; 0
   0099                     201 _tiles_01:
   0099 41                  202 	.db #0x41	; 65	'A'
   009A C3                  203 	.db #0xc3	; 195
   009B C3                  204 	.db #0xc3	; 195
   009C C3                  205 	.db #0xc3	; 195
   009D C3                  206 	.db #0xc3	; 195
   009E C3                  207 	.db #0xc3	; 195
   009F C3                  208 	.db #0xc3	; 195
   00A0 41                  209 	.db #0x41	; 65	'A'
   00A1 C3                  210 	.db #0xc3	; 195
   00A2 82                  211 	.db #0x82	; 130
   00A3 00                  212 	.db #0x00	; 0
   00A4 00                  213 	.db #0x00	; 0
   00A5 00                  214 	.db #0x00	; 0
   00A6 00                  215 	.db #0x00	; 0
   00A7 82                  216 	.db #0x82	; 130
   00A8 C3                  217 	.db #0xc3	; 195
   00A9 82                  218 	.db #0x82	; 130
   00AA 41                  219 	.db #0x41	; 65	'A'
   00AB C3                  220 	.db #0xc3	; 195
   00AC C3                  221 	.db #0xc3	; 195
   00AD C3                  222 	.db #0xc3	; 195
   00AE C3                  223 	.db #0xc3	; 195
   00AF 41                  224 	.db #0x41	; 65	'A'
   00B0 82                  225 	.db #0x82	; 130
   00B1 C3                  226 	.db #0xc3	; 195
   00B2 82                  227 	.db #0x82	; 130
   00B3 00                  228 	.db #0x00	; 0
   00B4 00                  229 	.db #0x00	; 0
   00B5 00                  230 	.db #0x00	; 0
   00B6 00                  231 	.db #0x00	; 0
   00B7 82                  232 	.db #0x82	; 130
   00B8 C3                  233 	.db #0xc3	; 195
   00B9                     234 _tiles_02:
   00B9 C3                  235 	.db #0xc3	; 195
   00BA C3                  236 	.db #0xc3	; 195
   00BB C3                  237 	.db #0xc3	; 195
   00BC C3                  238 	.db #0xc3	; 195
   00BD C3                  239 	.db #0xc3	; 195
   00BE C3                  240 	.db #0xc3	; 195
   00BF C3                  241 	.db #0xc3	; 195
   00C0 C3                  242 	.db #0xc3	; 195
   00C1 00                  243 	.db #0x00	; 0
   00C2 00                  244 	.db #0x00	; 0
   00C3 00                  245 	.db #0x00	; 0
   00C4 00                  246 	.db #0x00	; 0
   00C5 00                  247 	.db #0x00	; 0
   00C6 00                  248 	.db #0x00	; 0
   00C7 00                  249 	.db #0x00	; 0
   00C8 00                  250 	.db #0x00	; 0
   00C9 C3                  251 	.db #0xc3	; 195
   00CA C3                  252 	.db #0xc3	; 195
   00CB C3                  253 	.db #0xc3	; 195
   00CC C3                  254 	.db #0xc3	; 195
   00CD C3                  255 	.db #0xc3	; 195
   00CE C3                  256 	.db #0xc3	; 195
   00CF C3                  257 	.db #0xc3	; 195
   00D0 C3                  258 	.db #0xc3	; 195
   00D1 00                  259 	.db #0x00	; 0
   00D2 00                  260 	.db #0x00	; 0
   00D3 00                  261 	.db #0x00	; 0
   00D4 00                  262 	.db #0x00	; 0
   00D5 00                  263 	.db #0x00	; 0
   00D6 00                  264 	.db #0x00	; 0
   00D7 00                  265 	.db #0x00	; 0
   00D8 00                  266 	.db #0x00	; 0
   00D9                     267 _tiles_03:
   00D9 C3                  268 	.db #0xc3	; 195
   00DA C3                  269 	.db #0xc3	; 195
   00DB C3                  270 	.db #0xc3	; 195
   00DC C3                  271 	.db #0xc3	; 195
   00DD C3                  272 	.db #0xc3	; 195
   00DE C3                  273 	.db #0xc3	; 195
   00DF C3                  274 	.db #0xc3	; 195
   00E0 C3                  275 	.db #0xc3	; 195
   00E1 00                  276 	.db #0x00	; 0
   00E2 00                  277 	.db #0x00	; 0
   00E3 00                  278 	.db #0x00	; 0
   00E4 00                  279 	.db #0x00	; 0
   00E5 00                  280 	.db #0x00	; 0
   00E6 00                  281 	.db #0x00	; 0
   00E7 00                  282 	.db #0x00	; 0
   00E8 00                  283 	.db #0x00	; 0
   00E9 C3                  284 	.db #0xc3	; 195
   00EA 00                  285 	.db #0x00	; 0
   00EB 00                  286 	.db #0x00	; 0
   00EC C3                  287 	.db #0xc3	; 195
   00ED C3                  288 	.db #0xc3	; 195
   00EE 00                  289 	.db #0x00	; 0
   00EF 00                  290 	.db #0x00	; 0
   00F0 C3                  291 	.db #0xc3	; 195
   00F1 00                  292 	.db #0x00	; 0
   00F2 00                  293 	.db #0x00	; 0
   00F3 00                  294 	.db #0x00	; 0
   00F4 00                  295 	.db #0x00	; 0
   00F5 00                  296 	.db #0x00	; 0
   00F6 00                  297 	.db #0x00	; 0
   00F7 00                  298 	.db #0x00	; 0
   00F8 00                  299 	.db #0x00	; 0
   00F9                     300 _tiles_04:
   00F9 C3                  301 	.db #0xc3	; 195
   00FA C3                  302 	.db #0xc3	; 195
   00FB C3                  303 	.db #0xc3	; 195
   00FC 82                  304 	.db #0x82	; 130
   00FD 82                  305 	.db #0x82	; 130
   00FE C3                  306 	.db #0xc3	; 195
   00FF C3                  307 	.db #0xc3	; 195
   0100 C3                  308 	.db #0xc3	; 195
   0101 00                  309 	.db #0x00	; 0
   0102 00                  310 	.db #0x00	; 0
   0103 41                  311 	.db #0x41	; 65	'A'
   0104 C3                  312 	.db #0xc3	; 195
   0105 C3                  313 	.db #0xc3	; 195
   0106 41                  314 	.db #0x41	; 65	'A'
   0107 00                  315 	.db #0x00	; 0
   0108 00                  316 	.db #0x00	; 0
   0109 C3                  317 	.db #0xc3	; 195
   010A C3                  318 	.db #0xc3	; 195
   010B 82                  319 	.db #0x82	; 130
   010C 41                  320 	.db #0x41	; 65	'A'
   010D 41                  321 	.db #0x41	; 65	'A'
   010E 82                  322 	.db #0x82	; 130
   010F C3                  323 	.db #0xc3	; 195
   0110 C3                  324 	.db #0xc3	; 195
   0111 00                  325 	.db #0x00	; 0
   0112 00                  326 	.db #0x00	; 0
   0113 41                  327 	.db #0x41	; 65	'A'
   0114 C3                  328 	.db #0xc3	; 195
   0115 C3                  329 	.db #0xc3	; 195
   0116 41                  330 	.db #0x41	; 65	'A'
   0117 00                  331 	.db #0x00	; 0
   0118 00                  332 	.db #0x00	; 0
   0119                     333 _tiles_05:
   0119 50                  334 	.db #0x50	; 80	'P'
   011A F0                  335 	.db #0xf0	; 240
   011B F0                  336 	.db #0xf0	; 240
   011C F0                  337 	.db #0xf0	; 240
   011D F0                  338 	.db #0xf0	; 240
   011E F0                  339 	.db #0xf0	; 240
   011F F0                  340 	.db #0xf0	; 240
   0120 50                  341 	.db #0x50	; 80	'P'
   0121 F0                  342 	.db #0xf0	; 240
   0122 A0                  343 	.db #0xa0	; 160
   0123 00                  344 	.db #0x00	; 0
   0124 00                  345 	.db #0x00	; 0
   0125 00                  346 	.db #0x00	; 0
   0126 00                  347 	.db #0x00	; 0
   0127 A0                  348 	.db #0xa0	; 160
   0128 F0                  349 	.db #0xf0	; 240
   0129 A0                  350 	.db #0xa0	; 160
   012A 50                  351 	.db #0x50	; 80	'P'
   012B F0                  352 	.db #0xf0	; 240
   012C F0                  353 	.db #0xf0	; 240
   012D F0                  354 	.db #0xf0	; 240
   012E F0                  355 	.db #0xf0	; 240
   012F 50                  356 	.db #0x50	; 80	'P'
   0130 A0                  357 	.db #0xa0	; 160
   0131 F0                  358 	.db #0xf0	; 240
   0132 A0                  359 	.db #0xa0	; 160
   0133 00                  360 	.db #0x00	; 0
   0134 00                  361 	.db #0x00	; 0
   0135 00                  362 	.db #0x00	; 0
   0136 00                  363 	.db #0x00	; 0
   0137 A0                  364 	.db #0xa0	; 160
   0138 F0                  365 	.db #0xf0	; 240
   0139                     366 _tiles_06:
   0139 F0                  367 	.db #0xf0	; 240
   013A F0                  368 	.db #0xf0	; 240
   013B F0                  369 	.db #0xf0	; 240
   013C F0                  370 	.db #0xf0	; 240
   013D F0                  371 	.db #0xf0	; 240
   013E F0                  372 	.db #0xf0	; 240
   013F F0                  373 	.db #0xf0	; 240
   0140 F0                  374 	.db #0xf0	; 240
   0141 00                  375 	.db #0x00	; 0
   0142 00                  376 	.db #0x00	; 0
   0143 00                  377 	.db #0x00	; 0
   0144 00                  378 	.db #0x00	; 0
   0145 00                  379 	.db #0x00	; 0
   0146 00                  380 	.db #0x00	; 0
   0147 00                  381 	.db #0x00	; 0
   0148 00                  382 	.db #0x00	; 0
   0149 F0                  383 	.db #0xf0	; 240
   014A F0                  384 	.db #0xf0	; 240
   014B F0                  385 	.db #0xf0	; 240
   014C F0                  386 	.db #0xf0	; 240
   014D F0                  387 	.db #0xf0	; 240
   014E F0                  388 	.db #0xf0	; 240
   014F F0                  389 	.db #0xf0	; 240
   0150 F0                  390 	.db #0xf0	; 240
   0151 00                  391 	.db #0x00	; 0
   0152 00                  392 	.db #0x00	; 0
   0153 00                  393 	.db #0x00	; 0
   0154 00                  394 	.db #0x00	; 0
   0155 00                  395 	.db #0x00	; 0
   0156 00                  396 	.db #0x00	; 0
   0157 00                  397 	.db #0x00	; 0
   0158 00                  398 	.db #0x00	; 0
   0159                     399 _tiles_07:
   0159 F0                  400 	.db #0xf0	; 240
   015A F0                  401 	.db #0xf0	; 240
   015B F0                  402 	.db #0xf0	; 240
   015C F0                  403 	.db #0xf0	; 240
   015D F0                  404 	.db #0xf0	; 240
   015E F0                  405 	.db #0xf0	; 240
   015F F0                  406 	.db #0xf0	; 240
   0160 F0                  407 	.db #0xf0	; 240
   0161 00                  408 	.db #0x00	; 0
   0162 00                  409 	.db #0x00	; 0
   0163 00                  410 	.db #0x00	; 0
   0164 00                  411 	.db #0x00	; 0
   0165 00                  412 	.db #0x00	; 0
   0166 00                  413 	.db #0x00	; 0
   0167 00                  414 	.db #0x00	; 0
   0168 00                  415 	.db #0x00	; 0
   0169 F0                  416 	.db #0xf0	; 240
   016A 00                  417 	.db #0x00	; 0
   016B 00                  418 	.db #0x00	; 0
   016C F0                  419 	.db #0xf0	; 240
   016D F0                  420 	.db #0xf0	; 240
   016E 00                  421 	.db #0x00	; 0
   016F 00                  422 	.db #0x00	; 0
   0170 F0                  423 	.db #0xf0	; 240
   0171 00                  424 	.db #0x00	; 0
   0172 00                  425 	.db #0x00	; 0
   0173 00                  426 	.db #0x00	; 0
   0174 00                  427 	.db #0x00	; 0
   0175 00                  428 	.db #0x00	; 0
   0176 00                  429 	.db #0x00	; 0
   0177 00                  430 	.db #0x00	; 0
   0178 00                  431 	.db #0x00	; 0
   0179                     432 _tiles_08:
   0179 F0                  433 	.db #0xf0	; 240
   017A F0                  434 	.db #0xf0	; 240
   017B F0                  435 	.db #0xf0	; 240
   017C A0                  436 	.db #0xa0	; 160
   017D A0                  437 	.db #0xa0	; 160
   017E F0                  438 	.db #0xf0	; 240
   017F F0                  439 	.db #0xf0	; 240
   0180 F0                  440 	.db #0xf0	; 240
   0181 00                  441 	.db #0x00	; 0
   0182 00                  442 	.db #0x00	; 0
   0183 50                  443 	.db #0x50	; 80	'P'
   0184 F0                  444 	.db #0xf0	; 240
   0185 F0                  445 	.db #0xf0	; 240
   0186 50                  446 	.db #0x50	; 80	'P'
   0187 00                  447 	.db #0x00	; 0
   0188 00                  448 	.db #0x00	; 0
   0189 F0                  449 	.db #0xf0	; 240
   018A F0                  450 	.db #0xf0	; 240
   018B A0                  451 	.db #0xa0	; 160
   018C 50                  452 	.db #0x50	; 80	'P'
   018D 50                  453 	.db #0x50	; 80	'P'
   018E A0                  454 	.db #0xa0	; 160
   018F F0                  455 	.db #0xf0	; 240
   0190 F0                  456 	.db #0xf0	; 240
   0191 00                  457 	.db #0x00	; 0
   0192 00                  458 	.db #0x00	; 0
   0193 50                  459 	.db #0x50	; 80	'P'
   0194 F0                  460 	.db #0xf0	; 240
   0195 F0                  461 	.db #0xf0	; 240
   0196 50                  462 	.db #0x50	; 80	'P'
   0197 00                  463 	.db #0x00	; 0
   0198 00                  464 	.db #0x00	; 0
   0199                     465 _tiles_09:
   0199 00                  466 	.db #0x00	; 0
   019A A0                  467 	.db #0xa0	; 160
   019B 41                  468 	.db #0x41	; 65	'A'
   019C 00                  469 	.db #0x00	; 0
   019D 00                  470 	.db #0x00	; 0
   019E 41                  471 	.db #0x41	; 65	'A'
   019F A0                  472 	.db #0xa0	; 160
   01A0 00                  473 	.db #0x00	; 0
   01A1 00                  474 	.db #0x00	; 0
   01A2 A0                  475 	.db #0xa0	; 160
   01A3 41                  476 	.db #0x41	; 65	'A'
   01A4 00                  477 	.db #0x00	; 0
   01A5 00                  478 	.db #0x00	; 0
   01A6 41                  479 	.db #0x41	; 65	'A'
   01A7 A0                  480 	.db #0xa0	; 160
   01A8 00                  481 	.db #0x00	; 0
   01A9 40                  482 	.db #0x40	; 64
   01AA A0                  483 	.db #0xa0	; 160
   01AB 41                  484 	.db #0x41	; 65	'A'
   01AC 80                  485 	.db #0x80	; 128
   01AD 80                  486 	.db #0x80	; 128
   01AE 41                  487 	.db #0x41	; 65	'A'
   01AF A0                  488 	.db #0xa0	; 160
   01B0 40                  489 	.db #0x40	; 64
   01B1 80                  490 	.db #0x80	; 128
   01B2 A0                  491 	.db #0xa0	; 160
   01B3 41                  492 	.db #0x41	; 65	'A'
   01B4 40                  493 	.db #0x40	; 64
   01B5 40                  494 	.db #0x40	; 64
   01B6 41                  495 	.db #0x41	; 65	'A'
   01B7 A0                  496 	.db #0xa0	; 160
   01B8 80                  497 	.db #0x80	; 128
   01B9                     498 _tiles_10:
   01B9 82                  499 	.db #0x82	; 130
   01BA 41                  500 	.db #0x41	; 65	'A'
   01BB 80                  501 	.db #0x80	; 128
   01BC 00                  502 	.db #0x00	; 0
   01BD 00                  503 	.db #0x00	; 0
   01BE 80                  504 	.db #0x80	; 128
   01BF 41                  505 	.db #0x41	; 65	'A'
   01C0 82                  506 	.db #0x82	; 130
   01C1 82                  507 	.db #0x82	; 130
   01C2 41                  508 	.db #0x41	; 65	'A'
   01C3 40                  509 	.db #0x40	; 64
   01C4 00                  510 	.db #0x00	; 0
   01C5 00                  511 	.db #0x00	; 0
   01C6 40                  512 	.db #0x40	; 64
   01C7 41                  513 	.db #0x41	; 65	'A'
   01C8 82                  514 	.db #0x82	; 130
   01C9 82                  515 	.db #0x82	; 130
   01CA 41                  516 	.db #0x41	; 65	'A'
   01CB 00                  517 	.db #0x00	; 0
   01CC 40                  518 	.db #0x40	; 64
   01CD 40                  519 	.db #0x40	; 64
   01CE 00                  520 	.db #0x00	; 0
   01CF 41                  521 	.db #0x41	; 65	'A'
   01D0 82                  522 	.db #0x82	; 130
   01D1 82                  523 	.db #0x82	; 130
   01D2 41                  524 	.db #0x41	; 65	'A'
   01D3 00                  525 	.db #0x00	; 0
   01D4 80                  526 	.db #0x80	; 128
   01D5 80                  527 	.db #0x80	; 128
   01D6 00                  528 	.db #0x00	; 0
   01D7 41                  529 	.db #0x41	; 65	'A'
   01D8 82                  530 	.db #0x82	; 130
   01D9                     531 _tiles_11:
   01D9 00                  532 	.db #0x00	; 0
   01DA 00                  533 	.db #0x00	; 0
   01DB 00                  534 	.db #0x00	; 0
   01DC 00                  535 	.db #0x00	; 0
   01DD 00                  536 	.db #0x00	; 0
   01DE 00                  537 	.db #0x00	; 0
   01DF 00                  538 	.db #0x00	; 0
   01E0 00                  539 	.db #0x00	; 0
   01E1 00                  540 	.db #0x00	; 0
   01E2 00                  541 	.db #0x00	; 0
   01E3 00                  542 	.db #0x00	; 0
   01E4 00                  543 	.db #0x00	; 0
   01E5 00                  544 	.db #0x00	; 0
   01E6 00                  545 	.db #0x00	; 0
   01E7 00                  546 	.db #0x00	; 0
   01E8 00                  547 	.db #0x00	; 0
   01E9 40                  548 	.db #0x40	; 64
   01EA 40                  549 	.db #0x40	; 64
   01EB 40                  550 	.db #0x40	; 64
   01EC 40                  551 	.db #0x40	; 64
   01ED 40                  552 	.db #0x40	; 64
   01EE 40                  553 	.db #0x40	; 64
   01EF 40                  554 	.db #0x40	; 64
   01F0 40                  555 	.db #0x40	; 64
   01F1 80                  556 	.db #0x80	; 128
   01F2 80                  557 	.db #0x80	; 128
   01F3 80                  558 	.db #0x80	; 128
   01F4 80                  559 	.db #0x80	; 128
   01F5 80                  560 	.db #0x80	; 128
   01F6 80                  561 	.db #0x80	; 128
   01F7 80                  562 	.db #0x80	; 128
   01F8 80                  563 	.db #0x80	; 128
   01F9                     564 _tiles_12:
   01F9 00                  565 	.db #0x00	; 0
   01FA 82                  566 	.db #0x82	; 130
   01FB 41                  567 	.db #0x41	; 65	'A'
   01FC 00                  568 	.db #0x00	; 0
   01FD 00                  569 	.db #0x00	; 0
   01FE 41                  570 	.db #0x41	; 65	'A'
   01FF 82                  571 	.db #0x82	; 130
   0200 00                  572 	.db #0x00	; 0
   0201 00                  573 	.db #0x00	; 0
   0202 82                  574 	.db #0x82	; 130
   0203 41                  575 	.db #0x41	; 65	'A'
   0204 00                  576 	.db #0x00	; 0
   0205 00                  577 	.db #0x00	; 0
   0206 41                  578 	.db #0x41	; 65	'A'
   0207 82                  579 	.db #0x82	; 130
   0208 00                  580 	.db #0x00	; 0
   0209 40                  581 	.db #0x40	; 64
   020A 82                  582 	.db #0x82	; 130
   020B 41                  583 	.db #0x41	; 65	'A'
   020C 80                  584 	.db #0x80	; 128
   020D 80                  585 	.db #0x80	; 128
   020E 41                  586 	.db #0x41	; 65	'A'
   020F 82                  587 	.db #0x82	; 130
   0210 40                  588 	.db #0x40	; 64
   0211 80                  589 	.db #0x80	; 128
   0212 82                  590 	.db #0x82	; 130
   0213 41                  591 	.db #0x41	; 65	'A'
   0214 40                  592 	.db #0x40	; 64
   0215 40                  593 	.db #0x40	; 64
   0216 41                  594 	.db #0x41	; 65	'A'
   0217 82                  595 	.db #0x82	; 130
   0218 80                  596 	.db #0x80	; 128
   0219                     597 _tiles_13:
   0219 00                  598 	.db #0x00	; 0
   021A 40                  599 	.db #0x40	; 64
   021B 82                  600 	.db #0x82	; 130
   021C 41                  601 	.db #0x41	; 65	'A'
   021D 41                  602 	.db #0x41	; 65	'A'
   021E 82                  603 	.db #0x82	; 130
   021F 40                  604 	.db #0x40	; 64
   0220 00                  605 	.db #0x00	; 0
   0221 00                  606 	.db #0x00	; 0
   0222 80                  607 	.db #0x80	; 128
   0223 82                  608 	.db #0x82	; 130
   0224 41                  609 	.db #0x41	; 65	'A'
   0225 41                  610 	.db #0x41	; 65	'A'
   0226 82                  611 	.db #0x82	; 130
   0227 80                  612 	.db #0x80	; 128
   0228 00                  613 	.db #0x00	; 0
   0229 80                  614 	.db #0x80	; 128
   022A 00                  615 	.db #0x00	; 0
   022B 82                  616 	.db #0x82	; 130
   022C 41                  617 	.db #0x41	; 65	'A'
   022D 41                  618 	.db #0x41	; 65	'A'
   022E 82                  619 	.db #0x82	; 130
   022F 00                  620 	.db #0x00	; 0
   0230 80                  621 	.db #0x80	; 128
   0231 40                  622 	.db #0x40	; 64
   0232 00                  623 	.db #0x00	; 0
   0233 82                  624 	.db #0x82	; 130
   0234 41                  625 	.db #0x41	; 65	'A'
   0235 41                  626 	.db #0x41	; 65	'A'
   0236 82                  627 	.db #0x82	; 130
   0237 00                  628 	.db #0x00	; 0
   0238 40                  629 	.db #0x40	; 64
   0239                     630 _tiles_14:
   0239 A0                  631 	.db #0xa0	; 160
   023A 50                  632 	.db #0x50	; 80	'P'
   023B 80                  633 	.db #0x80	; 128
   023C 00                  634 	.db #0x00	; 0
   023D 00                  635 	.db #0x00	; 0
   023E 80                  636 	.db #0x80	; 128
   023F 50                  637 	.db #0x50	; 80	'P'
   0240 A0                  638 	.db #0xa0	; 160
   0241 A0                  639 	.db #0xa0	; 160
   0242 50                  640 	.db #0x50	; 80	'P'
   0243 40                  641 	.db #0x40	; 64
   0244 00                  642 	.db #0x00	; 0
   0245 00                  643 	.db #0x00	; 0
   0246 40                  644 	.db #0x40	; 64
   0247 50                  645 	.db #0x50	; 80	'P'
   0248 A0                  646 	.db #0xa0	; 160
   0249 A0                  647 	.db #0xa0	; 160
   024A 50                  648 	.db #0x50	; 80	'P'
   024B 00                  649 	.db #0x00	; 0
   024C 40                  650 	.db #0x40	; 64
   024D 40                  651 	.db #0x40	; 64
   024E 00                  652 	.db #0x00	; 0
   024F 50                  653 	.db #0x50	; 80	'P'
   0250 A0                  654 	.db #0xa0	; 160
   0251 A0                  655 	.db #0xa0	; 160
   0252 50                  656 	.db #0x50	; 80	'P'
   0253 00                  657 	.db #0x00	; 0
   0254 80                  658 	.db #0x80	; 128
   0255 80                  659 	.db #0x80	; 128
   0256 00                  660 	.db #0x00	; 0
   0257 50                  661 	.db #0x50	; 80	'P'
   0258 A0                  662 	.db #0xa0	; 160
   0259                     663 _tiles_15:
   0259 00                  664 	.db #0x00	; 0
   025A 00                  665 	.db #0x00	; 0
   025B 00                  666 	.db #0x00	; 0
   025C 00                  667 	.db #0x00	; 0
   025D 00                  668 	.db #0x00	; 0
   025E 00                  669 	.db #0x00	; 0
   025F 00                  670 	.db #0x00	; 0
   0260 00                  671 	.db #0x00	; 0
   0261 00                  672 	.db #0x00	; 0
   0262 00                  673 	.db #0x00	; 0
   0263 00                  674 	.db #0x00	; 0
   0264 00                  675 	.db #0x00	; 0
   0265 00                  676 	.db #0x00	; 0
   0266 00                  677 	.db #0x00	; 0
   0267 00                  678 	.db #0x00	; 0
   0268 00                  679 	.db #0x00	; 0
   0269 40                  680 	.db #0x40	; 64
   026A 40                  681 	.db #0x40	; 64
   026B 40                  682 	.db #0x40	; 64
   026C 40                  683 	.db #0x40	; 64
   026D 40                  684 	.db #0x40	; 64
   026E 40                  685 	.db #0x40	; 64
   026F 40                  686 	.db #0x40	; 64
   0270 40                  687 	.db #0x40	; 64
   0271 80                  688 	.db #0x80	; 128
   0272 80                  689 	.db #0x80	; 128
   0273 80                  690 	.db #0x80	; 128
   0274 80                  691 	.db #0x80	; 128
   0275 80                  692 	.db #0x80	; 128
   0276 80                  693 	.db #0x80	; 128
   0277 80                  694 	.db #0x80	; 128
   0278 80                  695 	.db #0x80	; 128
   0279                     696 _tiles_16:
   0279 00                  697 	.db #0x00	; 0
   027A A0                  698 	.db #0xa0	; 160
   027B 50                  699 	.db #0x50	; 80	'P'
   027C 00                  700 	.db #0x00	; 0
   027D 00                  701 	.db #0x00	; 0
   027E 50                  702 	.db #0x50	; 80	'P'
   027F A0                  703 	.db #0xa0	; 160
   0280 00                  704 	.db #0x00	; 0
   0281 00                  705 	.db #0x00	; 0
   0282 A0                  706 	.db #0xa0	; 160
   0283 50                  707 	.db #0x50	; 80	'P'
   0284 00                  708 	.db #0x00	; 0
   0285 00                  709 	.db #0x00	; 0
   0286 50                  710 	.db #0x50	; 80	'P'
   0287 A0                  711 	.db #0xa0	; 160
   0288 00                  712 	.db #0x00	; 0
   0289 40                  713 	.db #0x40	; 64
   028A A0                  714 	.db #0xa0	; 160
   028B 50                  715 	.db #0x50	; 80	'P'
   028C 80                  716 	.db #0x80	; 128
   028D 80                  717 	.db #0x80	; 128
   028E 50                  718 	.db #0x50	; 80	'P'
   028F A0                  719 	.db #0xa0	; 160
   0290 40                  720 	.db #0x40	; 64
   0291 80                  721 	.db #0x80	; 128
   0292 A0                  722 	.db #0xa0	; 160
   0293 50                  723 	.db #0x50	; 80	'P'
   0294 40                  724 	.db #0x40	; 64
   0295 40                  725 	.db #0x40	; 64
   0296 50                  726 	.db #0x50	; 80	'P'
   0297 A0                  727 	.db #0xa0	; 160
   0298 80                  728 	.db #0x80	; 128
   0299                     729 _tiles_17:
   0299 00                  730 	.db #0x00	; 0
   029A 40                  731 	.db #0x40	; 64
   029B A0                  732 	.db #0xa0	; 160
   029C 50                  733 	.db #0x50	; 80	'P'
   029D 50                  734 	.db #0x50	; 80	'P'
   029E A0                  735 	.db #0xa0	; 160
   029F 40                  736 	.db #0x40	; 64
   02A0 00                  737 	.db #0x00	; 0
   02A1 00                  738 	.db #0x00	; 0
   02A2 80                  739 	.db #0x80	; 128
   02A3 A0                  740 	.db #0xa0	; 160
   02A4 50                  741 	.db #0x50	; 80	'P'
   02A5 50                  742 	.db #0x50	; 80	'P'
   02A6 A0                  743 	.db #0xa0	; 160
   02A7 80                  744 	.db #0x80	; 128
   02A8 00                  745 	.db #0x00	; 0
   02A9 80                  746 	.db #0x80	; 128
   02AA 00                  747 	.db #0x00	; 0
   02AB A0                  748 	.db #0xa0	; 160
   02AC 50                  749 	.db #0x50	; 80	'P'
   02AD 50                  750 	.db #0x50	; 80	'P'
   02AE A0                  751 	.db #0xa0	; 160
   02AF 00                  752 	.db #0x00	; 0
   02B0 80                  753 	.db #0x80	; 128
   02B1 40                  754 	.db #0x40	; 64
   02B2 00                  755 	.db #0x00	; 0
   02B3 A0                  756 	.db #0xa0	; 160
   02B4 50                  757 	.db #0x50	; 80	'P'
   02B5 50                  758 	.db #0x50	; 80	'P'
   02B6 A0                  759 	.db #0xa0	; 160
   02B7 00                  760 	.db #0x00	; 0
   02B8 40                  761 	.db #0x40	; 64
   02B9                     762 _tiles_18:
   02B9 80                  763 	.db #0x80	; 128
   02BA A0                  764 	.db #0xa0	; 160
   02BB 41                  765 	.db #0x41	; 65	'A'
   02BC 80                  766 	.db #0x80	; 128
   02BD 80                  767 	.db #0x80	; 128
   02BE 41                  768 	.db #0x41	; 65	'A'
   02BF A0                  769 	.db #0xa0	; 160
   02C0 80                  770 	.db #0x80	; 128
   02C1 40                  771 	.db #0x40	; 64
   02C2 A0                  772 	.db #0xa0	; 160
   02C3 41                  773 	.db #0x41	; 65	'A'
   02C4 40                  774 	.db #0x40	; 64
   02C5 40                  775 	.db #0x40	; 64
   02C6 41                  776 	.db #0x41	; 65	'A'
   02C7 A0                  777 	.db #0xa0	; 160
   02C8 40                  778 	.db #0x40	; 64
   02C9 40                  779 	.db #0x40	; 64
   02CA A0                  780 	.db #0xa0	; 160
   02CB 41                  781 	.db #0x41	; 65	'A'
   02CC 40                  782 	.db #0x40	; 64
   02CD 40                  783 	.db #0x40	; 64
   02CE 41                  784 	.db #0x41	; 65	'A'
   02CF A0                  785 	.db #0xa0	; 160
   02D0 40                  786 	.db #0x40	; 64
   02D1 80                  787 	.db #0x80	; 128
   02D2 A0                  788 	.db #0xa0	; 160
   02D3 41                  789 	.db #0x41	; 65	'A'
   02D4 80                  790 	.db #0x80	; 128
   02D5 80                  791 	.db #0x80	; 128
   02D6 41                  792 	.db #0x41	; 65	'A'
   02D7 A0                  793 	.db #0xa0	; 160
   02D8 80                  794 	.db #0x80	; 128
   02D9                     795 _tiles_19:
   02D9 82                  796 	.db #0x82	; 130
   02DA 41                  797 	.db #0x41	; 65	'A'
   02DB 00                  798 	.db #0x00	; 0
   02DC 80                  799 	.db #0x80	; 128
   02DD 80                  800 	.db #0x80	; 128
   02DE 00                  801 	.db #0x00	; 0
   02DF 41                  802 	.db #0x41	; 65	'A'
   02E0 82                  803 	.db #0x82	; 130
   02E1 82                  804 	.db #0x82	; 130
   02E2 41                  805 	.db #0x41	; 65	'A'
   02E3 00                  806 	.db #0x00	; 0
   02E4 40                  807 	.db #0x40	; 64
   02E5 40                  808 	.db #0x40	; 64
   02E6 00                  809 	.db #0x00	; 0
   02E7 41                  810 	.db #0x41	; 65	'A'
   02E8 82                  811 	.db #0x82	; 130
   02E9 82                  812 	.db #0x82	; 130
   02EA 41                  813 	.db #0x41	; 65	'A'
   02EB 00                  814 	.db #0x00	; 0
   02EC 40                  815 	.db #0x40	; 64
   02ED 40                  816 	.db #0x40	; 64
   02EE 00                  817 	.db #0x00	; 0
   02EF 41                  818 	.db #0x41	; 65	'A'
   02F0 82                  819 	.db #0x82	; 130
   02F1 82                  820 	.db #0x82	; 130
   02F2 41                  821 	.db #0x41	; 65	'A'
   02F3 00                  822 	.db #0x00	; 0
   02F4 80                  823 	.db #0x80	; 128
   02F5 80                  824 	.db #0x80	; 128
   02F6 00                  825 	.db #0x00	; 0
   02F7 41                  826 	.db #0x41	; 65	'A'
   02F8 82                  827 	.db #0x82	; 130
   02F9                     828 _tiles_20:
   02F9 00                  829 	.db #0x00	; 0
   02FA 00                  830 	.db #0x00	; 0
   02FB 00                  831 	.db #0x00	; 0
   02FC 00                  832 	.db #0x00	; 0
   02FD 00                  833 	.db #0x00	; 0
   02FE 00                  834 	.db #0x00	; 0
   02FF 00                  835 	.db #0x00	; 0
   0300 00                  836 	.db #0x00	; 0
   0301 00                  837 	.db #0x00	; 0
   0302 00                  838 	.db #0x00	; 0
   0303 00                  839 	.db #0x00	; 0
   0304 00                  840 	.db #0x00	; 0
   0305 00                  841 	.db #0x00	; 0
   0306 00                  842 	.db #0x00	; 0
   0307 00                  843 	.db #0x00	; 0
   0308 00                  844 	.db #0x00	; 0
   0309 00                  845 	.db #0x00	; 0
   030A 00                  846 	.db #0x00	; 0
   030B 00                  847 	.db #0x00	; 0
   030C 00                  848 	.db #0x00	; 0
   030D 00                  849 	.db #0x00	; 0
   030E 00                  850 	.db #0x00	; 0
   030F 00                  851 	.db #0x00	; 0
   0310 00                  852 	.db #0x00	; 0
   0311 00                  853 	.db #0x00	; 0
   0312 00                  854 	.db #0x00	; 0
   0313 00                  855 	.db #0x00	; 0
   0314 00                  856 	.db #0x00	; 0
   0315 00                  857 	.db #0x00	; 0
   0316 00                  858 	.db #0x00	; 0
   0317 00                  859 	.db #0x00	; 0
   0318 00                  860 	.db #0x00	; 0
   0319                     861 _tiles_21:
   0319 80                  862 	.db #0x80	; 128
   031A 82                  863 	.db #0x82	; 130
   031B 41                  864 	.db #0x41	; 65	'A'
   031C 80                  865 	.db #0x80	; 128
   031D 80                  866 	.db #0x80	; 128
   031E 41                  867 	.db #0x41	; 65	'A'
   031F 82                  868 	.db #0x82	; 130
   0320 80                  869 	.db #0x80	; 128
   0321 40                  870 	.db #0x40	; 64
   0322 82                  871 	.db #0x82	; 130
   0323 41                  872 	.db #0x41	; 65	'A'
   0324 40                  873 	.db #0x40	; 64
   0325 40                  874 	.db #0x40	; 64
   0326 41                  875 	.db #0x41	; 65	'A'
   0327 82                  876 	.db #0x82	; 130
   0328 40                  877 	.db #0x40	; 64
   0329 40                  878 	.db #0x40	; 64
   032A 82                  879 	.db #0x82	; 130
   032B 41                  880 	.db #0x41	; 65	'A'
   032C 40                  881 	.db #0x40	; 64
   032D 40                  882 	.db #0x40	; 64
   032E 41                  883 	.db #0x41	; 65	'A'
   032F 82                  884 	.db #0x82	; 130
   0330 40                  885 	.db #0x40	; 64
   0331 80                  886 	.db #0x80	; 128
   0332 82                  887 	.db #0x82	; 130
   0333 41                  888 	.db #0x41	; 65	'A'
   0334 80                  889 	.db #0x80	; 128
   0335 80                  890 	.db #0x80	; 128
   0336 41                  891 	.db #0x41	; 65	'A'
   0337 82                  892 	.db #0x82	; 130
   0338 80                  893 	.db #0x80	; 128
   0339                     894 _tiles_22:
   0339 40                  895 	.db #0x40	; 64
   033A 00                  896 	.db #0x00	; 0
   033B 82                  897 	.db #0x82	; 130
   033C 41                  898 	.db #0x41	; 65	'A'
   033D 41                  899 	.db #0x41	; 65	'A'
   033E 82                  900 	.db #0x82	; 130
   033F 00                  901 	.db #0x00	; 0
   0340 40                  902 	.db #0x40	; 64
   0341 80                  903 	.db #0x80	; 128
   0342 00                  904 	.db #0x00	; 0
   0343 82                  905 	.db #0x82	; 130
   0344 41                  906 	.db #0x41	; 65	'A'
   0345 41                  907 	.db #0x41	; 65	'A'
   0346 82                  908 	.db #0x82	; 130
   0347 00                  909 	.db #0x00	; 0
   0348 80                  910 	.db #0x80	; 128
   0349 80                  911 	.db #0x80	; 128
   034A 00                  912 	.db #0x00	; 0
   034B 82                  913 	.db #0x82	; 130
   034C 41                  914 	.db #0x41	; 65	'A'
   034D 41                  915 	.db #0x41	; 65	'A'
   034E 82                  916 	.db #0x82	; 130
   034F 00                  917 	.db #0x00	; 0
   0350 80                  918 	.db #0x80	; 128
   0351 40                  919 	.db #0x40	; 64
   0352 00                  920 	.db #0x00	; 0
   0353 82                  921 	.db #0x82	; 130
   0354 41                  922 	.db #0x41	; 65	'A'
   0355 41                  923 	.db #0x41	; 65	'A'
   0356 82                  924 	.db #0x82	; 130
   0357 00                  925 	.db #0x00	; 0
   0358 40                  926 	.db #0x40	; 64
   0359                     927 _tiles_23:
   0359 A0                  928 	.db #0xa0	; 160
   035A 50                  929 	.db #0x50	; 80	'P'
   035B 00                  930 	.db #0x00	; 0
   035C 80                  931 	.db #0x80	; 128
   035D 80                  932 	.db #0x80	; 128
   035E 00                  933 	.db #0x00	; 0
   035F 50                  934 	.db #0x50	; 80	'P'
   0360 A0                  935 	.db #0xa0	; 160
   0361 A0                  936 	.db #0xa0	; 160
   0362 50                  937 	.db #0x50	; 80	'P'
   0363 00                  938 	.db #0x00	; 0
   0364 40                  939 	.db #0x40	; 64
   0365 40                  940 	.db #0x40	; 64
   0366 00                  941 	.db #0x00	; 0
   0367 50                  942 	.db #0x50	; 80	'P'
   0368 A0                  943 	.db #0xa0	; 160
   0369 A0                  944 	.db #0xa0	; 160
   036A 50                  945 	.db #0x50	; 80	'P'
   036B 00                  946 	.db #0x00	; 0
   036C 40                  947 	.db #0x40	; 64
   036D 40                  948 	.db #0x40	; 64
   036E 00                  949 	.db #0x00	; 0
   036F 50                  950 	.db #0x50	; 80	'P'
   0370 A0                  951 	.db #0xa0	; 160
   0371 A0                  952 	.db #0xa0	; 160
   0372 50                  953 	.db #0x50	; 80	'P'
   0373 00                  954 	.db #0x00	; 0
   0374 80                  955 	.db #0x80	; 128
   0375 80                  956 	.db #0x80	; 128
   0376 00                  957 	.db #0x00	; 0
   0377 50                  958 	.db #0x50	; 80	'P'
   0378 A0                  959 	.db #0xa0	; 160
   0379                     960 _tiles_24:
   0379 00                  961 	.db #0x00	; 0
   037A 00                  962 	.db #0x00	; 0
   037B 00                  963 	.db #0x00	; 0
   037C 00                  964 	.db #0x00	; 0
   037D 00                  965 	.db #0x00	; 0
   037E 00                  966 	.db #0x00	; 0
   037F 00                  967 	.db #0x00	; 0
   0380 00                  968 	.db #0x00	; 0
   0381 00                  969 	.db #0x00	; 0
   0382 00                  970 	.db #0x00	; 0
   0383 00                  971 	.db #0x00	; 0
   0384 00                  972 	.db #0x00	; 0
   0385 00                  973 	.db #0x00	; 0
   0386 00                  974 	.db #0x00	; 0
   0387 00                  975 	.db #0x00	; 0
   0388 00                  976 	.db #0x00	; 0
   0389 00                  977 	.db #0x00	; 0
   038A 00                  978 	.db #0x00	; 0
   038B 00                  979 	.db #0x00	; 0
   038C 00                  980 	.db #0x00	; 0
   038D 00                  981 	.db #0x00	; 0
   038E 00                  982 	.db #0x00	; 0
   038F 00                  983 	.db #0x00	; 0
   0390 00                  984 	.db #0x00	; 0
   0391 00                  985 	.db #0x00	; 0
   0392 00                  986 	.db #0x00	; 0
   0393 00                  987 	.db #0x00	; 0
   0394 00                  988 	.db #0x00	; 0
   0395 00                  989 	.db #0x00	; 0
   0396 00                  990 	.db #0x00	; 0
   0397 00                  991 	.db #0x00	; 0
   0398 00                  992 	.db #0x00	; 0
   0399                     993 _tiles_25:
   0399 80                  994 	.db #0x80	; 128
   039A A0                  995 	.db #0xa0	; 160
   039B 50                  996 	.db #0x50	; 80	'P'
   039C 80                  997 	.db #0x80	; 128
   039D 80                  998 	.db #0x80	; 128
   039E 50                  999 	.db #0x50	; 80	'P'
   039F A0                 1000 	.db #0xa0	; 160
   03A0 80                 1001 	.db #0x80	; 128
   03A1 40                 1002 	.db #0x40	; 64
   03A2 A0                 1003 	.db #0xa0	; 160
   03A3 50                 1004 	.db #0x50	; 80	'P'
   03A4 40                 1005 	.db #0x40	; 64
   03A5 40                 1006 	.db #0x40	; 64
   03A6 50                 1007 	.db #0x50	; 80	'P'
   03A7 A0                 1008 	.db #0xa0	; 160
   03A8 40                 1009 	.db #0x40	; 64
   03A9 40                 1010 	.db #0x40	; 64
   03AA A0                 1011 	.db #0xa0	; 160
   03AB 50                 1012 	.db #0x50	; 80	'P'
   03AC 40                 1013 	.db #0x40	; 64
   03AD 40                 1014 	.db #0x40	; 64
   03AE 50                 1015 	.db #0x50	; 80	'P'
   03AF A0                 1016 	.db #0xa0	; 160
   03B0 40                 1017 	.db #0x40	; 64
   03B1 80                 1018 	.db #0x80	; 128
   03B2 A0                 1019 	.db #0xa0	; 160
   03B3 50                 1020 	.db #0x50	; 80	'P'
   03B4 80                 1021 	.db #0x80	; 128
   03B5 80                 1022 	.db #0x80	; 128
   03B6 50                 1023 	.db #0x50	; 80	'P'
   03B7 A0                 1024 	.db #0xa0	; 160
   03B8 80                 1025 	.db #0x80	; 128
   03B9                    1026 _tiles_26:
   03B9 40                 1027 	.db #0x40	; 64
   03BA 00                 1028 	.db #0x00	; 0
   03BB A0                 1029 	.db #0xa0	; 160
   03BC 50                 1030 	.db #0x50	; 80	'P'
   03BD 50                 1031 	.db #0x50	; 80	'P'
   03BE A0                 1032 	.db #0xa0	; 160
   03BF 00                 1033 	.db #0x00	; 0
   03C0 40                 1034 	.db #0x40	; 64
   03C1 80                 1035 	.db #0x80	; 128
   03C2 00                 1036 	.db #0x00	; 0
   03C3 A0                 1037 	.db #0xa0	; 160
   03C4 50                 1038 	.db #0x50	; 80	'P'
   03C5 50                 1039 	.db #0x50	; 80	'P'
   03C6 A0                 1040 	.db #0xa0	; 160
   03C7 00                 1041 	.db #0x00	; 0
   03C8 80                 1042 	.db #0x80	; 128
   03C9 80                 1043 	.db #0x80	; 128
   03CA 00                 1044 	.db #0x00	; 0
   03CB A0                 1045 	.db #0xa0	; 160
   03CC 50                 1046 	.db #0x50	; 80	'P'
   03CD 50                 1047 	.db #0x50	; 80	'P'
   03CE A0                 1048 	.db #0xa0	; 160
   03CF 00                 1049 	.db #0x00	; 0
   03D0 80                 1050 	.db #0x80	; 128
   03D1 40                 1051 	.db #0x40	; 64
   03D2 00                 1052 	.db #0x00	; 0
   03D3 A0                 1053 	.db #0xa0	; 160
   03D4 50                 1054 	.db #0x50	; 80	'P'
   03D5 50                 1055 	.db #0x50	; 80	'P'
   03D6 A0                 1056 	.db #0xa0	; 160
   03D7 00                 1057 	.db #0x00	; 0
   03D8 40                 1058 	.db #0x40	; 64
   03D9                    1059 _tiles_27:
   03D9 80                 1060 	.db #0x80	; 128
   03DA A0                 1061 	.db #0xa0	; 160
   03DB 41                 1062 	.db #0x41	; 65	'A'
   03DC 80                 1063 	.db #0x80	; 128
   03DD 80                 1064 	.db #0x80	; 128
   03DE 41                 1065 	.db #0x41	; 65	'A'
   03DF A0                 1066 	.db #0xa0	; 160
   03E0 80                 1067 	.db #0x80	; 128
   03E1 40                 1068 	.db #0x40	; 64
   03E2 A0                 1069 	.db #0xa0	; 160
   03E3 41                 1070 	.db #0x41	; 65	'A'
   03E4 40                 1071 	.db #0x40	; 64
   03E5 40                 1072 	.db #0x40	; 64
   03E6 41                 1073 	.db #0x41	; 65	'A'
   03E7 A0                 1074 	.db #0xa0	; 160
   03E8 40                 1075 	.db #0x40	; 64
   03E9 40                 1076 	.db #0x40	; 64
   03EA A0                 1077 	.db #0xa0	; 160
   03EB 41                 1078 	.db #0x41	; 65	'A'
   03EC 40                 1079 	.db #0x40	; 64
   03ED 40                 1080 	.db #0x40	; 64
   03EE 41                 1081 	.db #0x41	; 65	'A'
   03EF A0                 1082 	.db #0xa0	; 160
   03F0 40                 1083 	.db #0x40	; 64
   03F1 80                 1084 	.db #0x80	; 128
   03F2 A0                 1085 	.db #0xa0	; 160
   03F3 41                 1086 	.db #0x41	; 65	'A'
   03F4 80                 1087 	.db #0x80	; 128
   03F5 80                 1088 	.db #0x80	; 128
   03F6 41                 1089 	.db #0x41	; 65	'A'
   03F7 A0                 1090 	.db #0xa0	; 160
   03F8 80                 1091 	.db #0x80	; 128
   03F9                    1092 _tiles_28:
   03F9 82                 1093 	.db #0x82	; 130
   03FA 41                 1094 	.db #0x41	; 65	'A'
   03FB 00                 1095 	.db #0x00	; 0
   03FC 80                 1096 	.db #0x80	; 128
   03FD 80                 1097 	.db #0x80	; 128
   03FE 00                 1098 	.db #0x00	; 0
   03FF 41                 1099 	.db #0x41	; 65	'A'
   0400 82                 1100 	.db #0x82	; 130
   0401 82                 1101 	.db #0x82	; 130
   0402 41                 1102 	.db #0x41	; 65	'A'
   0403 00                 1103 	.db #0x00	; 0
   0404 40                 1104 	.db #0x40	; 64
   0405 40                 1105 	.db #0x40	; 64
   0406 00                 1106 	.db #0x00	; 0
   0407 41                 1107 	.db #0x41	; 65	'A'
   0408 82                 1108 	.db #0x82	; 130
   0409 82                 1109 	.db #0x82	; 130
   040A 41                 1110 	.db #0x41	; 65	'A'
   040B 00                 1111 	.db #0x00	; 0
   040C 40                 1112 	.db #0x40	; 64
   040D 40                 1113 	.db #0x40	; 64
   040E 00                 1114 	.db #0x00	; 0
   040F 41                 1115 	.db #0x41	; 65	'A'
   0410 82                 1116 	.db #0x82	; 130
   0411 82                 1117 	.db #0x82	; 130
   0412 41                 1118 	.db #0x41	; 65	'A'
   0413 00                 1119 	.db #0x00	; 0
   0414 80                 1120 	.db #0x80	; 128
   0415 80                 1121 	.db #0x80	; 128
   0416 00                 1122 	.db #0x00	; 0
   0417 41                 1123 	.db #0x41	; 65	'A'
   0418 82                 1124 	.db #0x82	; 130
   0419                    1125 _tiles_29:
   0419 00                 1126 	.db #0x00	; 0
   041A 00                 1127 	.db #0x00	; 0
   041B 00                 1128 	.db #0x00	; 0
   041C 00                 1129 	.db #0x00	; 0
   041D 00                 1130 	.db #0x00	; 0
   041E 00                 1131 	.db #0x00	; 0
   041F 00                 1132 	.db #0x00	; 0
   0420 00                 1133 	.db #0x00	; 0
   0421 00                 1134 	.db #0x00	; 0
   0422 00                 1135 	.db #0x00	; 0
   0423 00                 1136 	.db #0x00	; 0
   0424 00                 1137 	.db #0x00	; 0
   0425 00                 1138 	.db #0x00	; 0
   0426 00                 1139 	.db #0x00	; 0
   0427 00                 1140 	.db #0x00	; 0
   0428 00                 1141 	.db #0x00	; 0
   0429 00                 1142 	.db #0x00	; 0
   042A 00                 1143 	.db #0x00	; 0
   042B 00                 1144 	.db #0x00	; 0
   042C 00                 1145 	.db #0x00	; 0
   042D 00                 1146 	.db #0x00	; 0
   042E 00                 1147 	.db #0x00	; 0
   042F 00                 1148 	.db #0x00	; 0
   0430 00                 1149 	.db #0x00	; 0
   0431 00                 1150 	.db #0x00	; 0
   0432 00                 1151 	.db #0x00	; 0
   0433 00                 1152 	.db #0x00	; 0
   0434 00                 1153 	.db #0x00	; 0
   0435 00                 1154 	.db #0x00	; 0
   0436 00                 1155 	.db #0x00	; 0
   0437 00                 1156 	.db #0x00	; 0
   0438 00                 1157 	.db #0x00	; 0
   0439                    1158 _tiles_30:
   0439 80                 1159 	.db #0x80	; 128
   043A 82                 1160 	.db #0x82	; 130
   043B 41                 1161 	.db #0x41	; 65	'A'
   043C 80                 1162 	.db #0x80	; 128
   043D 80                 1163 	.db #0x80	; 128
   043E 41                 1164 	.db #0x41	; 65	'A'
   043F 82                 1165 	.db #0x82	; 130
   0440 80                 1166 	.db #0x80	; 128
   0441 40                 1167 	.db #0x40	; 64
   0442 82                 1168 	.db #0x82	; 130
   0443 41                 1169 	.db #0x41	; 65	'A'
   0444 40                 1170 	.db #0x40	; 64
   0445 40                 1171 	.db #0x40	; 64
   0446 41                 1172 	.db #0x41	; 65	'A'
   0447 82                 1173 	.db #0x82	; 130
   0448 40                 1174 	.db #0x40	; 64
   0449 40                 1175 	.db #0x40	; 64
   044A 82                 1176 	.db #0x82	; 130
   044B 41                 1177 	.db #0x41	; 65	'A'
   044C 40                 1178 	.db #0x40	; 64
   044D 40                 1179 	.db #0x40	; 64
   044E 41                 1180 	.db #0x41	; 65	'A'
   044F 82                 1181 	.db #0x82	; 130
   0450 40                 1182 	.db #0x40	; 64
   0451 80                 1183 	.db #0x80	; 128
   0452 82                 1184 	.db #0x82	; 130
   0453 41                 1185 	.db #0x41	; 65	'A'
   0454 80                 1186 	.db #0x80	; 128
   0455 80                 1187 	.db #0x80	; 128
   0456 41                 1188 	.db #0x41	; 65	'A'
   0457 82                 1189 	.db #0x82	; 130
   0458 80                 1190 	.db #0x80	; 128
   0459                    1191 _tiles_31:
   0459 40                 1192 	.db #0x40	; 64
   045A 00                 1193 	.db #0x00	; 0
   045B 82                 1194 	.db #0x82	; 130
   045C 41                 1195 	.db #0x41	; 65	'A'
   045D 41                 1196 	.db #0x41	; 65	'A'
   045E 82                 1197 	.db #0x82	; 130
   045F 00                 1198 	.db #0x00	; 0
   0460 40                 1199 	.db #0x40	; 64
   0461 80                 1200 	.db #0x80	; 128
   0462 00                 1201 	.db #0x00	; 0
   0463 82                 1202 	.db #0x82	; 130
   0464 41                 1203 	.db #0x41	; 65	'A'
   0465 41                 1204 	.db #0x41	; 65	'A'
   0466 82                 1205 	.db #0x82	; 130
   0467 00                 1206 	.db #0x00	; 0
   0468 80                 1207 	.db #0x80	; 128
   0469 80                 1208 	.db #0x80	; 128
   046A 00                 1209 	.db #0x00	; 0
   046B 82                 1210 	.db #0x82	; 130
   046C 41                 1211 	.db #0x41	; 65	'A'
   046D 41                 1212 	.db #0x41	; 65	'A'
   046E 82                 1213 	.db #0x82	; 130
   046F 00                 1214 	.db #0x00	; 0
   0470 80                 1215 	.db #0x80	; 128
   0471 40                 1216 	.db #0x40	; 64
   0472 00                 1217 	.db #0x00	; 0
   0473 82                 1218 	.db #0x82	; 130
   0474 41                 1219 	.db #0x41	; 65	'A'
   0475 41                 1220 	.db #0x41	; 65	'A'
   0476 82                 1221 	.db #0x82	; 130
   0477 00                 1222 	.db #0x00	; 0
   0478 40                 1223 	.db #0x40	; 64
   0479                    1224 _tiles_32:
   0479 A0                 1225 	.db #0xa0	; 160
   047A 50                 1226 	.db #0x50	; 80	'P'
   047B 00                 1227 	.db #0x00	; 0
   047C 80                 1228 	.db #0x80	; 128
   047D 80                 1229 	.db #0x80	; 128
   047E 00                 1230 	.db #0x00	; 0
   047F 50                 1231 	.db #0x50	; 80	'P'
   0480 A0                 1232 	.db #0xa0	; 160
   0481 A0                 1233 	.db #0xa0	; 160
   0482 50                 1234 	.db #0x50	; 80	'P'
   0483 00                 1235 	.db #0x00	; 0
   0484 40                 1236 	.db #0x40	; 64
   0485 40                 1237 	.db #0x40	; 64
   0486 00                 1238 	.db #0x00	; 0
   0487 50                 1239 	.db #0x50	; 80	'P'
   0488 A0                 1240 	.db #0xa0	; 160
   0489 A0                 1241 	.db #0xa0	; 160
   048A 50                 1242 	.db #0x50	; 80	'P'
   048B 00                 1243 	.db #0x00	; 0
   048C 40                 1244 	.db #0x40	; 64
   048D 40                 1245 	.db #0x40	; 64
   048E 00                 1246 	.db #0x00	; 0
   048F 50                 1247 	.db #0x50	; 80	'P'
   0490 A0                 1248 	.db #0xa0	; 160
   0491 A0                 1249 	.db #0xa0	; 160
   0492 50                 1250 	.db #0x50	; 80	'P'
   0493 00                 1251 	.db #0x00	; 0
   0494 80                 1252 	.db #0x80	; 128
   0495 80                 1253 	.db #0x80	; 128
   0496 00                 1254 	.db #0x00	; 0
   0497 50                 1255 	.db #0x50	; 80	'P'
   0498 A0                 1256 	.db #0xa0	; 160
   0499                    1257 _tiles_33:
   0499 00                 1258 	.db #0x00	; 0
   049A 00                 1259 	.db #0x00	; 0
   049B 00                 1260 	.db #0x00	; 0
   049C 00                 1261 	.db #0x00	; 0
   049D 00                 1262 	.db #0x00	; 0
   049E 00                 1263 	.db #0x00	; 0
   049F 00                 1264 	.db #0x00	; 0
   04A0 00                 1265 	.db #0x00	; 0
   04A1 00                 1266 	.db #0x00	; 0
   04A2 00                 1267 	.db #0x00	; 0
   04A3 00                 1268 	.db #0x00	; 0
   04A4 00                 1269 	.db #0x00	; 0
   04A5 00                 1270 	.db #0x00	; 0
   04A6 00                 1271 	.db #0x00	; 0
   04A7 00                 1272 	.db #0x00	; 0
   04A8 00                 1273 	.db #0x00	; 0
   04A9 00                 1274 	.db #0x00	; 0
   04AA 00                 1275 	.db #0x00	; 0
   04AB 00                 1276 	.db #0x00	; 0
   04AC 00                 1277 	.db #0x00	; 0
   04AD 00                 1278 	.db #0x00	; 0
   04AE 00                 1279 	.db #0x00	; 0
   04AF 00                 1280 	.db #0x00	; 0
   04B0 00                 1281 	.db #0x00	; 0
   04B1 00                 1282 	.db #0x00	; 0
   04B2 00                 1283 	.db #0x00	; 0
   04B3 00                 1284 	.db #0x00	; 0
   04B4 00                 1285 	.db #0x00	; 0
   04B5 00                 1286 	.db #0x00	; 0
   04B6 00                 1287 	.db #0x00	; 0
   04B7 00                 1288 	.db #0x00	; 0
   04B8 00                 1289 	.db #0x00	; 0
   04B9                    1290 _tiles_34:
   04B9 80                 1291 	.db #0x80	; 128
   04BA A0                 1292 	.db #0xa0	; 160
   04BB 50                 1293 	.db #0x50	; 80	'P'
   04BC 80                 1294 	.db #0x80	; 128
   04BD 80                 1295 	.db #0x80	; 128
   04BE 50                 1296 	.db #0x50	; 80	'P'
   04BF A0                 1297 	.db #0xa0	; 160
   04C0 80                 1298 	.db #0x80	; 128
   04C1 40                 1299 	.db #0x40	; 64
   04C2 A0                 1300 	.db #0xa0	; 160
   04C3 50                 1301 	.db #0x50	; 80	'P'
   04C4 40                 1302 	.db #0x40	; 64
   04C5 40                 1303 	.db #0x40	; 64
   04C6 50                 1304 	.db #0x50	; 80	'P'
   04C7 A0                 1305 	.db #0xa0	; 160
   04C8 40                 1306 	.db #0x40	; 64
   04C9 40                 1307 	.db #0x40	; 64
   04CA A0                 1308 	.db #0xa0	; 160
   04CB 50                 1309 	.db #0x50	; 80	'P'
   04CC 40                 1310 	.db #0x40	; 64
   04CD 40                 1311 	.db #0x40	; 64
   04CE 50                 1312 	.db #0x50	; 80	'P'
   04CF A0                 1313 	.db #0xa0	; 160
   04D0 40                 1314 	.db #0x40	; 64
   04D1 80                 1315 	.db #0x80	; 128
   04D2 A0                 1316 	.db #0xa0	; 160
   04D3 50                 1317 	.db #0x50	; 80	'P'
   04D4 80                 1318 	.db #0x80	; 128
   04D5 80                 1319 	.db #0x80	; 128
   04D6 50                 1320 	.db #0x50	; 80	'P'
   04D7 A0                 1321 	.db #0xa0	; 160
   04D8 80                 1322 	.db #0x80	; 128
   04D9                    1323 _tiles_35:
   04D9 40                 1324 	.db #0x40	; 64
   04DA 00                 1325 	.db #0x00	; 0
   04DB A0                 1326 	.db #0xa0	; 160
   04DC 50                 1327 	.db #0x50	; 80	'P'
   04DD 50                 1328 	.db #0x50	; 80	'P'
   04DE A0                 1329 	.db #0xa0	; 160
   04DF 00                 1330 	.db #0x00	; 0
   04E0 40                 1331 	.db #0x40	; 64
   04E1 80                 1332 	.db #0x80	; 128
   04E2 00                 1333 	.db #0x00	; 0
   04E3 A0                 1334 	.db #0xa0	; 160
   04E4 50                 1335 	.db #0x50	; 80	'P'
   04E5 50                 1336 	.db #0x50	; 80	'P'
   04E6 A0                 1337 	.db #0xa0	; 160
   04E7 00                 1338 	.db #0x00	; 0
   04E8 80                 1339 	.db #0x80	; 128
   04E9 80                 1340 	.db #0x80	; 128
   04EA 00                 1341 	.db #0x00	; 0
   04EB A0                 1342 	.db #0xa0	; 160
   04EC 50                 1343 	.db #0x50	; 80	'P'
   04ED 50                 1344 	.db #0x50	; 80	'P'
   04EE A0                 1345 	.db #0xa0	; 160
   04EF 00                 1346 	.db #0x00	; 0
   04F0 80                 1347 	.db #0x80	; 128
   04F1 40                 1348 	.db #0x40	; 64
   04F2 00                 1349 	.db #0x00	; 0
   04F3 A0                 1350 	.db #0xa0	; 160
   04F4 50                 1351 	.db #0x50	; 80	'P'
   04F5 50                 1352 	.db #0x50	; 80	'P'
   04F6 A0                 1353 	.db #0xa0	; 160
   04F7 00                 1354 	.db #0x00	; 0
   04F8 40                 1355 	.db #0x40	; 64
   04F9                    1356 _tiles_36:
   04F9 F0                 1357 	.db #0xf0	; 240
   04FA 00                 1358 	.db #0x00	; 0
   04FB 00                 1359 	.db #0x00	; 0
   04FC C3                 1360 	.db #0xc3	; 195
   04FD C3                 1361 	.db #0xc3	; 195
   04FE 00                 1362 	.db #0x00	; 0
   04FF 00                 1363 	.db #0x00	; 0
   0500 F0                 1364 	.db #0xf0	; 240
   0501 00                 1365 	.db #0x00	; 0
   0502 00                 1366 	.db #0x00	; 0
   0503 00                 1367 	.db #0x00	; 0
   0504 00                 1368 	.db #0x00	; 0
   0505 00                 1369 	.db #0x00	; 0
   0506 00                 1370 	.db #0x00	; 0
   0507 00                 1371 	.db #0x00	; 0
   0508 00                 1372 	.db #0x00	; 0
   0509 F0                 1373 	.db #0xf0	; 240
   050A F0                 1374 	.db #0xf0	; 240
   050B C3                 1375 	.db #0xc3	; 195
   050C C3                 1376 	.db #0xc3	; 195
   050D C3                 1377 	.db #0xc3	; 195
   050E C3                 1378 	.db #0xc3	; 195
   050F F0                 1379 	.db #0xf0	; 240
   0510 F0                 1380 	.db #0xf0	; 240
   0511 00                 1381 	.db #0x00	; 0
   0512 00                 1382 	.db #0x00	; 0
   0513 00                 1383 	.db #0x00	; 0
   0514 00                 1384 	.db #0x00	; 0
   0515 00                 1385 	.db #0x00	; 0
   0516 00                 1386 	.db #0x00	; 0
   0517 00                 1387 	.db #0x00	; 0
   0518 00                 1388 	.db #0x00	; 0
   0519                    1389 _tiles_37:
   0519 82                 1390 	.db #0x82	; 130
   051A 41                 1391 	.db #0x41	; 65	'A'
   051B C3                 1392 	.db #0xc3	; 195
   051C C3                 1393 	.db #0xc3	; 195
   051D C3                 1394 	.db #0xc3	; 195
   051E C3                 1395 	.db #0xc3	; 195
   051F 41                 1396 	.db #0x41	; 65	'A'
   0520 82                 1397 	.db #0x82	; 130
   0521 C3                 1398 	.db #0xc3	; 195
   0522 82                 1399 	.db #0x82	; 130
   0523 00                 1400 	.db #0x00	; 0
   0524 00                 1401 	.db #0x00	; 0
   0525 00                 1402 	.db #0x00	; 0
   0526 00                 1403 	.db #0x00	; 0
   0527 82                 1404 	.db #0x82	; 130
   0528 C3                 1405 	.db #0xc3	; 195
   0529 41                 1406 	.db #0x41	; 65	'A'
   052A C3                 1407 	.db #0xc3	; 195
   052B C3                 1408 	.db #0xc3	; 195
   052C C3                 1409 	.db #0xc3	; 195
   052D C3                 1410 	.db #0xc3	; 195
   052E C3                 1411 	.db #0xc3	; 195
   052F C3                 1412 	.db #0xc3	; 195
   0530 41                 1413 	.db #0x41	; 65	'A'
   0531 C3                 1414 	.db #0xc3	; 195
   0532 82                 1415 	.db #0x82	; 130
   0533 00                 1416 	.db #0x00	; 0
   0534 00                 1417 	.db #0x00	; 0
   0535 00                 1418 	.db #0x00	; 0
   0536 00                 1419 	.db #0x00	; 0
   0537 82                 1420 	.db #0x82	; 130
   0538 C3                 1421 	.db #0xc3	; 195
   0539                    1422 _tiles_38:
   0539 C3                 1423 	.db #0xc3	; 195
   053A C3                 1424 	.db #0xc3	; 195
   053B C3                 1425 	.db #0xc3	; 195
   053C C3                 1426 	.db #0xc3	; 195
   053D C3                 1427 	.db #0xc3	; 195
   053E C3                 1428 	.db #0xc3	; 195
   053F C3                 1429 	.db #0xc3	; 195
   0540 C3                 1430 	.db #0xc3	; 195
   0541 00                 1431 	.db #0x00	; 0
   0542 00                 1432 	.db #0x00	; 0
   0543 00                 1433 	.db #0x00	; 0
   0544 00                 1434 	.db #0x00	; 0
   0545 00                 1435 	.db #0x00	; 0
   0546 00                 1436 	.db #0x00	; 0
   0547 00                 1437 	.db #0x00	; 0
   0548 00                 1438 	.db #0x00	; 0
   0549 C3                 1439 	.db #0xc3	; 195
   054A C3                 1440 	.db #0xc3	; 195
   054B C3                 1441 	.db #0xc3	; 195
   054C C3                 1442 	.db #0xc3	; 195
   054D C3                 1443 	.db #0xc3	; 195
   054E C3                 1444 	.db #0xc3	; 195
   054F C3                 1445 	.db #0xc3	; 195
   0550 C3                 1446 	.db #0xc3	; 195
   0551 00                 1447 	.db #0x00	; 0
   0552 00                 1448 	.db #0x00	; 0
   0553 00                 1449 	.db #0x00	; 0
   0554 00                 1450 	.db #0x00	; 0
   0555 00                 1451 	.db #0x00	; 0
   0556 00                 1452 	.db #0x00	; 0
   0557 00                 1453 	.db #0x00	; 0
   0558 00                 1454 	.db #0x00	; 0
   0559                    1455 _tiles_39:
   0559 C3                 1456 	.db #0xc3	; 195
   055A 00                 1457 	.db #0x00	; 0
   055B 00                 1458 	.db #0x00	; 0
   055C C3                 1459 	.db #0xc3	; 195
   055D C3                 1460 	.db #0xc3	; 195
   055E 00                 1461 	.db #0x00	; 0
   055F 00                 1462 	.db #0x00	; 0
   0560 C3                 1463 	.db #0xc3	; 195
   0561 00                 1464 	.db #0x00	; 0
   0562 00                 1465 	.db #0x00	; 0
   0563 00                 1466 	.db #0x00	; 0
   0564 00                 1467 	.db #0x00	; 0
   0565 00                 1468 	.db #0x00	; 0
   0566 00                 1469 	.db #0x00	; 0
   0567 00                 1470 	.db #0x00	; 0
   0568 00                 1471 	.db #0x00	; 0
   0569 C3                 1472 	.db #0xc3	; 195
   056A C3                 1473 	.db #0xc3	; 195
   056B C3                 1474 	.db #0xc3	; 195
   056C C3                 1475 	.db #0xc3	; 195
   056D C3                 1476 	.db #0xc3	; 195
   056E C3                 1477 	.db #0xc3	; 195
   056F C3                 1478 	.db #0xc3	; 195
   0570 C3                 1479 	.db #0xc3	; 195
   0571 00                 1480 	.db #0x00	; 0
   0572 00                 1481 	.db #0x00	; 0
   0573 00                 1482 	.db #0x00	; 0
   0574 00                 1483 	.db #0x00	; 0
   0575 00                 1484 	.db #0x00	; 0
   0576 00                 1485 	.db #0x00	; 0
   0577 00                 1486 	.db #0x00	; 0
   0578 00                 1487 	.db #0x00	; 0
   0579                    1488 _tiles_40:
   0579 C3                 1489 	.db #0xc3	; 195
   057A C3                 1490 	.db #0xc3	; 195
   057B 82                 1491 	.db #0x82	; 130
   057C 41                 1492 	.db #0x41	; 65	'A'
   057D 41                 1493 	.db #0x41	; 65	'A'
   057E 82                 1494 	.db #0x82	; 130
   057F C3                 1495 	.db #0xc3	; 195
   0580 C3                 1496 	.db #0xc3	; 195
   0581 00                 1497 	.db #0x00	; 0
   0582 00                 1498 	.db #0x00	; 0
   0583 41                 1499 	.db #0x41	; 65	'A'
   0584 C3                 1500 	.db #0xc3	; 195
   0585 C3                 1501 	.db #0xc3	; 195
   0586 41                 1502 	.db #0x41	; 65	'A'
   0587 00                 1503 	.db #0x00	; 0
   0588 00                 1504 	.db #0x00	; 0
   0589 C3                 1505 	.db #0xc3	; 195
   058A C3                 1506 	.db #0xc3	; 195
   058B C3                 1507 	.db #0xc3	; 195
   058C 82                 1508 	.db #0x82	; 130
   058D 82                 1509 	.db #0x82	; 130
   058E C3                 1510 	.db #0xc3	; 195
   058F C3                 1511 	.db #0xc3	; 195
   0590 C3                 1512 	.db #0xc3	; 195
   0591 00                 1513 	.db #0x00	; 0
   0592 00                 1514 	.db #0x00	; 0
   0593 41                 1515 	.db #0x41	; 65	'A'
   0594 C3                 1516 	.db #0xc3	; 195
   0595 C3                 1517 	.db #0xc3	; 195
   0596 41                 1518 	.db #0x41	; 65	'A'
   0597 00                 1519 	.db #0x00	; 0
   0598 00                 1520 	.db #0x00	; 0
   0599                    1521 _tiles_41:
   0599 A0                 1522 	.db #0xa0	; 160
   059A 50                 1523 	.db #0x50	; 80	'P'
   059B F0                 1524 	.db #0xf0	; 240
   059C F0                 1525 	.db #0xf0	; 240
   059D F0                 1526 	.db #0xf0	; 240
   059E F0                 1527 	.db #0xf0	; 240
   059F 50                 1528 	.db #0x50	; 80	'P'
   05A0 A0                 1529 	.db #0xa0	; 160
   05A1 F0                 1530 	.db #0xf0	; 240
   05A2 A0                 1531 	.db #0xa0	; 160
   05A3 00                 1532 	.db #0x00	; 0
   05A4 00                 1533 	.db #0x00	; 0
   05A5 00                 1534 	.db #0x00	; 0
   05A6 00                 1535 	.db #0x00	; 0
   05A7 A0                 1536 	.db #0xa0	; 160
   05A8 F0                 1537 	.db #0xf0	; 240
   05A9 50                 1538 	.db #0x50	; 80	'P'
   05AA F0                 1539 	.db #0xf0	; 240
   05AB F0                 1540 	.db #0xf0	; 240
   05AC F0                 1541 	.db #0xf0	; 240
   05AD F0                 1542 	.db #0xf0	; 240
   05AE F0                 1543 	.db #0xf0	; 240
   05AF F0                 1544 	.db #0xf0	; 240
   05B0 50                 1545 	.db #0x50	; 80	'P'
   05B1 F0                 1546 	.db #0xf0	; 240
   05B2 A0                 1547 	.db #0xa0	; 160
   05B3 00                 1548 	.db #0x00	; 0
   05B4 00                 1549 	.db #0x00	; 0
   05B5 00                 1550 	.db #0x00	; 0
   05B6 00                 1551 	.db #0x00	; 0
   05B7 A0                 1552 	.db #0xa0	; 160
   05B8 F0                 1553 	.db #0xf0	; 240
   05B9                    1554 _tiles_42:
   05B9 F0                 1555 	.db #0xf0	; 240
   05BA F0                 1556 	.db #0xf0	; 240
   05BB F0                 1557 	.db #0xf0	; 240
   05BC F0                 1558 	.db #0xf0	; 240
   05BD F0                 1559 	.db #0xf0	; 240
   05BE F0                 1560 	.db #0xf0	; 240
   05BF F0                 1561 	.db #0xf0	; 240
   05C0 F0                 1562 	.db #0xf0	; 240
   05C1 00                 1563 	.db #0x00	; 0
   05C2 00                 1564 	.db #0x00	; 0
   05C3 00                 1565 	.db #0x00	; 0
   05C4 00                 1566 	.db #0x00	; 0
   05C5 00                 1567 	.db #0x00	; 0
   05C6 00                 1568 	.db #0x00	; 0
   05C7 00                 1569 	.db #0x00	; 0
   05C8 00                 1570 	.db #0x00	; 0
   05C9 F0                 1571 	.db #0xf0	; 240
   05CA F0                 1572 	.db #0xf0	; 240
   05CB F0                 1573 	.db #0xf0	; 240
   05CC F0                 1574 	.db #0xf0	; 240
   05CD F0                 1575 	.db #0xf0	; 240
   05CE F0                 1576 	.db #0xf0	; 240
   05CF F0                 1577 	.db #0xf0	; 240
   05D0 F0                 1578 	.db #0xf0	; 240
   05D1 00                 1579 	.db #0x00	; 0
   05D2 00                 1580 	.db #0x00	; 0
   05D3 00                 1581 	.db #0x00	; 0
   05D4 00                 1582 	.db #0x00	; 0
   05D5 00                 1583 	.db #0x00	; 0
   05D6 00                 1584 	.db #0x00	; 0
   05D7 00                 1585 	.db #0x00	; 0
   05D8 00                 1586 	.db #0x00	; 0
   05D9                    1587 _tiles_43:
   05D9 F0                 1588 	.db #0xf0	; 240
   05DA 00                 1589 	.db #0x00	; 0
   05DB 00                 1590 	.db #0x00	; 0
   05DC F0                 1591 	.db #0xf0	; 240
   05DD F0                 1592 	.db #0xf0	; 240
   05DE 00                 1593 	.db #0x00	; 0
   05DF 00                 1594 	.db #0x00	; 0
   05E0 F0                 1595 	.db #0xf0	; 240
   05E1 00                 1596 	.db #0x00	; 0
   05E2 00                 1597 	.db #0x00	; 0
   05E3 00                 1598 	.db #0x00	; 0
   05E4 00                 1599 	.db #0x00	; 0
   05E5 00                 1600 	.db #0x00	; 0
   05E6 00                 1601 	.db #0x00	; 0
   05E7 00                 1602 	.db #0x00	; 0
   05E8 00                 1603 	.db #0x00	; 0
   05E9 F0                 1604 	.db #0xf0	; 240
   05EA F0                 1605 	.db #0xf0	; 240
   05EB F0                 1606 	.db #0xf0	; 240
   05EC F0                 1607 	.db #0xf0	; 240
   05ED F0                 1608 	.db #0xf0	; 240
   05EE F0                 1609 	.db #0xf0	; 240
   05EF F0                 1610 	.db #0xf0	; 240
   05F0 F0                 1611 	.db #0xf0	; 240
   05F1 00                 1612 	.db #0x00	; 0
   05F2 00                 1613 	.db #0x00	; 0
   05F3 00                 1614 	.db #0x00	; 0
   05F4 00                 1615 	.db #0x00	; 0
   05F5 00                 1616 	.db #0x00	; 0
   05F6 00                 1617 	.db #0x00	; 0
   05F7 00                 1618 	.db #0x00	; 0
   05F8 00                 1619 	.db #0x00	; 0
   05F9                    1620 _tiles_44:
   05F9 F0                 1621 	.db #0xf0	; 240
   05FA F0                 1622 	.db #0xf0	; 240
   05FB A0                 1623 	.db #0xa0	; 160
   05FC 50                 1624 	.db #0x50	; 80	'P'
   05FD 50                 1625 	.db #0x50	; 80	'P'
   05FE A0                 1626 	.db #0xa0	; 160
   05FF F0                 1627 	.db #0xf0	; 240
   0600 F0                 1628 	.db #0xf0	; 240
   0601 00                 1629 	.db #0x00	; 0
   0602 00                 1630 	.db #0x00	; 0
   0603 50                 1631 	.db #0x50	; 80	'P'
   0604 F0                 1632 	.db #0xf0	; 240
   0605 F0                 1633 	.db #0xf0	; 240
   0606 50                 1634 	.db #0x50	; 80	'P'
   0607 00                 1635 	.db #0x00	; 0
   0608 00                 1636 	.db #0x00	; 0
   0609 F0                 1637 	.db #0xf0	; 240
   060A F0                 1638 	.db #0xf0	; 240
   060B F0                 1639 	.db #0xf0	; 240
   060C A0                 1640 	.db #0xa0	; 160
   060D A0                 1641 	.db #0xa0	; 160
   060E F0                 1642 	.db #0xf0	; 240
   060F F0                 1643 	.db #0xf0	; 240
   0610 F0                 1644 	.db #0xf0	; 240
   0611 00                 1645 	.db #0x00	; 0
   0612 00                 1646 	.db #0x00	; 0
   0613 50                 1647 	.db #0x50	; 80	'P'
   0614 F0                 1648 	.db #0xf0	; 240
   0615 F0                 1649 	.db #0xf0	; 240
   0616 50                 1650 	.db #0x50	; 80	'P'
   0617 00                 1651 	.db #0x00	; 0
   0618 00                 1652 	.db #0x00	; 0
   0619                    1653 _tiles_45:
   0619 00                 1654 	.db #0x00	; 0
   061A 00                 1655 	.db #0x00	; 0
   061B 00                 1656 	.db #0x00	; 0
   061C 00                 1657 	.db #0x00	; 0
   061D 00                 1658 	.db #0x00	; 0
   061E 00                 1659 	.db #0x00	; 0
   061F 00                 1660 	.db #0x00	; 0
   0620 00                 1661 	.db #0x00	; 0
   0621 00                 1662 	.db #0x00	; 0
   0622 00                 1663 	.db #0x00	; 0
   0623 00                 1664 	.db #0x00	; 0
   0624 00                 1665 	.db #0x00	; 0
   0625 00                 1666 	.db #0x00	; 0
   0626 00                 1667 	.db #0x00	; 0
   0627 00                 1668 	.db #0x00	; 0
   0628 00                 1669 	.db #0x00	; 0
   0629 80                 1670 	.db #0x80	; 128
   062A 40                 1671 	.db #0x40	; 64
   062B 80                 1672 	.db #0x80	; 128
   062C 40                 1673 	.db #0x40	; 64
   062D 40                 1674 	.db #0x40	; 64
   062E 80                 1675 	.db #0x80	; 128
   062F 40                 1676 	.db #0x40	; 64
   0630 80                 1677 	.db #0x80	; 128
   0631 00                 1678 	.db #0x00	; 0
   0632 00                 1679 	.db #0x00	; 0
   0633 00                 1680 	.db #0x00	; 0
   0634 00                 1681 	.db #0x00	; 0
   0635 00                 1682 	.db #0x00	; 0
   0636 00                 1683 	.db #0x00	; 0
   0637 00                 1684 	.db #0x00	; 0
   0638 00                 1685 	.db #0x00	; 0
   0639                    1686 _tiles_46:
   0639 80                 1687 	.db #0x80	; 128
   063A 00                 1688 	.db #0x00	; 0
   063B 00                 1689 	.db #0x00	; 0
   063C 00                 1690 	.db #0x00	; 0
   063D 00                 1691 	.db #0x00	; 0
   063E 00                 1692 	.db #0x00	; 0
   063F 00                 1693 	.db #0x00	; 0
   0640 80                 1694 	.db #0x80	; 128
   0641 40                 1695 	.db #0x40	; 64
   0642 00                 1696 	.db #0x00	; 0
   0643 00                 1697 	.db #0x00	; 0
   0644 00                 1698 	.db #0x00	; 0
   0645 00                 1699 	.db #0x00	; 0
   0646 00                 1700 	.db #0x00	; 0
   0647 00                 1701 	.db #0x00	; 0
   0648 40                 1702 	.db #0x40	; 64
   0649 00                 1703 	.db #0x00	; 0
   064A 40                 1704 	.db #0x40	; 64
   064B 00                 1705 	.db #0x00	; 0
   064C 00                 1706 	.db #0x00	; 0
   064D 00                 1707 	.db #0x00	; 0
   064E 00                 1708 	.db #0x00	; 0
   064F 40                 1709 	.db #0x40	; 64
   0650 00                 1710 	.db #0x00	; 0
   0651 00                 1711 	.db #0x00	; 0
   0652 00                 1712 	.db #0x00	; 0
   0653 00                 1713 	.db #0x00	; 0
   0654 00                 1714 	.db #0x00	; 0
   0655 00                 1715 	.db #0x00	; 0
   0656 00                 1716 	.db #0x00	; 0
   0657 00                 1717 	.db #0x00	; 0
   0658 00                 1718 	.db #0x00	; 0
   0659                    1719 _tiles_47:
   0659 00                 1720 	.db #0x00	; 0
   065A 00                 1721 	.db #0x00	; 0
   065B 00                 1722 	.db #0x00	; 0
   065C 00                 1723 	.db #0x00	; 0
   065D 00                 1724 	.db #0x00	; 0
   065E 00                 1725 	.db #0x00	; 0
   065F 00                 1726 	.db #0x00	; 0
   0660 00                 1727 	.db #0x00	; 0
   0661 00                 1728 	.db #0x00	; 0
   0662 00                 1729 	.db #0x00	; 0
   0663 00                 1730 	.db #0x00	; 0
   0664 00                 1731 	.db #0x00	; 0
   0665 00                 1732 	.db #0x00	; 0
   0666 00                 1733 	.db #0x00	; 0
   0667 00                 1734 	.db #0x00	; 0
   0668 00                 1735 	.db #0x00	; 0
   0669 40                 1736 	.db #0x40	; 64
   066A 40                 1737 	.db #0x40	; 64
   066B 40                 1738 	.db #0x40	; 64
   066C 40                 1739 	.db #0x40	; 64
   066D 40                 1740 	.db #0x40	; 64
   066E 40                 1741 	.db #0x40	; 64
   066F 40                 1742 	.db #0x40	; 64
   0670 40                 1743 	.db #0x40	; 64
   0671 80                 1744 	.db #0x80	; 128
   0672 80                 1745 	.db #0x80	; 128
   0673 80                 1746 	.db #0x80	; 128
   0674 80                 1747 	.db #0x80	; 128
   0675 80                 1748 	.db #0x80	; 128
   0676 80                 1749 	.db #0x80	; 128
   0677 80                 1750 	.db #0x80	; 128
   0678 80                 1751 	.db #0x80	; 128
   0679                    1752 _tiles_48:
   0679 00                 1753 	.db #0x00	; 0
   067A 00                 1754 	.db #0x00	; 0
   067B 00                 1755 	.db #0x00	; 0
   067C 00                 1756 	.db #0x00	; 0
   067D 00                 1757 	.db #0x00	; 0
   067E 00                 1758 	.db #0x00	; 0
   067F 00                 1759 	.db #0x00	; 0
   0680 00                 1760 	.db #0x00	; 0
   0681 00                 1761 	.db #0x00	; 0
   0682 00                 1762 	.db #0x00	; 0
   0683 00                 1763 	.db #0x00	; 0
   0684 00                 1764 	.db #0x00	; 0
   0685 00                 1765 	.db #0x00	; 0
   0686 00                 1766 	.db #0x00	; 0
   0687 00                 1767 	.db #0x00	; 0
   0688 00                 1768 	.db #0x00	; 0
   0689 80                 1769 	.db #0x80	; 128
   068A 40                 1770 	.db #0x40	; 64
   068B 80                 1771 	.db #0x80	; 128
   068C 40                 1772 	.db #0x40	; 64
   068D 40                 1773 	.db #0x40	; 64
   068E 80                 1774 	.db #0x80	; 128
   068F 40                 1775 	.db #0x40	; 64
   0690 80                 1776 	.db #0x80	; 128
   0691 00                 1777 	.db #0x00	; 0
   0692 00                 1778 	.db #0x00	; 0
   0693 00                 1779 	.db #0x00	; 0
   0694 00                 1780 	.db #0x00	; 0
   0695 00                 1781 	.db #0x00	; 0
   0696 00                 1782 	.db #0x00	; 0
   0697 00                 1783 	.db #0x00	; 0
   0698 00                 1784 	.db #0x00	; 0
   0699                    1785 _tiles_49:
   0699 00                 1786 	.db #0x00	; 0
   069A 00                 1787 	.db #0x00	; 0
   069B 00                 1788 	.db #0x00	; 0
   069C 40                 1789 	.db #0x40	; 64
   069D 40                 1790 	.db #0x40	; 64
   069E 00                 1791 	.db #0x00	; 0
   069F 00                 1792 	.db #0x00	; 0
   06A0 00                 1793 	.db #0x00	; 0
   06A1 00                 1794 	.db #0x00	; 0
   06A2 00                 1795 	.db #0x00	; 0
   06A3 00                 1796 	.db #0x00	; 0
   06A4 80                 1797 	.db #0x80	; 128
   06A5 80                 1798 	.db #0x80	; 128
   06A6 00                 1799 	.db #0x00	; 0
   06A7 00                 1800 	.db #0x00	; 0
   06A8 00                 1801 	.db #0x00	; 0
   06A9 00                 1802 	.db #0x00	; 0
   06AA 00                 1803 	.db #0x00	; 0
   06AB 80                 1804 	.db #0x80	; 128
   06AC 00                 1805 	.db #0x00	; 0
   06AD 00                 1806 	.db #0x00	; 0
   06AE 80                 1807 	.db #0x80	; 128
   06AF 00                 1808 	.db #0x00	; 0
   06B0 00                 1809 	.db #0x00	; 0
   06B1 00                 1810 	.db #0x00	; 0
   06B2 00                 1811 	.db #0x00	; 0
   06B3 00                 1812 	.db #0x00	; 0
   06B4 00                 1813 	.db #0x00	; 0
   06B5 00                 1814 	.db #0x00	; 0
   06B6 00                 1815 	.db #0x00	; 0
   06B7 00                 1816 	.db #0x00	; 0
   06B8 00                 1817 	.db #0x00	; 0
   06B9                    1818 _tiles_50:
   06B9 80                 1819 	.db #0x80	; 128
   06BA 00                 1820 	.db #0x00	; 0
   06BB 00                 1821 	.db #0x00	; 0
   06BC 00                 1822 	.db #0x00	; 0
   06BD 00                 1823 	.db #0x00	; 0
   06BE 00                 1824 	.db #0x00	; 0
   06BF 00                 1825 	.db #0x00	; 0
   06C0 80                 1826 	.db #0x80	; 128
   06C1 40                 1827 	.db #0x40	; 64
   06C2 00                 1828 	.db #0x00	; 0
   06C3 00                 1829 	.db #0x00	; 0
   06C4 00                 1830 	.db #0x00	; 0
   06C5 00                 1831 	.db #0x00	; 0
   06C6 00                 1832 	.db #0x00	; 0
   06C7 00                 1833 	.db #0x00	; 0
   06C8 40                 1834 	.db #0x40	; 64
   06C9 00                 1835 	.db #0x00	; 0
   06CA 40                 1836 	.db #0x40	; 64
   06CB 00                 1837 	.db #0x00	; 0
   06CC 00                 1838 	.db #0x00	; 0
   06CD 00                 1839 	.db #0x00	; 0
   06CE 00                 1840 	.db #0x00	; 0
   06CF 40                 1841 	.db #0x40	; 64
   06D0 00                 1842 	.db #0x00	; 0
   06D1 00                 1843 	.db #0x00	; 0
   06D2 00                 1844 	.db #0x00	; 0
   06D3 00                 1845 	.db #0x00	; 0
   06D4 00                 1846 	.db #0x00	; 0
   06D5 00                 1847 	.db #0x00	; 0
   06D6 00                 1848 	.db #0x00	; 0
   06D7 00                 1849 	.db #0x00	; 0
   06D8 00                 1850 	.db #0x00	; 0
   06D9                    1851 _tiles_51:
   06D9 00                 1852 	.db #0x00	; 0
   06DA 00                 1853 	.db #0x00	; 0
   06DB 00                 1854 	.db #0x00	; 0
   06DC 00                 1855 	.db #0x00	; 0
   06DD 00                 1856 	.db #0x00	; 0
   06DE 00                 1857 	.db #0x00	; 0
   06DF 00                 1858 	.db #0x00	; 0
   06E0 00                 1859 	.db #0x00	; 0
   06E1 00                 1860 	.db #0x00	; 0
   06E2 00                 1861 	.db #0x00	; 0
   06E3 00                 1862 	.db #0x00	; 0
   06E4 00                 1863 	.db #0x00	; 0
   06E5 00                 1864 	.db #0x00	; 0
   06E6 00                 1865 	.db #0x00	; 0
   06E7 00                 1866 	.db #0x00	; 0
   06E8 00                 1867 	.db #0x00	; 0
   06E9 40                 1868 	.db #0x40	; 64
   06EA 40                 1869 	.db #0x40	; 64
   06EB 40                 1870 	.db #0x40	; 64
   06EC 40                 1871 	.db #0x40	; 64
   06ED 40                 1872 	.db #0x40	; 64
   06EE 40                 1873 	.db #0x40	; 64
   06EF 40                 1874 	.db #0x40	; 64
   06F0 40                 1875 	.db #0x40	; 64
   06F1 80                 1876 	.db #0x80	; 128
   06F2 80                 1877 	.db #0x80	; 128
   06F3 80                 1878 	.db #0x80	; 128
   06F4 80                 1879 	.db #0x80	; 128
   06F5 80                 1880 	.db #0x80	; 128
   06F6 80                 1881 	.db #0x80	; 128
   06F7 80                 1882 	.db #0x80	; 128
   06F8 80                 1883 	.db #0x80	; 128
   06F9                    1884 _tiles_52:
   06F9 00                 1885 	.db #0x00	; 0
   06FA 00                 1886 	.db #0x00	; 0
   06FB 00                 1887 	.db #0x00	; 0
   06FC 00                 1888 	.db #0x00	; 0
   06FD 00                 1889 	.db #0x00	; 0
   06FE 00                 1890 	.db #0x00	; 0
   06FF 00                 1891 	.db #0x00	; 0
   0700 00                 1892 	.db #0x00	; 0
   0701 00                 1893 	.db #0x00	; 0
   0702 00                 1894 	.db #0x00	; 0
   0703 00                 1895 	.db #0x00	; 0
   0704 00                 1896 	.db #0x00	; 0
   0705 00                 1897 	.db #0x00	; 0
   0706 00                 1898 	.db #0x00	; 0
   0707 00                 1899 	.db #0x00	; 0
   0708 00                 1900 	.db #0x00	; 0
   0709 80                 1901 	.db #0x80	; 128
   070A 40                 1902 	.db #0x40	; 64
   070B 80                 1903 	.db #0x80	; 128
   070C 40                 1904 	.db #0x40	; 64
   070D 40                 1905 	.db #0x40	; 64
   070E 80                 1906 	.db #0x80	; 128
   070F 40                 1907 	.db #0x40	; 64
   0710 80                 1908 	.db #0x80	; 128
   0711 00                 1909 	.db #0x00	; 0
   0712 00                 1910 	.db #0x00	; 0
   0713 00                 1911 	.db #0x00	; 0
   0714 00                 1912 	.db #0x00	; 0
   0715 00                 1913 	.db #0x00	; 0
   0716 00                 1914 	.db #0x00	; 0
   0717 00                 1915 	.db #0x00	; 0
   0718 00                 1916 	.db #0x00	; 0
   0719                    1917 _tiles_53:
   0719 00                 1918 	.db #0x00	; 0
   071A 00                 1919 	.db #0x00	; 0
   071B 00                 1920 	.db #0x00	; 0
   071C 40                 1921 	.db #0x40	; 64
   071D 40                 1922 	.db #0x40	; 64
   071E 00                 1923 	.db #0x00	; 0
   071F 00                 1924 	.db #0x00	; 0
   0720 00                 1925 	.db #0x00	; 0
   0721 00                 1926 	.db #0x00	; 0
   0722 00                 1927 	.db #0x00	; 0
   0723 00                 1928 	.db #0x00	; 0
   0724 80                 1929 	.db #0x80	; 128
   0725 80                 1930 	.db #0x80	; 128
   0726 00                 1931 	.db #0x00	; 0
   0727 00                 1932 	.db #0x00	; 0
   0728 00                 1933 	.db #0x00	; 0
   0729 00                 1934 	.db #0x00	; 0
   072A 00                 1935 	.db #0x00	; 0
   072B 80                 1936 	.db #0x80	; 128
   072C 00                 1937 	.db #0x00	; 0
   072D 00                 1938 	.db #0x00	; 0
   072E 80                 1939 	.db #0x80	; 128
   072F 00                 1940 	.db #0x00	; 0
   0730 00                 1941 	.db #0x00	; 0
   0731 00                 1942 	.db #0x00	; 0
   0732 00                 1943 	.db #0x00	; 0
   0733 00                 1944 	.db #0x00	; 0
   0734 00                 1945 	.db #0x00	; 0
   0735 00                 1946 	.db #0x00	; 0
   0736 00                 1947 	.db #0x00	; 0
   0737 00                 1948 	.db #0x00	; 0
   0738 00                 1949 	.db #0x00	; 0
                           1950 	.area _INITIALIZER
                           1951 	.area _CABS (ABS)
