                              1 ;--------------------------------------------------------
                              2 ; File Created by SDCC : free open source ANSI-C Compiler
                              3 ; Version 3.6.8 #9946 (Linux)
                              4 ;--------------------------------------------------------
                              5 	.module Amstrad
                              6 	.optsdcc -mz80
                              7 	
                              8 ;--------------------------------------------------------
                              9 ; Public variables in this module
                             10 ;--------------------------------------------------------
                             11 	.globl _Amstrad_1
                             12 	.globl _Amstrad_0
                             13 	.globl _Amstrad
                             14 	.globl _AmstradPALETTE
                             15 ;--------------------------------------------------------
                             16 ; special function registers
                             17 ;--------------------------------------------------------
                             18 ;--------------------------------------------------------
                             19 ; ram data
                             20 ;--------------------------------------------------------
                             21 	.area _DATA
                             22 ;--------------------------------------------------------
                             23 ; ram data
                             24 ;--------------------------------------------------------
                             25 	.area _INITIALIZED
                             26 ;--------------------------------------------------------
                             27 ; absolute external ram data
                             28 ;--------------------------------------------------------
                             29 	.area _DABS (ABS)
                             30 ;--------------------------------------------------------
                             31 ; global & static initialisations
                             32 ;--------------------------------------------------------
                             33 	.area _HOME
                             34 	.area _GSINIT
                             35 	.area _GSFINAL
                             36 	.area _GSINIT
                             37 ;--------------------------------------------------------
                             38 ; Home
                             39 ;--------------------------------------------------------
                             40 	.area _HOME
                             41 	.area _HOME
                             42 ;--------------------------------------------------------
                             43 ; code
                             44 ;--------------------------------------------------------
                             45 	.area _CODE
                             46 	.area _CODE
   0000                      47 _AmstradPALETTE:
   0000 54                   48 	.db #0x54	; 84	'T'
   0001 5B                   49 	.db #0x5b	; 91
   0002 4F                   50 	.db #0x4f	; 79	'O'
   0003 5D                   51 	.db #0x5d	; 93
   0004 44                   52 	.db #0x44	; 68	'D'
   0005 5F                   53 	.db #0x5f	; 95
   0006 4B                   54 	.db #0x4b	; 75	'K'
   0007 55                   55 	.db #0x55	; 85	'U'
   0008 56                   56 	.db #0x56	; 86	'V'
   0009 40                   57 	.db #0x40	; 64
   000A 5C                   58 	.db #0x5c	; 92
   000B 46                   59 	.db #0x46	; 70	'F'
   000C 5B                   60 	.db #0x5b	; 91
   000D 5B                   61 	.db #0x5b	; 91
   000E 5E                   62 	.db #0x5e	; 94
   000F                      63 _Amstrad:
   000Fr13r00                64 	.dw _Amstrad_0
   0011r33r00                65 	.dw _Amstrad_1
   0013                      66 _Amstrad_0:
   0013 41                   67 	.db #0x41	; 65	'A'
   0014 C2                   68 	.db #0xc2	; 194
   0015 FC                   69 	.db #0xfc	; 252
   0016 A8                   70 	.db #0xa8	; 168
   0017 41                   71 	.db #0x41	; 65	'A'
   0018 C2                   72 	.db #0xc2	; 194
   0019 FC                   73 	.db #0xfc	; 252
   001A A8                   74 	.db #0xa8	; 168
   001B C3                   75 	.db #0xc3	; 195
   001C C2                   76 	.db #0xc2	; 194
   001D ED                   77 	.db #0xed	; 237
   001E 74                   78 	.db #0x74	; 116	't'
   001F C3                   79 	.db #0xc3	; 195
   0020 C2                   80 	.db #0xc2	; 194
   0021 ED                   81 	.db #0xed	; 237
   0022 74                   82 	.db #0x74	; 116	't'
   0023 C3                   83 	.db #0xc3	; 195
   0024 C2                   84 	.db #0xc2	; 194
   0025 B8                   85 	.db #0xb8	; 184
   0026 DE                   86 	.db #0xde	; 222
   0027 C3                   87 	.db #0xc3	; 195
   0028 C2                   88 	.db #0xc2	; 194
   0029 B8                   89 	.db #0xb8	; 184
   002A DE                   90 	.db #0xde	; 222
   002B C3                   91 	.db #0xc3	; 195
   002C C2                   92 	.db #0xc2	; 194
   002D B8                   93 	.db #0xb8	; 184
   002E 74                   94 	.db #0x74	; 116	't'
   002F C3                   95 	.db #0xc3	; 195
   0030 C2                   96 	.db #0xc2	; 194
   0031 B8                   97 	.db #0xb8	; 184
   0032 74                   98 	.db #0x74	; 116	't'
   0033                      99 _Amstrad_1:
   0033 C3                  100 	.db #0xc3	; 195
   0034 C2                  101 	.db #0xc2	; 194
   0035 B8                  102 	.db #0xb8	; 184
   0036 DE                  103 	.db #0xde	; 222
   0037 C3                  104 	.db #0xc3	; 195
   0038 C2                  105 	.db #0xc2	; 194
   0039 B8                  106 	.db #0xb8	; 184
   003A DE                  107 	.db #0xde	; 222
   003B C3                  108 	.db #0xc3	; 195
   003C C2                  109 	.db #0xc2	; 194
   003D ED                  110 	.db #0xed	; 237
   003E DE                  111 	.db #0xde	; 222
   003F C3                  112 	.db #0xc3	; 195
   0040 C2                  113 	.db #0xc2	; 194
   0041 ED                  114 	.db #0xed	; 237
   0042 DE                  115 	.db #0xde	; 222
   0043 41                  116 	.db #0x41	; 65	'A'
   0044 80                  117 	.db #0x80	; 128
   0045 FC                  118 	.db #0xfc	; 252
   0046 FC                  119 	.db #0xfc	; 252
   0047 41                  120 	.db #0x41	; 65	'A'
   0048 80                  121 	.db #0x80	; 128
   0049 FC                  122 	.db #0xfc	; 252
   004A FC                  123 	.db #0xfc	; 252
   004B 10                  124 	.db #0x10	; 16
   004C 20                  125 	.db #0x20	; 32
   004D 30                  126 	.db #0x30	; 48	'0'
   004E 30                  127 	.db #0x30	; 48	'0'
   004F 10                  128 	.db #0x10	; 16
   0050 20                  129 	.db #0x20	; 32
   0051 30                  130 	.db #0x30	; 48	'0'
   0052 30                  131 	.db #0x30	; 48	'0'
                            132 	.area _INITIALIZER
                            133 	.area _CABS (ABS)
