                              1 ;--------------------------------------------------------
                              2 ; File Created by SDCC : free open source ANSI-C Compiler
                              3 ; Version 3.6.8 #9946 (Linux)
                              4 ;--------------------------------------------------------
                              5 	.module Block_Move2_G
                              6 	.optsdcc -mz80
                              7 	
                              8 ;--------------------------------------------------------
                              9 ; Public variables in this module
                             10 ;--------------------------------------------------------
                             11 	.globl _Block_Move2_G_1
                             12 	.globl _Block_Move2_G_0
                             13 	.globl _Block_Move2_G
                             14 	.globl _Block_Move2_GPALETTE
                             15 ;--------------------------------------------------------
                             16 ; special function registers
                             17 ;--------------------------------------------------------
                             18 ;--------------------------------------------------------
                             19 ; ram data
                             20 ;--------------------------------------------------------
                             21 	.area _DATA
                             22 ;--------------------------------------------------------
                             23 ; ram data
                             24 ;--------------------------------------------------------
                             25 	.area _INITIALIZED
                             26 ;--------------------------------------------------------
                             27 ; absolute external ram data
                             28 ;--------------------------------------------------------
                             29 	.area _DABS (ABS)
                             30 ;--------------------------------------------------------
                             31 ; global & static initialisations
                             32 ;--------------------------------------------------------
                             33 	.area _HOME
                             34 	.area _GSINIT
                             35 	.area _GSFINAL
                             36 	.area _GSINIT
                             37 ;--------------------------------------------------------
                             38 ; Home
                             39 ;--------------------------------------------------------
                             40 	.area _HOME
                             41 	.area _HOME
                             42 ;--------------------------------------------------------
                             43 ; code
                             44 ;--------------------------------------------------------
                             45 	.area _CODE
                             46 	.area _CODE
   0000                      47 _Block_Move2_GPALETTE:
   0000 54                   48 	.db #0x54	; 84	'T'
   0001 44                   49 	.db #0x44	; 68	'D'
   0002 55                   50 	.db #0x55	; 85	'U'
   0003 5D                   51 	.db #0x5d	; 93
   0004 56                   52 	.db #0x56	; 86	'V'
   0005 46                   53 	.db #0x46	; 70	'F'
   0006 57                   54 	.db #0x57	; 87	'W'
   0007 5E                   55 	.db #0x5e	; 94
   0008 40                   56 	.db #0x40	; 64
   0009 5F                   57 	.db #0x5f	; 95
   000A 4F                   58 	.db #0x4f	; 79	'O'
   000B 5B                   59 	.db #0x5b	; 91
   000C 4B                   60 	.db #0x4b	; 75	'K'
   000D                      61 _Block_Move2_G:
   000Dr11r00                62 	.dw _Block_Move2_G_0
   000Fr31r00                63 	.dw _Block_Move2_G_1
   0011                      64 _Block_Move2_G_0:
   0011 03                   65 	.db #0x03	; 3
   0012 03                   66 	.db #0x03	; 3
   0013 03                   67 	.db #0x03	; 3
   0014 03                   68 	.db #0x03	; 3
   0015 03                   69 	.db #0x03	; 3
   0016 03                   70 	.db #0x03	; 3
   0017 03                   71 	.db #0x03	; 3
   0018 03                   72 	.db #0x03	; 3
   0019 56                   73 	.db #0x56	; 86	'V'
   001A FC                   74 	.db #0xfc	; 252
   001B FC                   75 	.db #0xfc	; 252
   001C FC                   76 	.db #0xfc	; 252
   001D 56                   77 	.db #0x56	; 86	'V'
   001E FC                   78 	.db #0xfc	; 252
   001F FC                   79 	.db #0xfc	; 252
   0020 FC                   80 	.db #0xfc	; 252
   0021 56                   81 	.db #0x56	; 86	'V'
   0022 FC                   82 	.db #0xfc	; 252
   0023 FC                   83 	.db #0xfc	; 252
   0024 FC                   84 	.db #0xfc	; 252
   0025 56                   85 	.db #0x56	; 86	'V'
   0026 FC                   86 	.db #0xfc	; 252
   0027 FC                   87 	.db #0xfc	; 252
   0028 FC                   88 	.db #0xfc	; 252
   0029 56                   89 	.db #0x56	; 86	'V'
   002A FC                   90 	.db #0xfc	; 252
   002B FC                   91 	.db #0xfc	; 252
   002C FC                   92 	.db #0xfc	; 252
   002D 56                   93 	.db #0x56	; 86	'V'
   002E FC                   94 	.db #0xfc	; 252
   002F FC                   95 	.db #0xfc	; 252
   0030 FC                   96 	.db #0xfc	; 252
   0031                      97 _Block_Move2_G_1:
   0031 0C                   98 	.db #0x0c	; 12
   0032 0C                   99 	.db #0x0c	; 12
   0033 C0                  100 	.db #0xc0	; 192
   0034 C0                  101 	.db #0xc0	; 192
   0035 0C                  102 	.db #0x0c	; 12
   0036 0C                  103 	.db #0x0c	; 12
   0037 C0                  104 	.db #0xc0	; 192
   0038 C0                  105 	.db #0xc0	; 192
   0039 00                  106 	.db #0x00	; 0
   003A 00                  107 	.db #0x00	; 0
   003B 00                  108 	.db #0x00	; 0
   003C 00                  109 	.db #0x00	; 0
   003D 00                  110 	.db #0x00	; 0
   003E 00                  111 	.db #0x00	; 0
   003F 00                  112 	.db #0x00	; 0
   0040 00                  113 	.db #0x00	; 0
   0041 04                  114 	.db #0x04	; 4
   0042 0C                  115 	.db #0x0c	; 12
   0043 C0                  116 	.db #0xc0	; 192
   0044 80                  117 	.db #0x80	; 128
   0045 04                  118 	.db #0x04	; 4
   0046 0C                  119 	.db #0x0c	; 12
   0047 C0                  120 	.db #0xc0	; 192
   0048 80                  121 	.db #0x80	; 128
   0049 40                  122 	.db #0x40	; 64
   004A 00                  123 	.db #0x00	; 0
   004B 00                  124 	.db #0x00	; 0
   004C 08                  125 	.db #0x08	; 8
   004D 40                  126 	.db #0x40	; 64
   004E 00                  127 	.db #0x00	; 0
   004F 00                  128 	.db #0x00	; 0
   0050 08                  129 	.db #0x08	; 8
                            130 	.area _INITIALIZER
                            131 	.area _CABS (ABS)
