                              1 ;--------------------------------------------------------
                              2 ; File Created by SDCC : free open source ANSI-C Compiler
                              3 ; Version 3.6.8 #9946 (Linux)
                              4 ;--------------------------------------------------------
                              5 	.module Block_Static1_B
                              6 	.optsdcc -mz80
                              7 	
                              8 ;--------------------------------------------------------
                              9 ; Public variables in this module
                             10 ;--------------------------------------------------------
                             11 	.globl _Block_Static1_B_1
                             12 	.globl _Block_Static1_B_0
                             13 	.globl _Block_Static1_B
                             14 	.globl _Block_Static1_BPALETTE
                             15 ;--------------------------------------------------------
                             16 ; special function registers
                             17 ;--------------------------------------------------------
                             18 ;--------------------------------------------------------
                             19 ; ram data
                             20 ;--------------------------------------------------------
                             21 	.area _DATA
                             22 ;--------------------------------------------------------
                             23 ; ram data
                             24 ;--------------------------------------------------------
                             25 	.area _INITIALIZED
                             26 ;--------------------------------------------------------
                             27 ; absolute external ram data
                             28 ;--------------------------------------------------------
                             29 	.area _DABS (ABS)
                             30 ;--------------------------------------------------------
                             31 ; global & static initialisations
                             32 ;--------------------------------------------------------
                             33 	.area _HOME
                             34 	.area _GSINIT
                             35 	.area _GSFINAL
                             36 	.area _GSINIT
                             37 ;--------------------------------------------------------
                             38 ; Home
                             39 ;--------------------------------------------------------
                             40 	.area _HOME
                             41 	.area _HOME
                             42 ;--------------------------------------------------------
                             43 ; code
                             44 ;--------------------------------------------------------
                             45 	.area _CODE
                             46 	.area _CODE
   0000                      47 _Block_Static1_BPALETTE:
   0000 54                   48 	.db #0x54	; 84	'T'
   0001 44                   49 	.db #0x44	; 68	'D'
   0002 55                   50 	.db #0x55	; 85	'U'
   0003 5D                   51 	.db #0x5d	; 93
   0004 56                   52 	.db #0x56	; 86	'V'
   0005 46                   53 	.db #0x46	; 70	'F'
   0006 57                   54 	.db #0x57	; 87	'W'
   0007 5E                   55 	.db #0x5e	; 94
   0008 40                   56 	.db #0x40	; 64
   0009 5F                   57 	.db #0x5f	; 95
   000A 4F                   58 	.db #0x4f	; 79	'O'
   000B 5B                   59 	.db #0x5b	; 91
   000C 4B                   60 	.db #0x4b	; 75	'K'
   000D                      61 _Block_Static1_B:
   000Dr11r00                62 	.dw _Block_Static1_B_0
   000Fr31r00                63 	.dw _Block_Static1_B_1
   0011                      64 _Block_Static1_B_0:
   0011 30                   65 	.db #0x30	; 48	'0'
   0012 12                   66 	.db #0x12	; 18
   0013 30                   67 	.db #0x30	; 48	'0'
   0014 30                   68 	.db #0x30	; 48	'0'
   0015 30                   69 	.db #0x30	; 48	'0'
   0016 12                   70 	.db #0x12	; 18
   0017 30                   71 	.db #0x30	; 48	'0'
   0018 30                   72 	.db #0x30	; 48	'0'
   0019 21                   73 	.db #0x21	; 33
   001A 03                   74 	.db #0x03	; 3
   001B 03                   75 	.db #0x03	; 3
   001C 03                   76 	.db #0x03	; 3
   001D 21                   77 	.db #0x21	; 33
   001E 03                   78 	.db #0x03	; 3
   001F 03                   79 	.db #0x03	; 3
   0020 03                   80 	.db #0x03	; 3
   0021 C3                   81 	.db #0xc3	; 195
   0022 C3                   82 	.db #0xc3	; 195
   0023 C6                   83 	.db #0xc6	; 198
   0024 C8                   84 	.db #0xc8	; 200
   0025 C3                   85 	.db #0xc3	; 195
   0026 C3                   86 	.db #0xc3	; 195
   0027 C6                   87 	.db #0xc6	; 198
   0028 C8                   88 	.db #0xc8	; 200
   0029 00                   89 	.db #0x00	; 0
   002A C8                   90 	.db #0xc8	; 200
   002B C8                   91 	.db #0xc8	; 200
   002C 00                   92 	.db #0x00	; 0
   002D 00                   93 	.db #0x00	; 0
   002E C8                   94 	.db #0xc8	; 200
   002F C8                   95 	.db #0xc8	; 200
   0030 00                   96 	.db #0x00	; 0
   0031                      97 _Block_Static1_B_1:
   0031 12                   98 	.db #0x12	; 18
   0032 42                   99 	.db #0x42	; 66	'B'
   0033 42                  100 	.db #0x42	; 66	'B'
   0034 03                  101 	.db #0x03	; 3
   0035 12                  102 	.db #0x12	; 18
   0036 42                  103 	.db #0x42	; 66	'B'
   0037 42                  104 	.db #0x42	; 66	'B'
   0038 03                  105 	.db #0x03	; 3
   0039 61                  106 	.db #0x61	; 97	'a'
   003A C0                  107 	.db #0xc0	; 192
   003B C0                  108 	.db #0xc0	; 192
   003C 01                  109 	.db #0x01	; 1
   003D 61                  110 	.db #0x61	; 97	'a'
   003E C0                  111 	.db #0xc0	; 192
   003F C0                  112 	.db #0xc0	; 192
   0040 01                  113 	.db #0x01	; 1
   0041 21                  114 	.db #0x21	; 33
   0042 03                  115 	.db #0x03	; 3
   0043 03                  116 	.db #0x03	; 3
   0044 03                  117 	.db #0x03	; 3
   0045 21                  118 	.db #0x21	; 33
   0046 03                  119 	.db #0x03	; 3
   0047 03                  120 	.db #0x03	; 3
   0048 03                  121 	.db #0x03	; 3
   0049 C3                  122 	.db #0xc3	; 195
   004A C3                  123 	.db #0xc3	; 195
   004B CC                  124 	.db #0xcc	; 204
   004C C8                  125 	.db #0xc8	; 200
   004D C3                  126 	.db #0xc3	; 195
   004E C3                  127 	.db #0xc3	; 195
   004F CC                  128 	.db #0xcc	; 204
   0050 C8                  129 	.db #0xc8	; 200
                            130 	.area _INITIALIZER
                            131 	.area _CABS (ABS)
