                              1 ;--------------------------------------------------------
                              2 ; File Created by SDCC : free open source ANSI-C Compiler
                              3 ; Version 3.6.8 #9946 (Linux)
                              4 ;--------------------------------------------------------
                              5 	.module Block_Static1_G
                              6 	.optsdcc -mz80
                              7 	
                              8 ;--------------------------------------------------------
                              9 ; Public variables in this module
                             10 ;--------------------------------------------------------
                             11 	.globl _Block_Static1_G_1
                             12 	.globl _Block_Static1_G_0
                             13 	.globl _Block_Static1_G
                             14 	.globl _Block_Static1_GPALETTE
                             15 ;--------------------------------------------------------
                             16 ; special function registers
                             17 ;--------------------------------------------------------
                             18 ;--------------------------------------------------------
                             19 ; ram data
                             20 ;--------------------------------------------------------
                             21 	.area _DATA
                             22 ;--------------------------------------------------------
                             23 ; ram data
                             24 ;--------------------------------------------------------
                             25 	.area _INITIALIZED
                             26 ;--------------------------------------------------------
                             27 ; absolute external ram data
                             28 ;--------------------------------------------------------
                             29 	.area _DABS (ABS)
                             30 ;--------------------------------------------------------
                             31 ; global & static initialisations
                             32 ;--------------------------------------------------------
                             33 	.area _HOME
                             34 	.area _GSINIT
                             35 	.area _GSFINAL
                             36 	.area _GSINIT
                             37 ;--------------------------------------------------------
                             38 ; Home
                             39 ;--------------------------------------------------------
                             40 	.area _HOME
                             41 	.area _HOME
                             42 ;--------------------------------------------------------
                             43 ; code
                             44 ;--------------------------------------------------------
                             45 	.area _CODE
                             46 	.area _CODE
   0000                      47 _Block_Static1_GPALETTE:
   0000 54                   48 	.db #0x54	; 84	'T'
   0001 44                   49 	.db #0x44	; 68	'D'
   0002 55                   50 	.db #0x55	; 85	'U'
   0003 5D                   51 	.db #0x5d	; 93
   0004 56                   52 	.db #0x56	; 86	'V'
   0005 46                   53 	.db #0x46	; 70	'F'
   0006 57                   54 	.db #0x57	; 87	'W'
   0007 5E                   55 	.db #0x5e	; 94
   0008 40                   56 	.db #0x40	; 64
   0009 5F                   57 	.db #0x5f	; 95
   000A 4F                   58 	.db #0x4f	; 79	'O'
   000B 5B                   59 	.db #0x5b	; 91
   000C 4B                   60 	.db #0x4b	; 75	'K'
   000D                      61 _Block_Static1_G:
   000Dr11r00                62 	.dw _Block_Static1_G_0
   000Fr31r00                63 	.dw _Block_Static1_G_1
   0011                      64 _Block_Static1_G_0:
   0011 3C                   65 	.db #0x3c	; 60
   0012 3C                   66 	.db #0x3c	; 60
   0013 3C                   67 	.db #0x3c	; 60
   0014 3C                   68 	.db #0x3c	; 60
   0015 3C                   69 	.db #0x3c	; 60
   0016 3C                   70 	.db #0x3c	; 60
   0017 3C                   71 	.db #0x3c	; 60
   0018 3C                   72 	.db #0x3c	; 60
   0019 78                   73 	.db #0x78	; 120	'x'
   001A F0                   74 	.db #0xf0	; 240
   001B F0                   75 	.db #0xf0	; 240
   001C F0                   76 	.db #0xf0	; 240
   001D 78                   77 	.db #0x78	; 120	'x'
   001E F0                   78 	.db #0xf0	; 240
   001F F0                   79 	.db #0xf0	; 240
   0020 F0                   80 	.db #0xf0	; 240
   0021 0C                   81 	.db #0x0c	; 12
   0022 0C                   82 	.db #0x0c	; 12
   0023 C0                   83 	.db #0xc0	; 192
   0024 80                   84 	.db #0x80	; 128
   0025 0C                   85 	.db #0x0c	; 12
   0026 0C                   86 	.db #0x0c	; 12
   0027 C0                   87 	.db #0xc0	; 192
   0028 80                   88 	.db #0x80	; 128
   0029 00                   89 	.db #0x00	; 0
   002A 68                   90 	.db #0x68	; 104	'h'
   002B 68                   91 	.db #0x68	; 104	'h'
   002C 00                   92 	.db #0x00	; 0
   002D 00                   93 	.db #0x00	; 0
   002E 68                   94 	.db #0x68	; 104	'h'
   002F 68                   95 	.db #0x68	; 104	'h'
   0030 00                   96 	.db #0x00	; 0
   0031                      97 _Block_Static1_G_1:
   0031 3C                   98 	.db #0x3c	; 60
   0032 68                   99 	.db #0x68	; 104	'h'
   0033 E0                  100 	.db #0xe0	; 224
   0034 F0                  101 	.db #0xf0	; 240
   0035 3C                  102 	.db #0x3c	; 60
   0036 68                  103 	.db #0x68	; 104	'h'
   0037 E0                  104 	.db #0xe0	; 224
   0038 F0                  105 	.db #0xf0	; 240
   0039 2C                  106 	.db #0x2c	; 44
   003A C0                  107 	.db #0xc0	; 192
   003B C0                  108 	.db #0xc0	; 192
   003C 50                  109 	.db #0x50	; 80	'P'
   003D 2C                  110 	.db #0x2c	; 44
   003E C0                  111 	.db #0xc0	; 192
   003F C0                  112 	.db #0xc0	; 192
   0040 50                  113 	.db #0x50	; 80	'P'
   0041 78                  114 	.db #0x78	; 120	'x'
   0042 F0                  115 	.db #0xf0	; 240
   0043 F0                  116 	.db #0xf0	; 240
   0044 F0                  117 	.db #0xf0	; 240
   0045 78                  118 	.db #0x78	; 120	'x'
   0046 F0                  119 	.db #0xf0	; 240
   0047 F0                  120 	.db #0xf0	; 240
   0048 F0                  121 	.db #0xf0	; 240
   0049 0C                  122 	.db #0x0c	; 12
   004A 0C                  123 	.db #0x0c	; 12
   004B C0                  124 	.db #0xc0	; 192
   004C 80                  125 	.db #0x80	; 128
   004D 0C                  126 	.db #0x0c	; 12
   004E 0C                  127 	.db #0x0c	; 12
   004F C0                  128 	.db #0xc0	; 192
   0050 80                  129 	.db #0x80	; 128
                            130 	.area _INITIALIZER
                            131 	.area _CABS (ABS)
