                              1 ;--------------------------------------------------------
                              2 ; File Created by SDCC : free open source ANSI-C Compiler
                              3 ; Version 3.6.8 #9946 (Linux)
                              4 ;--------------------------------------------------------
                              5 	.module Block_Static2_B
                              6 	.optsdcc -mz80
                              7 	
                              8 ;--------------------------------------------------------
                              9 ; Public variables in this module
                             10 ;--------------------------------------------------------
                             11 	.globl _Block_Static2_B_1
                             12 	.globl _Block_Static2_B_0
                             13 	.globl _Block_Static2_B
                             14 	.globl _Block_Static2_BPALETTE
                             15 ;--------------------------------------------------------
                             16 ; special function registers
                             17 ;--------------------------------------------------------
                             18 ;--------------------------------------------------------
                             19 ; ram data
                             20 ;--------------------------------------------------------
                             21 	.area _DATA
                             22 ;--------------------------------------------------------
                             23 ; ram data
                             24 ;--------------------------------------------------------
                             25 	.area _INITIALIZED
                             26 ;--------------------------------------------------------
                             27 ; absolute external ram data
                             28 ;--------------------------------------------------------
                             29 	.area _DABS (ABS)
                             30 ;--------------------------------------------------------
                             31 ; global & static initialisations
                             32 ;--------------------------------------------------------
                             33 	.area _HOME
                             34 	.area _GSINIT
                             35 	.area _GSFINAL
                             36 	.area _GSINIT
                             37 ;--------------------------------------------------------
                             38 ; Home
                             39 ;--------------------------------------------------------
                             40 	.area _HOME
                             41 	.area _HOME
                             42 ;--------------------------------------------------------
                             43 ; code
                             44 ;--------------------------------------------------------
                             45 	.area _CODE
                             46 	.area _CODE
   0000                      47 _Block_Static2_BPALETTE:
   0000 54                   48 	.db #0x54	; 84	'T'
   0001 44                   49 	.db #0x44	; 68	'D'
   0002 55                   50 	.db #0x55	; 85	'U'
   0003 5D                   51 	.db #0x5d	; 93
   0004 56                   52 	.db #0x56	; 86	'V'
   0005 46                   53 	.db #0x46	; 70	'F'
   0006 57                   54 	.db #0x57	; 87	'W'
   0007 5E                   55 	.db #0x5e	; 94
   0008 40                   56 	.db #0x40	; 64
   0009 5F                   57 	.db #0x5f	; 95
   000A 4F                   58 	.db #0x4f	; 79	'O'
   000B 5B                   59 	.db #0x5b	; 91
   000C 4B                   60 	.db #0x4b	; 75	'K'
   000D                      61 _Block_Static2_B:
   000Dr11r00                62 	.dw _Block_Static2_B_0
   000Fr31r00                63 	.dw _Block_Static2_B_1
   0011                      64 _Block_Static2_B_0:
   0011 00                   65 	.db #0x00	; 0
   0012 00                   66 	.db #0x00	; 0
   0013 22                   67 	.db #0x22	; 34
   0014 00                   68 	.db #0x00	; 0
   0015 00                   69 	.db #0x00	; 0
   0016 00                   70 	.db #0x00	; 0
   0017 22                   71 	.db #0x22	; 34
   0018 00                   72 	.db #0x00	; 0
   0019 30                   73 	.db #0x30	; 48	'0'
   001A 31                   74 	.db #0x31	; 49	'1'
   001B 1A                   75 	.db #0x1a	; 26
   001C 12                   76 	.db #0x12	; 18
   001D 30                   77 	.db #0x30	; 48	'0'
   001E 31                   78 	.db #0x31	; 49	'1'
   001F 1A                   79 	.db #0x1a	; 26
   0020 12                   80 	.db #0x12	; 18
   0021 21                   81 	.db #0x21	; 33
   0022 87                   82 	.db #0x87	; 135
   0023 27                   83 	.db #0x27	; 39
   0024 03                   84 	.db #0x03	; 3
   0025 21                   85 	.db #0x21	; 33
   0026 87                   86 	.db #0x87	; 135
   0027 27                   87 	.db #0x27	; 39
   0028 03                   88 	.db #0x03	; 3
   0029 03                   89 	.db #0x03	; 3
   002A 1B                   90 	.db #0x1b	; 27
   002B 27                   91 	.db #0x27	; 39
   002C 03                   92 	.db #0x03	; 3
   002D 03                   93 	.db #0x03	; 3
   002E 1B                   94 	.db #0x1b	; 27
   002F 27                   95 	.db #0x27	; 39
   0030 03                   96 	.db #0x03	; 3
   0031                      97 _Block_Static2_B_1:
   0031 21                   98 	.db #0x21	; 33
   0032 03                   99 	.db #0x03	; 3
   0033 03                  100 	.db #0x03	; 3
   0034 03                  101 	.db #0x03	; 3
   0035 21                  102 	.db #0x21	; 33
   0036 03                  103 	.db #0x03	; 3
   0037 03                  104 	.db #0x03	; 3
   0038 03                  105 	.db #0x03	; 3
   0039 C3                  106 	.db #0xc3	; 195
   003A C3                  107 	.db #0xc3	; 195
   003B CC                  108 	.db #0xcc	; 204
   003C CC                  109 	.db #0xcc	; 204
   003D C3                  110 	.db #0xc3	; 195
   003E C3                  111 	.db #0xc3	; 195
   003F CC                  112 	.db #0xcc	; 204
   0040 CC                  113 	.db #0xcc	; 204
   0041 00                  114 	.db #0x00	; 0
   0042 00                  115 	.db #0x00	; 0
   0043 00                  116 	.db #0x00	; 0
   0044 00                  117 	.db #0x00	; 0
   0045 00                  118 	.db #0x00	; 0
   0046 00                  119 	.db #0x00	; 0
   0047 00                  120 	.db #0x00	; 0
   0048 00                  121 	.db #0x00	; 0
   0049 41                  122 	.db #0x41	; 65	'A'
   004A C3                  123 	.db #0xc3	; 195
   004B CC                  124 	.db #0xcc	; 204
   004C 00                  125 	.db #0x00	; 0
   004D 41                  126 	.db #0x41	; 65	'A'
   004E C3                  127 	.db #0xc3	; 195
   004F CC                  128 	.db #0xcc	; 204
   0050 00                  129 	.db #0x00	; 0
                            130 	.area _INITIALIZER
                            131 	.area _CABS (ABS)
