                              1 ;--------------------------------------------------------
                              2 ; File Created by SDCC : free open source ANSI-C Compiler
                              3 ; Version 3.6.8 #9946 (Linux)
                              4 ;--------------------------------------------------------
                              5 	.module Block_Static2_G
                              6 	.optsdcc -mz80
                              7 	
                              8 ;--------------------------------------------------------
                              9 ; Public variables in this module
                             10 ;--------------------------------------------------------
                             11 	.globl _Block_Static2_G_1
                             12 	.globl _Block_Static2_G_0
                             13 	.globl _Block_Static2_G
                             14 	.globl _Block_Static2_GPALETTE
                             15 ;--------------------------------------------------------
                             16 ; special function registers
                             17 ;--------------------------------------------------------
                             18 ;--------------------------------------------------------
                             19 ; ram data
                             20 ;--------------------------------------------------------
                             21 	.area _DATA
                             22 ;--------------------------------------------------------
                             23 ; ram data
                             24 ;--------------------------------------------------------
                             25 	.area _INITIALIZED
                             26 ;--------------------------------------------------------
                             27 ; absolute external ram data
                             28 ;--------------------------------------------------------
                             29 	.area _DABS (ABS)
                             30 ;--------------------------------------------------------
                             31 ; global & static initialisations
                             32 ;--------------------------------------------------------
                             33 	.area _HOME
                             34 	.area _GSINIT
                             35 	.area _GSFINAL
                             36 	.area _GSINIT
                             37 ;--------------------------------------------------------
                             38 ; Home
                             39 ;--------------------------------------------------------
                             40 	.area _HOME
                             41 	.area _HOME
                             42 ;--------------------------------------------------------
                             43 ; code
                             44 ;--------------------------------------------------------
                             45 	.area _CODE
                             46 	.area _CODE
   0000                      47 _Block_Static2_GPALETTE:
   0000 54                   48 	.db #0x54	; 84	'T'
   0001 44                   49 	.db #0x44	; 68	'D'
   0002 55                   50 	.db #0x55	; 85	'U'
   0003 5D                   51 	.db #0x5d	; 93
   0004 56                   52 	.db #0x56	; 86	'V'
   0005 46                   53 	.db #0x46	; 70	'F'
   0006 57                   54 	.db #0x57	; 87	'W'
   0007 5E                   55 	.db #0x5e	; 94
   0008 40                   56 	.db #0x40	; 64
   0009 5F                   57 	.db #0x5f	; 95
   000A 4F                   58 	.db #0x4f	; 79	'O'
   000B 5B                   59 	.db #0x5b	; 91
   000C 4B                   60 	.db #0x4b	; 75	'K'
   000D                      61 _Block_Static2_G:
   000Dr11r00                62 	.dw _Block_Static2_G_0
   000Fr31r00                63 	.dw _Block_Static2_G_1
   0011                      64 _Block_Static2_G_0:
   0011 00                   65 	.db #0x00	; 0
   0012 11                   66 	.db #0x11	; 17
   0013 00                   67 	.db #0x00	; 0
   0014 00                   68 	.db #0x00	; 0
   0015 00                   69 	.db #0x00	; 0
   0016 11                   70 	.db #0x11	; 17
   0017 00                   71 	.db #0x00	; 0
   0018 00                   72 	.db #0x00	; 0
   0019 3C                   73 	.db #0x3c	; 60
   001A 3C                   74 	.db #0x3c	; 60
   001B 36                   75 	.db #0x36	; 54	'6'
   001C 3C                   76 	.db #0x3c	; 60
   001D 3C                   77 	.db #0x3c	; 60
   001E 3C                   78 	.db #0x3c	; 60
   001F 36                   79 	.db #0x36	; 54	'6'
   0020 3C                   80 	.db #0x3c	; 60
   0021 78                   81 	.db #0x78	; 120	'x'
   0022 19                   82 	.db #0x19	; 25
   0023 2C                   83 	.db #0x2c	; 44
   0024 F0                   84 	.db #0xf0	; 240
   0025 78                   85 	.db #0x78	; 120	'x'
   0026 19                   86 	.db #0x19	; 25
   0027 2C                   87 	.db #0x2c	; 44
   0028 F0                   88 	.db #0xf0	; 240
   0029 78                   89 	.db #0x78	; 120	'x'
   002A 39                   90 	.db #0x39	; 57	'9'
   002B 36                   91 	.db #0x36	; 54	'6'
   002C F0                   92 	.db #0xf0	; 240
   002D 78                   93 	.db #0x78	; 120	'x'
   002E 39                   94 	.db #0x39	; 57	'9'
   002F 36                   95 	.db #0x36	; 54	'6'
   0030 F0                   96 	.db #0xf0	; 240
   0031                      97 _Block_Static2_G_1:
   0031 78                   98 	.db #0x78	; 120	'x'
   0032 F0                   99 	.db #0xf0	; 240
   0033 F0                  100 	.db #0xf0	; 240
   0034 F0                  101 	.db #0xf0	; 240
   0035 78                  102 	.db #0x78	; 120	'x'
   0036 F0                  103 	.db #0xf0	; 240
   0037 F0                  104 	.db #0xf0	; 240
   0038 F0                  105 	.db #0xf0	; 240
   0039 0C                  106 	.db #0x0c	; 12
   003A 0C                  107 	.db #0x0c	; 12
   003B C0                  108 	.db #0xc0	; 192
   003C C0                  109 	.db #0xc0	; 192
   003D 0C                  110 	.db #0x0c	; 12
   003E 0C                  111 	.db #0x0c	; 12
   003F C0                  112 	.db #0xc0	; 192
   0040 C0                  113 	.db #0xc0	; 192
   0041 00                  114 	.db #0x00	; 0
   0042 00                  115 	.db #0x00	; 0
   0043 00                  116 	.db #0x00	; 0
   0044 00                  117 	.db #0x00	; 0
   0045 00                  118 	.db #0x00	; 0
   0046 00                  119 	.db #0x00	; 0
   0047 00                  120 	.db #0x00	; 0
   0048 00                  121 	.db #0x00	; 0
   0049 04                  122 	.db #0x04	; 4
   004A 0C                  123 	.db #0x0c	; 12
   004B C0                  124 	.db #0xc0	; 192
   004C 00                  125 	.db #0x00	; 0
   004D 04                  126 	.db #0x04	; 4
   004E 0C                  127 	.db #0x0c	; 12
   004F C0                  128 	.db #0xc0	; 192
   0050 00                  129 	.db #0x00	; 0
                            130 	.area _INITIALIZER
                            131 	.area _CABS (ABS)
