                              1 ;--------------------------------------------------------
                              2 ; File Created by SDCC : free open source ANSI-C Compiler
                              3 ; Version 3.6.8 #9946 (Linux)
                              4 ;--------------------------------------------------------
                              5 	.module Block_Hole
                              6 	.optsdcc -mz80
                              7 	
                              8 ;--------------------------------------------------------
                              9 ; Public variables in this module
                             10 ;--------------------------------------------------------
                             11 	.globl _Block_Hole_1
                             12 	.globl _Block_Hole_0
                             13 	.globl _Block_Hole
                             14 	.globl _Block_HolePALETTE
                             15 ;--------------------------------------------------------
                             16 ; special function registers
                             17 ;--------------------------------------------------------
                             18 ;--------------------------------------------------------
                             19 ; ram data
                             20 ;--------------------------------------------------------
                             21 	.area _DATA
                             22 ;--------------------------------------------------------
                             23 ; ram data
                             24 ;--------------------------------------------------------
                             25 	.area _INITIALIZED
                             26 ;--------------------------------------------------------
                             27 ; absolute external ram data
                             28 ;--------------------------------------------------------
                             29 	.area _DABS (ABS)
                             30 ;--------------------------------------------------------
                             31 ; global & static initialisations
                             32 ;--------------------------------------------------------
                             33 	.area _HOME
                             34 	.area _GSINIT
                             35 	.area _GSFINAL
                             36 	.area _GSINIT
                             37 ;--------------------------------------------------------
                             38 ; Home
                             39 ;--------------------------------------------------------
                             40 	.area _HOME
                             41 	.area _HOME
                             42 ;--------------------------------------------------------
                             43 ; code
                             44 ;--------------------------------------------------------
                             45 	.area _CODE
                             46 	.area _CODE
   0000                      47 _Block_HolePALETTE:
   0000 54                   48 	.db #0x54	; 84	'T'
   0001 44                   49 	.db #0x44	; 68	'D'
   0002 55                   50 	.db #0x55	; 85	'U'
   0003 5D                   51 	.db #0x5d	; 93
   0004 56                   52 	.db #0x56	; 86	'V'
   0005 46                   53 	.db #0x46	; 70	'F'
   0006 57                   54 	.db #0x57	; 87	'W'
   0007 5E                   55 	.db #0x5e	; 94
   0008 40                   56 	.db #0x40	; 64
   0009 5F                   57 	.db #0x5f	; 95
   000A 4F                   58 	.db #0x4f	; 79	'O'
   000B 5B                   59 	.db #0x5b	; 91
   000C 4B                   60 	.db #0x4b	; 75	'K'
   000D                      61 _Block_Hole:
   000Dr11r00                62 	.dw _Block_Hole_0
   000Fr31r00                63 	.dw _Block_Hole_1
   0011                      64 _Block_Hole_0:
   0011 40                   65 	.db #0x40	; 64
   0012 C0                   66 	.db #0xc0	; 192
   0013 C0                   67 	.db #0xc0	; 192
   0014 80                   68 	.db #0x80	; 128
   0015 40                   69 	.db #0x40	; 64
   0016 C0                   70 	.db #0xc0	; 192
   0017 C0                   71 	.db #0xc0	; 192
   0018 80                   72 	.db #0x80	; 128
   0019 C0                   73 	.db #0xc0	; 192
   001A 00                   74 	.db #0x00	; 0
   001B 00                   75 	.db #0x00	; 0
   001C 40                   76 	.db #0x40	; 64
   001D C0                   77 	.db #0xc0	; 192
   001E 00                   78 	.db #0x00	; 0
   001F 00                   79 	.db #0x00	; 0
   0020 40                   80 	.db #0x40	; 64
   0021 80                   81 	.db #0x80	; 128
   0022 80                   82 	.db #0x80	; 128
   0023 00                   83 	.db #0x00	; 0
   0024 40                   84 	.db #0x40	; 64
   0025 80                   85 	.db #0x80	; 128
   0026 80                   86 	.db #0x80	; 128
   0027 00                   87 	.db #0x00	; 0
   0028 40                   88 	.db #0x40	; 64
   0029 80                   89 	.db #0x80	; 128
   002A 40                   90 	.db #0x40	; 64
   002B 40                   91 	.db #0x40	; 64
   002C 40                   92 	.db #0x40	; 64
   002D 80                   93 	.db #0x80	; 128
   002E 40                   94 	.db #0x40	; 64
   002F 40                   95 	.db #0x40	; 64
   0030 40                   96 	.db #0x40	; 64
   0031                      97 _Block_Hole_1:
   0031 80                   98 	.db #0x80	; 128
   0032 00                   99 	.db #0x00	; 0
   0033 80                  100 	.db #0x80	; 128
   0034 C0                  101 	.db #0xc0	; 192
   0035 80                  102 	.db #0x80	; 128
   0036 00                  103 	.db #0x00	; 0
   0037 80                  104 	.db #0x80	; 128
   0038 C0                  105 	.db #0xc0	; 192
   0039 80                  106 	.db #0x80	; 128
   003A 40                  107 	.db #0x40	; 64
   003B 40                  108 	.db #0x40	; 64
   003C 40                  109 	.db #0x40	; 64
   003D 80                  110 	.db #0x80	; 128
   003E 40                  111 	.db #0x40	; 64
   003F 40                  112 	.db #0x40	; 64
   0040 40                  113 	.db #0x40	; 64
   0041 80                  114 	.db #0x80	; 128
   0042 00                  115 	.db #0x00	; 0
   0043 80                  116 	.db #0x80	; 128
   0044 C0                  117 	.db #0xc0	; 192
   0045 80                  118 	.db #0x80	; 128
   0046 00                  119 	.db #0x00	; 0
   0047 80                  120 	.db #0x80	; 128
   0048 C0                  121 	.db #0xc0	; 192
   0049 40                  122 	.db #0x40	; 64
   004A C0                  123 	.db #0xc0	; 192
   004B C0                  124 	.db #0xc0	; 192
   004C 80                  125 	.db #0x80	; 128
   004D 40                  126 	.db #0x40	; 64
   004E C0                  127 	.db #0xc0	; 192
   004F C0                  128 	.db #0xc0	; 192
   0050 80                  129 	.db #0x80	; 128
                            130 	.area _INITIALIZER
                            131 	.area _CABS (ABS)
