                              1 ;--------------------------------------------------------
                              2 ; File Created by SDCC : free open source ANSI-C Compiler
                              3 ; Version 3.6.8 #9946 (Linux)
                              4 ;--------------------------------------------------------
                              5 	.module Block_Static3_B
                              6 	.optsdcc -mz80
                              7 	
                              8 ;--------------------------------------------------------
                              9 ; Public variables in this module
                             10 ;--------------------------------------------------------
                             11 	.globl _Block_Static3_B_1
                             12 	.globl _Block_Static3_B_0
                             13 	.globl _Block_Static3_B
                             14 	.globl _Block_Static3_BPALETTE
                             15 ;--------------------------------------------------------
                             16 ; special function registers
                             17 ;--------------------------------------------------------
                             18 ;--------------------------------------------------------
                             19 ; ram data
                             20 ;--------------------------------------------------------
                             21 	.area _DATA
                             22 ;--------------------------------------------------------
                             23 ; ram data
                             24 ;--------------------------------------------------------
                             25 	.area _INITIALIZED
                             26 ;--------------------------------------------------------
                             27 ; absolute external ram data
                             28 ;--------------------------------------------------------
                             29 	.area _DABS (ABS)
                             30 ;--------------------------------------------------------
                             31 ; global & static initialisations
                             32 ;--------------------------------------------------------
                             33 	.area _HOME
                             34 	.area _GSINIT
                             35 	.area _GSFINAL
                             36 	.area _GSINIT
                             37 ;--------------------------------------------------------
                             38 ; Home
                             39 ;--------------------------------------------------------
                             40 	.area _HOME
                             41 	.area _HOME
                             42 ;--------------------------------------------------------
                             43 ; code
                             44 ;--------------------------------------------------------
                             45 	.area _CODE
                             46 	.area _CODE
   0000                      47 _Block_Static3_BPALETTE:
   0000 54                   48 	.db #0x54	; 84	'T'
   0001 44                   49 	.db #0x44	; 68	'D'
   0002 55                   50 	.db #0x55	; 85	'U'
   0003 5D                   51 	.db #0x5d	; 93
   0004 56                   52 	.db #0x56	; 86	'V'
   0005 46                   53 	.db #0x46	; 70	'F'
   0006 57                   54 	.db #0x57	; 87	'W'
   0007 5E                   55 	.db #0x5e	; 94
   0008 40                   56 	.db #0x40	; 64
   0009 5F                   57 	.db #0x5f	; 95
   000A 4F                   58 	.db #0x4f	; 79	'O'
   000B 5B                   59 	.db #0x5b	; 91
   000C 4B                   60 	.db #0x4b	; 75	'K'
   000D                      61 _Block_Static3_B:
   000Dr11r00                62 	.dw _Block_Static3_B_0
   000Fr31r00                63 	.dw _Block_Static3_B_1
   0011                      64 _Block_Static3_B_0:
   0011 30                   65 	.db #0x30	; 48	'0'
   0012 12                   66 	.db #0x12	; 18
   0013 21                   67 	.db #0x21	; 33
   0014 03                   68 	.db #0x03	; 3
   0015 30                   69 	.db #0x30	; 48	'0'
   0016 12                   70 	.db #0x12	; 18
   0017 21                   71 	.db #0x21	; 33
   0018 03                   72 	.db #0x03	; 3
   0019 21                   73 	.db #0x21	; 33
   001A 03                   74 	.db #0x03	; 3
   001B 03                   75 	.db #0x03	; 3
   001C 03                   76 	.db #0x03	; 3
   001D 21                   77 	.db #0x21	; 33
   001E 03                   78 	.db #0x03	; 3
   001F 03                   79 	.db #0x03	; 3
   0020 03                   80 	.db #0x03	; 3
   0021 03                   81 	.db #0x03	; 3
   0022 03                   82 	.db #0x03	; 3
   0023 03                   83 	.db #0x03	; 3
   0024 03                   84 	.db #0x03	; 3
   0025 03                   85 	.db #0x03	; 3
   0026 03                   86 	.db #0x03	; 3
   0027 03                   87 	.db #0x03	; 3
   0028 03                   88 	.db #0x03	; 3
   0029 21                   89 	.db #0x21	; 33
   002A 03                   90 	.db #0x03	; 3
   002B 03                   91 	.db #0x03	; 3
   002C 03                   92 	.db #0x03	; 3
   002D 21                   93 	.db #0x21	; 33
   002E 03                   94 	.db #0x03	; 3
   002F 03                   95 	.db #0x03	; 3
   0030 03                   96 	.db #0x03	; 3
   0031                      97 _Block_Static3_B_1:
   0031 C3                   98 	.db #0xc3	; 195
   0032 C3                   99 	.db #0xc3	; 195
   0033 C3                  100 	.db #0xc3	; 195
   0034 C3                  101 	.db #0xc3	; 195
   0035 C3                  102 	.db #0xc3	; 195
   0036 C3                  103 	.db #0xc3	; 195
   0037 C3                  104 	.db #0xc3	; 195
   0038 C3                  105 	.db #0xc3	; 195
   0039 00                  106 	.db #0x00	; 0
   003A 00                  107 	.db #0x00	; 0
   003B 00                  108 	.db #0x00	; 0
   003C 00                  109 	.db #0x00	; 0
   003D 00                  110 	.db #0x00	; 0
   003E 00                  111 	.db #0x00	; 0
   003F 00                  112 	.db #0x00	; 0
   0040 00                  113 	.db #0x00	; 0
   0041 C3                  114 	.db #0xc3	; 195
   0042 C3                  115 	.db #0xc3	; 195
   0043 C3                  116 	.db #0xc3	; 195
   0044 C3                  117 	.db #0xc3	; 195
   0045 C3                  118 	.db #0xc3	; 195
   0046 C3                  119 	.db #0xc3	; 195
   0047 C3                  120 	.db #0xc3	; 195
   0048 C3                  121 	.db #0xc3	; 195
   0049 C6                  122 	.db #0xc6	; 198
   004A 88                  123 	.db #0x88	; 136
   004B 00                  124 	.db #0x00	; 0
   004C 00                  125 	.db #0x00	; 0
   004D C6                  126 	.db #0xc6	; 198
   004E 88                  127 	.db #0x88	; 136
   004F 00                  128 	.db #0x00	; 0
   0050 00                  129 	.db #0x00	; 0
                            130 	.area _INITIALIZER
                            131 	.area _CABS (ABS)
