                              1 ;--------------------------------------------------------
                              2 ; File Created by SDCC : free open source ANSI-C Compiler
                              3 ; Version 3.6.8 #9946 (Linux)
                              4 ;--------------------------------------------------------
                              5 	.module Block_Static4_B
                              6 	.optsdcc -mz80
                              7 	
                              8 ;--------------------------------------------------------
                              9 ; Public variables in this module
                             10 ;--------------------------------------------------------
                             11 	.globl _Block_Static4_B_1
                             12 	.globl _Block_Static4_B_0
                             13 	.globl _Block_Static4_B
                             14 	.globl _Block_Static4_BPALETTE
                             15 ;--------------------------------------------------------
                             16 ; special function registers
                             17 ;--------------------------------------------------------
                             18 ;--------------------------------------------------------
                             19 ; ram data
                             20 ;--------------------------------------------------------
                             21 	.area _DATA
                             22 ;--------------------------------------------------------
                             23 ; ram data
                             24 ;--------------------------------------------------------
                             25 	.area _INITIALIZED
                             26 ;--------------------------------------------------------
                             27 ; absolute external ram data
                             28 ;--------------------------------------------------------
                             29 	.area _DABS (ABS)
                             30 ;--------------------------------------------------------
                             31 ; global & static initialisations
                             32 ;--------------------------------------------------------
                             33 	.area _HOME
                             34 	.area _GSINIT
                             35 	.area _GSFINAL
                             36 	.area _GSINIT
                             37 ;--------------------------------------------------------
                             38 ; Home
                             39 ;--------------------------------------------------------
                             40 	.area _HOME
                             41 	.area _HOME
                             42 ;--------------------------------------------------------
                             43 ; code
                             44 ;--------------------------------------------------------
                             45 	.area _CODE
                             46 	.area _CODE
   0000                      47 _Block_Static4_BPALETTE:
   0000 54                   48 	.db #0x54	; 84	'T'
   0001 5B                   49 	.db #0x5b	; 91
   0002 4F                   50 	.db #0x4f	; 79	'O'
   0003 5D                   51 	.db #0x5d	; 93
   0004 44                   52 	.db #0x44	; 68	'D'
   0005 5F                   53 	.db #0x5f	; 95
   0006 4B                   54 	.db #0x4b	; 75	'K'
   0007 55                   55 	.db #0x55	; 85	'U'
   0008 56                   56 	.db #0x56	; 86	'V'
   0009 40                   57 	.db #0x40	; 64
   000A 5C                   58 	.db #0x5c	; 92
   000B 46                   59 	.db #0x46	; 70	'F'
   000C 5B                   60 	.db #0x5b	; 91
   000D 5B                   61 	.db #0x5b	; 91
   000E 5E                   62 	.db #0x5e	; 94
   000F                      63 _Block_Static4_B:
   000Fr13r00                64 	.dw _Block_Static4_B_0
   0011r33r00                65 	.dw _Block_Static4_B_1
   0013                      66 _Block_Static4_B_0:
   0013 03                   67 	.db #0x03	; 3
   0014 03                   68 	.db #0x03	; 3
   0015 83                   69 	.db #0x83	; 131
   0016 03                   70 	.db #0x03	; 3
   0017 03                   71 	.db #0x03	; 3
   0018 03                   72 	.db #0x03	; 3
   0019 83                   73 	.db #0x83	; 131
   001A 03                   74 	.db #0x03	; 3
   001B C3                   75 	.db #0xc3	; 195
   001C C3                   76 	.db #0xc3	; 195
   001D C3                   77 	.db #0xc3	; 195
   001E C3                   78 	.db #0xc3	; 195
   001F C3                   79 	.db #0xc3	; 195
   0020 C3                   80 	.db #0xc3	; 195
   0021 C3                   81 	.db #0xc3	; 195
   0022 C3                   82 	.db #0xc3	; 195
   0023 C3                   83 	.db #0xc3	; 195
   0024 C3                   84 	.db #0xc3	; 195
   0025 C3                   85 	.db #0xc3	; 195
   0026 C3                   86 	.db #0xc3	; 195
   0027 C3                   87 	.db #0xc3	; 195
   0028 C3                   88 	.db #0xc3	; 195
   0029 C3                   89 	.db #0xc3	; 195
   002A C3                   90 	.db #0xc3	; 195
   002B C3                   91 	.db #0xc3	; 195
   002C C3                   92 	.db #0xc3	; 195
   002D C3                   93 	.db #0xc3	; 195
   002E C3                   94 	.db #0xc3	; 195
   002F C3                   95 	.db #0xc3	; 195
   0030 C3                   96 	.db #0xc3	; 195
   0031 C3                   97 	.db #0xc3	; 195
   0032 C3                   98 	.db #0xc3	; 195
   0033                      99 _Block_Static4_B_1:
   0033 CC                  100 	.db #0xcc	; 204
   0034 CC                  101 	.db #0xcc	; 204
   0035 CC                  102 	.db #0xcc	; 204
   0036 CC                  103 	.db #0xcc	; 204
   0037 CC                  104 	.db #0xcc	; 204
   0038 CC                  105 	.db #0xcc	; 204
   0039 CC                  106 	.db #0xcc	; 204
   003A CC                  107 	.db #0xcc	; 204
   003B 00                  108 	.db #0x00	; 0
   003C 00                  109 	.db #0x00	; 0
   003D 00                  110 	.db #0x00	; 0
   003E 00                  111 	.db #0x00	; 0
   003F 00                  112 	.db #0x00	; 0
   0040 00                  113 	.db #0x00	; 0
   0041 00                  114 	.db #0x00	; 0
   0042 00                  115 	.db #0x00	; 0
   0043 CC                  116 	.db #0xcc	; 204
   0044 CC                  117 	.db #0xcc	; 204
   0045 CC                  118 	.db #0xcc	; 204
   0046 CC                  119 	.db #0xcc	; 204
   0047 CC                  120 	.db #0xcc	; 204
   0048 CC                  121 	.db #0xcc	; 204
   0049 CC                  122 	.db #0xcc	; 204
   004A CC                  123 	.db #0xcc	; 204
   004B 00                  124 	.db #0x00	; 0
   004C 00                  125 	.db #0x00	; 0
   004D 50                  126 	.db #0x50	; 80	'P'
   004E E4                  127 	.db #0xe4	; 228
   004F 00                  128 	.db #0x00	; 0
   0050 00                  129 	.db #0x00	; 0
   0051 50                  130 	.db #0x50	; 80	'P'
   0052 E4                  131 	.db #0xe4	; 228
                            132 	.area _INITIALIZER
                            133 	.area _CABS (ABS)
