                              1 ;--------------------------------------------------------
                              2 ; File Created by SDCC : free open source ANSI-C Compiler
                              3 ; Version 3.6.8 #9946 (Linux)
                              4 ;--------------------------------------------------------
                              5 	.module Block_Static4_G
                              6 	.optsdcc -mz80
                              7 	
                              8 ;--------------------------------------------------------
                              9 ; Public variables in this module
                             10 ;--------------------------------------------------------
                             11 	.globl _Block_Static4_G_1
                             12 	.globl _Block_Static4_G_0
                             13 	.globl _Block_Static4_G
                             14 	.globl _Block_Static4_GPALETTE
                             15 ;--------------------------------------------------------
                             16 ; special function registers
                             17 ;--------------------------------------------------------
                             18 ;--------------------------------------------------------
                             19 ; ram data
                             20 ;--------------------------------------------------------
                             21 	.area _DATA
                             22 ;--------------------------------------------------------
                             23 ; ram data
                             24 ;--------------------------------------------------------
                             25 	.area _INITIALIZED
                             26 ;--------------------------------------------------------
                             27 ; absolute external ram data
                             28 ;--------------------------------------------------------
                             29 	.area _DABS (ABS)
                             30 ;--------------------------------------------------------
                             31 ; global & static initialisations
                             32 ;--------------------------------------------------------
                             33 	.area _HOME
                             34 	.area _GSINIT
                             35 	.area _GSFINAL
                             36 	.area _GSINIT
                             37 ;--------------------------------------------------------
                             38 ; Home
                             39 ;--------------------------------------------------------
                             40 	.area _HOME
                             41 	.area _HOME
                             42 ;--------------------------------------------------------
                             43 ; code
                             44 ;--------------------------------------------------------
                             45 	.area _CODE
                             46 	.area _CODE
   0000                      47 _Block_Static4_GPALETTE:
   0000 54                   48 	.db #0x54	; 84	'T'
   0001 44                   49 	.db #0x44	; 68	'D'
   0002 55                   50 	.db #0x55	; 85	'U'
   0003 5D                   51 	.db #0x5d	; 93
   0004 56                   52 	.db #0x56	; 86	'V'
   0005 46                   53 	.db #0x46	; 70	'F'
   0006 57                   54 	.db #0x57	; 87	'W'
   0007 5E                   55 	.db #0x5e	; 94
   0008 40                   56 	.db #0x40	; 64
   0009 5F                   57 	.db #0x5f	; 95
   000A 4F                   58 	.db #0x4f	; 79	'O'
   000B 5B                   59 	.db #0x5b	; 91
   000C 4B                   60 	.db #0x4b	; 75	'K'
   000D                      61 _Block_Static4_G:
   000Dr11r00                62 	.dw _Block_Static4_G_0
   000Fr31r00                63 	.dw _Block_Static4_G_1
   0011                      64 _Block_Static4_G_0:
   0011 3C                   65 	.db #0x3c	; 60
   0012 3C                   66 	.db #0x3c	; 60
   0013 3C                   67 	.db #0x3c	; 60
   0014 3C                   68 	.db #0x3c	; 60
   0015 3C                   69 	.db #0x3c	; 60
   0016 3C                   70 	.db #0x3c	; 60
   0017 3C                   71 	.db #0x3c	; 60
   0018 3C                   72 	.db #0x3c	; 60
   0019 F0                   73 	.db #0xf0	; 240
   001A F0                   74 	.db #0xf0	; 240
   001B F0                   75 	.db #0xf0	; 240
   001C F0                   76 	.db #0xf0	; 240
   001D F0                   77 	.db #0xf0	; 240
   001E F0                   78 	.db #0xf0	; 240
   001F F0                   79 	.db #0xf0	; 240
   0020 F0                   80 	.db #0xf0	; 240
   0021 F0                   81 	.db #0xf0	; 240
   0022 F0                   82 	.db #0xf0	; 240
   0023 F0                   83 	.db #0xf0	; 240
   0024 F0                   84 	.db #0xf0	; 240
   0025 F0                   85 	.db #0xf0	; 240
   0026 F0                   86 	.db #0xf0	; 240
   0027 F0                   87 	.db #0xf0	; 240
   0028 F0                   88 	.db #0xf0	; 240
   0029 F0                   89 	.db #0xf0	; 240
   002A F0                   90 	.db #0xf0	; 240
   002B F0                   91 	.db #0xf0	; 240
   002C F0                   92 	.db #0xf0	; 240
   002D F0                   93 	.db #0xf0	; 240
   002E F0                   94 	.db #0xf0	; 240
   002F F0                   95 	.db #0xf0	; 240
   0030 F0                   96 	.db #0xf0	; 240
   0031                      97 _Block_Static4_G_1:
   0031 C0                   98 	.db #0xc0	; 192
   0032 C0                   99 	.db #0xc0	; 192
   0033 C0                  100 	.db #0xc0	; 192
   0034 C0                  101 	.db #0xc0	; 192
   0035 C0                  102 	.db #0xc0	; 192
   0036 C0                  103 	.db #0xc0	; 192
   0037 C0                  104 	.db #0xc0	; 192
   0038 C0                  105 	.db #0xc0	; 192
   0039 00                  106 	.db #0x00	; 0
   003A 00                  107 	.db #0x00	; 0
   003B 00                  108 	.db #0x00	; 0
   003C 00                  109 	.db #0x00	; 0
   003D 00                  110 	.db #0x00	; 0
   003E 00                  111 	.db #0x00	; 0
   003F 00                  112 	.db #0x00	; 0
   0040 00                  113 	.db #0x00	; 0
   0041 C0                  114 	.db #0xc0	; 192
   0042 C0                  115 	.db #0xc0	; 192
   0043 C0                  116 	.db #0xc0	; 192
   0044 C0                  117 	.db #0xc0	; 192
   0045 C0                  118 	.db #0xc0	; 192
   0046 C0                  119 	.db #0xc0	; 192
   0047 C0                  120 	.db #0xc0	; 192
   0048 C0                  121 	.db #0xc0	; 192
   0049 00                  122 	.db #0x00	; 0
   004A 00                  123 	.db #0x00	; 0
   004B 04                  124 	.db #0x04	; 4
   004C 48                  125 	.db #0x48	; 72	'H'
   004D 00                  126 	.db #0x00	; 0
   004E 00                  127 	.db #0x00	; 0
   004F 04                  128 	.db #0x04	; 4
   0050 48                  129 	.db #0x48	; 72	'H'
                            130 	.area _INITIALIZER
                            131 	.area _CABS (ABS)
