                              1 ;--------------------------------------------------------
                              2 ; File Created by SDCC : free open source ANSI-C Compiler
                              3 ; Version 3.6.8 #9946 (Linux)
                              4 ;--------------------------------------------------------
                              5 	.module Character_Sister
                              6 	.optsdcc -mz80
                              7 	
                              8 ;--------------------------------------------------------
                              9 ; Public variables in this module
                             10 ;--------------------------------------------------------
                             11 	.globl _Character_Sister_1
                             12 	.globl _Character_Sister_0
                             13 	.globl _Character_Sister
                             14 	.globl _Character_SisterPALETTE
                             15 ;--------------------------------------------------------
                             16 ; special function registers
                             17 ;--------------------------------------------------------
                             18 ;--------------------------------------------------------
                             19 ; ram data
                             20 ;--------------------------------------------------------
                             21 	.area _DATA
                             22 ;--------------------------------------------------------
                             23 ; ram data
                             24 ;--------------------------------------------------------
                             25 	.area _INITIALIZED
                             26 ;--------------------------------------------------------
                             27 ; absolute external ram data
                             28 ;--------------------------------------------------------
                             29 	.area _DABS (ABS)
                             30 ;--------------------------------------------------------
                             31 ; global & static initialisations
                             32 ;--------------------------------------------------------
                             33 	.area _HOME
                             34 	.area _GSINIT
                             35 	.area _GSFINAL
                             36 	.area _GSINIT
                             37 ;--------------------------------------------------------
                             38 ; Home
                             39 ;--------------------------------------------------------
                             40 	.area _HOME
                             41 	.area _HOME
                             42 ;--------------------------------------------------------
                             43 ; code
                             44 ;--------------------------------------------------------
                             45 	.area _CODE
                             46 	.area _CODE
   0000                      47 _Character_SisterPALETTE:
   0000 54                   48 	.db #0x54	; 84	'T'
   0001 44                   49 	.db #0x44	; 68	'D'
   0002 55                   50 	.db #0x55	; 85	'U'
   0003 5D                   51 	.db #0x5d	; 93
   0004 56                   52 	.db #0x56	; 86	'V'
   0005 46                   53 	.db #0x46	; 70	'F'
   0006 57                   54 	.db #0x57	; 87	'W'
   0007 5E                   55 	.db #0x5e	; 94
   0008 40                   56 	.db #0x40	; 64
   0009 5F                   57 	.db #0x5f	; 95
   000A 4F                   58 	.db #0x4f	; 79	'O'
   000B 5B                   59 	.db #0x5b	; 91
   000C 4B                   60 	.db #0x4b	; 75	'K'
   000D                      61 _Character_Sister:
   000Dr11r00                62 	.dw _Character_Sister_0
   000Fr31r00                63 	.dw _Character_Sister_1
   0011                      64 _Character_Sister_0:
   0011 00                   65 	.db #0x00	; 0
   0012 FC                   66 	.db #0xfc	; 252
   0013 FC                   67 	.db #0xfc	; 252
   0014 00                   68 	.db #0x00	; 0
   0015 00                   69 	.db #0x00	; 0
   0016 FC                   70 	.db #0xfc	; 252
   0017 FC                   71 	.db #0xfc	; 252
   0018 00                   72 	.db #0x00	; 0
   0019 54                   73 	.db #0x54	; 84	'T'
   001A B9                   74 	.db #0xb9	; 185
   001B 1B                   75 	.db #0x1b	; 27
   001C 00                   76 	.db #0x00	; 0
   001D 54                   77 	.db #0x54	; 84	'T'
   001E B9                   78 	.db #0xb9	; 185
   001F 1B                   79 	.db #0x1b	; 27
   0020 00                   80 	.db #0x00	; 0
   0021 54                   81 	.db #0x54	; 84	'T'
   0022 AD                   82 	.db #0xad	; 173
   0023 5E                   83 	.db #0x5e	; 94
   0024 00                   84 	.db #0x00	; 0
   0025 54                   85 	.db #0x54	; 84	'T'
   0026 AD                   86 	.db #0xad	; 173
   0027 5E                   87 	.db #0x5e	; 94
   0028 00                   88 	.db #0x00	; 0
   0029 FC                   89 	.db #0xfc	; 252
   002A FC                   90 	.db #0xfc	; 252
   002B FC                   91 	.db #0xfc	; 252
   002C 00                   92 	.db #0x00	; 0
   002D FC                   93 	.db #0xfc	; 252
   002E FC                   94 	.db #0xfc	; 252
   002F FC                   95 	.db #0xfc	; 252
   0030 00                   96 	.db #0x00	; 0
   0031                      97 _Character_Sister_1:
   0031 54                   98 	.db #0x54	; 84	'T'
   0032 5E                   99 	.db #0x5e	; 94
   0033 FC                  100 	.db #0xfc	; 252
   0034 A8                  101 	.db #0xa8	; 168
   0035 54                  102 	.db #0x54	; 84	'T'
   0036 5E                  103 	.db #0x5e	; 94
   0037 FC                  104 	.db #0xfc	; 252
   0038 A8                  105 	.db #0xa8	; 168
   0039 A8                  106 	.db #0xa8	; 168
   003A AD                  107 	.db #0xad	; 173
   003B FC                  108 	.db #0xfc	; 252
   003C 1E                  109 	.db #0x1e	; 30
   003D A8                  110 	.db #0xa8	; 168
   003E AD                  111 	.db #0xad	; 173
   003F FC                  112 	.db #0xfc	; 252
   0040 1E                  113 	.db #0x1e	; 30
   0041 00                  114 	.db #0x00	; 0
   0042 A8                  115 	.db #0xa8	; 168
   0043 A8                  116 	.db #0xa8	; 168
   0044 22                  117 	.db #0x22	; 34
   0045 00                  118 	.db #0x00	; 0
   0046 A8                  119 	.db #0xa8	; 168
   0047 A8                  120 	.db #0xa8	; 168
   0048 22                  121 	.db #0x22	; 34
   0049 00                  122 	.db #0x00	; 0
   004A 02                  123 	.db #0x02	; 2
   004B 03                  124 	.db #0x03	; 3
   004C 00                  125 	.db #0x00	; 0
   004D 00                  126 	.db #0x00	; 0
   004E 02                  127 	.db #0x02	; 2
   004F 03                  128 	.db #0x03	; 3
   0050 00                  129 	.db #0x00	; 0
                            130 	.area _INITIALIZER
                            131 	.area _CABS (ABS)
