                              1 ;--------------------------------------------------------
                              2 ; File Created by SDCC : free open source ANSI-C Compiler
                              3 ; Version 3.6.8 #9946 (Linux)
                              4 ;--------------------------------------------------------
                              5 	.module Character_Mother
                              6 	.optsdcc -mz80
                              7 	
                              8 ;--------------------------------------------------------
                              9 ; Public variables in this module
                             10 ;--------------------------------------------------------
                             11 	.globl _Character_Mother_1
                             12 	.globl _Character_Mother_0
                             13 	.globl _Character_Mother
                             14 	.globl _Character_MotherPALETTE
                             15 ;--------------------------------------------------------
                             16 ; special function registers
                             17 ;--------------------------------------------------------
                             18 ;--------------------------------------------------------
                             19 ; ram data
                             20 ;--------------------------------------------------------
                             21 	.area _DATA
                             22 ;--------------------------------------------------------
                             23 ; ram data
                             24 ;--------------------------------------------------------
                             25 	.area _INITIALIZED
                             26 ;--------------------------------------------------------
                             27 ; absolute external ram data
                             28 ;--------------------------------------------------------
                             29 	.area _DABS (ABS)
                             30 ;--------------------------------------------------------
                             31 ; global & static initialisations
                             32 ;--------------------------------------------------------
                             33 	.area _HOME
                             34 	.area _GSINIT
                             35 	.area _GSFINAL
                             36 	.area _GSINIT
                             37 ;--------------------------------------------------------
                             38 ; Home
                             39 ;--------------------------------------------------------
                             40 	.area _HOME
                             41 	.area _HOME
                             42 ;--------------------------------------------------------
                             43 ; code
                             44 ;--------------------------------------------------------
                             45 	.area _CODE
                             46 	.area _CODE
   0000                      47 _Character_MotherPALETTE:
   0000 54                   48 	.db #0x54	; 84	'T'
   0001 44                   49 	.db #0x44	; 68	'D'
   0002 55                   50 	.db #0x55	; 85	'U'
   0003 5D                   51 	.db #0x5d	; 93
   0004 56                   52 	.db #0x56	; 86	'V'
   0005 46                   53 	.db #0x46	; 70	'F'
   0006 57                   54 	.db #0x57	; 87	'W'
   0007 5E                   55 	.db #0x5e	; 94
   0008 40                   56 	.db #0x40	; 64
   0009 5F                   57 	.db #0x5f	; 95
   000A 4F                   58 	.db #0x4f	; 79	'O'
   000B 5B                   59 	.db #0x5b	; 91
   000C 4B                   60 	.db #0x4b	; 75	'K'
   000D                      61 _Character_Mother:
   000Dr11r00                62 	.dw _Character_Mother_0
   000Fr31r00                63 	.dw _Character_Mother_1
   0011                      64 _Character_Mother_0:
   0011 00                   65 	.db #0x00	; 0
   0012 54                   66 	.db #0x54	; 84	'T'
   0013 FC                   67 	.db #0xfc	; 252
   0014 A8                   68 	.db #0xa8	; 168
   0015 00                   69 	.db #0x00	; 0
   0016 54                   70 	.db #0x54	; 84	'T'
   0017 FC                   71 	.db #0xfc	; 252
   0018 A8                   72 	.db #0xa8	; 168
   0019 33                   73 	.db #0x33	; 51	'3'
   001A 54                   74 	.db #0x54	; 84	'T'
   001B 27                   75 	.db #0x27	; 39
   001C 22                   76 	.db #0x22	; 34
   001D 33                   77 	.db #0x33	; 51	'3'
   001E 54                   78 	.db #0x54	; 84	'T'
   001F 27                   79 	.db #0x27	; 39
   0020 22                   80 	.db #0x22	; 34
   0021 33                   81 	.db #0x33	; 51	'3'
   0022 54                   82 	.db #0x54	; 84	'T'
   0023 0F                   83 	.db #0x0f	; 15
   0024 A8                   84 	.db #0xa8	; 168
   0025 33                   85 	.db #0x33	; 51	'3'
   0026 54                   86 	.db #0x54	; 84	'T'
   0027 0F                   87 	.db #0x0f	; 15
   0028 A8                   88 	.db #0xa8	; 168
   0029 05                   89 	.db #0x05	; 5
   002A 54                   90 	.db #0x54	; 84	'T'
   002B 30                   91 	.db #0x30	; 48	'0'
   002C A8                   92 	.db #0xa8	; 168
   002D 05                   93 	.db #0x05	; 5
   002E 54                   94 	.db #0x54	; 84	'T'
   002F 30                   95 	.db #0x30	; 48	'0'
   0030 A8                   96 	.db #0xa8	; 168
   0031                      97 _Character_Mother_1:
   0031 00                   98 	.db #0x00	; 0
   0032 1A                   99 	.db #0x1a	; 26
   0033 30                  100 	.db #0x30	; 48	'0'
   0034 74                  101 	.db #0x74	; 116	't'
   0035 00                  102 	.db #0x00	; 0
   0036 1A                  103 	.db #0x1a	; 26
   0037 30                  104 	.db #0x30	; 48	'0'
   0038 74                  105 	.db #0x74	; 116	't'
   0039 00                  106 	.db #0x00	; 0
   003A 10                  107 	.db #0x10	; 16
   003B 30                  108 	.db #0x30	; 48	'0'
   003C 25                  109 	.db #0x25	; 37
   003D 00                  110 	.db #0x00	; 0
   003E 10                  111 	.db #0x10	; 16
   003F 30                  112 	.db #0x30	; 48	'0'
   0040 25                  113 	.db #0x25	; 37
   0041 00                  114 	.db #0x00	; 0
   0042 40                  115 	.db #0x40	; 64
   0043 40                  116 	.db #0x40	; 64
   0044 00                  117 	.db #0x00	; 0
   0045 00                  118 	.db #0x00	; 0
   0046 40                  119 	.db #0x40	; 64
   0047 40                  120 	.db #0x40	; 64
   0048 00                  121 	.db #0x00	; 0
   0049 00                  122 	.db #0x00	; 0
   004A 03                  123 	.db #0x03	; 3
   004B 01                  124 	.db #0x01	; 1
   004C 00                  125 	.db #0x00	; 0
   004D 00                  126 	.db #0x00	; 0
   004E 03                  127 	.db #0x03	; 3
   004F 01                  128 	.db #0x01	; 1
   0050 00                  129 	.db #0x00	; 0
                            130 	.area _INITIALIZER
                            131 	.area _CABS (ABS)
