                              1 ;--------------------------------------------------------
                              2 ; File Created by SDCC : free open source ANSI-C Compiler
                              3 ; Version 3.6.8 #9946 (Linux)
                              4 ;--------------------------------------------------------
                              5 	.module Character_Principal
                              6 	.optsdcc -mz80
                              7 	
                              8 ;--------------------------------------------------------
                              9 ; Public variables in this module
                             10 ;--------------------------------------------------------
                             11 	.globl _Character_Principal_1
                             12 	.globl _Character_Principal_0
                             13 	.globl _Character_Principal
                             14 	.globl _PALETTE
                             15 ;--------------------------------------------------------
                             16 ; special function registers
                             17 ;--------------------------------------------------------
                             18 ;--------------------------------------------------------
                             19 ; ram data
                             20 ;--------------------------------------------------------
                             21 	.area _DATA
                             22 ;--------------------------------------------------------
                             23 ; ram data
                             24 ;--------------------------------------------------------
                             25 	.area _INITIALIZED
                             26 ;--------------------------------------------------------
                             27 ; absolute external ram data
                             28 ;--------------------------------------------------------
                             29 	.area _DABS (ABS)
                             30 ;--------------------------------------------------------
                             31 ; global & static initialisations
                             32 ;--------------------------------------------------------
                             33 	.area _HOME
                             34 	.area _GSINIT
                             35 	.area _GSFINAL
                             36 	.area _GSINIT
                             37 ;--------------------------------------------------------
                             38 ; Home
                             39 ;--------------------------------------------------------
                             40 	.area _HOME
                             41 	.area _HOME
                             42 ;--------------------------------------------------------
                             43 ; code
                             44 ;--------------------------------------------------------
                             45 	.area _CODE
                             46 	.area _CODE
   0000                      47 _PALETTE:
   0000 54                   48 	.db #0x54	; 84	'T'
   0001 44                   49 	.db #0x44	; 68	'D'
   0002 55                   50 	.db #0x55	; 85	'U'
   0003 5D                   51 	.db #0x5d	; 93
   0004 56                   52 	.db #0x56	; 86	'V'
   0005 46                   53 	.db #0x46	; 70	'F'
   0006 57                   54 	.db #0x57	; 87	'W'
   0007 5E                   55 	.db #0x5e	; 94
   0008 40                   56 	.db #0x40	; 64
   0009 5F                   57 	.db #0x5f	; 95
   000A 4F                   58 	.db #0x4f	; 79	'O'
   000B 5B                   59 	.db #0x5b	; 91
   000C 4B                   60 	.db #0x4b	; 75	'K'
   000D                      61 _Character_Principal:
   000Dr11r00                62 	.dw _Character_Principal_0
   000Fr31r00                63 	.dw _Character_Principal_1
   0011                      64 _Character_Principal_0:
   0011 00                   65 	.db #0x00	; 0
   0012 84                   66 	.db #0x84	; 132
   0013 2C                   67 	.db #0x2c	; 44
   0014 00                   68 	.db #0x00	; 0
   0015 00                   69 	.db #0x00	; 0
   0016 84                   70 	.db #0x84	; 132
   0017 2C                   71 	.db #0x2c	; 44
   0018 00                   72 	.db #0x00	; 0
   0019 00                   73 	.db #0x00	; 0
   001A 91                   74 	.db #0x91	; 145
   001B 13                   75 	.db #0x13	; 19
   001C 00                   76 	.db #0x00	; 0
   001D 00                   77 	.db #0x00	; 0
   001E 91                   78 	.db #0x91	; 145
   001F 13                   79 	.db #0x13	; 19
   0020 00                   80 	.db #0x00	; 0
   0021 C0                   81 	.db #0xc0	; 192
   0022 81                   82 	.db #0x81	; 129
   0023 06                   83 	.db #0x06	; 6
   0024 00                   84 	.db #0x00	; 0
   0025 C0                   85 	.db #0xc0	; 192
   0026 81                   86 	.db #0x81	; 129
   0027 06                   87 	.db #0x06	; 6
   0028 00                   88 	.db #0x00	; 0
   0029 80                   89 	.db #0x80	; 128
   002A 48                   90 	.db #0x48	; 72	'H'
   002B C0                   91 	.db #0xc0	; 192
   002C 08                   92 	.db #0x08	; 8
   002D 80                   93 	.db #0x80	; 128
   002E 48                   94 	.db #0x48	; 72	'H'
   002F C0                   95 	.db #0xc0	; 192
   0030 08                   96 	.db #0x08	; 8
   0031                      97 _Character_Principal_1:
   0031 80                   98 	.db #0x80	; 128
   0032 0C                   99 	.db #0x0c	; 12
   0033 C0                  100 	.db #0xc0	; 192
   0034 39                  101 	.db #0x39	; 57	'9'
   0035 80                  102 	.db #0x80	; 128
   0036 0C                  103 	.db #0x0c	; 12
   0037 C0                  104 	.db #0xc0	; 192
   0038 39                  105 	.db #0x39	; 57	'9'
   0039 C0                  106 	.db #0xc0	; 192
   003A 2C                  107 	.db #0x2c	; 44
   003B 3C                  108 	.db #0x3c	; 60
   003C 19                  109 	.db #0x19	; 25
   003D C0                  110 	.db #0xc0	; 192
   003E 2C                  111 	.db #0x2c	; 44
   003F 3C                  112 	.db #0x3c	; 60
   0040 19                  113 	.db #0x19	; 25
   0041 00                  114 	.db #0x00	; 0
   0042 80                  115 	.db #0x80	; 128
   0043 80                  116 	.db #0x80	; 128
   0044 00                  117 	.db #0x00	; 0
   0045 00                  118 	.db #0x00	; 0
   0046 80                  119 	.db #0x80	; 128
   0047 80                  120 	.db #0x80	; 128
   0048 00                  121 	.db #0x00	; 0
   0049 00                  122 	.db #0x00	; 0
   004A 08                  123 	.db #0x08	; 8
   004B 0C                  124 	.db #0x0c	; 12
   004C 00                  125 	.db #0x00	; 0
   004D 00                  126 	.db #0x00	; 0
   004E 08                  127 	.db #0x08	; 8
   004F 0C                  128 	.db #0x0c	; 12
   0050 00                  129 	.db #0x00	; 0
                            130 	.area _INITIALIZER
                            131 	.area _CABS (ABS)
