                              1 ;--------------------------------------------------------
                              2 ; File Created by SDCC : free open source ANSI-C Compiler
                              3 ; Version 3.6.8 #9946 (Linux)
                              4 ;--------------------------------------------------------
                              5 	.module Character_Brother
                              6 	.optsdcc -mz80
                              7 	
                              8 ;--------------------------------------------------------
                              9 ; Public variables in this module
                             10 ;--------------------------------------------------------
                             11 	.globl _Character_Brother_1
                             12 	.globl _Character_Brother_0
                             13 	.globl _Character_Brother
                             14 	.globl _Character_BrotherPALETTE
                             15 ;--------------------------------------------------------
                             16 ; special function registers
                             17 ;--------------------------------------------------------
                             18 ;--------------------------------------------------------
                             19 ; ram data
                             20 ;--------------------------------------------------------
                             21 	.area _DATA
                             22 ;--------------------------------------------------------
                             23 ; ram data
                             24 ;--------------------------------------------------------
                             25 	.area _INITIALIZED
                             26 ;--------------------------------------------------------
                             27 ; absolute external ram data
                             28 ;--------------------------------------------------------
                             29 	.area _DABS (ABS)
                             30 ;--------------------------------------------------------
                             31 ; global & static initialisations
                             32 ;--------------------------------------------------------
                             33 	.area _HOME
                             34 	.area _GSINIT
                             35 	.area _GSFINAL
                             36 	.area _GSINIT
                             37 ;--------------------------------------------------------
                             38 ; Home
                             39 ;--------------------------------------------------------
                             40 	.area _HOME
                             41 	.area _HOME
                             42 ;--------------------------------------------------------
                             43 ; code
                             44 ;--------------------------------------------------------
                             45 	.area _CODE
                             46 	.area _CODE
   0000                      47 _Character_BrotherPALETTE:
   0000 54                   48 	.db #0x54	; 84	'T'
   0001 44                   49 	.db #0x44	; 68	'D'
   0002 55                   50 	.db #0x55	; 85	'U'
   0003 5D                   51 	.db #0x5d	; 93
   0004 56                   52 	.db #0x56	; 86	'V'
   0005 46                   53 	.db #0x46	; 70	'F'
   0006 57                   54 	.db #0x57	; 87	'W'
   0007 5E                   55 	.db #0x5e	; 94
   0008 40                   56 	.db #0x40	; 64
   0009 5F                   57 	.db #0x5f	; 95
   000A 4F                   58 	.db #0x4f	; 79	'O'
   000B 5B                   59 	.db #0x5b	; 91
   000C 4B                   60 	.db #0x4b	; 75	'K'
   000D                      61 _Character_Brother:
   000Dr11r00                62 	.dw _Character_Brother_0
   000Fr29r00                63 	.dw _Character_Brother_1
   0011                      64 _Character_Brother_0:
   0011 F0                   65 	.db #0xf0	; 240
   0012 78                   66 	.db #0x78	; 120	'x'
   0013 00                   67 	.db #0x00	; 0
   0014 F0                   68 	.db #0xf0	; 240
   0015 78                   69 	.db #0x78	; 120	'x'
   0016 00                   70 	.db #0x00	; 0
   0017 B1                   71 	.db #0xb1	; 177
   0018 1B                   72 	.db #0x1b	; 27
   0019 00                   73 	.db #0x00	; 0
   001A B1                   74 	.db #0xb1	; 177
   001B 1B                   75 	.db #0x1b	; 27
   001C 00                   76 	.db #0x00	; 0
   001D A5                   77 	.db #0xa5	; 165
   001E 5A                   78 	.db #0x5a	; 90	'Z'
   001F 00                   79 	.db #0x00	; 0
   0020 A5                   80 	.db #0xa5	; 165
   0021 5A                   81 	.db #0x5a	; 90	'Z'
   0022 00                   82 	.db #0x00	; 0
   0023 04                   83 	.db #0x04	; 4
   0024 C0                   84 	.db #0xc0	; 192
   0025 05                   85 	.db #0x05	; 5
   0026 04                   86 	.db #0x04	; 4
   0027 C0                   87 	.db #0xc0	; 192
   0028 05                   88 	.db #0x05	; 5
   0029                      89 _Character_Brother_1:
   0029 48                   90 	.db #0x48	; 72	'H'
   002A C0                   91 	.db #0xc0	; 192
   002B 1B                   92 	.db #0x1b	; 27
   002C 48                   93 	.db #0x48	; 72	'H'
   002D C0                   94 	.db #0xc0	; 192
   002E 1B                   95 	.db #0x1b	; 27
   002F 4A                   96 	.db #0x4a	; 74	'J'
   0030 C0                   97 	.db #0xc0	; 192
   0031 11                   98 	.db #0x11	; 17
   0032 4A                   99 	.db #0x4a	; 74	'J'
   0033 C0                  100 	.db #0xc0	; 192
   0034 11                  101 	.db #0x11	; 17
   0035 85                  102 	.db #0x85	; 133
   0036 80                  103 	.db #0x80	; 128
   0037 00                  104 	.db #0x00	; 0
   0038 85                  105 	.db #0x85	; 133
   0039 80                  106 	.db #0x80	; 128
   003A 00                  107 	.db #0x00	; 0
   003B A8                  108 	.db #0xa8	; 168
   003C FC                  109 	.db #0xfc	; 252
   003D 00                  110 	.db #0x00	; 0
   003E A8                  111 	.db #0xa8	; 168
   003F FC                  112 	.db #0xfc	; 252
   0040 00                  113 	.db #0x00	; 0
                            114 	.area _INITIALIZER
                            115 	.area _CABS (ABS)
