                              1 ;--------------------------------------------------------
                              2 ; File Created by SDCC : free open source ANSI-C Compiler
                              3 ; Version 3.6.8 #9946 (Linux)
                              4 ;--------------------------------------------------------
                              5 	.module Character_Father
                              6 	.optsdcc -mz80
                              7 	
                              8 ;--------------------------------------------------------
                              9 ; Public variables in this module
                             10 ;--------------------------------------------------------
                             11 	.globl _Character_Father_1
                             12 	.globl _Character_Father_0
                             13 	.globl _Character_Father
                             14 	.globl _Character_FatherPALETTE
                             15 ;--------------------------------------------------------
                             16 ; special function registers
                             17 ;--------------------------------------------------------
                             18 ;--------------------------------------------------------
                             19 ; ram data
                             20 ;--------------------------------------------------------
                             21 	.area _DATA
                             22 ;--------------------------------------------------------
                             23 ; ram data
                             24 ;--------------------------------------------------------
                             25 	.area _INITIALIZED
                             26 ;--------------------------------------------------------
                             27 ; absolute external ram data
                             28 ;--------------------------------------------------------
                             29 	.area _DABS (ABS)
                             30 ;--------------------------------------------------------
                             31 ; global & static initialisations
                             32 ;--------------------------------------------------------
                             33 	.area _HOME
                             34 	.area _GSINIT
                             35 	.area _GSFINAL
                             36 	.area _GSINIT
                             37 ;--------------------------------------------------------
                             38 ; Home
                             39 ;--------------------------------------------------------
                             40 	.area _HOME
                             41 	.area _HOME
                             42 ;--------------------------------------------------------
                             43 ; code
                             44 ;--------------------------------------------------------
                             45 	.area _CODE
                             46 	.area _CODE
   0000                      47 _Character_FatherPALETTE:
   0000 54                   48 	.db #0x54	; 84	'T'
   0001 44                   49 	.db #0x44	; 68	'D'
   0002 55                   50 	.db #0x55	; 85	'U'
   0003 5D                   51 	.db #0x5d	; 93
   0004 56                   52 	.db #0x56	; 86	'V'
   0005 46                   53 	.db #0x46	; 70	'F'
   0006 57                   54 	.db #0x57	; 87	'W'
   0007 5E                   55 	.db #0x5e	; 94
   0008 40                   56 	.db #0x40	; 64
   0009 5F                   57 	.db #0x5f	; 95
   000A 4F                   58 	.db #0x4f	; 79	'O'
   000B 5B                   59 	.db #0x5b	; 91
   000C 4B                   60 	.db #0x4b	; 75	'K'
   000D                      61 _Character_Father:
   000Dr11r00                62 	.dw _Character_Father_0
   000Fr31r00                63 	.dw _Character_Father_1
   0011                      64 _Character_Father_0:
   0011 00                   65 	.db #0x00	; 0
   0012 01                   66 	.db #0x01	; 1
   0013 03                   67 	.db #0x03	; 3
   0014 00                   68 	.db #0x00	; 0
   0015 00                   69 	.db #0x00	; 0
   0016 01                   70 	.db #0x01	; 1
   0017 03                   71 	.db #0x03	; 3
   0018 00                   72 	.db #0x00	; 0
   0019 00                   73 	.db #0x00	; 0
   001A 13                   74 	.db #0x13	; 19
   001B 1B                   75 	.db #0x1b	; 27
   001C 00                   76 	.db #0x00	; 0
   001D 00                   77 	.db #0x00	; 0
   001E 13                   78 	.db #0x13	; 19
   001F 1B                   79 	.db #0x1b	; 27
   0020 00                   80 	.db #0x00	; 0
   0021 00                   81 	.db #0x00	; 0
   0022 07                   82 	.db #0x07	; 7
   0023 0B                   83 	.db #0x0b	; 11
   0024 00                   84 	.db #0x00	; 0
   0025 00                   85 	.db #0x00	; 0
   0026 07                   86 	.db #0x07	; 7
   0027 0B                   87 	.db #0x0b	; 11
   0028 00                   88 	.db #0x00	; 0
   0029 00                   89 	.db #0x00	; 0
   002A 40                   90 	.db #0x40	; 64
   002B 80                   91 	.db #0x80	; 128
   002C 14                   92 	.db #0x14	; 20
   002D 00                   93 	.db #0x00	; 0
   002E 40                   94 	.db #0x40	; 64
   002F 80                   95 	.db #0x80	; 128
   0030 14                   96 	.db #0x14	; 20
   0031                      97 _Character_Father_1:
   0031 40                   98 	.db #0x40	; 64
   0032 C0                   99 	.db #0xc0	; 192
   0033 C0                  100 	.db #0xc0	; 192
   0034 11                  101 	.db #0x11	; 17
   0035 40                  102 	.db #0x40	; 64
   0036 C0                  103 	.db #0xc0	; 192
   0037 C0                  104 	.db #0xc0	; 192
   0038 11                  105 	.db #0x11	; 17
   0039 0A                  106 	.db #0x0a	; 10
   003A C0                  107 	.db #0xc0	; 192
   003B C0                  108 	.db #0xc0	; 192
   003C 0F                  109 	.db #0x0f	; 15
   003D 0A                  110 	.db #0x0a	; 10
   003E C0                  111 	.db #0xc0	; 192
   003F C0                  112 	.db #0xc0	; 192
   0040 0F                  113 	.db #0x0f	; 15
   0041 00                  114 	.db #0x00	; 0
   0042 28                  115 	.db #0x28	; 40
   0043 28                  116 	.db #0x28	; 40
   0044 00                  117 	.db #0x00	; 0
   0045 00                  118 	.db #0x00	; 0
   0046 28                  119 	.db #0x28	; 40
   0047 28                  120 	.db #0x28	; 40
   0048 00                  121 	.db #0x00	; 0
   0049 01                  122 	.db #0x01	; 1
   004A 02                  123 	.db #0x02	; 2
   004B 03                  124 	.db #0x03	; 3
   004C 00                  125 	.db #0x00	; 0
   004D 01                  126 	.db #0x01	; 1
   004E 02                  127 	.db #0x02	; 2
   004F 03                  128 	.db #0x03	; 3
   0050 00                  129 	.db #0x00	; 0
                            130 	.area _INITIALIZER
                            131 	.area _CABS (ABS)
