                              1 ;--------------------------------------------------------
                              2 ; File Created by SDCC : free open source ANSI-C Compiler
                              3 ; Version 3.6.8 #9946 (Linux)
                              4 ;--------------------------------------------------------
                              5 	.module Door_B
                              6 	.optsdcc -mz80
                              7 	
                              8 ;--------------------------------------------------------
                              9 ; Public variables in this module
                             10 ;--------------------------------------------------------
                             11 	.globl _Door_B_1
                             12 	.globl _Door_B_0
                             13 	.globl _Door_B
                             14 	.globl _Door_BPALETTE
                             15 ;--------------------------------------------------------
                             16 ; special function registers
                             17 ;--------------------------------------------------------
                             18 ;--------------------------------------------------------
                             19 ; ram data
                             20 ;--------------------------------------------------------
                             21 	.area _DATA
                             22 ;--------------------------------------------------------
                             23 ; ram data
                             24 ;--------------------------------------------------------
                             25 	.area _INITIALIZED
                             26 ;--------------------------------------------------------
                             27 ; absolute external ram data
                             28 ;--------------------------------------------------------
                             29 	.area _DABS (ABS)
                             30 ;--------------------------------------------------------
                             31 ; global & static initialisations
                             32 ;--------------------------------------------------------
                             33 	.area _HOME
                             34 	.area _GSINIT
                             35 	.area _GSFINAL
                             36 	.area _GSINIT
                             37 ;--------------------------------------------------------
                             38 ; Home
                             39 ;--------------------------------------------------------
                             40 	.area _HOME
                             41 	.area _HOME
                             42 ;--------------------------------------------------------
                             43 ; code
                             44 ;--------------------------------------------------------
                             45 	.area _CODE
                             46 	.area _CODE
   0000                      47 _Door_BPALETTE:
   0000 54                   48 	.db #0x54	; 84	'T'
   0001 5B                   49 	.db #0x5b	; 91
   0002 4F                   50 	.db #0x4f	; 79	'O'
   0003 5D                   51 	.db #0x5d	; 93
   0004 44                   52 	.db #0x44	; 68	'D'
   0005 5F                   53 	.db #0x5f	; 95
   0006 4B                   54 	.db #0x4b	; 75	'K'
   0007 55                   55 	.db #0x55	; 85	'U'
   0008 56                   56 	.db #0x56	; 86	'V'
   0009 40                   57 	.db #0x40	; 64
   000A 5C                   58 	.db #0x5c	; 92
   000B 46                   59 	.db #0x46	; 70	'F'
   000C 5B                   60 	.db #0x5b	; 91
   000D 5B                   61 	.db #0x5b	; 91
   000E 5E                   62 	.db #0x5e	; 94
   000F                      63 _Door_B:
   000Fr13r00                64 	.dw _Door_B_0
   0011r33r00                65 	.dw _Door_B_1
   0013                      66 _Door_B_0:
   0013 00                   67 	.db #0x00	; 0
   0014 CC                   68 	.db #0xcc	; 204
   0015 CC                   69 	.db #0xcc	; 204
   0016 00                   70 	.db #0x00	; 0
   0017 00                   71 	.db #0x00	; 0
   0018 CC                   72 	.db #0xcc	; 204
   0019 CC                   73 	.db #0xcc	; 204
   001A 00                   74 	.db #0x00	; 0
   001B 44                   75 	.db #0x44	; 68	'D'
   001C 00                   76 	.db #0x00	; 0
   001D 00                   77 	.db #0x00	; 0
   001E 88                   78 	.db #0x88	; 136
   001F 44                   79 	.db #0x44	; 68	'D'
   0020 00                   80 	.db #0x00	; 0
   0021 00                   81 	.db #0x00	; 0
   0022 88                   82 	.db #0x88	; 136
   0023 88                   83 	.db #0x88	; 136
   0024 CC                   84 	.db #0xcc	; 204
   0025 CC                   85 	.db #0xcc	; 204
   0026 44                   86 	.db #0x44	; 68	'D'
   0027 88                   87 	.db #0x88	; 136
   0028 CC                   88 	.db #0xcc	; 204
   0029 CC                   89 	.db #0xcc	; 204
   002A 44                   90 	.db #0x44	; 68	'D'
   002B 88                   91 	.db #0x88	; 136
   002C 88                   92 	.db #0x88	; 136
   002D 44                   93 	.db #0x44	; 68	'D'
   002E 44                   94 	.db #0x44	; 68	'D'
   002F 88                   95 	.db #0x88	; 136
   0030 88                   96 	.db #0x88	; 136
   0031 44                   97 	.db #0x44	; 68	'D'
   0032 44                   98 	.db #0x44	; 68	'D'
   0033                      99 _Door_B_1:
   0033 88                  100 	.db #0x88	; 136
   0034 88                  101 	.db #0x88	; 136
   0035 44                  102 	.db #0x44	; 68	'D'
   0036 44                  103 	.db #0x44	; 68	'D'
   0037 88                  104 	.db #0x88	; 136
   0038 88                  105 	.db #0x88	; 136
   0039 44                  106 	.db #0x44	; 68	'D'
   003A 44                  107 	.db #0x44	; 68	'D'
   003B 88                  108 	.db #0x88	; 136
   003C CC                  109 	.db #0xcc	; 204
   003D 88                  110 	.db #0x88	; 136
   003E 44                  111 	.db #0x44	; 68	'D'
   003F 88                  112 	.db #0x88	; 136
   0040 CC                  113 	.db #0xcc	; 204
   0041 88                  114 	.db #0x88	; 136
   0042 44                  115 	.db #0x44	; 68	'D'
   0043 88                  116 	.db #0x88	; 136
   0044 CC                  117 	.db #0xcc	; 204
   0045 CC                  118 	.db #0xcc	; 204
   0046 44                  119 	.db #0x44	; 68	'D'
   0047 88                  120 	.db #0x88	; 136
   0048 CC                  121 	.db #0xcc	; 204
   0049 CC                  122 	.db #0xcc	; 204
   004A 44                  123 	.db #0x44	; 68	'D'
   004B CC                  124 	.db #0xcc	; 204
   004C 0C                  125 	.db #0x0c	; 12
   004D 0C                  126 	.db #0x0c	; 12
   004E CC                  127 	.db #0xcc	; 204
   004F CC                  128 	.db #0xcc	; 204
   0050 0C                  129 	.db #0x0c	; 12
   0051 0C                  130 	.db #0x0c	; 12
   0052 CC                  131 	.db #0xcc	; 204
                            132 	.area _INITIALIZER
                            133 	.area _CABS (ABS)
