                              1 ;--------------------------------------------------------
                              2 ; File Created by SDCC : free open source ANSI-C Compiler
                              3 ; Version 3.6.8 #9946 (Linux)
                              4 ;--------------------------------------------------------
                              5 	.module Door_G
                              6 	.optsdcc -mz80
                              7 	
                              8 ;--------------------------------------------------------
                              9 ; Public variables in this module
                             10 ;--------------------------------------------------------
                             11 	.globl _Door_G_1
                             12 	.globl _Door_G_0
                             13 	.globl _Door_G
                             14 	.globl _Door_GPALETTE
                             15 ;--------------------------------------------------------
                             16 ; special function registers
                             17 ;--------------------------------------------------------
                             18 ;--------------------------------------------------------
                             19 ; ram data
                             20 ;--------------------------------------------------------
                             21 	.area _DATA
                             22 ;--------------------------------------------------------
                             23 ; ram data
                             24 ;--------------------------------------------------------
                             25 	.area _INITIALIZED
                             26 ;--------------------------------------------------------
                             27 ; absolute external ram data
                             28 ;--------------------------------------------------------
                             29 	.area _DABS (ABS)
                             30 ;--------------------------------------------------------
                             31 ; global & static initialisations
                             32 ;--------------------------------------------------------
                             33 	.area _HOME
                             34 	.area _GSINIT
                             35 	.area _GSFINAL
                             36 	.area _GSINIT
                             37 ;--------------------------------------------------------
                             38 ; Home
                             39 ;--------------------------------------------------------
                             40 	.area _HOME
                             41 	.area _HOME
                             42 ;--------------------------------------------------------
                             43 ; code
                             44 ;--------------------------------------------------------
                             45 	.area _CODE
                             46 	.area _CODE
   0000                      47 _Door_GPALETTE:
   0000 54                   48 	.db #0x54	; 84	'T'
   0001 44                   49 	.db #0x44	; 68	'D'
   0002 55                   50 	.db #0x55	; 85	'U'
   0003 5D                   51 	.db #0x5d	; 93
   0004 56                   52 	.db #0x56	; 86	'V'
   0005 46                   53 	.db #0x46	; 70	'F'
   0006 57                   54 	.db #0x57	; 87	'W'
   0007 5E                   55 	.db #0x5e	; 94
   0008 40                   56 	.db #0x40	; 64
   0009 5F                   57 	.db #0x5f	; 95
   000A 4F                   58 	.db #0x4f	; 79	'O'
   000B 5B                   59 	.db #0x5b	; 91
   000C 4B                   60 	.db #0x4b	; 75	'K'
   000D                      61 _Door_G:
   000Dr11r00                62 	.dw _Door_G_0
   000Fr31r00                63 	.dw _Door_G_1
   0011                      64 _Door_G_0:
   0011 00                   65 	.db #0x00	; 0
   0012 0C                   66 	.db #0x0c	; 12
   0013 0C                   67 	.db #0x0c	; 12
   0014 00                   68 	.db #0x00	; 0
   0015 00                   69 	.db #0x00	; 0
   0016 0C                   70 	.db #0x0c	; 12
   0017 0C                   71 	.db #0x0c	; 12
   0018 00                   72 	.db #0x00	; 0
   0019 04                   73 	.db #0x04	; 4
   001A 00                   74 	.db #0x00	; 0
   001B 00                   75 	.db #0x00	; 0
   001C 08                   76 	.db #0x08	; 8
   001D 04                   77 	.db #0x04	; 4
   001E 00                   78 	.db #0x00	; 0
   001F 00                   79 	.db #0x00	; 0
   0020 08                   80 	.db #0x08	; 8
   0021 08                   81 	.db #0x08	; 8
   0022 0C                   82 	.db #0x0c	; 12
   0023 0C                   83 	.db #0x0c	; 12
   0024 04                   84 	.db #0x04	; 4
   0025 08                   85 	.db #0x08	; 8
   0026 0C                   86 	.db #0x0c	; 12
   0027 0C                   87 	.db #0x0c	; 12
   0028 04                   88 	.db #0x04	; 4
   0029 08                   89 	.db #0x08	; 8
   002A 08                   90 	.db #0x08	; 8
   002B 04                   91 	.db #0x04	; 4
   002C 04                   92 	.db #0x04	; 4
   002D 08                   93 	.db #0x08	; 8
   002E 08                   94 	.db #0x08	; 8
   002F 04                   95 	.db #0x04	; 4
   0030 04                   96 	.db #0x04	; 4
   0031                      97 _Door_G_1:
   0031 08                   98 	.db #0x08	; 8
   0032 08                   99 	.db #0x08	; 8
   0033 04                  100 	.db #0x04	; 4
   0034 04                  101 	.db #0x04	; 4
   0035 08                  102 	.db #0x08	; 8
   0036 08                  103 	.db #0x08	; 8
   0037 04                  104 	.db #0x04	; 4
   0038 04                  105 	.db #0x04	; 4
   0039 08                  106 	.db #0x08	; 8
   003A 0C                  107 	.db #0x0c	; 12
   003B 08                  108 	.db #0x08	; 8
   003C 04                  109 	.db #0x04	; 4
   003D 08                  110 	.db #0x08	; 8
   003E 0C                  111 	.db #0x0c	; 12
   003F 08                  112 	.db #0x08	; 8
   0040 04                  113 	.db #0x04	; 4
   0041 08                  114 	.db #0x08	; 8
   0042 0C                  115 	.db #0x0c	; 12
   0043 0C                  116 	.db #0x0c	; 12
   0044 04                  117 	.db #0x04	; 4
   0045 08                  118 	.db #0x08	; 8
   0046 0C                  119 	.db #0x0c	; 12
   0047 0C                  120 	.db #0x0c	; 12
   0048 04                  121 	.db #0x04	; 4
   0049 0C                  122 	.db #0x0c	; 12
   004A 3C                  123 	.db #0x3c	; 60
   004B 3C                  124 	.db #0x3c	; 60
   004C 0C                  125 	.db #0x0c	; 12
   004D 0C                  126 	.db #0x0c	; 12
   004E 3C                  127 	.db #0x3c	; 60
   004F 3C                  128 	.db #0x3c	; 60
   0050 0C                  129 	.db #0x0c	; 12
                            130 	.area _INITIALIZER
                            131 	.area _CABS (ABS)
