                              1 ;--------------------------------------------------------
                              2 ; File Created by SDCC : free open source ANSI-C Compiler
                              3 ; Version 3.6.8 #9946 (Linux)
                              4 ;--------------------------------------------------------
                              5 	.module Enemy_01
                              6 	.optsdcc -mz80
                              7 	
                              8 ;--------------------------------------------------------
                              9 ; Public variables in this module
                             10 ;--------------------------------------------------------
                             11 	.globl _Enemy_01_1
                             12 	.globl _Enemy_01_0
                             13 	.globl _Enemy_01
                             14 	.globl _Enemy_01PALETTE
                             15 ;--------------------------------------------------------
                             16 ; special function registers
                             17 ;--------------------------------------------------------
                             18 ;--------------------------------------------------------
                             19 ; ram data
                             20 ;--------------------------------------------------------
                             21 	.area _DATA
                             22 ;--------------------------------------------------------
                             23 ; ram data
                             24 ;--------------------------------------------------------
                             25 	.area _INITIALIZED
                             26 ;--------------------------------------------------------
                             27 ; absolute external ram data
                             28 ;--------------------------------------------------------
                             29 	.area _DABS (ABS)
                             30 ;--------------------------------------------------------
                             31 ; global & static initialisations
                             32 ;--------------------------------------------------------
                             33 	.area _HOME
                             34 	.area _GSINIT
                             35 	.area _GSFINAL
                             36 	.area _GSINIT
                             37 ;--------------------------------------------------------
                             38 ; Home
                             39 ;--------------------------------------------------------
                             40 	.area _HOME
                             41 	.area _HOME
                             42 ;--------------------------------------------------------
                             43 ; code
                             44 ;--------------------------------------------------------
                             45 	.area _CODE
                             46 	.area _CODE
   0000                      47 _Enemy_01PALETTE:
   0000 54                   48 	.db #0x54	; 84	'T'
   0001 5B                   49 	.db #0x5b	; 91
   0002 4F                   50 	.db #0x4f	; 79	'O'
   0003 5D                   51 	.db #0x5d	; 93
   0004 44                   52 	.db #0x44	; 68	'D'
   0005 5F                   53 	.db #0x5f	; 95
   0006 4B                   54 	.db #0x4b	; 75	'K'
   0007 55                   55 	.db #0x55	; 85	'U'
   0008 56                   56 	.db #0x56	; 86	'V'
   0009 40                   57 	.db #0x40	; 64
   000A 5C                   58 	.db #0x5c	; 92
   000B 46                   59 	.db #0x46	; 70	'F'
   000C 5B                   60 	.db #0x5b	; 91
   000D 5B                   61 	.db #0x5b	; 91
   000E 5E                   62 	.db #0x5e	; 94
   000F                      63 _Enemy_01:
   000Fr13r00                64 	.dw _Enemy_01_0
   0011r33r00                65 	.dw _Enemy_01_1
   0013                      66 _Enemy_01_0:
   0013 00                   67 	.db #0x00	; 0
   0014 08                   68 	.db #0x08	; 8
   0015 04                   69 	.db #0x04	; 4
   0016 00                   70 	.db #0x00	; 0
   0017 00                   71 	.db #0x00	; 0
   0018 08                   72 	.db #0x08	; 8
   0019 04                   73 	.db #0x04	; 4
   001A 00                   74 	.db #0x00	; 0
   001B 50                   75 	.db #0x50	; 80	'P'
   001C 50                   76 	.db #0x50	; 80	'P'
   001D F0                   77 	.db #0xf0	; 240
   001E 00                   78 	.db #0x00	; 0
   001F 50                   79 	.db #0x50	; 80	'P'
   0020 50                   80 	.db #0x50	; 80	'P'
   0021 F0                   81 	.db #0xf0	; 240
   0022 00                   82 	.db #0x00	; 0
   0023 F0                   83 	.db #0xf0	; 240
   0024 A0                   84 	.db #0xa0	; 160
   0025 00                   85 	.db #0x00	; 0
   0026 08                   86 	.db #0x08	; 8
   0027 F0                   87 	.db #0xf0	; 240
   0028 A0                   88 	.db #0xa0	; 160
   0029 00                   89 	.db #0x00	; 0
   002A 08                   90 	.db #0x08	; 8
   002B 50                   91 	.db #0x50	; 80	'P'
   002C A0                   92 	.db #0xa0	; 160
   002D 50                   93 	.db #0x50	; 80	'P'
   002E 08                   94 	.db #0x08	; 8
   002F 50                   95 	.db #0x50	; 80	'P'
   0030 A0                   96 	.db #0xa0	; 160
   0031 50                   97 	.db #0x50	; 80	'P'
   0032 08                   98 	.db #0x08	; 8
   0033                      99 _Enemy_01_1:
   0033 F0                  100 	.db #0xf0	; 240
   0034 50                  101 	.db #0x50	; 80	'P'
   0035 A0                  102 	.db #0xa0	; 160
   0036 0C                  103 	.db #0x0c	; 12
   0037 F0                  104 	.db #0xf0	; 240
   0038 50                  105 	.db #0x50	; 80	'P'
   0039 A0                  106 	.db #0xa0	; 160
   003A 0C                  107 	.db #0x0c	; 12
   003B 00                  108 	.db #0x00	; 0
   003C 50                  109 	.db #0x50	; 80	'P'
   003D F0                  110 	.db #0xf0	; 240
   003E 08                  111 	.db #0x08	; 8
   003F 00                  112 	.db #0x00	; 0
   0040 50                  113 	.db #0x50	; 80	'P'
   0041 F0                  114 	.db #0xf0	; 240
   0042 08                  115 	.db #0x08	; 8
   0043 50                  116 	.db #0x50	; 80	'P'
   0044 50                  117 	.db #0x50	; 80	'P'
   0045 A0                  118 	.db #0xa0	; 160
   0046 00                  119 	.db #0x00	; 0
   0047 50                  120 	.db #0x50	; 80	'P'
   0048 50                  121 	.db #0x50	; 80	'P'
   0049 A0                  122 	.db #0xa0	; 160
   004A 00                  123 	.db #0x00	; 0
   004B 04                  124 	.db #0x04	; 4
   004C 04                  125 	.db #0x04	; 4
   004D 08                  126 	.db #0x08	; 8
   004E 00                  127 	.db #0x00	; 0
   004F 04                  128 	.db #0x04	; 4
   0050 04                  129 	.db #0x04	; 4
   0051 08                  130 	.db #0x08	; 8
   0052 00                  131 	.db #0x00	; 0
                            132 	.area _INITIALIZER
                            133 	.area _CABS (ABS)
