                              1 ;--------------------------------------------------------
                              2 ; File Created by SDCC : free open source ANSI-C Compiler
                              3 ; Version 3.6.8 #9946 (Linux)
                              4 ;--------------------------------------------------------
                              5 	.module hole
                              6 	.optsdcc -mz80
                              7 	
                              8 ;--------------------------------------------------------
                              9 ; Public variables in this module
                             10 ;--------------------------------------------------------
                             11 	.globl _hole_1
                             12 	.globl _hole_0
                             13 	.globl _hole
                             14 	.globl _holePALETTE
                             15 ;--------------------------------------------------------
                             16 ; special function registers
                             17 ;--------------------------------------------------------
                             18 ;--------------------------------------------------------
                             19 ; ram data
                             20 ;--------------------------------------------------------
                             21 	.area _DATA
                             22 ;--------------------------------------------------------
                             23 ; ram data
                             24 ;--------------------------------------------------------
                             25 	.area _INITIALIZED
                             26 ;--------------------------------------------------------
                             27 ; absolute external ram data
                             28 ;--------------------------------------------------------
                             29 	.area _DABS (ABS)
                             30 ;--------------------------------------------------------
                             31 ; global & static initialisations
                             32 ;--------------------------------------------------------
                             33 	.area _HOME
                             34 	.area _GSINIT
                             35 	.area _GSFINAL
                             36 	.area _GSINIT
                             37 ;--------------------------------------------------------
                             38 ; Home
                             39 ;--------------------------------------------------------
                             40 	.area _HOME
                             41 	.area _HOME
                             42 ;--------------------------------------------------------
                             43 ; code
                             44 ;--------------------------------------------------------
                             45 	.area _CODE
                             46 	.area _CODE
   0000                      47 _holePALETTE:
   0000 54                   48 	.db #0x54	; 84	'T'
   0001 5D                   49 	.db #0x5d	; 93
   0002 4E                   50 	.db #0x4e	; 78	'N'
   0003 44                   51 	.db #0x44	; 68	'D'
   0004 46                   52 	.db #0x46	; 70	'F'
   0005 42                   53 	.db #0x42	; 66	'B'
   0006 5C                   54 	.db #0x5c	; 92
   0007 47                   55 	.db #0x47	; 71	'G'
   0008 45                   56 	.db #0x45	; 69	'E'
   0009 58                   57 	.db #0x58	; 88	'X'
   000A 5D                   58 	.db #0x5d	; 93
   000B 43                   59 	.db #0x43	; 67	'C'
   000C 4F                   60 	.db #0x4f	; 79	'O'
   000D 40                   61 	.db #0x40	; 64
   000E 4C                   62 	.db #0x4c	; 76	'L'
   000F 4B                   63 	.db #0x4b	; 75	'K'
   0010                      64 _hole:
   0010r14r00                65 	.dw _hole_0
   0012r34r00                66 	.dw _hole_1
   0014                      67 _hole_0:
   0014 00                   68 	.db #0x00	; 0
   0015 00                   69 	.db #0x00	; 0
   0016 3C                   70 	.db #0x3c	; 60
   0017 28                   71 	.db #0x28	; 40
   0018 3C                   72 	.db #0x3c	; 60
   0019 3C                   73 	.db #0x3c	; 60
   001A 3C                   74 	.db #0x3c	; 60
   001B 3C                   75 	.db #0x3c	; 60
   001C 3C                   76 	.db #0x3c	; 60
   001D 3C                   77 	.db #0x3c	; 60
   001E 3C                   78 	.db #0x3c	; 60
   001F 3C                   79 	.db #0x3c	; 60
   0020 3C                   80 	.db #0x3c	; 60
   0021 3C                   81 	.db #0x3c	; 60
   0022 3C                   82 	.db #0x3c	; 60
   0023 3C                   83 	.db #0x3c	; 60
   0024 F3                   84 	.db #0xf3	; 243
   0025 F3                   85 	.db #0xf3	; 243
   0026 F3                   86 	.db #0xf3	; 243
   0027 F3                   87 	.db #0xf3	; 243
   0028 51                   88 	.db #0x51	; 81	'Q'
   0029 00                   89 	.db #0x00	; 0
   002A A2                   90 	.db #0xa2	; 162
   002B F3                   91 	.db #0xf3	; 243
   002C 51                   92 	.db #0x51	; 81	'Q'
   002D 00                   93 	.db #0x00	; 0
   002E 00                   94 	.db #0x00	; 0
   002F A2                   95 	.db #0xa2	; 162
   0030 00                   96 	.db #0x00	; 0
   0031 00                   97 	.db #0x00	; 0
   0032 00                   98 	.db #0x00	; 0
   0033 A2                   99 	.db #0xa2	; 162
   0034                     100 _hole_1:
   0034 00                  101 	.db #0x00	; 0
   0035 00                  102 	.db #0x00	; 0
   0036 00                  103 	.db #0x00	; 0
   0037 00                  104 	.db #0x00	; 0
   0038 00                  105 	.db #0x00	; 0
   0039 00                  106 	.db #0x00	; 0
   003A 00                  107 	.db #0x00	; 0
   003B 00                  108 	.db #0x00	; 0
   003C 00                  109 	.db #0x00	; 0
   003D 00                  110 	.db #0x00	; 0
   003E 00                  111 	.db #0x00	; 0
   003F 00                  112 	.db #0x00	; 0
   0040 00                  113 	.db #0x00	; 0
   0041 00                  114 	.db #0x00	; 0
   0042 00                  115 	.db #0x00	; 0
   0043 00                  116 	.db #0x00	; 0
   0044 F3                  117 	.db #0xf3	; 243
   0045 F3                  118 	.db #0xf3	; 243
   0046 F3                  119 	.db #0xf3	; 243
   0047 F3                  120 	.db #0xf3	; 243
   0048 3C                  121 	.db #0x3c	; 60
   0049 3C                  122 	.db #0x3c	; 60
   004A 3C                  123 	.db #0x3c	; 60
   004B 3C                  124 	.db #0x3c	; 60
   004C 3C                  125 	.db #0x3c	; 60
   004D 3C                  126 	.db #0x3c	; 60
   004E 3C                  127 	.db #0x3c	; 60
   004F 3C                  128 	.db #0x3c	; 60
   0050 79                  129 	.db #0x79	; 121	'y'
   0051 79                  130 	.db #0x79	; 121	'y'
   0052 F3                  131 	.db #0xf3	; 243
   0053 B6                  132 	.db #0xb6	; 182
                            133 	.area _INITIALIZER
                            134 	.area _CABS (ABS)
