                              1 ;--------------------------------------------------------
                              2 ; File Created by SDCC : free open source ANSI-C Compiler
                              3 ; Version 3.6.8 #9946 (Linux)
                              4 ;--------------------------------------------------------
                              5 	.module LuzAzul
                              6 	.optsdcc -mz80
                              7 	
                              8 ;--------------------------------------------------------
                              9 ; Public variables in this module
                             10 ;--------------------------------------------------------
                             11 	.globl _LuzAzul_1
                             12 	.globl _LuzAzul_0
                             13 	.globl _LuzAzul
                             14 	.globl _LuzAzulPALETTE
                             15 ;--------------------------------------------------------
                             16 ; special function registers
                             17 ;--------------------------------------------------------
                             18 ;--------------------------------------------------------
                             19 ; ram data
                             20 ;--------------------------------------------------------
                             21 	.area _DATA
                             22 ;--------------------------------------------------------
                             23 ; ram data
                             24 ;--------------------------------------------------------
                             25 	.area _INITIALIZED
                             26 ;--------------------------------------------------------
                             27 ; absolute external ram data
                             28 ;--------------------------------------------------------
                             29 	.area _DABS (ABS)
                             30 ;--------------------------------------------------------
                             31 ; global & static initialisations
                             32 ;--------------------------------------------------------
                             33 	.area _HOME
                             34 	.area _GSINIT
                             35 	.area _GSFINAL
                             36 	.area _GSINIT
                             37 ;--------------------------------------------------------
                             38 ; Home
                             39 ;--------------------------------------------------------
                             40 	.area _HOME
                             41 	.area _HOME
                             42 ;--------------------------------------------------------
                             43 ; code
                             44 ;--------------------------------------------------------
                             45 	.area _CODE
                             46 	.area _CODE
   0000                      47 _LuzAzulPALETTE:
   0000 54                   48 	.db #0x54	; 84	'T'
   0001 44                   49 	.db #0x44	; 68	'D'
   0002 55                   50 	.db #0x55	; 85	'U'
   0003 5D                   51 	.db #0x5d	; 93
   0004 56                   52 	.db #0x56	; 86	'V'
   0005 46                   53 	.db #0x46	; 70	'F'
   0006 57                   54 	.db #0x57	; 87	'W'
   0007 5E                   55 	.db #0x5e	; 94
   0008 40                   56 	.db #0x40	; 64
   0009 5F                   57 	.db #0x5f	; 95
   000A 4F                   58 	.db #0x4f	; 79	'O'
   000B 5B                   59 	.db #0x5b	; 91
   000C 4B                   60 	.db #0x4b	; 75	'K'
   000D                      61 _LuzAzul:
   000Dr11r00                62 	.dw _LuzAzul_0
   000Fr31r00                63 	.dw _LuzAzul_1
   0011                      64 _LuzAzul_0:
   0011 00                   65 	.db #0x00	; 0
   0012 14                   66 	.db #0x14	; 20
   0013 28                   67 	.db #0x28	; 40
   0014 00                   68 	.db #0x00	; 0
   0015 00                   69 	.db #0x00	; 0
   0016 14                   70 	.db #0x14	; 20
   0017 28                   71 	.db #0x28	; 40
   0018 00                   72 	.db #0x00	; 0
   0019 00                   73 	.db #0x00	; 0
   001A 26                   74 	.db #0x26	; 38
   001B 19                   75 	.db #0x19	; 25
   001C 00                   76 	.db #0x00	; 0
   001D 00                   77 	.db #0x00	; 0
   001E 26                   78 	.db #0x26	; 38
   001F 19                   79 	.db #0x19	; 25
   0020 00                   80 	.db #0x00	; 0
   0021 11                   81 	.db #0x11	; 17
   0022 1C                   82 	.db #0x1c	; 28
   0023 2C                   83 	.db #0x2c	; 44
   0024 22                   84 	.db #0x22	; 34
   0025 11                   85 	.db #0x11	; 17
   0026 1C                   86 	.db #0x1c	; 28
   0027 2C                   87 	.db #0x2c	; 44
   0028 22                   88 	.db #0x22	; 34
   0029 2C                   89 	.db #0x2c	; 44
   002A 39                   90 	.db #0x39	; 57	'9'
   002B 36                   91 	.db #0x36	; 54	'6'
   002C 1C                   92 	.db #0x1c	; 28
   002D 2C                   93 	.db #0x2c	; 44
   002E 39                   94 	.db #0x39	; 57	'9'
   002F 36                   95 	.db #0x36	; 54	'6'
   0030 1C                   96 	.db #0x1c	; 28
   0031                      97 _LuzAzul_1:
   0031 2C                   98 	.db #0x2c	; 44
   0032 39                   99 	.db #0x39	; 57	'9'
   0033 36                  100 	.db #0x36	; 54	'6'
   0034 1C                  101 	.db #0x1c	; 28
   0035 2C                  102 	.db #0x2c	; 44
   0036 39                  103 	.db #0x39	; 57	'9'
   0037 36                  104 	.db #0x36	; 54	'6'
   0038 1C                  105 	.db #0x1c	; 28
   0039 11                  106 	.db #0x11	; 17
   003A 1C                  107 	.db #0x1c	; 28
   003B 2C                  108 	.db #0x2c	; 44
   003C 22                  109 	.db #0x22	; 34
   003D 11                  110 	.db #0x11	; 17
   003E 1C                  111 	.db #0x1c	; 28
   003F 2C                  112 	.db #0x2c	; 44
   0040 22                  113 	.db #0x22	; 34
   0041 00                  114 	.db #0x00	; 0
   0042 26                  115 	.db #0x26	; 38
   0043 19                  116 	.db #0x19	; 25
   0044 00                  117 	.db #0x00	; 0
   0045 00                  118 	.db #0x00	; 0
   0046 26                  119 	.db #0x26	; 38
   0047 19                  120 	.db #0x19	; 25
   0048 00                  121 	.db #0x00	; 0
   0049 00                  122 	.db #0x00	; 0
   004A 14                  123 	.db #0x14	; 20
   004B 28                  124 	.db #0x28	; 40
   004C 00                  125 	.db #0x00	; 0
   004D 00                  126 	.db #0x00	; 0
   004E 14                  127 	.db #0x14	; 20
   004F 28                  128 	.db #0x28	; 40
   0050 00                  129 	.db #0x00	; 0
                            130 	.area _INITIALIZER
                            131 	.area _CABS (ABS)
