                              1 ;--------------------------------------------------------
                              2 ; File Created by SDCC : free open source ANSI-C Compiler
                              3 ; Version 3.6.8 #9946 (Linux)
                              4 ;--------------------------------------------------------
                              5 	.module player
                              6 	.optsdcc -mz80
                              7 	
                              8 ;--------------------------------------------------------
                              9 ; Public variables in this module
                             10 ;--------------------------------------------------------
                             11 	.globl _array_1
                             12 	.globl _array_0
                             13 	.globl _playerSprite
                             14 	.globl _PALETTE
                             15 ;--------------------------------------------------------
                             16 ; special function registers
                             17 ;--------------------------------------------------------
                             18 ;--------------------------------------------------------
                             19 ; ram data
                             20 ;--------------------------------------------------------
                             21 	.area _DATA
                             22 ;--------------------------------------------------------
                             23 ; ram data
                             24 ;--------------------------------------------------------
                             25 	.area _INITIALIZED
                             26 ;--------------------------------------------------------
                             27 ; absolute external ram data
                             28 ;--------------------------------------------------------
                             29 	.area _DABS (ABS)
                             30 ;--------------------------------------------------------
                             31 ; global & static initialisations
                             32 ;--------------------------------------------------------
                             33 	.area _HOME
                             34 	.area _GSINIT
                             35 	.area _GSFINAL
                             36 	.area _GSINIT
                             37 ;--------------------------------------------------------
                             38 ; Home
                             39 ;--------------------------------------------------------
                             40 	.area _HOME
                             41 	.area _HOME
                             42 ;--------------------------------------------------------
                             43 ; code
                             44 ;--------------------------------------------------------
                             45 	.area _CODE
                             46 	.area _CODE
   0000                      47 _PALETTE:
   0000 54                   48 	.db #0x54	; 84	'T'
   0001 5D                   49 	.db #0x5d	; 93
   0002 4E                   50 	.db #0x4e	; 78	'N'
   0003 44                   51 	.db #0x44	; 68	'D'
   0004 46                   52 	.db #0x46	; 70	'F'
   0005 42                   53 	.db #0x42	; 66	'B'
   0006 5C                   54 	.db #0x5c	; 92
   0007 47                   55 	.db #0x47	; 71	'G'
   0008 45                   56 	.db #0x45	; 69	'E'
   0009 58                   57 	.db #0x58	; 88	'X'
   000A 5D                   58 	.db #0x5d	; 93
   000B 43                   59 	.db #0x43	; 67	'C'
   000C 4F                   60 	.db #0x4f	; 79	'O'
   000D 40                   61 	.db #0x40	; 64
   000E 4C                   62 	.db #0x4c	; 76	'L'
   000F 4B                   63 	.db #0x4b	; 75	'K'
   0010                      64 _playerSprite:
   0010r14r00                65 	.dw _array_0
   0012r34r00                66 	.dw _array_1
   0014                      67 _array_0:
   0014 FF                   68 	.db #0xff	; 255
   0015 FF                   69 	.db #0xff	; 255
   0016 FF                   70 	.db #0xff	; 255
   0017 FF                   71 	.db #0xff	; 255
   0018 AA                   72 	.db #0xaa	; 170
   0019 F3                   73 	.db #0xf3	; 243
   001A A2                   74 	.db #0xa2	; 162
   001B FD                   75 	.db #0xfd	; 253
   001C AA                   76 	.db #0xaa	; 170
   001D F3                   77 	.db #0xf3	; 243
   001E 54                   78 	.db #0x54	; 84	'T'
   001F FD                   79 	.db #0xfd	; 253
   0020 AA                   80 	.db #0xaa	; 170
   0021 00                   81 	.db #0x00	; 0
   0022 FC                   82 	.db #0xfc	; 252
   0023 FD                   83 	.db #0xfd	; 253
   0024 FB                   84 	.db #0xfb	; 251
   0025 FC                   85 	.db #0xfc	; 252
   0026 FC                   86 	.db #0xfc	; 252
   0027 FD                   87 	.db #0xfd	; 253
   0028 FB                   88 	.db #0xfb	; 251
   0029 00                   89 	.db #0x00	; 0
   002A FC                   90 	.db #0xfc	; 252
   002B 55                   91 	.db #0x55	; 85	'U'
   002C FB                   92 	.db #0xfb	; 251
   002D 00                   93 	.db #0x00	; 0
   002E FC                   94 	.db #0xfc	; 252
   002F 55                   95 	.db #0x55	; 85	'U'
   0030 FB                   96 	.db #0xfb	; 251
   0031 30                   97 	.db #0x30	; 48	'0'
   0032 FC                   98 	.db #0xfc	; 252
   0033 75                   99 	.db #0x75	; 117	'u'
   0034                     100 _array_1:
   0034 FB                  101 	.db #0xfb	; 251
   0035 30                  102 	.db #0x30	; 48	'0'
   0036 FC                  103 	.db #0xfc	; 252
   0037 75                  104 	.db #0x75	; 117	'u'
   0038 FB                  105 	.db #0xfb	; 251
   0039 30                  106 	.db #0x30	; 48	'0'
   003A FC                  107 	.db #0xfc	; 252
   003B 75                  108 	.db #0x75	; 117	'u'
   003C AA                  109 	.db #0xaa	; 170
   003D F3                  110 	.db #0xf3	; 243
   003E F3                  111 	.db #0xf3	; 243
   003F 55                  112 	.db #0x55	; 85	'U'
   0040 AA                  113 	.db #0xaa	; 170
   0041 F6                  114 	.db #0xf6	; 246
   0042 FC                  115 	.db #0xfc	; 252
   0043 55                  116 	.db #0x55	; 85	'U'
   0044 AA                  117 	.db #0xaa	; 170
   0045 FC                  118 	.db #0xfc	; 252
   0046 F3                  119 	.db #0xf3	; 243
   0047 55                  120 	.db #0x55	; 85	'U'
   0048 FF                  121 	.db #0xff	; 255
   0049 FC                  122 	.db #0xfc	; 252
   004A FC                  123 	.db #0xfc	; 252
   004B FF                  124 	.db #0xff	; 255
   004C FF                  125 	.db #0xff	; 255
   004D FF                  126 	.db #0xff	; 255
   004E FF                  127 	.db #0xff	; 255
   004F FF                  128 	.db #0xff	; 255
   0050 FF                  129 	.db #0xff	; 255
   0051 FF                  130 	.db #0xff	; 255
   0052 FF                  131 	.db #0xff	; 255
   0053 FF                  132 	.db #0xff	; 255
                            133 	.area _INITIALIZER
                            134 	.area _CABS (ABS)
