                              1 ;--------------------------------------------------------
                              2 ; File Created by SDCC : free open source ANSI-C Compiler
                              3 ; Version 3.6.8 #9946 (Linux)
                              4 ;--------------------------------------------------------
                              5 	.module PortalWall
                              6 	.optsdcc -mz80
                              7 	
                              8 ;--------------------------------------------------------
                              9 ; Public variables in this module
                             10 ;--------------------------------------------------------
                             11 	.globl _PortalWall_1
                             12 	.globl _PortalWall_0
                             13 	.globl _PortalWall
                             14 	.globl _PortalWallPALETTE
                             15 ;--------------------------------------------------------
                             16 ; special function registers
                             17 ;--------------------------------------------------------
                             18 ;--------------------------------------------------------
                             19 ; ram data
                             20 ;--------------------------------------------------------
                             21 	.area _DATA
                             22 ;--------------------------------------------------------
                             23 ; ram data
                             24 ;--------------------------------------------------------
                             25 	.area _INITIALIZED
                             26 ;--------------------------------------------------------
                             27 ; absolute external ram data
                             28 ;--------------------------------------------------------
                             29 	.area _DABS (ABS)
                             30 ;--------------------------------------------------------
                             31 ; global & static initialisations
                             32 ;--------------------------------------------------------
                             33 	.area _HOME
                             34 	.area _GSINIT
                             35 	.area _GSFINAL
                             36 	.area _GSINIT
                             37 ;--------------------------------------------------------
                             38 ; Home
                             39 ;--------------------------------------------------------
                             40 	.area _HOME
                             41 	.area _HOME
                             42 ;--------------------------------------------------------
                             43 ; code
                             44 ;--------------------------------------------------------
                             45 	.area _CODE
                             46 	.area _CODE
   0000                      47 _PortalWallPALETTE:
   0000 54                   48 	.db #0x54	; 84	'T'
   0001 5B                   49 	.db #0x5b	; 91
   0002 4F                   50 	.db #0x4f	; 79	'O'
   0003 5D                   51 	.db #0x5d	; 93
   0004 44                   52 	.db #0x44	; 68	'D'
   0005 5F                   53 	.db #0x5f	; 95
   0006 4B                   54 	.db #0x4b	; 75	'K'
   0007 55                   55 	.db #0x55	; 85	'U'
   0008 56                   56 	.db #0x56	; 86	'V'
   0009 40                   57 	.db #0x40	; 64
   000A 5C                   58 	.db #0x5c	; 92
   000B 46                   59 	.db #0x46	; 70	'F'
   000C 5B                   60 	.db #0x5b	; 91
   000D 5B                   61 	.db #0x5b	; 91
   000E 5E                   62 	.db #0x5e	; 94
   000F                      63 _PortalWall:
   000Fr13r00                64 	.dw _PortalWall_0
   0011r33r00                65 	.dw _PortalWall_1
   0013                      66 _PortalWall_0:
   0013 80                   67 	.db #0x80	; 128
   0014 CA                   68 	.db #0xca	; 202
   0015 50                   69 	.db #0x50	; 80	'P'
   0016 28                   70 	.db #0x28	; 40
   0017 80                   71 	.db #0x80	; 128
   0018 CA                   72 	.db #0xca	; 202
   0019 50                   73 	.db #0x50	; 80	'P'
   001A 28                   74 	.db #0x28	; 40
   001B 14                   75 	.db #0x14	; 20
   001C CA                   76 	.db #0xca	; 202
   001D D0                   77 	.db #0xd0	; 208
   001E 0C                   78 	.db #0x0c	; 12
   001F 14                   79 	.db #0x14	; 20
   0020 CA                   80 	.db #0xca	; 202
   0021 D0                   81 	.db #0xd0	; 208
   0022 0C                   82 	.db #0x0c	; 12
   0023 C0                   83 	.db #0xc0	; 192
   0024 CA                   84 	.db #0xca	; 202
   0025 D0                   85 	.db #0xd0	; 208
   0026 28                   86 	.db #0x28	; 40
   0027 C0                   87 	.db #0xc0	; 192
   0028 CA                   88 	.db #0xca	; 202
   0029 D0                   89 	.db #0xd0	; 208
   002A 28                   90 	.db #0x28	; 40
   002B 14                   91 	.db #0x14	; 20
   002C CA                   92 	.db #0xca	; 202
   002D D0                   93 	.db #0xd0	; 208
   002E 2C                   94 	.db #0x2c	; 44
   002F 14                   95 	.db #0x14	; 20
   0030 CA                   96 	.db #0xca	; 202
   0031 D0                   97 	.db #0xd0	; 208
   0032 2C                   98 	.db #0x2c	; 44
   0033                      99 _PortalWall_1:
   0033 94                  100 	.db #0x94	; 148
   0034 CA                  101 	.db #0xca	; 202
   0035 D0                  102 	.db #0xd0	; 208
   0036 28                  103 	.db #0x28	; 40
   0037 94                  104 	.db #0x94	; 148
   0038 CA                  105 	.db #0xca	; 202
   0039 D0                  106 	.db #0xd0	; 208
   003A 28                  107 	.db #0x28	; 40
   003B 14                  108 	.db #0x14	; 20
   003C CA                  109 	.db #0xca	; 202
   003D D0                  110 	.db #0xd0	; 208
   003E 0C                  111 	.db #0x0c	; 12
   003F 14                  112 	.db #0x14	; 20
   0040 CA                  113 	.db #0xca	; 202
   0041 D0                  114 	.db #0xd0	; 208
   0042 0C                  115 	.db #0x0c	; 12
   0043 C0                  116 	.db #0xc0	; 192
   0044 CA                  117 	.db #0xca	; 202
   0045 D0                  118 	.db #0xd0	; 208
   0046 28                  119 	.db #0x28	; 40
   0047 C0                  120 	.db #0xc0	; 192
   0048 CA                  121 	.db #0xca	; 202
   0049 D0                  122 	.db #0xd0	; 208
   004A 28                  123 	.db #0x28	; 40
   004B 14                  124 	.db #0x14	; 20
   004C 8A                  125 	.db #0x8a	; 138
   004D D0                  126 	.db #0xd0	; 208
   004E 04                  127 	.db #0x04	; 4
   004F 14                  128 	.db #0x14	; 20
   0050 8A                  129 	.db #0x8a	; 138
   0051 D0                  130 	.db #0xd0	; 208
   0052 04                  131 	.db #0x04	; 4
                            132 	.area _INITIALIZER
                            133 	.area _CABS (ABS)
