                              1 ;--------------------------------------------------------
                              2 ; File Created by SDCC : free open source ANSI-C Compiler
                              3 ; Version 3.6.8 #9946 (Linux)
                              4 ;--------------------------------------------------------
                              5 	.module PortalDoor_B
                              6 	.optsdcc -mz80
                              7 	
                              8 ;--------------------------------------------------------
                              9 ; Public variables in this module
                             10 ;--------------------------------------------------------
                             11 	.globl _PortalDoor_B_1
                             12 	.globl _PortalDoor_B_0
                             13 	.globl _PortalDoor_B
                             14 	.globl _PortalDoor_BPALETTE
                             15 ;--------------------------------------------------------
                             16 ; special function registers
                             17 ;--------------------------------------------------------
                             18 ;--------------------------------------------------------
                             19 ; ram data
                             20 ;--------------------------------------------------------
                             21 	.area _DATA
                             22 ;--------------------------------------------------------
                             23 ; ram data
                             24 ;--------------------------------------------------------
                             25 	.area _INITIALIZED
                             26 ;--------------------------------------------------------
                             27 ; absolute external ram data
                             28 ;--------------------------------------------------------
                             29 	.area _DABS (ABS)
                             30 ;--------------------------------------------------------
                             31 ; global & static initialisations
                             32 ;--------------------------------------------------------
                             33 	.area _HOME
                             34 	.area _GSINIT
                             35 	.area _GSFINAL
                             36 	.area _GSINIT
                             37 ;--------------------------------------------------------
                             38 ; Home
                             39 ;--------------------------------------------------------
                             40 	.area _HOME
                             41 	.area _HOME
                             42 ;--------------------------------------------------------
                             43 ; code
                             44 ;--------------------------------------------------------
                             45 	.area _CODE
                             46 	.area _CODE
   0000                      47 _PortalDoor_BPALETTE:
   0000 54                   48 	.db #0x54	; 84	'T'
   0001 5B                   49 	.db #0x5b	; 91
   0002 4F                   50 	.db #0x4f	; 79	'O'
   0003 5D                   51 	.db #0x5d	; 93
   0004 44                   52 	.db #0x44	; 68	'D'
   0005 5F                   53 	.db #0x5f	; 95
   0006 4B                   54 	.db #0x4b	; 75	'K'
   0007 55                   55 	.db #0x55	; 85	'U'
   0008 56                   56 	.db #0x56	; 86	'V'
   0009 40                   57 	.db #0x40	; 64
   000A 5C                   58 	.db #0x5c	; 92
   000B 46                   59 	.db #0x46	; 70	'F'
   000C 5B                   60 	.db #0x5b	; 91
   000D 5B                   61 	.db #0x5b	; 91
   000E 5E                   62 	.db #0x5e	; 94
   000F                      63 _PortalDoor_B:
   000Fr13r00                64 	.dw _PortalDoor_B_0
   0011r33r00                65 	.dw _PortalDoor_B_1
   0013                      66 _PortalDoor_B_0:
   0013 20                   67 	.db #0x20	; 32
   0014 20                   68 	.db #0x20	; 32
   0015 20                   69 	.db #0x20	; 32
   0016 20                   70 	.db #0x20	; 32
   0017 20                   71 	.db #0x20	; 32
   0018 20                   72 	.db #0x20	; 32
   0019 20                   73 	.db #0x20	; 32
   001A 20                   74 	.db #0x20	; 32
   001B 44                   75 	.db #0x44	; 68	'D'
   001C 44                   76 	.db #0x44	; 68	'D'
   001D 10                   77 	.db #0x10	; 16
   001E 10                   78 	.db #0x10	; 16
   001F 44                   79 	.db #0x44	; 68	'D'
   0020 44                   80 	.db #0x44	; 68	'D'
   0021 10                   81 	.db #0x10	; 16
   0022 10                   82 	.db #0x10	; 16
   0023 88                   83 	.db #0x88	; 136
   0024 88                   84 	.db #0x88	; 136
   0025 88                   85 	.db #0x88	; 136
   0026 88                   86 	.db #0x88	; 136
   0027 88                   87 	.db #0x88	; 136
   0028 88                   88 	.db #0x88	; 136
   0029 88                   89 	.db #0x88	; 136
   002A 88                   90 	.db #0x88	; 136
   002B 44                   91 	.db #0x44	; 68	'D'
   002C 44                   92 	.db #0x44	; 68	'D'
   002D 10                   93 	.db #0x10	; 16
   002E 10                   94 	.db #0x10	; 16
   002F 44                   95 	.db #0x44	; 68	'D'
   0030 44                   96 	.db #0x44	; 68	'D'
   0031 10                   97 	.db #0x10	; 16
   0032 10                   98 	.db #0x10	; 16
   0033                      99 _PortalDoor_B_1:
   0033 88                  100 	.db #0x88	; 136
   0034 88                  101 	.db #0x88	; 136
   0035 88                  102 	.db #0x88	; 136
   0036 20                  103 	.db #0x20	; 32
   0037 88                  104 	.db #0x88	; 136
   0038 88                  105 	.db #0x88	; 136
   0039 88                  106 	.db #0x88	; 136
   003A 20                  107 	.db #0x20	; 32
   003B 44                  108 	.db #0x44	; 68	'D'
   003C 44                  109 	.db #0x44	; 68	'D'
   003D 44                  110 	.db #0x44	; 68	'D'
   003E 44                  111 	.db #0x44	; 68	'D'
   003F 44                  112 	.db #0x44	; 68	'D'
   0040 44                  113 	.db #0x44	; 68	'D'
   0041 44                  114 	.db #0x44	; 68	'D'
   0042 44                  115 	.db #0x44	; 68	'D'
   0043 88                  116 	.db #0x88	; 136
   0044 88                  117 	.db #0x88	; 136
   0045 88                  118 	.db #0x88	; 136
   0046 20                  119 	.db #0x20	; 32
   0047 88                  120 	.db #0x88	; 136
   0048 88                  121 	.db #0x88	; 136
   0049 88                  122 	.db #0x88	; 136
   004A 20                  123 	.db #0x20	; 32
   004B 44                  124 	.db #0x44	; 68	'D'
   004C 10                  125 	.db #0x10	; 16
   004D 10                  126 	.db #0x10	; 16
   004E 10                  127 	.db #0x10	; 16
   004F 44                  128 	.db #0x44	; 68	'D'
   0050 10                  129 	.db #0x10	; 16
   0051 10                  130 	.db #0x10	; 16
   0052 10                  131 	.db #0x10	; 16
                            132 	.area _INITIALIZER
                            133 	.area _CABS (ABS)
