                              1 ;--------------------------------------------------------
                              2 ; File Created by SDCC : free open source ANSI-C Compiler
                              3 ; Version 3.6.8 #9946 (Linux)
                              4 ;--------------------------------------------------------
                              5 	.module PortalDoor_G
                              6 	.optsdcc -mz80
                              7 	
                              8 ;--------------------------------------------------------
                              9 ; Public variables in this module
                             10 ;--------------------------------------------------------
                             11 	.globl _PortalDoor_G_1
                             12 	.globl _PortalDoor_G_0
                             13 	.globl _PortalDoor_G
                             14 	.globl _PortalDoor_GPALETTE
                             15 ;--------------------------------------------------------
                             16 ; special function registers
                             17 ;--------------------------------------------------------
                             18 ;--------------------------------------------------------
                             19 ; ram data
                             20 ;--------------------------------------------------------
                             21 	.area _DATA
                             22 ;--------------------------------------------------------
                             23 ; ram data
                             24 ;--------------------------------------------------------
                             25 	.area _INITIALIZED
                             26 ;--------------------------------------------------------
                             27 ; absolute external ram data
                             28 ;--------------------------------------------------------
                             29 	.area _DABS (ABS)
                             30 ;--------------------------------------------------------
                             31 ; global & static initialisations
                             32 ;--------------------------------------------------------
                             33 	.area _HOME
                             34 	.area _GSINIT
                             35 	.area _GSFINAL
                             36 	.area _GSINIT
                             37 ;--------------------------------------------------------
                             38 ; Home
                             39 ;--------------------------------------------------------
                             40 	.area _HOME
                             41 	.area _HOME
                             42 ;--------------------------------------------------------
                             43 ; code
                             44 ;--------------------------------------------------------
                             45 	.area _CODE
                             46 	.area _CODE
   0000                      47 _PortalDoor_GPALETTE:
   0000 54                   48 	.db #0x54	; 84	'T'
   0001 44                   49 	.db #0x44	; 68	'D'
   0002 55                   50 	.db #0x55	; 85	'U'
   0003 5D                   51 	.db #0x5d	; 93
   0004 56                   52 	.db #0x56	; 86	'V'
   0005 46                   53 	.db #0x46	; 70	'F'
   0006 57                   54 	.db #0x57	; 87	'W'
   0007 5E                   55 	.db #0x5e	; 94
   0008 40                   56 	.db #0x40	; 64
   0009 5F                   57 	.db #0x5f	; 95
   000A 4F                   58 	.db #0x4f	; 79	'O'
   000B 5B                   59 	.db #0x5b	; 91
   000C 4B                   60 	.db #0x4b	; 75	'K'
   000D                      61 _PortalDoor_G:
   000Dr11r00                62 	.dw _PortalDoor_G_0
   000Fr31r00                63 	.dw _PortalDoor_G_1
   0011                      64 _PortalDoor_G_0:
   0011 80                   65 	.db #0x80	; 128
   0012 80                   66 	.db #0x80	; 128
   0013 80                   67 	.db #0x80	; 128
   0014 08                   68 	.db #0x08	; 8
   0015 80                   69 	.db #0x80	; 128
   0016 80                   70 	.db #0x80	; 128
   0017 80                   71 	.db #0x80	; 128
   0018 08                   72 	.db #0x08	; 8
   0019 40                   73 	.db #0x40	; 64
   001A 04                   74 	.db #0x04	; 4
   001B 04                   75 	.db #0x04	; 4
   001C 04                   76 	.db #0x04	; 4
   001D 40                   77 	.db #0x40	; 64
   001E 04                   78 	.db #0x04	; 4
   001F 04                   79 	.db #0x04	; 4
   0020 04                   80 	.db #0x04	; 4
   0021 08                   81 	.db #0x08	; 8
   0022 08                   82 	.db #0x08	; 8
   0023 08                   83 	.db #0x08	; 8
   0024 08                   84 	.db #0x08	; 8
   0025 08                   85 	.db #0x08	; 8
   0026 08                   86 	.db #0x08	; 8
   0027 08                   87 	.db #0x08	; 8
   0028 08                   88 	.db #0x08	; 8
   0029 40                   89 	.db #0x40	; 64
   002A 04                   90 	.db #0x04	; 4
   002B 04                   91 	.db #0x04	; 4
   002C 04                   92 	.db #0x04	; 4
   002D 40                   93 	.db #0x40	; 64
   002E 04                   94 	.db #0x04	; 4
   002F 04                   95 	.db #0x04	; 4
   0030 04                   96 	.db #0x04	; 4
   0031                      97 _PortalDoor_G_1:
   0031 80                   98 	.db #0x80	; 128
   0032 80                   99 	.db #0x80	; 128
   0033 08                  100 	.db #0x08	; 8
   0034 08                  101 	.db #0x08	; 8
   0035 80                  102 	.db #0x80	; 128
   0036 80                  103 	.db #0x80	; 128
   0037 08                  104 	.db #0x08	; 8
   0038 08                  105 	.db #0x08	; 8
   0039 04                  106 	.db #0x04	; 4
   003A 04                  107 	.db #0x04	; 4
   003B 04                  108 	.db #0x04	; 4
   003C 04                  109 	.db #0x04	; 4
   003D 04                  110 	.db #0x04	; 4
   003E 04                  111 	.db #0x04	; 4
   003F 04                  112 	.db #0x04	; 4
   0040 04                  113 	.db #0x04	; 4
   0041 80                  114 	.db #0x80	; 128
   0042 80                  115 	.db #0x80	; 128
   0043 08                  116 	.db #0x08	; 8
   0044 08                  117 	.db #0x08	; 8
   0045 80                  118 	.db #0x80	; 128
   0046 80                  119 	.db #0x80	; 128
   0047 08                  120 	.db #0x08	; 8
   0048 08                  121 	.db #0x08	; 8
   0049 40                  122 	.db #0x40	; 64
   004A 04                  123 	.db #0x04	; 4
   004B 04                  124 	.db #0x04	; 4
   004C 04                  125 	.db #0x04	; 4
   004D 40                  126 	.db #0x40	; 64
   004E 04                  127 	.db #0x04	; 4
   004F 04                  128 	.db #0x04	; 4
   0050 04                  129 	.db #0x04	; 4
                            130 	.area _INITIALIZER
                            131 	.area _CABS (ABS)
