                              1 ;--------------------------------------------------------
                              2 ; File Created by SDCC : free open source ANSI-C Compiler
                              3 ; Version 3.6.8 #9946 (Linux)
                              4 ;--------------------------------------------------------
                              5 	.module portal
                              6 	.optsdcc -mz80
                              7 	
                              8 ;--------------------------------------------------------
                              9 ; Public variables in this module
                             10 ;--------------------------------------------------------
                             11 	.globl _portalSprite_1
                             12 	.globl _portalSprite_0
                             13 	.globl _portalSprite
                             14 	.globl _portalPALETTE
                             15 ;--------------------------------------------------------
                             16 ; special function registers
                             17 ;--------------------------------------------------------
                             18 ;--------------------------------------------------------
                             19 ; ram data
                             20 ;--------------------------------------------------------
                             21 	.area _DATA
                             22 ;--------------------------------------------------------
                             23 ; ram data
                             24 ;--------------------------------------------------------
                             25 	.area _INITIALIZED
                             26 ;--------------------------------------------------------
                             27 ; absolute external ram data
                             28 ;--------------------------------------------------------
                             29 	.area _DABS (ABS)
                             30 ;--------------------------------------------------------
                             31 ; global & static initialisations
                             32 ;--------------------------------------------------------
                             33 	.area _HOME
                             34 	.area _GSINIT
                             35 	.area _GSFINAL
                             36 	.area _GSINIT
                             37 ;--------------------------------------------------------
                             38 ; Home
                             39 ;--------------------------------------------------------
                             40 	.area _HOME
                             41 	.area _HOME
                             42 ;--------------------------------------------------------
                             43 ; code
                             44 ;--------------------------------------------------------
                             45 	.area _CODE
                             46 	.area _CODE
   0000                      47 _portalPALETTE:
   0000 54                   48 	.db #0x54	; 84	'T'
   0001 5D                   49 	.db #0x5d	; 93
   0002 4E                   50 	.db #0x4e	; 78	'N'
   0003 44                   51 	.db #0x44	; 68	'D'
   0004 46                   52 	.db #0x46	; 70	'F'
   0005 42                   53 	.db #0x42	; 66	'B'
   0006 5C                   54 	.db #0x5c	; 92
   0007 47                   55 	.db #0x47	; 71	'G'
   0008 45                   56 	.db #0x45	; 69	'E'
   0009 58                   57 	.db #0x58	; 88	'X'
   000A 5D                   58 	.db #0x5d	; 93
   000B 43                   59 	.db #0x43	; 67	'C'
   000C 4F                   60 	.db #0x4f	; 79	'O'
   000D 40                   61 	.db #0x40	; 64
   000E 4C                   62 	.db #0x4c	; 76	'L'
   000F 4B                   63 	.db #0x4b	; 75	'K'
   0010                      64 _portalSprite:
   0010r14r00                65 	.dw _portalSprite_0
   0012r34r00                66 	.dw _portalSprite_1
   0014                      67 _portalSprite_0:
   0014 0C                   68 	.db #0x0c	; 12
   0015 0C                   69 	.db #0x0c	; 12
   0016 0C                   70 	.db #0x0c	; 12
   0017 0C                   71 	.db #0x0c	; 12
   0018 0C                   72 	.db #0x0c	; 12
   0019 0C                   73 	.db #0x0c	; 12
   001A 0C                   74 	.db #0x0c	; 12
   001B 0C                   75 	.db #0x0c	; 12
   001C 3F                   76 	.db #0x3f	; 63
   001D 3F                   77 	.db #0x3f	; 63
   001E 3F                   78 	.db #0x3f	; 63
   001F 3F                   79 	.db #0x3f	; 63
   0020 3F                   80 	.db #0x3f	; 63
   0021 3F                   81 	.db #0x3f	; 63
   0022 3F                   82 	.db #0x3f	; 63
   0023 3F                   83 	.db #0x3f	; 63
   0024 3F                   84 	.db #0x3f	; 63
   0025 2E                   85 	.db #0x2e	; 46
   0026 BF                   86 	.db #0xbf	; 191
   0027 3F                   87 	.db #0x3f	; 63
   0028 3F                   88 	.db #0x3f	; 63
   0029 4D                   89 	.db #0x4d	; 77	'M'
   002A DF                   90 	.db #0xdf	; 223
   002B 3F                   91 	.db #0x3f	; 63
   002C 2E                   92 	.db #0x2e	; 46
   002D CF                   93 	.db #0xcf	; 207
   002E CF                   94 	.db #0xcf	; 207
   002F BF                   95 	.db #0xbf	; 191
   0030 2E                   96 	.db #0x2e	; 46
   0031 CF                   97 	.db #0xcf	; 207
   0032 CF                   98 	.db #0xcf	; 207
   0033 BF                   99 	.db #0xbf	; 191
   0034                     100 _portalSprite_1:
   0034 2E                  101 	.db #0x2e	; 46
   0035 CF                  102 	.db #0xcf	; 207
   0036 CF                  103 	.db #0xcf	; 207
   0037 BF                  104 	.db #0xbf	; 191
   0038 3F                  105 	.db #0x3f	; 63
   0039 4D                  106 	.db #0x4d	; 77	'M'
   003A DF                  107 	.db #0xdf	; 223
   003B 3F                  108 	.db #0x3f	; 63
   003C 3F                  109 	.db #0x3f	; 63
   003D 2E                  110 	.db #0x2e	; 46
   003E BF                  111 	.db #0xbf	; 191
   003F 3F                  112 	.db #0x3f	; 63
   0040 3F                  113 	.db #0x3f	; 63
   0041 3F                  114 	.db #0x3f	; 63
   0042 3F                  115 	.db #0x3f	; 63
   0043 3F                  116 	.db #0x3f	; 63
   0044 3F                  117 	.db #0x3f	; 63
   0045 3F                  118 	.db #0x3f	; 63
   0046 3F                  119 	.db #0x3f	; 63
   0047 3F                  120 	.db #0x3f	; 63
   0048 3F                  121 	.db #0x3f	; 63
   0049 3F                  122 	.db #0x3f	; 63
   004A 3F                  123 	.db #0x3f	; 63
   004B 3F                  124 	.db #0x3f	; 63
   004C 0C                  125 	.db #0x0c	; 12
   004D 0C                  126 	.db #0x0c	; 12
   004E 0C                  127 	.db #0x0c	; 12
   004F 0C                  128 	.db #0x0c	; 12
   0050 0C                  129 	.db #0x0c	; 12
   0051 0C                  130 	.db #0x0c	; 12
   0052 0C                  131 	.db #0x0c	; 12
   0053 0C                  132 	.db #0x0c	; 12
                            133 	.area _INITIALIZER
                            134 	.area _CABS (ABS)
