                              1 ;--------------------------------------------------------
                              2 ; File Created by SDCC : free open source ANSI-C Compiler
                              3 ; Version 3.6.8 #9946 (Linux)
                              4 ;--------------------------------------------------------
                              5 	.module PrinceOfPersia_Tape
                              6 	.optsdcc -mz80
                              7 	
                              8 ;--------------------------------------------------------
                              9 ; Public variables in this module
                             10 ;--------------------------------------------------------
                             11 	.globl _PrinceOfPersia_Tape_1
                             12 	.globl _PrinceOfPersia_Tape_0
                             13 	.globl _PrinceOfPersia_Tape
                             14 	.globl _PrinceOfPersia_TapePALETTE
                             15 ;--------------------------------------------------------
                             16 ; special function registers
                             17 ;--------------------------------------------------------
                             18 ;--------------------------------------------------------
                             19 ; ram data
                             20 ;--------------------------------------------------------
                             21 	.area _DATA
                             22 ;--------------------------------------------------------
                             23 ; ram data
                             24 ;--------------------------------------------------------
                             25 	.area _INITIALIZED
                             26 ;--------------------------------------------------------
                             27 ; absolute external ram data
                             28 ;--------------------------------------------------------
                             29 	.area _DABS (ABS)
                             30 ;--------------------------------------------------------
                             31 ; global & static initialisations
                             32 ;--------------------------------------------------------
                             33 	.area _HOME
                             34 	.area _GSINIT
                             35 	.area _GSFINAL
                             36 	.area _GSINIT
                             37 ;--------------------------------------------------------
                             38 ; Home
                             39 ;--------------------------------------------------------
                             40 	.area _HOME
                             41 	.area _HOME
                             42 ;--------------------------------------------------------
                             43 ; code
                             44 ;--------------------------------------------------------
                             45 	.area _CODE
                             46 	.area _CODE
   0000                      47 _PrinceOfPersia_TapePALETTE:
   0000 54                   48 	.db #0x54	; 84	'T'
   0001 44                   49 	.db #0x44	; 68	'D'
   0002 55                   50 	.db #0x55	; 85	'U'
   0003 5D                   51 	.db #0x5d	; 93
   0004 56                   52 	.db #0x56	; 86	'V'
   0005 46                   53 	.db #0x46	; 70	'F'
   0006 57                   54 	.db #0x57	; 87	'W'
   0007 5E                   55 	.db #0x5e	; 94
   0008 40                   56 	.db #0x40	; 64
   0009 5F                   57 	.db #0x5f	; 95
   000A 4F                   58 	.db #0x4f	; 79	'O'
   000B 5B                   59 	.db #0x5b	; 91
   000C 4B                   60 	.db #0x4b	; 75	'K'
   000D                      61 _PrinceOfPersia_Tape:
   000Dr11r00                62 	.dw _PrinceOfPersia_Tape_0
   000Fr31r00                63 	.dw _PrinceOfPersia_Tape_1
   0011                      64 _PrinceOfPersia_Tape_0:
   0011 14                   65 	.db #0x14	; 20
   0012 0C                   66 	.db #0x0c	; 12
   0013 0C                   67 	.db #0x0c	; 12
   0014 08                   68 	.db #0x08	; 8
   0015 14                   69 	.db #0x14	; 20
   0016 0C                   70 	.db #0x0c	; 12
   0017 0C                   71 	.db #0x0c	; 12
   0018 08                   72 	.db #0x08	; 8
   0019 28                   73 	.db #0x28	; 40
   001A 04                   74 	.db #0x04	; 4
   001B 08                   75 	.db #0x08	; 8
   001C 04                   76 	.db #0x04	; 4
   001D 28                   77 	.db #0x28	; 40
   001E 04                   78 	.db #0x04	; 4
   001F 08                   79 	.db #0x08	; 8
   0020 04                   80 	.db #0x04	; 4
   0021 08                   81 	.db #0x08	; 8
   0022 02                   82 	.db #0x02	; 2
   0023 01                   83 	.db #0x01	; 1
   0024 04                   84 	.db #0x04	; 4
   0025 08                   85 	.db #0x08	; 8
   0026 02                   86 	.db #0x02	; 2
   0027 01                   87 	.db #0x01	; 1
   0028 04                   88 	.db #0x04	; 4
   0029 09                   89 	.db #0x09	; 9
   002A 01                   90 	.db #0x01	; 1
   002B 02                   91 	.db #0x02	; 2
   002C 06                   92 	.db #0x06	; 6
   002D 09                   93 	.db #0x09	; 9
   002E 01                   94 	.db #0x01	; 1
   002F 02                   95 	.db #0x02	; 2
   0030 06                   96 	.db #0x06	; 6
   0031                      97 _PrinceOfPersia_Tape_1:
   0031 08                   98 	.db #0x08	; 8
   0032 02                   99 	.db #0x02	; 2
   0033 01                  100 	.db #0x01	; 1
   0034 04                  101 	.db #0x04	; 4
   0035 08                  102 	.db #0x08	; 8
   0036 02                  103 	.db #0x02	; 2
   0037 01                  104 	.db #0x01	; 1
   0038 04                  105 	.db #0x04	; 4
   0039 08                  106 	.db #0x08	; 8
   003A 00                  107 	.db #0x00	; 0
   003B 00                  108 	.db #0x00	; 0
   003C 04                  109 	.db #0x04	; 4
   003D 08                  110 	.db #0x08	; 8
   003E 00                  111 	.db #0x00	; 0
   003F 00                  112 	.db #0x00	; 0
   0040 04                  113 	.db #0x04	; 4
   0041 0C                  114 	.db #0x0c	; 12
   0042 04                  115 	.db #0x04	; 4
   0043 08                  116 	.db #0x08	; 8
   0044 0C                  117 	.db #0x0c	; 12
   0045 0C                  118 	.db #0x0c	; 12
   0046 04                  119 	.db #0x04	; 4
   0047 08                  120 	.db #0x08	; 8
   0048 0C                  121 	.db #0x0c	; 12
   0049 80                  122 	.db #0x80	; 128
   004A C0                  123 	.db #0xc0	; 192
   004B C0                  124 	.db #0xc0	; 192
   004C 40                  125 	.db #0x40	; 64
   004D 80                  126 	.db #0x80	; 128
   004E C0                  127 	.db #0xc0	; 192
   004F C0                  128 	.db #0xc0	; 192
   0050 40                  129 	.db #0x40	; 64
                            130 	.area _INITIALIZER
                            131 	.area _CABS (ABS)
