                              1 ;--------------------------------------------------------
                              2 ; File Created by SDCC : free open source ANSI-C Compiler
                              3 ; Version 3.6.8 #9946 (Linux)
                              4 ;--------------------------------------------------------
                              5 	.module PrinceOfPersia_COVER
                              6 	.optsdcc -mz80
                              7 	
                              8 ;--------------------------------------------------------
                              9 ; Public variables in this module
                             10 ;--------------------------------------------------------
                             11 	.globl _PrinceOfPersia_COVER_1
                             12 	.globl _PrinceOfPersia_COVER_0
                             13 	.globl _PrinceOfPersia_COVER
                             14 	.globl _PrinceOfPersia_COVERPALETTE
                             15 ;--------------------------------------------------------
                             16 ; special function registers
                             17 ;--------------------------------------------------------
                             18 ;--------------------------------------------------------
                             19 ; ram data
                             20 ;--------------------------------------------------------
                             21 	.area _DATA
                             22 ;--------------------------------------------------------
                             23 ; ram data
                             24 ;--------------------------------------------------------
                             25 	.area _INITIALIZED
                             26 ;--------------------------------------------------------
                             27 ; absolute external ram data
                             28 ;--------------------------------------------------------
                             29 	.area _DABS (ABS)
                             30 ;--------------------------------------------------------
                             31 ; global & static initialisations
                             32 ;--------------------------------------------------------
                             33 	.area _HOME
                             34 	.area _GSINIT
                             35 	.area _GSFINAL
                             36 	.area _GSINIT
                             37 ;--------------------------------------------------------
                             38 ; Home
                             39 ;--------------------------------------------------------
                             40 	.area _HOME
                             41 	.area _HOME
                             42 ;--------------------------------------------------------
                             43 ; code
                             44 ;--------------------------------------------------------
                             45 	.area _CODE
                             46 	.area _CODE
   0000                      47 _PrinceOfPersia_COVERPALETTE:
   0000 54                   48 	.db #0x54	; 84	'T'
   0001 5B                   49 	.db #0x5b	; 91
   0002 4F                   50 	.db #0x4f	; 79	'O'
   0003 5D                   51 	.db #0x5d	; 93
   0004 44                   52 	.db #0x44	; 68	'D'
   0005 5F                   53 	.db #0x5f	; 95
   0006 4B                   54 	.db #0x4b	; 75	'K'
   0007 55                   55 	.db #0x55	; 85	'U'
   0008 56                   56 	.db #0x56	; 86	'V'
   0009 40                   57 	.db #0x40	; 64
   000A 5C                   58 	.db #0x5c	; 92
   000B 46                   59 	.db #0x46	; 70	'F'
   000C 5B                   60 	.db #0x5b	; 91
   000D 5B                   61 	.db #0x5b	; 91
   000E 5E                   62 	.db #0x5e	; 94
   000F                      63 _PrinceOfPersia_COVER:
   000Fr13r00                64 	.dw _PrinceOfPersia_COVER_0
   0011r33r00                65 	.dw _PrinceOfPersia_COVER_1
   0013                      66 _PrinceOfPersia_COVER_0:
   0013 2F                   67 	.db #0x2f	; 47
   0014 0F                   68 	.db #0x0f	; 15
   0015 0F                   69 	.db #0x0f	; 15
   0016 1F                   70 	.db #0x1f	; 31
   0017 2F                   71 	.db #0x2f	; 47
   0018 0F                   72 	.db #0x0f	; 15
   0019 0F                   73 	.db #0x0f	; 15
   001A 1F                   74 	.db #0x1f	; 31
   001B 1F                   75 	.db #0x1f	; 31
   001C 3F                   76 	.db #0x3f	; 63
   001D 3F                   77 	.db #0x3f	; 63
   001E 2F                   78 	.db #0x2f	; 47
   001F 1F                   79 	.db #0x1f	; 31
   0020 3F                   80 	.db #0x3f	; 63
   0021 3F                   81 	.db #0x3f	; 63
   0022 2F                   82 	.db #0x2f	; 47
   0023 1F                   83 	.db #0x1f	; 31
   0024 1F                   84 	.db #0x1f	; 31
   0025 0F                   85 	.db #0x0f	; 15
   0026 2F                   86 	.db #0x2f	; 47
   0027 1F                   87 	.db #0x1f	; 31
   0028 1F                   88 	.db #0x1f	; 31
   0029 0F                   89 	.db #0x0f	; 15
   002A 2F                   90 	.db #0x2f	; 47
   002B 1F                   91 	.db #0x1f	; 31
   002C 0F                   92 	.db #0x0f	; 15
   002D 1F                   93 	.db #0x1f	; 31
   002E 2F                   94 	.db #0x2f	; 47
   002F 1F                   95 	.db #0x1f	; 31
   0030 0F                   96 	.db #0x0f	; 15
   0031 1F                   97 	.db #0x1f	; 31
   0032 2F                   98 	.db #0x2f	; 47
   0033                      99 _PrinceOfPersia_COVER_1:
   0033 1F                  100 	.db #0x1f	; 31
   0034 1F                  101 	.db #0x1f	; 31
   0035 0F                  102 	.db #0x0f	; 15
   0036 2F                  103 	.db #0x2f	; 47
   0037 1F                  104 	.db #0x1f	; 31
   0038 1F                  105 	.db #0x1f	; 31
   0039 0F                  106 	.db #0x0f	; 15
   003A 2F                  107 	.db #0x2f	; 47
   003B 1F                  108 	.db #0x1f	; 31
   003C 0F                  109 	.db #0x0f	; 15
   003D 0F                  110 	.db #0x0f	; 15
   003E 2F                  111 	.db #0x2f	; 47
   003F 1F                  112 	.db #0x1f	; 31
   0040 0F                  113 	.db #0x0f	; 15
   0041 0F                  114 	.db #0x0f	; 15
   0042 2F                  115 	.db #0x2f	; 47
   0043 1F                  116 	.db #0x1f	; 31
   0044 3F                  117 	.db #0x3f	; 63
   0045 3F                  118 	.db #0x3f	; 63
   0046 2F                  119 	.db #0x2f	; 47
   0047 1F                  120 	.db #0x1f	; 31
   0048 3F                  121 	.db #0x3f	; 63
   0049 3F                  122 	.db #0x3f	; 63
   004A 2F                  123 	.db #0x2f	; 47
   004B 2F                  124 	.db #0x2f	; 47
   004C 0F                  125 	.db #0x0f	; 15
   004D 0F                  126 	.db #0x0f	; 15
   004E 1F                  127 	.db #0x1f	; 31
   004F 2F                  128 	.db #0x2f	; 47
   0050 0F                  129 	.db #0x0f	; 15
   0051 0F                  130 	.db #0x0f	; 15
   0052 1F                  131 	.db #0x1f	; 31
                            132 	.area _INITIALIZER
                            133 	.area _CABS (ABS)
