                              1 ;--------------------------------------------------------
                              2 ; File Created by SDCC : free open source ANSI-C Compiler
                              3 ; Version 3.6.8 #9946 (Linux)
                              4 ;--------------------------------------------------------
                              5 	.module PrinceOfPersia_ENE_G
                              6 	.optsdcc -mz80
                              7 	
                              8 ;--------------------------------------------------------
                              9 ; Public variables in this module
                             10 ;--------------------------------------------------------
                             11 	.globl _PrinceOfPersia_ENE_G_1
                             12 	.globl _PrinceOfPersia_ENE_G_0
                             13 	.globl _PrinceOfPersia_ENE_G
                             14 	.globl _PrinceOfPersia_ENE_GPALETTE
                             15 ;--------------------------------------------------------
                             16 ; special function registers
                             17 ;--------------------------------------------------------
                             18 ;--------------------------------------------------------
                             19 ; ram data
                             20 ;--------------------------------------------------------
                             21 	.area _DATA
                             22 ;--------------------------------------------------------
                             23 ; ram data
                             24 ;--------------------------------------------------------
                             25 	.area _INITIALIZED
                             26 ;--------------------------------------------------------
                             27 ; absolute external ram data
                             28 ;--------------------------------------------------------
                             29 	.area _DABS (ABS)
                             30 ;--------------------------------------------------------
                             31 ; global & static initialisations
                             32 ;--------------------------------------------------------
                             33 	.area _HOME
                             34 	.area _GSINIT
                             35 	.area _GSFINAL
                             36 	.area _GSINIT
                             37 ;--------------------------------------------------------
                             38 ; Home
                             39 ;--------------------------------------------------------
                             40 	.area _HOME
                             41 	.area _HOME
                             42 ;--------------------------------------------------------
                             43 ; code
                             44 ;--------------------------------------------------------
                             45 	.area _CODE
                             46 	.area _CODE
   0000                      47 _PrinceOfPersia_ENE_GPALETTE:
   0000 54                   48 	.db #0x54	; 84	'T'
   0001 44                   49 	.db #0x44	; 68	'D'
   0002 55                   50 	.db #0x55	; 85	'U'
   0003 5D                   51 	.db #0x5d	; 93
   0004 56                   52 	.db #0x56	; 86	'V'
   0005 46                   53 	.db #0x46	; 70	'F'
   0006 57                   54 	.db #0x57	; 87	'W'
   0007 5E                   55 	.db #0x5e	; 94
   0008 40                   56 	.db #0x40	; 64
   0009 5F                   57 	.db #0x5f	; 95
   000A 4F                   58 	.db #0x4f	; 79	'O'
   000B 5B                   59 	.db #0x5b	; 91
   000C 4B                   60 	.db #0x4b	; 75	'K'
   000D                      61 _PrinceOfPersia_ENE_G:
   000Dr11r00                62 	.dw _PrinceOfPersia_ENE_G_0
   000Fr31r00                63 	.dw _PrinceOfPersia_ENE_G_1
   0011                      64 _PrinceOfPersia_ENE_G_0:
   0011 00                   65 	.db #0x00	; 0
   0012 00                   66 	.db #0x00	; 0
   0013 FC                   67 	.db #0xfc	; 252
   0014 00                   68 	.db #0x00	; 0
   0015 00                   69 	.db #0x00	; 0
   0016 00                   70 	.db #0x00	; 0
   0017 FC                   71 	.db #0xfc	; 252
   0018 00                   72 	.db #0x00	; 0
   0019 00                   73 	.db #0x00	; 0
   001A 00                   74 	.db #0x00	; 0
   001B FC                   75 	.db #0xfc	; 252
   001C 00                   76 	.db #0x00	; 0
   001D 00                   77 	.db #0x00	; 0
   001E 00                   78 	.db #0x00	; 0
   001F FC                   79 	.db #0xfc	; 252
   0020 00                   80 	.db #0x00	; 0
   0021 00                   81 	.db #0x00	; 0
   0022 00                   82 	.db #0x00	; 0
   0023 5E                   83 	.db #0x5e	; 94
   0024 A8                   84 	.db #0xa8	; 168
   0025 00                   85 	.db #0x00	; 0
   0026 00                   86 	.db #0x00	; 0
   0027 5E                   87 	.db #0x5e	; 94
   0028 A8                   88 	.db #0xa8	; 168
   0029 00                   89 	.db #0x00	; 0
   002A 00                   90 	.db #0x00	; 0
   002B 3C                   91 	.db #0x3c	; 60
   002C 1E                   92 	.db #0x1e	; 30
   002D 00                   93 	.db #0x00	; 0
   002E 00                   94 	.db #0x00	; 0
   002F 3C                   95 	.db #0x3c	; 60
   0030 1E                   96 	.db #0x1e	; 30
   0031                      97 _PrinceOfPersia_ENE_G_1:
   0031 03                   98 	.db #0x03	; 3
   0032 07                   99 	.db #0x07	; 7
   0033 14                  100 	.db #0x14	; 20
   0034 A8                  101 	.db #0xa8	; 168
   0035 03                  102 	.db #0x03	; 3
   0036 07                  103 	.db #0x07	; 7
   0037 14                  104 	.db #0x14	; 20
   0038 A8                  105 	.db #0xa8	; 168
   0039 00                  106 	.db #0x00	; 0
   003A 50                  107 	.db #0x50	; 80	'P'
   003B F8                  108 	.db #0xf8	; 248
   003C FC                  109 	.db #0xfc	; 252
   003D 00                  110 	.db #0x00	; 0
   003E 50                  111 	.db #0x50	; 80	'P'
   003F F8                  112 	.db #0xf8	; 248
   0040 FC                  113 	.db #0xfc	; 252
   0041 00                  114 	.db #0x00	; 0
   0042 50                  115 	.db #0x50	; 80	'P'
   0043 F0                  116 	.db #0xf0	; 240
   0044 F0                  117 	.db #0xf0	; 240
   0045 00                  118 	.db #0x00	; 0
   0046 50                  119 	.db #0x50	; 80	'P'
   0047 F0                  120 	.db #0xf0	; 240
   0048 F0                  121 	.db #0xf0	; 240
   0049 00                  122 	.db #0x00	; 0
   004A 40                  123 	.db #0x40	; 64
   004B C0                  124 	.db #0xc0	; 192
   004C 0C                  125 	.db #0x0c	; 12
   004D 00                  126 	.db #0x00	; 0
   004E 40                  127 	.db #0x40	; 64
   004F C0                  128 	.db #0xc0	; 192
   0050 0C                  129 	.db #0x0c	; 12
                            130 	.area _INITIALIZER
                            131 	.area _CABS (ABS)
