                              1 ;--------------------------------------------------------
                              2 ; File Created by SDCC : free open source ANSI-C Compiler
                              3 ; Version 3.6.8 #9946 (Linux)
                              4 ;--------------------------------------------------------
                              5 	.module PrinceOfPersia_PJ_G
                              6 	.optsdcc -mz80
                              7 	
                              8 ;--------------------------------------------------------
                              9 ; Public variables in this module
                             10 ;--------------------------------------------------------
                             11 	.globl _PrinceOfPersia_PJ_G_1
                             12 	.globl _PrinceOfPersia_PJ_G_0
                             13 	.globl _PrinceOfPersia_PJ_G
                             14 	.globl _PrinceOfPersia_PJ_GPALETTE
                             15 ;--------------------------------------------------------
                             16 ; special function registers
                             17 ;--------------------------------------------------------
                             18 ;--------------------------------------------------------
                             19 ; ram data
                             20 ;--------------------------------------------------------
                             21 	.area _DATA
                             22 ;--------------------------------------------------------
                             23 ; ram data
                             24 ;--------------------------------------------------------
                             25 	.area _INITIALIZED
                             26 ;--------------------------------------------------------
                             27 ; absolute external ram data
                             28 ;--------------------------------------------------------
                             29 	.area _DABS (ABS)
                             30 ;--------------------------------------------------------
                             31 ; global & static initialisations
                             32 ;--------------------------------------------------------
                             33 	.area _HOME
                             34 	.area _GSINIT
                             35 	.area _GSFINAL
                             36 	.area _GSINIT
                             37 ;--------------------------------------------------------
                             38 ; Home
                             39 ;--------------------------------------------------------
                             40 	.area _HOME
                             41 	.area _HOME
                             42 ;--------------------------------------------------------
                             43 ; code
                             44 ;--------------------------------------------------------
                             45 	.area _CODE
                             46 	.area _CODE
   0000                      47 _PrinceOfPersia_PJ_GPALETTE:
   0000 54                   48 	.db #0x54	; 84	'T'
   0001 44                   49 	.db #0x44	; 68	'D'
   0002 55                   50 	.db #0x55	; 85	'U'
   0003 5D                   51 	.db #0x5d	; 93
   0004 56                   52 	.db #0x56	; 86	'V'
   0005 46                   53 	.db #0x46	; 70	'F'
   0006 57                   54 	.db #0x57	; 87	'W'
   0007 5E                   55 	.db #0x5e	; 94
   0008 40                   56 	.db #0x40	; 64
   0009 5F                   57 	.db #0x5f	; 95
   000A 4F                   58 	.db #0x4f	; 79	'O'
   000B 5B                   59 	.db #0x5b	; 91
   000C 4B                   60 	.db #0x4b	; 75	'K'
   000D                      61 _PrinceOfPersia_PJ_G:
   000Dr11r00                62 	.dw _PrinceOfPersia_PJ_G_0
   000Fr31r00                63 	.dw _PrinceOfPersia_PJ_G_1
   0011                      64 _PrinceOfPersia_PJ_G_0:
   0011 00                   65 	.db #0x00	; 0
   0012 FC                   66 	.db #0xfc	; 252
   0013 00                   67 	.db #0x00	; 0
   0014 00                   68 	.db #0x00	; 0
   0015 00                   69 	.db #0x00	; 0
   0016 FC                   70 	.db #0xfc	; 252
   0017 00                   71 	.db #0x00	; 0
   0018 00                   72 	.db #0x00	; 0
   0019 00                   73 	.db #0x00	; 0
   001A AD                   74 	.db #0xad	; 173
   001B A8                   75 	.db #0xa8	; 168
   001C 00                   76 	.db #0x00	; 0
   001D 00                   77 	.db #0x00	; 0
   001E AD                   78 	.db #0xad	; 173
   001F A8                   79 	.db #0xa8	; 168
   0020 00                   80 	.db #0x00	; 0
   0021 11                   81 	.db #0x11	; 17
   0022 27                   82 	.db #0x27	; 39
   0023 00                   83 	.db #0x00	; 0
   0024 00                   84 	.db #0x00	; 0
   0025 11                   85 	.db #0x11	; 17
   0026 27                   86 	.db #0x27	; 39
   0027 00                   87 	.db #0x00	; 0
   0028 00                   88 	.db #0x00	; 0
   0029 05                   89 	.db #0x05	; 5
   002A 33                   90 	.db #0x33	; 51	'3'
   002B 1B                   91 	.db #0x1b	; 27
   002C 33                   92 	.db #0x33	; 51	'3'
   002D 05                   93 	.db #0x05	; 5
   002E 33                   94 	.db #0x33	; 51	'3'
   002F 1B                   95 	.db #0x1b	; 27
   0030 33                   96 	.db #0x33	; 51	'3'
   0031                      97 _PrinceOfPersia_PJ_G_1:
   0031 11                   98 	.db #0x11	; 17
   0032 22                   99 	.db #0x22	; 34
   0033 00                  100 	.db #0x00	; 0
   0034 00                  101 	.db #0x00	; 0
   0035 11                  102 	.db #0x11	; 17
   0036 22                  103 	.db #0x22	; 34
   0037 00                  104 	.db #0x00	; 0
   0038 00                  105 	.db #0x00	; 0
   0039 A5                  106 	.db #0xa5	; 165
   003A A5                  107 	.db #0xa5	; 165
   003B A0                  108 	.db #0xa0	; 160
   003C 00                  109 	.db #0x00	; 0
   003D A5                  110 	.db #0xa5	; 165
   003E A5                  111 	.db #0xa5	; 165
   003F A0                  112 	.db #0xa0	; 160
   0040 00                  113 	.db #0x00	; 0
   0041 F0                  114 	.db #0xf0	; 240
   0042 F0                  115 	.db #0xf0	; 240
   0043 A0                  116 	.db #0xa0	; 160
   0044 00                  117 	.db #0x00	; 0
   0045 F0                  118 	.db #0xf0	; 240
   0046 F0                  119 	.db #0xf0	; 240
   0047 A0                  120 	.db #0xa0	; 160
   0048 00                  121 	.db #0x00	; 0
   0049 0C                  122 	.db #0x0c	; 12
   004A C0                  123 	.db #0xc0	; 192
   004B 80                  124 	.db #0x80	; 128
   004C 00                  125 	.db #0x00	; 0
   004D 0C                  126 	.db #0x0c	; 12
   004E C0                  127 	.db #0xc0	; 192
   004F 80                  128 	.db #0x80	; 128
   0050 00                  129 	.db #0x00	; 0
                            130 	.area _INITIALIZER
                            131 	.area _CABS (ABS)
