                              1 ;--------------------------------------------------------
                              2 ; File Created by SDCC : free open source ANSI-C Compiler
                              3 ; Version 3.6.8 #9946 (Linux)
                              4 ;--------------------------------------------------------
                              5 	.module PrinceOfPersia_ENE_B
                              6 	.optsdcc -mz80
                              7 	
                              8 ;--------------------------------------------------------
                              9 ; Public variables in this module
                             10 ;--------------------------------------------------------
                             11 	.globl _PrinceOfPersia_ENE_B_1
                             12 	.globl _PrinceOfPersia_ENE_B_0
                             13 	.globl _PrinceOfPersia_ENE_B
                             14 	.globl _PrinceOfPersia_ENE_BPALETTE
                             15 ;--------------------------------------------------------
                             16 ; special function registers
                             17 ;--------------------------------------------------------
                             18 ;--------------------------------------------------------
                             19 ; ram data
                             20 ;--------------------------------------------------------
                             21 	.area _DATA
                             22 ;--------------------------------------------------------
                             23 ; ram data
                             24 ;--------------------------------------------------------
                             25 	.area _INITIALIZED
                             26 ;--------------------------------------------------------
                             27 ; absolute external ram data
                             28 ;--------------------------------------------------------
                             29 	.area _DABS (ABS)
                             30 ;--------------------------------------------------------
                             31 ; global & static initialisations
                             32 ;--------------------------------------------------------
                             33 	.area _HOME
                             34 	.area _GSINIT
                             35 	.area _GSFINAL
                             36 	.area _GSINIT
                             37 ;--------------------------------------------------------
                             38 ; Home
                             39 ;--------------------------------------------------------
                             40 	.area _HOME
                             41 	.area _HOME
                             42 ;--------------------------------------------------------
                             43 ; code
                             44 ;--------------------------------------------------------
                             45 	.area _CODE
                             46 	.area _CODE
   0000                      47 _PrinceOfPersia_ENE_BPALETTE:
   0000 54                   48 	.db #0x54	; 84	'T'
   0001 44                   49 	.db #0x44	; 68	'D'
   0002 55                   50 	.db #0x55	; 85	'U'
   0003 5D                   51 	.db #0x5d	; 93
   0004 56                   52 	.db #0x56	; 86	'V'
   0005 46                   53 	.db #0x46	; 70	'F'
   0006 57                   54 	.db #0x57	; 87	'W'
   0007 5E                   55 	.db #0x5e	; 94
   0008 40                   56 	.db #0x40	; 64
   0009 5F                   57 	.db #0x5f	; 95
   000A 4F                   58 	.db #0x4f	; 79	'O'
   000B 5B                   59 	.db #0x5b	; 91
   000C 4B                   60 	.db #0x4b	; 75	'K'
   000D                      61 _PrinceOfPersia_ENE_B:
   000Dr11r00                62 	.dw _PrinceOfPersia_ENE_B_0
   000Fr31r00                63 	.dw _PrinceOfPersia_ENE_B_1
   0011                      64 _PrinceOfPersia_ENE_B_0:
   0011 00                   65 	.db #0x00	; 0
   0012 CC                   66 	.db #0xcc	; 204
   0013 00                   67 	.db #0x00	; 0
   0014 00                   68 	.db #0x00	; 0
   0015 00                   69 	.db #0x00	; 0
   0016 CC                   70 	.db #0xcc	; 204
   0017 00                   71 	.db #0x00	; 0
   0018 00                   72 	.db #0x00	; 0
   0019 00                   73 	.db #0x00	; 0
   001A CC                   74 	.db #0xcc	; 204
   001B 00                   75 	.db #0x00	; 0
   001C 00                   76 	.db #0x00	; 0
   001D 00                   77 	.db #0x00	; 0
   001E CC                   78 	.db #0xcc	; 204
   001F 00                   79 	.db #0x00	; 0
   0020 00                   80 	.db #0x00	; 0
   0021 44                   81 	.db #0x44	; 68	'D'
   0022 C9                   82 	.db #0xc9	; 201
   0023 00                   83 	.db #0x00	; 0
   0024 00                   84 	.db #0x00	; 0
   0025 44                   85 	.db #0x44	; 68	'D'
   0026 C9                   86 	.db #0xc9	; 201
   0027 00                   87 	.db #0x00	; 0
   0028 00                   88 	.db #0x00	; 0
   0029 E9                   89 	.db #0xe9	; 233
   002A FC                   90 	.db #0xfc	; 252
   002B 00                   91 	.db #0x00	; 0
   002C 00                   92 	.db #0x00	; 0
   002D E9                   93 	.db #0xe9	; 233
   002E FC                   94 	.db #0xfc	; 252
   002F 00                   95 	.db #0x00	; 0
   0030 00                   96 	.db #0x00	; 0
   0031                      97 _PrinceOfPersia_ENE_B_1:
   0031 44                   98 	.db #0x44	; 68	'D'
   0032 A8                   99 	.db #0xa8	; 168
   0033 83                  100 	.db #0x83	; 131
   0034 03                  101 	.db #0x03	; 3
   0035 44                  102 	.db #0x44	; 68	'D'
   0036 A8                  103 	.db #0xa8	; 168
   0037 83                  104 	.db #0x83	; 131
   0038 03                  105 	.db #0x03	; 3
   0039 CC                  106 	.db #0xcc	; 204
   003A 46                  107 	.db #0x46	; 70	'F'
   003B 02                  108 	.db #0x02	; 2
   003C 00                  109 	.db #0x00	; 0
   003D CC                  110 	.db #0xcc	; 204
   003E 46                  111 	.db #0x46	; 70	'F'
   003F 02                  112 	.db #0x02	; 2
   0040 00                  113 	.db #0x00	; 0
   0041 03                  114 	.db #0x03	; 3
   0042 03                  115 	.db #0x03	; 3
   0043 02                  116 	.db #0x02	; 2
   0044 00                  117 	.db #0x00	; 0
   0045 03                  118 	.db #0x03	; 3
   0046 03                  119 	.db #0x03	; 3
   0047 02                  120 	.db #0x02	; 2
   0048 00                  121 	.db #0x00	; 0
   0049 CC                  122 	.db #0xcc	; 204
   004A C3                  123 	.db #0xc3	; 195
   004B 82                  124 	.db #0x82	; 130
   004C 00                  125 	.db #0x00	; 0
   004D CC                  126 	.db #0xcc	; 204
   004E C3                  127 	.db #0xc3	; 195
   004F 82                  128 	.db #0x82	; 130
   0050 00                  129 	.db #0x00	; 0
                            130 	.area _INITIALIZER
                            131 	.area _CABS (ABS)
