                              1 ;--------------------------------------------------------
                              2 ; File Created by SDCC : free open source ANSI-C Compiler
                              3 ; Version 3.6.8 #9946 (Linux)
                              4 ;--------------------------------------------------------
                              5 	.module PrinceOfPersia_PJ_B
                              6 	.optsdcc -mz80
                              7 	
                              8 ;--------------------------------------------------------
                              9 ; Public variables in this module
                             10 ;--------------------------------------------------------
                             11 	.globl _PrinceOfPersia_PJ_B_1
                             12 	.globl _PrinceOfPersia_PJ_B_0
                             13 	.globl _PrinceOfPersia_PJ_B
                             14 	.globl _PrinceOfPersia_PJ_BPALETTE
                             15 ;--------------------------------------------------------
                             16 ; special function registers
                             17 ;--------------------------------------------------------
                             18 ;--------------------------------------------------------
                             19 ; ram data
                             20 ;--------------------------------------------------------
                             21 	.area _DATA
                             22 ;--------------------------------------------------------
                             23 ; ram data
                             24 ;--------------------------------------------------------
                             25 	.area _INITIALIZED
                             26 ;--------------------------------------------------------
                             27 ; absolute external ram data
                             28 ;--------------------------------------------------------
                             29 	.area _DABS (ABS)
                             30 ;--------------------------------------------------------
                             31 ; global & static initialisations
                             32 ;--------------------------------------------------------
                             33 	.area _HOME
                             34 	.area _GSINIT
                             35 	.area _GSFINAL
                             36 	.area _GSINIT
                             37 ;--------------------------------------------------------
                             38 ; Home
                             39 ;--------------------------------------------------------
                             40 	.area _HOME
                             41 	.area _HOME
                             42 ;--------------------------------------------------------
                             43 ; code
                             44 ;--------------------------------------------------------
                             45 	.area _CODE
                             46 	.area _CODE
   0000                      47 _PrinceOfPersia_PJ_BPALETTE:
   0000 54                   48 	.db #0x54	; 84	'T'
   0001 44                   49 	.db #0x44	; 68	'D'
   0002 55                   50 	.db #0x55	; 85	'U'
   0003 5D                   51 	.db #0x5d	; 93
   0004 56                   52 	.db #0x56	; 86	'V'
   0005 46                   53 	.db #0x46	; 70	'F'
   0006 57                   54 	.db #0x57	; 87	'W'
   0007 5E                   55 	.db #0x5e	; 94
   0008 40                   56 	.db #0x40	; 64
   0009 5F                   57 	.db #0x5f	; 95
   000A 4F                   58 	.db #0x4f	; 79	'O'
   000B 5B                   59 	.db #0x5b	; 91
   000C 4B                   60 	.db #0x4b	; 75	'K'
   000D                      61 _PrinceOfPersia_PJ_B:
   000Dr11r00                62 	.dw _PrinceOfPersia_PJ_B_0
   000Fr31r00                63 	.dw _PrinceOfPersia_PJ_B_1
   0011                      64 _PrinceOfPersia_PJ_B_0:
   0011 00                   65 	.db #0x00	; 0
   0012 00                   66 	.db #0x00	; 0
   0013 FC                   67 	.db #0xfc	; 252
   0014 00                   68 	.db #0x00	; 0
   0015 00                   69 	.db #0x00	; 0
   0016 00                   70 	.db #0x00	; 0
   0017 FC                   71 	.db #0xfc	; 252
   0018 00                   72 	.db #0x00	; 0
   0019 00                   73 	.db #0x00	; 0
   001A 54                   74 	.db #0x54	; 84	'T'
   001B D6                   75 	.db #0xd6	; 214
   001C 00                   76 	.db #0x00	; 0
   001D 00                   77 	.db #0x00	; 0
   001E 54                   78 	.db #0x54	; 84	'T'
   001F D6                   79 	.db #0xd6	; 214
   0020 00                   80 	.db #0x00	; 0
   0021 00                   81 	.db #0x00	; 0
   0022 00                   82 	.db #0x00	; 0
   0023 96                   83 	.db #0x96	; 150
   0024 28                   84 	.db #0x28	; 40
   0025 00                   85 	.db #0x00	; 0
   0026 00                   86 	.db #0x00	; 0
   0027 96                   87 	.db #0x96	; 150
   0028 28                   88 	.db #0x28	; 40
   0029 03                   89 	.db #0x03	; 3
   002A 43                   90 	.db #0x43	; 67	'C'
   002B 3C                   91 	.db #0x3c	; 60
   002C 82                   92 	.db #0x82	; 130
   002D 03                   93 	.db #0x03	; 3
   002E 43                   94 	.db #0x43	; 67	'C'
   002F 3C                   95 	.db #0x3c	; 60
   0030 82                   96 	.db #0x82	; 130
   0031                      97 _PrinceOfPersia_PJ_B_1:
   0031 00                   98 	.db #0x00	; 0
   0032 00                   99 	.db #0x00	; 0
   0033 14                  100 	.db #0x14	; 20
   0034 28                  101 	.db #0x28	; 40
   0035 00                  102 	.db #0x00	; 0
   0036 00                  103 	.db #0x00	; 0
   0037 14                  104 	.db #0x14	; 20
   0038 28                  105 	.db #0x28	; 40
   0039 00                  106 	.db #0x00	; 0
   003A 01                  107 	.db #0x01	; 1
   003B 83                  108 	.db #0x83	; 131
   003C 83                  109 	.db #0x83	; 131
   003D 00                  110 	.db #0x00	; 0
   003E 01                  111 	.db #0x01	; 1
   003F 83                  112 	.db #0x83	; 131
   0040 83                  113 	.db #0x83	; 131
   0041 00                  114 	.db #0x00	; 0
   0042 01                  115 	.db #0x01	; 1
   0043 03                  116 	.db #0x03	; 3
   0044 03                  117 	.db #0x03	; 3
   0045 00                  118 	.db #0x00	; 0
   0046 01                  119 	.db #0x01	; 1
   0047 03                  120 	.db #0x03	; 3
   0048 03                  121 	.db #0x03	; 3
   0049 00                  122 	.db #0x00	; 0
   004A 41                  123 	.db #0x41	; 65	'A'
   004B C3                  124 	.db #0xc3	; 195
   004C CC                  125 	.db #0xcc	; 204
   004D 00                  126 	.db #0x00	; 0
   004E 41                  127 	.db #0x41	; 65	'A'
   004F C3                  128 	.db #0xc3	; 195
   0050 CC                  129 	.db #0xcc	; 204
                            130 	.area _INITIALIZER
                            131 	.area _CABS (ABS)
