                              1 ;--------------------------------------------------------
                              2 ; File Created by SDCC : free open source ANSI-C Compiler
                              3 ; Version 3.6.8 #9946 (Linux)
                              4 ;--------------------------------------------------------
                              5 	.module puerta
                              6 	.optsdcc -mz80
                              7 	
                              8 ;--------------------------------------------------------
                              9 ; Public variables in this module
                             10 ;--------------------------------------------------------
                             11 	.globl _puertalSprite_1
                             12 	.globl _puertalSprite_0
                             13 	.globl _puertaSprite
                             14 	.globl _puertaPALETTE
                             15 ;--------------------------------------------------------
                             16 ; special function registers
                             17 ;--------------------------------------------------------
                             18 ;--------------------------------------------------------
                             19 ; ram data
                             20 ;--------------------------------------------------------
                             21 	.area _DATA
                             22 ;--------------------------------------------------------
                             23 ; ram data
                             24 ;--------------------------------------------------------
                             25 	.area _INITIALIZED
                             26 ;--------------------------------------------------------
                             27 ; absolute external ram data
                             28 ;--------------------------------------------------------
                             29 	.area _DABS (ABS)
                             30 ;--------------------------------------------------------
                             31 ; global & static initialisations
                             32 ;--------------------------------------------------------
                             33 	.area _HOME
                             34 	.area _GSINIT
                             35 	.area _GSFINAL
                             36 	.area _GSINIT
                             37 ;--------------------------------------------------------
                             38 ; Home
                             39 ;--------------------------------------------------------
                             40 	.area _HOME
                             41 	.area _HOME
                             42 ;--------------------------------------------------------
                             43 ; code
                             44 ;--------------------------------------------------------
                             45 	.area _CODE
                             46 	.area _CODE
   0000                      47 _puertaPALETTE:
   0000 54                   48 	.db #0x54	; 84	'T'
   0001 5D                   49 	.db #0x5d	; 93
   0002 4E                   50 	.db #0x4e	; 78	'N'
   0003 44                   51 	.db #0x44	; 68	'D'
   0004 46                   52 	.db #0x46	; 70	'F'
   0005 42                   53 	.db #0x42	; 66	'B'
   0006 5C                   54 	.db #0x5c	; 92
   0007 47                   55 	.db #0x47	; 71	'G'
   0008 45                   56 	.db #0x45	; 69	'E'
   0009 58                   57 	.db #0x58	; 88	'X'
   000A 5D                   58 	.db #0x5d	; 93
   000B 43                   59 	.db #0x43	; 67	'C'
   000C 4F                   60 	.db #0x4f	; 79	'O'
   000D 40                   61 	.db #0x40	; 64
   000E 4C                   62 	.db #0x4c	; 76	'L'
   000F 4B                   63 	.db #0x4b	; 75	'K'
   0010                      64 _puertaSprite:
   0010r14r00                65 	.dw _puertalSprite_0
   0012r34r00                66 	.dw _puertalSprite_1
   0014                      67 _puertalSprite_0:
   0014 3C                   68 	.db #0x3c	; 60
   0015 3C                   69 	.db #0x3c	; 60
   0016 3C                   70 	.db #0x3c	; 60
   0017 3C                   71 	.db #0x3c	; 60
   0018 3C                   72 	.db #0x3c	; 60
   0019 3C                   73 	.db #0x3c	; 60
   001A 3C                   74 	.db #0x3c	; 60
   001B 3C                   75 	.db #0x3c	; 60
   001C 3C                   76 	.db #0x3c	; 60
   001D 3C                   77 	.db #0x3c	; 60
   001E 3C                   78 	.db #0x3c	; 60
   001F 3C                   79 	.db #0x3c	; 60
   0020 3C                   80 	.db #0x3c	; 60
   0021 3C                   81 	.db #0x3c	; 60
   0022 3C                   82 	.db #0x3c	; 60
   0023 3C                   83 	.db #0x3c	; 60
   0024 3C                   84 	.db #0x3c	; 60
   0025 3C                   85 	.db #0x3c	; 60
   0026 3C                   86 	.db #0x3c	; 60
   0027 3C                   87 	.db #0x3c	; 60
   0028 3C                   88 	.db #0x3c	; 60
   0029 3C                   89 	.db #0x3c	; 60
   002A 3C                   90 	.db #0x3c	; 60
   002B 3C                   91 	.db #0x3c	; 60
   002C 3C                   92 	.db #0x3c	; 60
   002D 3C                   93 	.db #0x3c	; 60
   002E 3C                   94 	.db #0x3c	; 60
   002F 3C                   95 	.db #0x3c	; 60
   0030 0C                   96 	.db #0x0c	; 12
   0031 0C                   97 	.db #0x0c	; 12
   0032 0C                   98 	.db #0x0c	; 12
   0033 0C                   99 	.db #0x0c	; 12
   0034                     100 _puertalSprite_1:
   0034 3C                  101 	.db #0x3c	; 60
   0035 3C                  102 	.db #0x3c	; 60
   0036 3C                  103 	.db #0x3c	; 60
   0037 3C                  104 	.db #0x3c	; 60
   0038 3C                  105 	.db #0x3c	; 60
   0039 3C                  106 	.db #0x3c	; 60
   003A 3C                  107 	.db #0x3c	; 60
   003B 3C                  108 	.db #0x3c	; 60
   003C 3C                  109 	.db #0x3c	; 60
   003D 14                  110 	.db #0x14	; 20
   003E 28                  111 	.db #0x28	; 40
   003F 3C                  112 	.db #0x3c	; 60
   0040 3C                  113 	.db #0x3c	; 60
   0041 14                  114 	.db #0x14	; 20
   0042 28                  115 	.db #0x28	; 40
   0043 3C                  116 	.db #0x3c	; 60
   0044 3C                  117 	.db #0x3c	; 60
   0045 14                  118 	.db #0x14	; 20
   0046 28                  119 	.db #0x28	; 40
   0047 3C                  120 	.db #0x3c	; 60
   0048 3C                  121 	.db #0x3c	; 60
   0049 14                  122 	.db #0x14	; 20
   004A 28                  123 	.db #0x28	; 40
   004B 3C                  124 	.db #0x3c	; 60
   004C 3C                  125 	.db #0x3c	; 60
   004D 3C                  126 	.db #0x3c	; 60
   004E 3C                  127 	.db #0x3c	; 60
   004F 3C                  128 	.db #0x3c	; 60
   0050 0C                  129 	.db #0x0c	; 12
   0051 0C                  130 	.db #0x0c	; 12
   0052 0C                  131 	.db #0x0c	; 12
   0053 0C                  132 	.db #0x0c	; 12
                            133 	.area _INITIALIZER
                            134 	.area _CABS (ABS)
