                              1 ;--------------------------------------------------------
                              2 ; File Created by SDCC : free open source ANSI-C Compiler
                              3 ; Version 3.6.8 #9946 (Linux)
                              4 ;--------------------------------------------------------
                              5 	.module rockLineal
                              6 	.optsdcc -mz80
                              7 	
                              8 ;--------------------------------------------------------
                              9 ; Public variables in this module
                             10 ;--------------------------------------------------------
                             11 	.globl _rockLineal_1
                             12 	.globl _rockLineal_0
                             13 	.globl _rockLineal
                             14 	.globl _rockLinealPALETTE
                             15 ;--------------------------------------------------------
                             16 ; special function registers
                             17 ;--------------------------------------------------------
                             18 ;--------------------------------------------------------
                             19 ; ram data
                             20 ;--------------------------------------------------------
                             21 	.area _DATA
                             22 ;--------------------------------------------------------
                             23 ; ram data
                             24 ;--------------------------------------------------------
                             25 	.area _INITIALIZED
                             26 ;--------------------------------------------------------
                             27 ; absolute external ram data
                             28 ;--------------------------------------------------------
                             29 	.area _DABS (ABS)
                             30 ;--------------------------------------------------------
                             31 ; global & static initialisations
                             32 ;--------------------------------------------------------
                             33 	.area _HOME
                             34 	.area _GSINIT
                             35 	.area _GSFINAL
                             36 	.area _GSINIT
                             37 ;--------------------------------------------------------
                             38 ; Home
                             39 ;--------------------------------------------------------
                             40 	.area _HOME
                             41 	.area _HOME
                             42 ;--------------------------------------------------------
                             43 ; code
                             44 ;--------------------------------------------------------
                             45 	.area _CODE
                             46 	.area _CODE
   0000                      47 _rockLinealPALETTE:
   0000 54                   48 	.db #0x54	; 84	'T'
   0001 5D                   49 	.db #0x5d	; 93
   0002 4E                   50 	.db #0x4e	; 78	'N'
   0003 44                   51 	.db #0x44	; 68	'D'
   0004 46                   52 	.db #0x46	; 70	'F'
   0005 42                   53 	.db #0x42	; 66	'B'
   0006 5C                   54 	.db #0x5c	; 92
   0007 47                   55 	.db #0x47	; 71	'G'
   0008 45                   56 	.db #0x45	; 69	'E'
   0009 58                   57 	.db #0x58	; 88	'X'
   000A 5D                   58 	.db #0x5d	; 93
   000B 43                   59 	.db #0x43	; 67	'C'
   000C 4F                   60 	.db #0x4f	; 79	'O'
   000D 40                   61 	.db #0x40	; 64
   000E 4C                   62 	.db #0x4c	; 76	'L'
   000F 4B                   63 	.db #0x4b	; 75	'K'
   0010                      64 _rockLineal:
   0010r14r00                65 	.dw _rockLineal_0
   0012r34r00                66 	.dw _rockLineal_1
   0014                      67 _rockLineal_0:
   0014 00                   68 	.db #0x00	; 0
   0015 00                   69 	.db #0x00	; 0
   0016 00                   70 	.db #0x00	; 0
   0017 00                   71 	.db #0x00	; 0
   0018 14                   72 	.db #0x14	; 20
   0019 2C                   73 	.db #0x2c	; 44
   001A 0C                   74 	.db #0x0c	; 12
   001B 08                   75 	.db #0x08	; 8
   001C 55                   76 	.db #0x55	; 85	'U'
   001D FF                   77 	.db #0xff	; 255
   001E FF                   78 	.db #0xff	; 255
   001F AA                   79 	.db #0xaa	; 170
   0020 08                   80 	.db #0x08	; 8
   0021 FF                   81 	.db #0xff	; 255
   0022 FF                   82 	.db #0xff	; 255
   0023 04                   83 	.db #0x04	; 4
   0024 08                   84 	.db #0x08	; 8
   0025 FB                   85 	.db #0xfb	; 251
   0026 F7                   86 	.db #0xf7	; 247
   0027 04                   87 	.db #0x04	; 4
   0028 08                   88 	.db #0x08	; 8
   0029 FB                   89 	.db #0xfb	; 251
   002A F3                   90 	.db #0xf3	; 243
   002B 04                   91 	.db #0x04	; 4
   002C 08                   92 	.db #0x08	; 8
   002D FB                   93 	.db #0xfb	; 251
   002E F7                   94 	.db #0xf7	; 247
   002F 04                   95 	.db #0x04	; 4
   0030 08                   96 	.db #0x08	; 8
   0031 F3                   97 	.db #0xf3	; 243
   0032 F3                   98 	.db #0xf3	; 243
   0033 04                   99 	.db #0x04	; 4
   0034                     100 _rockLineal_1:
   0034 08                  101 	.db #0x08	; 8
   0035 FB                  102 	.db #0xfb	; 251
   0036 F3                  103 	.db #0xf3	; 243
   0037 04                  104 	.db #0x04	; 4
   0038 08                  105 	.db #0x08	; 8
   0039 F3                  106 	.db #0xf3	; 243
   003A F3                  107 	.db #0xf3	; 243
   003B 04                  108 	.db #0x04	; 4
   003C 0C                  109 	.db #0x0c	; 12
   003D 00                  110 	.db #0x00	; 0
   003E 00                  111 	.db #0x00	; 0
   003F 0C                  112 	.db #0x0c	; 12
   0040 0C                  113 	.db #0x0c	; 12
   0041 5D                  114 	.db #0x5d	; 93
   0042 AE                  115 	.db #0xae	; 174
   0043 0C                  116 	.db #0x0c	; 12
   0044 0C                  117 	.db #0x0c	; 12
   0045 5D                  118 	.db #0x5d	; 93
   0046 AE                  119 	.db #0xae	; 174
   0047 0C                  120 	.db #0x0c	; 12
   0048 0C                  121 	.db #0x0c	; 12
   0049 5D                  122 	.db #0x5d	; 93
   004A AE                  123 	.db #0xae	; 174
   004B 0C                  124 	.db #0x0c	; 12
   004C 0C                  125 	.db #0x0c	; 12
   004D 5D                  126 	.db #0x5d	; 93
   004E AE                  127 	.db #0xae	; 174
   004F 0C                  128 	.db #0x0c	; 12
   0050 FF                  129 	.db #0xff	; 255
   0051 FF                  130 	.db #0xff	; 255
   0052 FF                  131 	.db #0xff	; 255
   0053 FF                  132 	.db #0xff	; 255
                            133 	.area _INITIALIZER
                            134 	.area _CABS (ABS)
