                              1 ;--------------------------------------------------------
                              2 ; File Created by SDCC : free open source ANSI-C Compiler
                              3 ; Version 3.6.8 #9946 (Linux)
                              4 ;--------------------------------------------------------
                              5 	.module StairUp1_G
                              6 	.optsdcc -mz80
                              7 	
                              8 ;--------------------------------------------------------
                              9 ; Public variables in this module
                             10 ;--------------------------------------------------------
                             11 	.globl _StairUp1_G_1
                             12 	.globl _StairUp1_G_0
                             13 	.globl _StairUp1_G
                             14 	.globl _StairUp1_GPALETTE
                             15 ;--------------------------------------------------------
                             16 ; special function registers
                             17 ;--------------------------------------------------------
                             18 ;--------------------------------------------------------
                             19 ; ram data
                             20 ;--------------------------------------------------------
                             21 	.area _DATA
                             22 ;--------------------------------------------------------
                             23 ; ram data
                             24 ;--------------------------------------------------------
                             25 	.area _INITIALIZED
                             26 ;--------------------------------------------------------
                             27 ; absolute external ram data
                             28 ;--------------------------------------------------------
                             29 	.area _DABS (ABS)
                             30 ;--------------------------------------------------------
                             31 ; global & static initialisations
                             32 ;--------------------------------------------------------
                             33 	.area _HOME
                             34 	.area _GSINIT
                             35 	.area _GSFINAL
                             36 	.area _GSINIT
                             37 ;--------------------------------------------------------
                             38 ; Home
                             39 ;--------------------------------------------------------
                             40 	.area _HOME
                             41 	.area _HOME
                             42 ;--------------------------------------------------------
                             43 ; code
                             44 ;--------------------------------------------------------
                             45 	.area _CODE
                             46 	.area _CODE
   0000                      47 _StairUp1_GPALETTE:
   0000 54                   48 	.db #0x54	; 84	'T'
   0001 5B                   49 	.db #0x5b	; 91
   0002 4F                   50 	.db #0x4f	; 79	'O'
   0003 5D                   51 	.db #0x5d	; 93
   0004 44                   52 	.db #0x44	; 68	'D'
   0005 5F                   53 	.db #0x5f	; 95
   0006 4B                   54 	.db #0x4b	; 75	'K'
   0007 55                   55 	.db #0x55	; 85	'U'
   0008 56                   56 	.db #0x56	; 86	'V'
   0009 40                   57 	.db #0x40	; 64
   000A 5C                   58 	.db #0x5c	; 92
   000B 46                   59 	.db #0x46	; 70	'F'
   000C 5B                   60 	.db #0x5b	; 91
   000D 5B                   61 	.db #0x5b	; 91
   000E 5E                   62 	.db #0x5e	; 94
   000F                      63 _StairUp1_G:
   000Fr13r00                64 	.dw _StairUp1_G_0
   0011r33r00                65 	.dw _StairUp1_G_1
   0013                      66 _StairUp1_G_0:
   0013 00                   67 	.db #0x00	; 0
   0014 00                   68 	.db #0x00	; 0
   0015 00                   69 	.db #0x00	; 0
   0016 10                   70 	.db #0x10	; 16
   0017 00                   71 	.db #0x00	; 0
   0018 00                   72 	.db #0x00	; 0
   0019 00                   73 	.db #0x00	; 0
   001A 10                   74 	.db #0x10	; 16
   001B 00                   75 	.db #0x00	; 0
   001C 00                   76 	.db #0x00	; 0
   001D 10                   77 	.db #0x10	; 16
   001E 9A                   78 	.db #0x9a	; 154
   001F 00                   79 	.db #0x00	; 0
   0020 00                   80 	.db #0x00	; 0
   0021 10                   81 	.db #0x10	; 16
   0022 9A                   82 	.db #0x9a	; 154
   0023 00                   83 	.db #0x00	; 0
   0024 10                   84 	.db #0x10	; 16
   0025 9A                   85 	.db #0x9a	; 154
   0026 9A                   86 	.db #0x9a	; 154
   0027 00                   87 	.db #0x00	; 0
   0028 10                   88 	.db #0x10	; 16
   0029 9A                   89 	.db #0x9a	; 154
   002A 9A                   90 	.db #0x9a	; 154
   002B 10                   91 	.db #0x10	; 16
   002C 9A                   92 	.db #0x9a	; 154
   002D DE                   93 	.db #0xde	; 222
   002E 9A                   94 	.db #0x9a	; 154
   002F 10                   95 	.db #0x10	; 16
   0030 9A                   96 	.db #0x9a	; 154
   0031 DE                   97 	.db #0xde	; 222
   0032 9A                   98 	.db #0x9a	; 154
   0033                      99 _StairUp1_G_1:
   0033 30                  100 	.db #0x30	; 48	'0'
   0034 DE                  101 	.db #0xde	; 222
   0035 8A                  102 	.db #0x8a	; 138
   0036 9A                  103 	.db #0x9a	; 154
   0037 30                  104 	.db #0x30	; 48	'0'
   0038 DE                  105 	.db #0xde	; 222
   0039 8A                  106 	.db #0x8a	; 138
   003A 9A                  107 	.db #0x9a	; 154
   003B 74                  108 	.db #0x74	; 116	't'
   003C 8A                  109 	.db #0x8a	; 138
   003D 9A                  110 	.db #0x9a	; 154
   003E 30                  111 	.db #0x30	; 48	'0'
   003F 74                  112 	.db #0x74	; 116	't'
   0040 8A                  113 	.db #0x8a	; 138
   0041 9A                  114 	.db #0x9a	; 154
   0042 30                  115 	.db #0x30	; 48	'0'
   0043 20                  116 	.db #0x20	; 32
   0044 9A                  117 	.db #0x9a	; 154
   0045 30                  118 	.db #0x30	; 48	'0'
   0046 30                  119 	.db #0x30	; 48	'0'
   0047 20                  120 	.db #0x20	; 32
   0048 9A                  121 	.db #0x9a	; 154
   0049 30                  122 	.db #0x30	; 48	'0'
   004A 30                  123 	.db #0x30	; 48	'0'
   004B 30                  124 	.db #0x30	; 48	'0'
   004C 30                  125 	.db #0x30	; 48	'0'
   004D 30                  126 	.db #0x30	; 48	'0'
   004E 30                  127 	.db #0x30	; 48	'0'
   004F 30                  128 	.db #0x30	; 48	'0'
   0050 30                  129 	.db #0x30	; 48	'0'
   0051 30                  130 	.db #0x30	; 48	'0'
   0052 30                  131 	.db #0x30	; 48	'0'
                            132 	.area _INITIALIZER
                            133 	.area _CABS (ABS)
