                              1 ;--------------------------------------------------------
                              2 ; File Created by SDCC : free open source ANSI-C Compiler
                              3 ; Version 3.6.8 #9946 (Linux)
                              4 ;--------------------------------------------------------
                              5 	.module enemigos
                              6 	.optsdcc -mz80
                              7 	
                              8 ;--------------------------------------------------------
                              9 ; Public variables in this module
                             10 ;--------------------------------------------------------
                             11 	.globl _abs
                             12 	.globl _mover1casilla
                             13 	.globl _moverYdibujar
                             14 	.globl _dibujarGameObject
                             15 	.globl _contadorEnemigosDe
                             16 	.globl _contadorEnemigosIz
                             17 	.globl _enemigosDerecha
                             18 	.globl _enemigosIzquierda
                             19 	.globl _initEnemigos
                             20 	.globl _crearEnemigos
                             21 	.globl _dibujarEnemigos
                             22 	.globl _resetEnemigos
                             23 	.globl _activarIAS
                             24 	.globl _iaEnemigo1
                             25 	.globl _iaEnemigo2
                             26 	.globl _crearEnemigoIzquierda
                             27 	.globl _crearEnemigoDerecha
                             28 	.globl _sinEnemigos
                             29 	.globl _enemigosNivel01
                             30 	.globl _enemigosNvel_trap_01
                             31 	.globl _enemigosNvel_04
                             32 	.globl _enemigosNvel_04_01
                             33 ;--------------------------------------------------------
                             34 ; special function registers
                             35 ;--------------------------------------------------------
                             36 ;--------------------------------------------------------
                             37 ; ram data
                             38 ;--------------------------------------------------------
                             39 	.area _DATA
   0000                      40 _creadorDeEnemigos:
   0000                      41 	.ds 100
   0064                      42 _P_portal:
   0064                      43 	.ds 2
   0066                      44 _P_puertas:
   0066                      45 	.ds 2
   0068                      46 _P_col:
   0068                      47 	.ds 2
   006A                      48 _P_luz:
   006A                      49 	.ds 2
   006C                      50 _P_fam:
   006C                      51 	.ds 2
   006E                      52 _P_ams:
   006E                      53 	.ds 2
   0070                      54 _P_colList:
   0070                      55 	.ds 2
   0072                      56 _enemigosIzquierda::
   0072                      57 	.ds 35
   0095                      58 _enemigosDerecha::
   0095                      59 	.ds 35
   00B8                      60 _contadorEnemigosIz::
   00B8                      61 	.ds 1
   00B9                      62 _contadorEnemigosDe::
   00B9                      63 	.ds 1
                             64 ;--------------------------------------------------------
                             65 ; ram data
                             66 ;--------------------------------------------------------
                             67 	.area _INITIALIZED
                             68 ;--------------------------------------------------------
                             69 ; absolute external ram data
                             70 ;--------------------------------------------------------
                             71 	.area _DABS (ABS)
                             72 ;--------------------------------------------------------
                             73 ; global & static initialisations
                             74 ;--------------------------------------------------------
                             75 	.area _HOME
                             76 	.area _GSINIT
                             77 	.area _GSFINAL
                             78 	.area _GSINIT
                             79 ;--------------------------------------------------------
                             80 ; Home
                             81 ;--------------------------------------------------------
                             82 	.area _HOME
                             83 	.area _HOME
                             84 ;--------------------------------------------------------
                             85 ; code
                             86 ;--------------------------------------------------------
                             87 	.area _CODE
                             88 ;src/enemigos/enemigos.c:15: void initEnemigos(){
                             89 ;	---------------------------------
                             90 ; Function initEnemigos
                             91 ; ---------------------------------
   0000                      92 _initEnemigos::
                             93 ;src/enemigos/enemigos.c:16: creadorDeEnemigos[nivel_01]=sinEnemigos;
   0000 21rCBr04      [10]   94 	ld	hl, #_sinEnemigos
   0003 22r02r00      [16]   95 	ld	((_creadorDeEnemigos + 0x0002)), hl
                             96 ;src/enemigos/enemigos.c:17: creadorDeEnemigos[nivel_TRAP_01]=enemigosNvel_trap_01;
   0006 21rDAr04      [10]   97 	ld	hl, #_enemigosNvel_trap_01
   0009 22r06r00      [16]   98 	ld	((_creadorDeEnemigos + 0x0006)), hl
                             99 ;src/enemigos/enemigos.c:18: creadorDeEnemigos[nivel_02]=sinEnemigos;
   000C 21rCBr04      [10]  100 	ld	hl, #_sinEnemigos
   000F 22r08r00      [16]  101 	ld	((_creadorDeEnemigos + 0x0008)), hl
                            102 ;src/enemigos/enemigos.c:19: creadorDeEnemigos[nivel_01_01]=sinEnemigos;
   0012 22r04r00      [16]  103 	ld	((_creadorDeEnemigos + 0x0004)), hl
                            104 ;src/enemigos/enemigos.c:20: creadorDeEnemigos[nivel_03]=sinEnemigos;
   0015 22r0Ar00      [16]  105 	ld	((_creadorDeEnemigos + 0x000a)), hl
                            106 ;src/enemigos/enemigos.c:21: creadorDeEnemigos[nivel_04]=enemigosNvel_04;
   0018 21r0Cr05      [10]  107 	ld	hl, #_enemigosNvel_04
   001B 22r0Cr00      [16]  108 	ld	((_creadorDeEnemigos + 0x000c)), hl
                            109 ;src/enemigos/enemigos.c:22: creadorDeEnemigos[nivel_04_01]=enemigosNvel_04_01;
   001E 21r26r05      [10]  110 	ld	hl, #_enemigosNvel_04_01
   0021 22r0Er00      [16]  111 	ld	((_creadorDeEnemigos + 0x000e)), hl
                            112 ;src/enemigos/enemigos.c:23: creadorDeEnemigos[nivel_05]=sinEnemigos;
   0024 21rCBr04      [10]  113 	ld	hl, #_sinEnemigos
   0027 22r10r00      [16]  114 	ld	((_creadorDeEnemigos + 0x0010)), hl
                            115 ;src/enemigos/enemigos.c:29: contadorEnemigosIz=0;
   002A 21rB8r00      [10]  116 	ld	hl,#_contadorEnemigosIz + 0
   002D 36 00         [10]  117 	ld	(hl), #0x00
                            118 ;src/enemigos/enemigos.c:30: contadorEnemigosDe=0;
   002F 21rB9r00      [10]  119 	ld	hl,#_contadorEnemigosDe + 0
   0032 36 00         [10]  120 	ld	(hl), #0x00
   0034 C9            [10]  121 	ret
                            122 ;src/enemigos/enemigos.c:32: void crearEnemigos(u8 nivel){
                            123 ;	---------------------------------
                            124 ; Function crearEnemigos
                            125 ; ---------------------------------
   0035                     126 _crearEnemigos::
   0035 DD E5         [15]  127 	push	ix
   0037 DD 21 00 00   [14]  128 	ld	ix,#0
   003B DD 39         [15]  129 	add	ix,sp
                            130 ;src/enemigos/enemigos.c:33: resetEnemigos();
   003D CDrBBr00      [17]  131 	call	_resetEnemigos
                            132 ;src/enemigos/enemigos.c:34: creadorDeEnemigos[nivel]();
   0040 01r00r00      [10]  133 	ld	bc, #_creadorDeEnemigos+0
   0043 DD 6E 04      [19]  134 	ld	l, 4 (ix)
   0046 26 00         [ 7]  135 	ld	h, #0x00
   0048 29            [11]  136 	add	hl, hl
   0049 09            [11]  137 	add	hl, bc
   004A 4E            [ 7]  138 	ld	c, (hl)
   004B 23            [ 6]  139 	inc	hl
   004C 66            [ 7]  140 	ld	h, (hl)
   004D 69            [ 4]  141 	ld	l, c
   004E CDr00r00      [17]  142 	call	___sdcc_call_hl
                            143 ;src/enemigos/enemigos.c:35: dibujarEnemigos();
   0051 DD E1         [14]  144 	pop	ix
   0053 C3r56r00      [10]  145 	jp	_dibujarEnemigos
                            146 ;src/enemigos/enemigos.c:38: void dibujarEnemigos(){
                            147 ;	---------------------------------
                            148 ; Function dibujarEnemigos
                            149 ; ---------------------------------
   0056                     150 _dibujarEnemigos::
   0056 DD E5         [15]  151 	push	ix
   0058 DD 21 00 00   [14]  152 	ld	ix,#0
   005C DD 39         [15]  153 	add	ix,sp
   005E F5            [11]  154 	push	af
                            155 ;src/enemigos/enemigos.c:39: for(u8 i=0;i<enemigosMaximos ;i++){
   005F 0E 00         [ 7]  156 	ld	c, #0x00
   0061                     157 00111$:
   0061 79            [ 4]  158 	ld	a, c
   0062 D6 05         [ 7]  159 	sub	a, #0x05
   0064 30 50         [12]  160 	jr	NC,00113$
                            161 ;src/enemigos/enemigos.c:40: if(enemigosIzquierda[i].posx>0){
   0066 06 00         [ 7]  162 	ld	b,#0x00
   0068 69            [ 4]  163 	ld	l, c
   0069 60            [ 4]  164 	ld	h, b
   006A 29            [11]  165 	add	hl, hl
   006B 09            [11]  166 	add	hl, bc
   006C 29            [11]  167 	add	hl, hl
   006D 09            [11]  168 	add	hl, bc
   006E EB            [ 4]  169 	ex	de,hl
   006F FD 21r72r00   [14]  170 	ld	iy, #_enemigosIzquierda
   0073 FD 19         [15]  171 	add	iy, de
   0075 FD E5         [15]  172 	push	iy
   0077 E1            [10]  173 	pop	hl
   0078 23            [ 6]  174 	inc	hl
   0079 7E            [ 7]  175 	ld	a, (hl)
   007A B7            [ 4]  176 	or	a, a
   007B 28 17         [12]  177 	jr	Z,00104$
                            178 ;src/enemigos/enemigos.c:41: if (enemigosIzquierda[i].sprite==sprite_enemigo1){
   007D FD E5         [15]  179 	push	iy
   007F E1            [10]  180 	pop	hl
   0080 23            [ 6]  181 	inc	hl
   0081 23            [ 6]  182 	inc	hl
   0082 23            [ 6]  183 	inc	hl
   0083 7E            [ 7]  184 	ld	a, (hl)
   0084 D6 2A         [ 7]  185 	sub	a, #0x2a
   0086 20 0C         [12]  186 	jr	NZ,00104$
                            187 ;src/enemigos/enemigos.c:42: dibujarGameObject(&enemigosIzquierda[i]);
   0088 FD E5         [15]  188 	push	iy
   008A E1            [10]  189 	pop	hl
   008B C5            [11]  190 	push	bc
   008C D5            [11]  191 	push	de
   008D E5            [11]  192 	push	hl
   008E CDr00r00      [17]  193 	call	_dibujarGameObject
   0091 F1            [10]  194 	pop	af
   0092 D1            [10]  195 	pop	de
   0093 C1            [10]  196 	pop	bc
   0094                     197 00104$:
                            198 ;src/enemigos/enemigos.c:45: if(enemigosDerecha[i].posx>0){
   0094 21r95r00      [10]  199 	ld	hl, #_enemigosDerecha
   0097 19            [11]  200 	add	hl,de
   0098 E3            [19]  201 	ex	(sp), hl
   0099 E1            [10]  202 	pop	hl
   009A E5            [11]  203 	push	hl
   009B 23            [ 6]  204 	inc	hl
   009C 7E            [ 7]  205 	ld	a, (hl)
   009D B7            [ 4]  206 	or	a, a
   009E 28 13         [12]  207 	jr	Z,00112$
                            208 ;src/enemigos/enemigos.c:46: if (enemigosDerecha[i].sprite==sprite_enemigo1){
   00A0 E1            [10]  209 	pop	hl
   00A1 E5            [11]  210 	push	hl
   00A2 23            [ 6]  211 	inc	hl
   00A3 23            [ 6]  212 	inc	hl
   00A4 23            [ 6]  213 	inc	hl
   00A5 7E            [ 7]  214 	ld	a, (hl)
   00A6 D6 2A         [ 7]  215 	sub	a, #0x2a
   00A8 20 09         [12]  216 	jr	NZ,00112$
                            217 ;src/enemigos/enemigos.c:47: dibujarGameObject(&enemigosDerecha[i]);                
   00AA D1            [10]  218 	pop	de
   00AB D5            [11]  219 	push	de
   00AC C5            [11]  220 	push	bc
   00AD D5            [11]  221 	push	de
   00AE CDr00r00      [17]  222 	call	_dibujarGameObject
   00B1 F1            [10]  223 	pop	af
   00B2 C1            [10]  224 	pop	bc
   00B3                     225 00112$:
                            226 ;src/enemigos/enemigos.c:39: for(u8 i=0;i<enemigosMaximos ;i++){
   00B3 0C            [ 4]  227 	inc	c
   00B4 18 AB         [12]  228 	jr	00111$
   00B6                     229 00113$:
   00B6 DD F9         [10]  230 	ld	sp, ix
   00B8 DD E1         [14]  231 	pop	ix
   00BA C9            [10]  232 	ret
                            233 ;src/enemigos/enemigos.c:53: void resetEnemigos(){
                            234 ;	---------------------------------
                            235 ; Function resetEnemigos
                            236 ; ---------------------------------
   00BB                     237 _resetEnemigos::
                            238 ;src/enemigos/enemigos.c:54: for (u8 i=0;i<enemigosMaximos;i++){
   00BB 0E 00         [ 7]  239 	ld	c, #0x00
   00BD                     240 00103$:
   00BD 79            [ 4]  241 	ld	a, c
   00BE D6 05         [ 7]  242 	sub	a, #0x05
   00C0 D0            [11]  243 	ret	NC
                            244 ;src/enemigos/enemigos.c:55: enemigosIzquierda[i].posx=0;
   00C1 06 00         [ 7]  245 	ld	b,#0x00
   00C3 69            [ 4]  246 	ld	l, c
   00C4 60            [ 4]  247 	ld	h, b
   00C5 29            [11]  248 	add	hl, hl
   00C6 09            [11]  249 	add	hl, bc
   00C7 29            [11]  250 	add	hl, hl
   00C8 09            [11]  251 	add	hl, bc
   00C9 EB            [ 4]  252 	ex	de,hl
   00CA 21r73r00      [10]  253 	ld	hl,#_enemigosIzquierda+1
   00CD 19            [11]  254 	add	hl,de
   00CE 36 00         [10]  255 	ld	(hl), #0x00
                            256 ;src/enemigos/enemigos.c:56: enemigosDerecha[i].posx=0;
   00D0 21r96r00      [10]  257 	ld	hl,#_enemigosDerecha+1
   00D3 19            [11]  258 	add	hl,de
   00D4 36 00         [10]  259 	ld	(hl), #0x00
                            260 ;src/enemigos/enemigos.c:54: for (u8 i=0;i<enemigosMaximos;i++){
   00D6 0C            [ 4]  261 	inc	c
   00D7 18 E4         [12]  262 	jr	00103$
                            263 ;src/enemigos/enemigos.c:60: u8 activarIAS(u8 posx, u8 posy,u8 posicion,TGameObject* rocas,TGameObject* rocasEspejo, u8 frecuencias){
                            264 ;	---------------------------------
                            265 ; Function activarIAS
                            266 ; ---------------------------------
   00D9                     267 _activarIAS::
   00D9 DD E5         [15]  268 	push	ix
   00DB DD 21 00 00   [14]  269 	ld	ix,#0
   00DF DD 39         [15]  270 	add	ix,sp
   00E1 21 F8 FF      [10]  271 	ld	hl, #-8
   00E4 39            [11]  272 	add	hl, sp
   00E5 F9            [ 6]  273 	ld	sp, hl
                            274 ;src/enemigos/enemigos.c:61: u8 estado=no_pasa_nada;
   00E6 DD 36 FC 00   [19]  275 	ld	-4 (ix), #0x00
                            276 ;src/enemigos/enemigos.c:62: if(frecuencias==0){        
   00EA DD 7E 0B      [19]  277 	ld	a, 11 (ix)
   00ED B7            [ 4]  278 	or	a, a
   00EE C2rEBr01      [10]  279 	jp	NZ, 00121$
                            280 ;src/enemigos/enemigos.c:63: for(u8 i=0;i<enemigosMaximos;i++){
   00F1 DD 7E 06      [19]  281 	ld	a, 6 (ix)
   00F4 3D            [ 4]  282 	dec	a
   00F5 20 04         [12]  283 	jr	NZ,00172$
   00F7 3E 01         [ 7]  284 	ld	a,#0x01
   00F9 18 01         [12]  285 	jr	00173$
   00FB                     286 00172$:
   00FB AF            [ 4]  287 	xor	a,a
   00FC                     288 00173$:
   00FC DD 77 FD      [19]  289 	ld	-3 (ix), a
   00FF DD 77 FB      [19]  290 	ld	-5 (ix), a
   0102 DD 36 F8 00   [19]  291 	ld	-8 (ix), #0x00
   0106                     292 00123$:
   0106 DD 7E F8      [19]  293 	ld	a, -8 (ix)
   0109 D6 05         [ 7]  294 	sub	a, #0x05
   010B D2rEBr01      [10]  295 	jp	NC, 00121$
                            296 ;src/enemigos/enemigos.c:64: if(enemigosIzquierda[i].posx>0){
   010E DD 4E F8      [19]  297 	ld	c,-8 (ix)
   0111 06 00         [ 7]  298 	ld	b,#0x00
   0113 69            [ 4]  299 	ld	l, c
   0114 60            [ 4]  300 	ld	h, b
   0115 29            [11]  301 	add	hl, hl
   0116 09            [11]  302 	add	hl, bc
   0117 29            [11]  303 	add	hl, hl
   0118 09            [11]  304 	add	hl, bc
   0119 4D            [ 4]  305 	ld	c, l
   011A 44            [ 4]  306 	ld	b, h
   011B 21r72r00      [10]  307 	ld	hl, #_enemigosIzquierda
   011E 09            [11]  308 	add	hl,bc
   011F 5D            [ 4]  309 	ld	e,l
   0120 54            [ 4]  310 	ld	d,h
   0121 23            [ 6]  311 	inc	hl
   0122 7E            [ 7]  312 	ld	a, (hl)
   0123 B7            [ 4]  313 	or	a, a
   0124 28 4C         [12]  314 	jr	Z,00109$
                            315 ;src/enemigos/enemigos.c:65: if(enemigosIzquierda[i].sprite==sprite_enemigo1){
   0126 6B            [ 4]  316 	ld	l, e
   0127 62            [ 4]  317 	ld	h, d
   0128 23            [ 6]  318 	inc	hl
   0129 23            [ 6]  319 	inc	hl
   012A 23            [ 6]  320 	inc	hl
   012B 7E            [ 7]  321 	ld	a, (hl)
   012C D6 2A         [ 7]  322 	sub	a, #0x2a
   012E 20 22         [12]  323 	jr	NZ,00106$
                            324 ;src/enemigos/enemigos.c:66: if(posicion==posicion_Izquieda)
   0130 DD 7E 06      [19]  325 	ld	a, 6 (ix)
   0133 B7            [ 4]  326 	or	a, a
   0134 20 3C         [12]  327 	jr	NZ,00109$
                            328 ;src/enemigos/enemigos.c:67: estado=iaEnemigo1(&enemigosIzquierda[i],posx,posy,rocas);
   0136 C5            [11]  329 	push	bc
   0137 DD 6E 07      [19]  330 	ld	l,7 (ix)
   013A DD 66 08      [19]  331 	ld	h,8 (ix)
   013D E5            [11]  332 	push	hl
   013E DD 66 05      [19]  333 	ld	h, 5 (ix)
   0141 DD 6E 04      [19]  334 	ld	l, 4 (ix)
   0144 E5            [11]  335 	push	hl
   0145 D5            [11]  336 	push	de
   0146 CDrF3r01      [17]  337 	call	_iaEnemigo1
   0149 F1            [10]  338 	pop	af
   014A F1            [10]  339 	pop	af
   014B F1            [10]  340 	pop	af
   014C C1            [10]  341 	pop	bc
   014D DD 75 FC      [19]  342 	ld	-4 (ix), l
   0150 18 20         [12]  343 	jr	00109$
   0152                     344 00106$:
                            345 ;src/enemigos/enemigos.c:69: if(posicion==posicion_Izquieda)
   0152 DD 7E 06      [19]  346 	ld	a, 6 (ix)
   0155 B7            [ 4]  347 	or	a, a
   0156 20 1A         [12]  348 	jr	NZ,00109$
                            349 ;src/enemigos/enemigos.c:70: estado=iaEnemigo2(&enemigosIzquierda[i],posx,posy,rocas);
   0158 C5            [11]  350 	push	bc
   0159 DD 6E 07      [19]  351 	ld	l,7 (ix)
   015C DD 66 08      [19]  352 	ld	h,8 (ix)
   015F E5            [11]  353 	push	hl
   0160 DD 66 05      [19]  354 	ld	h, 5 (ix)
   0163 DD 6E 04      [19]  355 	ld	l, 4 (ix)
   0166 E5            [11]  356 	push	hl
   0167 D5            [11]  357 	push	de
   0168 CDr05r03      [17]  358 	call	_iaEnemigo2
   016B F1            [10]  359 	pop	af
   016C F1            [10]  360 	pop	af
   016D F1            [10]  361 	pop	af
   016E C1            [10]  362 	pop	bc
   016F DD 75 FC      [19]  363 	ld	-4 (ix), l
   0172                     364 00109$:
                            365 ;src/enemigos/enemigos.c:74: if(enemigosDerecha[i].posx>0){
   0172 21r95r00      [10]  366 	ld	hl, #_enemigosDerecha
   0175 09            [11]  367 	add	hl,bc
   0176 DD 75 F9      [19]  368 	ld	-7 (ix), l
   0179 DD 74 FA      [19]  369 	ld	-6 (ix), h
   017C 23            [ 6]  370 	inc	hl
   017D 7E            [ 7]  371 	ld	a, (hl)
   017E B7            [ 4]  372 	or	a, a
   017F 28 64         [12]  373 	jr	Z,00124$
                            374 ;src/enemigos/enemigos.c:75: if(enemigosDerecha[i].sprite==sprite_enemigo1){
   0181 DD 7E F9      [19]  375 	ld	a, -7 (ix)
   0184 DD 77 FE      [19]  376 	ld	-2 (ix), a
   0187 DD 7E FA      [19]  377 	ld	a, -6 (ix)
   018A DD 77 FF      [19]  378 	ld	-1 (ix), a
   018D DD 6E FE      [19]  379 	ld	l,-2 (ix)
   0190 DD 66 FF      [19]  380 	ld	h,-1 (ix)
   0193 23            [ 6]  381 	inc	hl
   0194 23            [ 6]  382 	inc	hl
   0195 23            [ 6]  383 	inc	hl
   0196 7E            [ 7]  384 	ld	a, (hl)
   0197 D6 2A         [ 7]  385 	sub	a, #0x2a
   0199 20 26         [12]  386 	jr	NZ,00115$
                            387 ;src/enemigos/enemigos.c:76: if(posicion==posicion_Derecha)
   019B DD 7E FB      [19]  388 	ld	a, -5 (ix)
   019E B7            [ 4]  389 	or	a, a
   019F 28 44         [12]  390 	jr	Z,00124$
                            391 ;src/enemigos/enemigos.c:77: estado=iaEnemigo1(&enemigosDerecha[i],posx,posy,rocasEspejo);                    
   01A1 DD 4E F9      [19]  392 	ld	c,-7 (ix)
   01A4 DD 46 FA      [19]  393 	ld	b,-6 (ix)
   01A7 DD 6E 09      [19]  394 	ld	l,9 (ix)
   01AA DD 66 0A      [19]  395 	ld	h,10 (ix)
   01AD E5            [11]  396 	push	hl
   01AE DD 66 05      [19]  397 	ld	h, 5 (ix)
   01B1 DD 6E 04      [19]  398 	ld	l, 4 (ix)
   01B4 E5            [11]  399 	push	hl
   01B5 C5            [11]  400 	push	bc
   01B6 CDrF3r01      [17]  401 	call	_iaEnemigo1
   01B9 F1            [10]  402 	pop	af
   01BA F1            [10]  403 	pop	af
   01BB F1            [10]  404 	pop	af
   01BC DD 75 FC      [19]  405 	ld	-4 (ix), l
   01BF 18 24         [12]  406 	jr	00124$
   01C1                     407 00115$:
                            408 ;src/enemigos/enemigos.c:79: if(posicion==posicion_Derecha)
   01C1 DD 7E FD      [19]  409 	ld	a, -3 (ix)
   01C4 B7            [ 4]  410 	or	a, a
   01C5 28 1E         [12]  411 	jr	Z,00124$
                            412 ;src/enemigos/enemigos.c:80: estado=iaEnemigo2(&enemigosDerecha[i],posx,posy,rocasEspejo);
   01C7 DD 4E F9      [19]  413 	ld	c,-7 (ix)
   01CA DD 46 FA      [19]  414 	ld	b,-6 (ix)
   01CD DD 6E 09      [19]  415 	ld	l,9 (ix)
   01D0 DD 66 0A      [19]  416 	ld	h,10 (ix)
   01D3 E5            [11]  417 	push	hl
   01D4 DD 66 05      [19]  418 	ld	h, 5 (ix)
   01D7 DD 6E 04      [19]  419 	ld	l, 4 (ix)
   01DA E5            [11]  420 	push	hl
   01DB C5            [11]  421 	push	bc
   01DC CDr05r03      [17]  422 	call	_iaEnemigo2
   01DF F1            [10]  423 	pop	af
   01E0 F1            [10]  424 	pop	af
   01E1 F1            [10]  425 	pop	af
   01E2 DD 75 FC      [19]  426 	ld	-4 (ix), l
   01E5                     427 00124$:
                            428 ;src/enemigos/enemigos.c:63: for(u8 i=0;i<enemigosMaximos;i++){
   01E5 DD 34 F8      [23]  429 	inc	-8 (ix)
   01E8 C3r06r01      [10]  430 	jp	00123$
   01EB                     431 00121$:
                            432 ;src/enemigos/enemigos.c:86: return estado;
   01EB DD 6E FC      [19]  433 	ld	l, -4 (ix)
   01EE DD F9         [10]  434 	ld	sp, ix
   01F0 DD E1         [14]  435 	pop	ix
   01F2 C9            [10]  436 	ret
                            437 ;src/enemigos/enemigos.c:89: u8 iaEnemigo1(TGameObject* objeto,u8 posx, u8 posy,TGameObject* rocas){
                            438 ;	---------------------------------
                            439 ; Function iaEnemigo1
                            440 ; ---------------------------------
   01F3                     441 _iaEnemigo1::
   01F3 DD E5         [15]  442 	push	ix
   01F5 DD 21 00 00   [14]  443 	ld	ix,#0
   01F9 DD 39         [15]  444 	add	ix,sp
   01FB 21 FA FF      [10]  445 	ld	hl, #-6
   01FE 39            [11]  446 	add	hl, sp
   01FF F9            [ 6]  447 	ld	sp, hl
                            448 ;src/enemigos/enemigos.c:93: if(objeto->posx != posx && objeto->posy != posy){
   0200 DD 46 04      [19]  449 	ld	b, 4 (ix)
   0203 DD 56 05      [19]  450 	ld	d, 5 (ix)
   0206 68            [ 4]  451 	ld	l, b
   0207 62            [ 4]  452 	ld	h, d
   0208 23            [ 6]  453 	inc	hl
   0209 4E            [ 7]  454 	ld	c, (hl)
   020A DD 7E 06      [19]  455 	ld	a, 6 (ix)
   020D 91            [ 4]  456 	sub	a, c
   020E 20 04         [12]  457 	jr	NZ,00198$
   0210 3E 01         [ 7]  458 	ld	a,#0x01
   0212 18 01         [12]  459 	jr	00199$
   0214                     460 00198$:
   0214 AF            [ 4]  461 	xor	a,a
   0215                     462 00199$:
   0215 5F            [ 4]  463 	ld	e, a
   0216 78            [ 4]  464 	ld	a, b
   0217 C6 02         [ 7]  465 	add	a, #0x02
   0219 DD 77 FC      [19]  466 	ld	-4 (ix), a
   021C 7A            [ 4]  467 	ld	a, d
   021D CE 00         [ 7]  468 	adc	a, #0x00
   021F DD 77 FD      [19]  469 	ld	-3 (ix), a
   0222 DD 6E FC      [19]  470 	ld	l,-4 (ix)
   0225 DD 66 FD      [19]  471 	ld	h,-3 (ix)
   0228 7E            [ 7]  472 	ld	a, (hl)
   0229 DD 77 FB      [19]  473 	ld	-5 (ix), a
   022C CB 43         [ 8]  474 	bit	0, e
   022E 20 0D         [12]  475 	jr	NZ,00102$
   0230 DD 7E 07      [19]  476 	ld	a, 7 (ix)
   0233 DD 96 FB      [19]  477 	sub	a, -5 (ix)
   0236 28 05         [12]  478 	jr	Z,00102$
                            479 ;src/enemigos/enemigos.c:94: return no_pasa_nada;
   0238 2E 00         [ 7]  480 	ld	l, #0x00
   023A C3r00r03      [10]  481 	jp	00132$
   023D                     482 00102$:
                            483 ;src/enemigos/enemigos.c:96: if(objeto->posx==posx){        
   023D CB 43         [ 8]  484 	bit	0, e
   023F 28 60         [12]  485 	jr	Z,00114$
                            486 ;src/enemigos/enemigos.c:99: posmenor=posy;
   0241 DD 46 07      [19]  487 	ld	b, 7 (ix)
                            488 ;src/enemigos/enemigos.c:97: if(objeto->posy>posy){
   0244 DD 7E 07      [19]  489 	ld	a, 7 (ix)
   0247 DD 96 FB      [19]  490 	sub	a, -5 (ix)
   024A 30 0B         [12]  491 	jr	NC,00105$
                            492 ;src/enemigos/enemigos.c:98: posmayor=objeto->posy;
   024C DD 7E FB      [19]  493 	ld	a, -5 (ix)
   024F DD 77 FE      [19]  494 	ld	-2 (ix), a
                            495 ;src/enemigos/enemigos.c:99: posmenor=posy;
   0252 DD 70 FF      [19]  496 	ld	-1 (ix), b
   0255 18 09         [12]  497 	jr	00142$
   0257                     498 00105$:
                            499 ;src/enemigos/enemigos.c:101: posmayor=posy;
   0257 DD 70 FE      [19]  500 	ld	-2 (ix), b
                            501 ;src/enemigos/enemigos.c:102: posmenor=objeto->posy;
   025A DD 7E FB      [19]  502 	ld	a, -5 (ix)
   025D DD 77 FF      [19]  503 	ld	-1 (ix), a
                            504 ;src/enemigos/enemigos.c:104: for(u8 i=0;i<RocasMaximas;i++){
   0260                     505 00142$:
   0260 06 00         [ 7]  506 	ld	b, #0x00
   0262                     507 00127$:
   0262 78            [ 4]  508 	ld	a, b
   0263 D6 28         [ 7]  509 	sub	a, #0x28
   0265 30 3A         [12]  510 	jr	NC,00114$
                            511 ;src/enemigos/enemigos.c:105: if(rocas[i].posx==posx){
   0267 58            [ 4]  512 	ld	e,b
   0268 16 00         [ 7]  513 	ld	d,#0x00
   026A 6B            [ 4]  514 	ld	l, e
   026B 62            [ 4]  515 	ld	h, d
   026C 29            [11]  516 	add	hl, hl
   026D 19            [11]  517 	add	hl, de
   026E 29            [11]  518 	add	hl, hl
   026F 19            [11]  519 	add	hl, de
   0270 EB            [ 4]  520 	ex	de,hl
   0271 DD 7E 08      [19]  521 	ld	a, 8 (ix)
   0274 83            [ 4]  522 	add	a, e
   0275 5F            [ 4]  523 	ld	e, a
   0276 DD 7E 09      [19]  524 	ld	a, 9 (ix)
   0279 8A            [ 4]  525 	adc	a, d
   027A 57            [ 4]  526 	ld	d, a
   027B 6B            [ 4]  527 	ld	l, e
   027C 62            [ 4]  528 	ld	h, d
   027D 23            [ 6]  529 	inc	hl
   027E 7E            [ 7]  530 	ld	a, (hl)
   027F DD 77 FB      [19]  531 	ld	-5 (ix), a
   0282 DD 7E 06      [19]  532 	ld	a, 6 (ix)
   0285 DD 96 FB      [19]  533 	sub	a, -5 (ix)
   0288 20 14         [12]  534 	jr	NZ,00128$
                            535 ;src/enemigos/enemigos.c:106: if(rocas[i].posy>posmenor && rocas[i].posy<posmayor){                    
   028A EB            [ 4]  536 	ex	de,hl
   028B 23            [ 6]  537 	inc	hl
   028C 23            [ 6]  538 	inc	hl
   028D 5E            [ 7]  539 	ld	e, (hl)
   028E DD 7E FF      [19]  540 	ld	a, -1 (ix)
   0291 93            [ 4]  541 	sub	a, e
   0292 30 0A         [12]  542 	jr	NC,00128$
   0294 7B            [ 4]  543 	ld	a, e
   0295 DD 96 FE      [19]  544 	sub	a, -2 (ix)
   0298 30 04         [12]  545 	jr	NC,00128$
                            546 ;src/enemigos/enemigos.c:107: return no_pasa_nada;
   029A 2E 00         [ 7]  547 	ld	l, #0x00
   029C 18 62         [12]  548 	jr	00132$
   029E                     549 00128$:
                            550 ;src/enemigos/enemigos.c:104: for(u8 i=0;i<RocasMaximas;i++){
   029E 04            [ 4]  551 	inc	b
   029F 18 C1         [12]  552 	jr	00127$
   02A1                     553 00114$:
                            554 ;src/enemigos/enemigos.c:112: if(objeto->posy==posy){        
   02A1 DD 6E FC      [19]  555 	ld	l,-4 (ix)
   02A4 DD 66 FD      [19]  556 	ld	h,-3 (ix)
   02A7 DD 7E 07      [19]  557 	ld	a,7 (ix)
   02AA 96            [ 7]  558 	sub	a,(hl)
   02AB 20 51         [12]  559 	jr	NZ,00125$
                            560 ;src/enemigos/enemigos.c:115: posmenor=posx;
   02AD DD 5E 06      [19]  561 	ld	e, 6 (ix)
                            562 ;src/enemigos/enemigos.c:113: if(objeto->posx>posx){
   02B0 DD 7E 06      [19]  563 	ld	a, 6 (ix)
   02B3 91            [ 4]  564 	sub	a, c
   02B4 30 06         [12]  565 	jr	NC,00116$
                            566 ;src/enemigos/enemigos.c:114: posmayor=objeto->posx;
   02B6 DD 71 FA      [19]  567 	ld	-6 (ix), c
                            568 ;src/enemigos/enemigos.c:115: posmenor=posx;
   02B9 4B            [ 4]  569 	ld	c, e
   02BA 18 03         [12]  570 	jr	00149$
   02BC                     571 00116$:
                            572 ;src/enemigos/enemigos.c:117: posmayor=posx;
   02BC DD 73 FA      [19]  573 	ld	-6 (ix), e
                            574 ;src/enemigos/enemigos.c:118: posmenor=objeto->posx;
                            575 ;src/enemigos/enemigos.c:120: for(u8 i=0;i<RocasMaximas;i++){
   02BF                     576 00149$:
   02BF 06 00         [ 7]  577 	ld	b, #0x00
   02C1                     578 00130$:
   02C1 78            [ 4]  579 	ld	a, b
   02C2 D6 28         [ 7]  580 	sub	a, #0x28
   02C4 30 38         [12]  581 	jr	NC,00125$
                            582 ;src/enemigos/enemigos.c:121: if(rocas[i].posy==posy){
   02C6 58            [ 4]  583 	ld	e,b
   02C7 16 00         [ 7]  584 	ld	d,#0x00
   02C9 6B            [ 4]  585 	ld	l, e
   02CA 62            [ 4]  586 	ld	h, d
   02CB 29            [11]  587 	add	hl, hl
   02CC 19            [11]  588 	add	hl, de
   02CD 29            [11]  589 	add	hl, hl
   02CE 19            [11]  590 	add	hl, de
   02CF EB            [ 4]  591 	ex	de,hl
   02D0 DD 7E 08      [19]  592 	ld	a, 8 (ix)
   02D3 83            [ 4]  593 	add	a, e
   02D4 5F            [ 4]  594 	ld	e, a
   02D5 DD 7E 09      [19]  595 	ld	a, 9 (ix)
   02D8 8A            [ 4]  596 	adc	a, d
   02D9 57            [ 4]  597 	ld	d, a
   02DA 6B            [ 4]  598 	ld	l, e
   02DB 62            [ 4]  599 	ld	h, d
   02DC 23            [ 6]  600 	inc	hl
   02DD 23            [ 6]  601 	inc	hl
   02DE 7E            [ 7]  602 	ld	a, (hl)
   02DF DD 77 FF      [19]  603 	ld	-1 (ix), a
   02E2 DD 7E 07      [19]  604 	ld	a, 7 (ix)
   02E5 DD 96 FF      [19]  605 	sub	a, -1 (ix)
   02E8 20 11         [12]  606 	jr	NZ,00131$
                            607 ;src/enemigos/enemigos.c:122: if(rocas[i].posx>posmenor && rocas[i].posx<posmayor){                
   02EA EB            [ 4]  608 	ex	de,hl
   02EB 23            [ 6]  609 	inc	hl
   02EC 5E            [ 7]  610 	ld	e, (hl)
   02ED 79            [ 4]  611 	ld	a, c
   02EE 93            [ 4]  612 	sub	a, e
   02EF 30 0A         [12]  613 	jr	NC,00131$
   02F1 7B            [ 4]  614 	ld	a, e
   02F2 DD 96 FA      [19]  615 	sub	a, -6 (ix)
   02F5 30 04         [12]  616 	jr	NC,00131$
                            617 ;src/enemigos/enemigos.c:123: return no_pasa_nada;
   02F7 2E 00         [ 7]  618 	ld	l, #0x00
   02F9 18 05         [12]  619 	jr	00132$
   02FB                     620 00131$:
                            621 ;src/enemigos/enemigos.c:120: for(u8 i=0;i<RocasMaximas;i++){
   02FB 04            [ 4]  622 	inc	b
   02FC 18 C3         [12]  623 	jr	00130$
   02FE                     624 00125$:
                            625 ;src/enemigos/enemigos.c:128: return player_muere;
   02FE 2E 01         [ 7]  626 	ld	l, #0x01
   0300                     627 00132$:
   0300 DD F9         [10]  628 	ld	sp, ix
   0302 DD E1         [14]  629 	pop	ix
   0304 C9            [10]  630 	ret
                            631 ;src/enemigos/enemigos.c:131: u8 iaEnemigo2(TGameObject* objeto,u8 posx, u8 posy,TGameObject* rocas){
                            632 ;	---------------------------------
                            633 ; Function iaEnemigo2
                            634 ; ---------------------------------
   0305                     635 _iaEnemigo2::
   0305 DD E5         [15]  636 	push	ix
   0307 DD 21 00 00   [14]  637 	ld	ix,#0
   030B DD 39         [15]  638 	add	ix,sp
   030D 21 F5 FF      [10]  639 	ld	hl, #-11
   0310 39            [11]  640 	add	hl, sp
   0311 F9            [ 6]  641 	ld	sp, hl
                            642 ;src/enemigos/enemigos.c:135: u8 nextPosx=0;
   0312 DD 36 F7 00   [19]  643 	ld	-9 (ix), #0x00
                            644 ;src/enemigos/enemigos.c:136: u8 nextPosy=0;
   0316 DD 36 F6 00   [19]  645 	ld	-10 (ix), #0x00
                            646 ;src/enemigos/enemigos.c:140: distanciax=posx-objeto->posx;
   031A DD 5E 06      [19]  647 	ld	e, 6 (ix)
   031D 16 00         [ 7]  648 	ld	d, #0x00
   031F DD 4E 04      [19]  649 	ld	c,4 (ix)
   0322 DD 46 05      [19]  650 	ld	b,5 (ix)
   0325 21 01 00      [10]  651 	ld	hl, #0x0001
   0328 09            [11]  652 	add	hl,bc
   0329 DD 75 FE      [19]  653 	ld	-2 (ix), l
   032C DD 74 FF      [19]  654 	ld	-1 (ix), h
   032F 6E            [ 7]  655 	ld	l, (hl)
   0330 26 00         [ 7]  656 	ld	h, #0x00
   0332 7B            [ 4]  657 	ld	a, e
   0333 95            [ 4]  658 	sub	a, l
   0334 5F            [ 4]  659 	ld	e, a
   0335 7A            [ 4]  660 	ld	a, d
   0336 9C            [ 4]  661 	sbc	a, h
   0337 DD 73 F8      [19]  662 	ld	-8 (ix), e
   033A DD 77 F9      [19]  663 	ld	-7 (ix), a
                            664 ;src/enemigos/enemigos.c:141: distanciay=posy-objeto->posy;
   033D DD 5E 07      [19]  665 	ld	e, 7 (ix)
   0340 16 00         [ 7]  666 	ld	d, #0x00
   0342 21 02 00      [10]  667 	ld	hl, #0x0002
   0345 09            [11]  668 	add	hl,bc
   0346 DD 75 FA      [19]  669 	ld	-6 (ix), l
   0349 DD 74 FB      [19]  670 	ld	-5 (ix), h
   034C 6E            [ 7]  671 	ld	l, (hl)
   034D 26 00         [ 7]  672 	ld	h, #0x00
   034F 7B            [ 4]  673 	ld	a, e
   0350 95            [ 4]  674 	sub	a, l
   0351 5F            [ 4]  675 	ld	e, a
   0352 7A            [ 4]  676 	ld	a, d
   0353 9C            [ 4]  677 	sbc	a, h
   0354 57            [ 4]  678 	ld	d, a
                            679 ;src/enemigos/enemigos.c:143: if(abs(distanciax)>abs(distanciay)){
   0355 D5            [11]  680 	push	de
   0356 DD 6E F8      [19]  681 	ld	l,-8 (ix)
   0359 DD 66 F9      [19]  682 	ld	h,-7 (ix)
   035C E5            [11]  683 	push	hl
   035D CDr00r00      [17]  684 	call	_abs
   0360 F1            [10]  685 	pop	af
   0361 DD 74 FD      [19]  686 	ld	-3 (ix), h
   0364 DD 75 FC      [19]  687 	ld	-4 (ix), l
   0367 D1            [10]  688 	pop	de
   0368 D5            [11]  689 	push	de
   0369 D5            [11]  690 	push	de
   036A CDr00r00      [17]  691 	call	_abs
   036D F1            [10]  692 	pop	af
   036E D1            [10]  693 	pop	de
   036F 7D            [ 4]  694 	ld	a, l
   0370 DD 96 FC      [19]  695 	sub	a, -4 (ix)
   0373 7C            [ 4]  696 	ld	a, h
   0374 DD 9E FD      [19]  697 	sbc	a, -3 (ix)
   0377 E2r7Cr03      [10]  698 	jp	PO, 00158$
   037A EE 80         [ 7]  699 	xor	a, #0x80
   037C                     700 00158$:
   037C F2r8Dr03      [10]  701 	jp	P, 00108$
                            702 ;src/enemigos/enemigos.c:144: if(distanciax<0){
   037F DD CB F9 7E   [20]  703 	bit	7, -7 (ix)
   0383 28 04         [12]  704 	jr	Z,00102$
                            705 ;src/enemigos/enemigos.c:145: nextMovimiento=mover_Izquierda;
   0385 1E 01         [ 7]  706 	ld	e, #0x01
   0387 18 0E         [12]  707 	jr	00109$
   0389                     708 00102$:
                            709 ;src/enemigos/enemigos.c:147: nextMovimiento=mover_Derecha;
   0389 1E 03         [ 7]  710 	ld	e, #0x03
   038B 18 0A         [12]  711 	jr	00109$
   038D                     712 00108$:
                            713 ;src/enemigos/enemigos.c:150: if(distanciay<0){
   038D CB 7A         [ 8]  714 	bit	7, d
   038F 28 04         [12]  715 	jr	Z,00105$
                            716 ;src/enemigos/enemigos.c:151: nextMovimiento=mover_Arriba;
   0391 1E 02         [ 7]  717 	ld	e, #0x02
   0393 18 02         [12]  718 	jr	00109$
   0395                     719 00105$:
                            720 ;src/enemigos/enemigos.c:153: nextMovimiento=mover_Abajo;
   0395 1E 04         [ 7]  721 	ld	e, #0x04
   0397                     722 00109$:
                            723 ;src/enemigos/enemigos.c:157: nextPosx=objeto->posx;
   0397 DD 6E FE      [19]  724 	ld	l,-2 (ix)
   039A DD 66 FF      [19]  725 	ld	h,-1 (ix)
   039D 7E            [ 7]  726 	ld	a, (hl)
   039E DD 77 F7      [19]  727 	ld	-9 (ix), a
                            728 ;src/enemigos/enemigos.c:158: nextPosy=objeto->posy;
   03A1 DD 6E FA      [19]  729 	ld	l,-6 (ix)
   03A4 DD 66 FB      [19]  730 	ld	h,-5 (ix)
   03A7 7E            [ 7]  731 	ld	a, (hl)
   03A8 DD 77 F6      [19]  732 	ld	-10 (ix), a
                            733 ;src/enemigos/enemigos.c:159: mover1casilla(&nextPosx,&nextPosy,nextMovimiento);
   03AB 21 01 00      [10]  734 	ld	hl, #0x0001
   03AE 39            [11]  735 	add	hl, sp
   03AF DD 75 FC      [19]  736 	ld	-4 (ix), l
   03B2 DD 74 FD      [19]  737 	ld	-3 (ix), h
   03B5 21 02 00      [10]  738 	ld	hl, #0x0002
   03B8 39            [11]  739 	add	hl, sp
   03B9 C5            [11]  740 	push	bc
   03BA 7B            [ 4]  741 	ld	a, e
   03BB F5            [11]  742 	push	af
   03BC 33            [ 6]  743 	inc	sp
   03BD DD 5E FC      [19]  744 	ld	e,-4 (ix)
   03C0 DD 56 FD      [19]  745 	ld	d,-3 (ix)
   03C3 D5            [11]  746 	push	de
   03C4 E5            [11]  747 	push	hl
   03C5 CDr00r00      [17]  748 	call	_mover1casilla
   03C8 F1            [10]  749 	pop	af
   03C9 F1            [10]  750 	pop	af
   03CA 33            [ 6]  751 	inc	sp
   03CB C1            [10]  752 	pop	bc
                            753 ;src/enemigos/enemigos.c:160: for (u8 i=0;i<RocasMaximas;i++){
   03CC DD 36 F5 00   [19]  754 	ld	-11 (ix), #0x00
   03D0                     755 00118$:
   03D0 DD 7E F5      [19]  756 	ld	a, -11 (ix)
   03D3 D6 28         [ 7]  757 	sub	a, #0x28
   03D5 30 36         [12]  758 	jr	NC,00113$
                            759 ;src/enemigos/enemigos.c:161: if(rocas[i].posx==nextPosx && rocas[i].posy==nextPosy){
   03D7 DD 5E F5      [19]  760 	ld	e,-11 (ix)
   03DA 16 00         [ 7]  761 	ld	d,#0x00
   03DC 6B            [ 4]  762 	ld	l, e
   03DD 62            [ 4]  763 	ld	h, d
   03DE 29            [11]  764 	add	hl, hl
   03DF 19            [11]  765 	add	hl, de
   03E0 29            [11]  766 	add	hl, hl
   03E1 19            [11]  767 	add	hl, de
   03E2 EB            [ 4]  768 	ex	de,hl
   03E3 DD 7E 08      [19]  769 	ld	a, 8 (ix)
   03E6 83            [ 4]  770 	add	a, e
   03E7 5F            [ 4]  771 	ld	e, a
   03E8 DD 7E 09      [19]  772 	ld	a, 9 (ix)
   03EB 8A            [ 4]  773 	adc	a, d
   03EC 57            [ 4]  774 	ld	d, a
   03ED 6B            [ 4]  775 	ld	l, e
   03EE 62            [ 4]  776 	ld	h, d
   03EF 23            [ 6]  777 	inc	hl
   03F0 7E            [ 7]  778 	ld	a, (hl)
   03F1 DD 77 FC      [19]  779 	ld	-4 (ix), a
   03F4 DD 7E F7      [19]  780 	ld	a, -9 (ix)
   03F7 DD 96 FC      [19]  781 	sub	a, -4 (ix)
   03FA 20 0C         [12]  782 	jr	NZ,00119$
   03FC EB            [ 4]  783 	ex	de,hl
   03FD 23            [ 6]  784 	inc	hl
   03FE 23            [ 6]  785 	inc	hl
   03FF DD 7E F6      [19]  786 	ld	a,-10 (ix)
                            787 ;src/enemigos/enemigos.c:162: return no_pasa_nada;
   0402 96            [ 7]  788 	sub	a,(hl)
   0403 20 03         [12]  789 	jr	NZ,00119$
   0405 6F            [ 4]  790 	ld	l,a
   0406 18 28         [12]  791 	jr	00120$
   0408                     792 00119$:
                            793 ;src/enemigos/enemigos.c:160: for (u8 i=0;i<RocasMaximas;i++){
   0408 DD 34 F5      [23]  794 	inc	-11 (ix)
   040B 18 C3         [12]  795 	jr	00118$
   040D                     796 00113$:
                            797 ;src/enemigos/enemigos.c:165: moverYdibujar(objeto,nextPosx,nextPosy);
   040D DD 66 F6      [19]  798 	ld	h, -10 (ix)
   0410 DD 6E F7      [19]  799 	ld	l, -9 (ix)
   0413 E5            [11]  800 	push	hl
   0414 C5            [11]  801 	push	bc
   0415 CDr00r00      [17]  802 	call	_moverYdibujar
   0418 F1            [10]  803 	pop	af
   0419 F1            [10]  804 	pop	af
                            805 ;src/enemigos/enemigos.c:166: if(nextPosx==posx && nextPosy==posy){
   041A DD 7E F7      [19]  806 	ld	a, -9 (ix)
   041D DD 96 06      [19]  807 	sub	a, 6 (ix)
   0420 20 0C         [12]  808 	jr	NZ,00115$
   0422 DD 7E F6      [19]  809 	ld	a, -10 (ix)
   0425 DD 96 07      [19]  810 	sub	a, 7 (ix)
   0428 20 04         [12]  811 	jr	NZ,00115$
                            812 ;src/enemigos/enemigos.c:167: return player_muere;
   042A 2E 01         [ 7]  813 	ld	l, #0x01
   042C 18 02         [12]  814 	jr	00120$
   042E                     815 00115$:
                            816 ;src/enemigos/enemigos.c:169: return no_pasa_nada;
   042E 2E 00         [ 7]  817 	ld	l, #0x00
   0430                     818 00120$:
   0430 DD F9         [10]  819 	ld	sp, ix
   0432 DD E1         [14]  820 	pop	ix
   0434 C9            [10]  821 	ret
                            822 ;src/enemigos/enemigos.c:177: void crearEnemigoIzquierda(u8 posx,u8 posy, u8 sprite){
                            823 ;	---------------------------------
                            824 ; Function crearEnemigoIzquierda
                            825 ; ---------------------------------
   0435                     826 _crearEnemigoIzquierda::
   0435 DD E5         [15]  827 	push	ix
   0437 DD 21 00 00   [14]  828 	ld	ix,#0
   043B DD 39         [15]  829 	add	ix,sp
                            830 ;src/enemigos/enemigos.c:178: enemigosIzquierda[contadorEnemigosIz].posx=posx;
   043D 01r72r00      [10]  831 	ld	bc, #_enemigosIzquierda+0
   0440 ED 5BrB8r00   [20]  832 	ld	de, (_contadorEnemigosIz)
   0444 16 00         [ 7]  833 	ld	d, #0x00
   0446 6B            [ 4]  834 	ld	l, e
   0447 62            [ 4]  835 	ld	h, d
   0448 29            [11]  836 	add	hl, hl
   0449 19            [11]  837 	add	hl, de
   044A 29            [11]  838 	add	hl, hl
   044B 19            [11]  839 	add	hl, de
   044C 09            [11]  840 	add	hl, bc
   044D 23            [ 6]  841 	inc	hl
   044E DD 7E 04      [19]  842 	ld	a, 4 (ix)
   0451 77            [ 7]  843 	ld	(hl), a
                            844 ;src/enemigos/enemigos.c:179: enemigosIzquierda[contadorEnemigosIz].posy=posy;
   0452 ED 5BrB8r00   [20]  845 	ld	de, (_contadorEnemigosIz)
   0456 16 00         [ 7]  846 	ld	d, #0x00
   0458 6B            [ 4]  847 	ld	l, e
   0459 62            [ 4]  848 	ld	h, d
   045A 29            [11]  849 	add	hl, hl
   045B 19            [11]  850 	add	hl, de
   045C 29            [11]  851 	add	hl, hl
   045D 19            [11]  852 	add	hl, de
   045E 09            [11]  853 	add	hl, bc
   045F 23            [ 6]  854 	inc	hl
   0460 23            [ 6]  855 	inc	hl
   0461 DD 7E 05      [19]  856 	ld	a, 5 (ix)
   0464 77            [ 7]  857 	ld	(hl), a
                            858 ;src/enemigos/enemigos.c:180: enemigosIzquierda[contadorEnemigosIz].sprite=sprite;
   0465 ED 5BrB8r00   [20]  859 	ld	de, (_contadorEnemigosIz)
   0469 16 00         [ 7]  860 	ld	d, #0x00
   046B 6B            [ 4]  861 	ld	l, e
   046C 62            [ 4]  862 	ld	h, d
   046D 29            [11]  863 	add	hl, hl
   046E 19            [11]  864 	add	hl, de
   046F 29            [11]  865 	add	hl, hl
   0470 19            [11]  866 	add	hl, de
   0471 09            [11]  867 	add	hl, bc
   0472 23            [ 6]  868 	inc	hl
   0473 23            [ 6]  869 	inc	hl
   0474 23            [ 6]  870 	inc	hl
   0475 DD 7E 06      [19]  871 	ld	a, 6 (ix)
   0478 77            [ 7]  872 	ld	(hl), a
                            873 ;src/enemigos/enemigos.c:181: contadorEnemigosIz++;
   0479 21rB8r00      [10]  874 	ld	hl, #_contadorEnemigosIz+0
   047C 34            [11]  875 	inc	(hl)
   047D DD E1         [14]  876 	pop	ix
   047F C9            [10]  877 	ret
                            878 ;src/enemigos/enemigos.c:183: void crearEnemigoDerecha(u8 posx,u8 posy, u8 sprite){
                            879 ;	---------------------------------
                            880 ; Function crearEnemigoDerecha
                            881 ; ---------------------------------
   0480                     882 _crearEnemigoDerecha::
   0480 DD E5         [15]  883 	push	ix
   0482 DD 21 00 00   [14]  884 	ld	ix,#0
   0486 DD 39         [15]  885 	add	ix,sp
                            886 ;src/enemigos/enemigos.c:184: enemigosDerecha[contadorEnemigosDe].posx=posx;
   0488 01r95r00      [10]  887 	ld	bc, #_enemigosDerecha+0
   048B ED 5BrB9r00   [20]  888 	ld	de, (_contadorEnemigosDe)
   048F 16 00         [ 7]  889 	ld	d, #0x00
   0491 6B            [ 4]  890 	ld	l, e
   0492 62            [ 4]  891 	ld	h, d
   0493 29            [11]  892 	add	hl, hl
   0494 19            [11]  893 	add	hl, de
   0495 29            [11]  894 	add	hl, hl
   0496 19            [11]  895 	add	hl, de
   0497 09            [11]  896 	add	hl, bc
   0498 23            [ 6]  897 	inc	hl
   0499 DD 7E 04      [19]  898 	ld	a, 4 (ix)
   049C 77            [ 7]  899 	ld	(hl), a
                            900 ;src/enemigos/enemigos.c:185: enemigosDerecha[contadorEnemigosDe].posy=posy;
   049D ED 5BrB9r00   [20]  901 	ld	de, (_contadorEnemigosDe)
   04A1 16 00         [ 7]  902 	ld	d, #0x00
   04A3 6B            [ 4]  903 	ld	l, e
   04A4 62            [ 4]  904 	ld	h, d
   04A5 29            [11]  905 	add	hl, hl
   04A6 19            [11]  906 	add	hl, de
   04A7 29            [11]  907 	add	hl, hl
   04A8 19            [11]  908 	add	hl, de
   04A9 09            [11]  909 	add	hl, bc
   04AA 23            [ 6]  910 	inc	hl
   04AB 23            [ 6]  911 	inc	hl
   04AC DD 7E 05      [19]  912 	ld	a, 5 (ix)
   04AF 77            [ 7]  913 	ld	(hl), a
                            914 ;src/enemigos/enemigos.c:186: enemigosDerecha[contadorEnemigosDe].sprite=sprite;
   04B0 ED 5BrB9r00   [20]  915 	ld	de, (_contadorEnemigosDe)
   04B4 16 00         [ 7]  916 	ld	d, #0x00
   04B6 6B            [ 4]  917 	ld	l, e
   04B7 62            [ 4]  918 	ld	h, d
   04B8 29            [11]  919 	add	hl, hl
   04B9 19            [11]  920 	add	hl, de
   04BA 29            [11]  921 	add	hl, hl
   04BB 19            [11]  922 	add	hl, de
   04BC 09            [11]  923 	add	hl, bc
   04BD 23            [ 6]  924 	inc	hl
   04BE 23            [ 6]  925 	inc	hl
   04BF 23            [ 6]  926 	inc	hl
   04C0 DD 7E 06      [19]  927 	ld	a, 6 (ix)
   04C3 77            [ 7]  928 	ld	(hl), a
                            929 ;src/enemigos/enemigos.c:187: contadorEnemigosDe++;
   04C4 21rB9r00      [10]  930 	ld	hl, #_contadorEnemigosDe+0
   04C7 34            [11]  931 	inc	(hl)
   04C8 DD E1         [14]  932 	pop	ix
   04CA C9            [10]  933 	ret
                            934 ;src/enemigos/enemigos.c:190: void sinEnemigos(){
                            935 ;	---------------------------------
                            936 ; Function sinEnemigos
                            937 ; ---------------------------------
   04CB                     938 _sinEnemigos::
                            939 ;src/enemigos/enemigos.c:192: }
   04CB C9            [10]  940 	ret
                            941 ;src/enemigos/enemigos.c:195: void enemigosNivel01(){
                            942 ;	---------------------------------
                            943 ; Function enemigosNivel01
                            944 ; ---------------------------------
   04CC                     945 _enemigosNivel01::
                            946 ;src/enemigos/enemigos.c:196: crearEnemigoDerecha(14,3,sprite_enemigo1);
   04CC 21 03 2A      [10]  947 	ld	hl, #0x2a03
   04CF E5            [11]  948 	push	hl
   04D0 3E 0E         [ 7]  949 	ld	a, #0x0e
   04D2 F5            [11]  950 	push	af
   04D3 33            [ 6]  951 	inc	sp
   04D4 CDr80r04      [17]  952 	call	_crearEnemigoDerecha
   04D7 F1            [10]  953 	pop	af
   04D8 33            [ 6]  954 	inc	sp
   04D9 C9            [10]  955 	ret
                            956 ;src/enemigos/enemigos.c:198: void enemigosNvel_trap_01(){
                            957 ;	---------------------------------
                            958 ; Function enemigosNvel_trap_01
                            959 ; ---------------------------------
   04DA                     960 _enemigosNvel_trap_01::
                            961 ;src/enemigos/enemigos.c:199: crearEnemigoIzquierda(2,2,sprite_enemigo1);
   04DA 21 02 2A      [10]  962 	ld	hl, #0x2a02
   04DD E5            [11]  963 	push	hl
   04DE 3E 02         [ 7]  964 	ld	a, #0x02
   04E0 F5            [11]  965 	push	af
   04E1 33            [ 6]  966 	inc	sp
   04E2 CDr35r04      [17]  967 	call	_crearEnemigoIzquierda
                            968 ;src/enemigos/enemigos.c:200: crearEnemigoIzquierda(2,6,sprite_enemigo1);
   04E5 33            [ 6]  969 	inc	sp
   04E6 21 06 2A      [10]  970 	ld	hl,#0x2a06
   04E9 E3            [19]  971 	ex	(sp),hl
   04EA 3E 02         [ 7]  972 	ld	a, #0x02
   04EC F5            [11]  973 	push	af
   04ED 33            [ 6]  974 	inc	sp
   04EE CDr35r04      [17]  975 	call	_crearEnemigoIzquierda
                            976 ;src/enemigos/enemigos.c:201: crearEnemigoIzquierda(6,2,sprite_enemigo1);
   04F1 33            [ 6]  977 	inc	sp
   04F2 21 02 2A      [10]  978 	ld	hl,#0x2a02
   04F5 E3            [19]  979 	ex	(sp),hl
   04F6 3E 06         [ 7]  980 	ld	a, #0x06
   04F8 F5            [11]  981 	push	af
   04F9 33            [ 6]  982 	inc	sp
   04FA CDr35r04      [17]  983 	call	_crearEnemigoIzquierda
                            984 ;src/enemigos/enemigos.c:202: crearEnemigoIzquierda(6,6,sprite_enemigo1);
   04FD 33            [ 6]  985 	inc	sp
   04FE 21 06 2A      [10]  986 	ld	hl,#0x2a06
   0501 E3            [19]  987 	ex	(sp),hl
   0502 3E 06         [ 7]  988 	ld	a, #0x06
   0504 F5            [11]  989 	push	af
   0505 33            [ 6]  990 	inc	sp
   0506 CDr35r04      [17]  991 	call	_crearEnemigoIzquierda
   0509 F1            [10]  992 	pop	af
   050A 33            [ 6]  993 	inc	sp
   050B C9            [10]  994 	ret
                            995 ;src/enemigos/enemigos.c:204: void enemigosNvel_04(){
                            996 ;	---------------------------------
                            997 ; Function enemigosNvel_04
                            998 ; ---------------------------------
   050C                     999 _enemigosNvel_04::
                           1000 ;src/enemigos/enemigos.c:205: crearEnemigoDerecha(12,3,sprite_enemigo1);
   050C 21 03 2A      [10] 1001 	ld	hl, #0x2a03
   050F E5            [11] 1002 	push	hl
   0510 3E 0C         [ 7] 1003 	ld	a, #0x0c
   0512 F5            [11] 1004 	push	af
   0513 33            [ 6] 1005 	inc	sp
   0514 CDr80r04      [17] 1006 	call	_crearEnemigoDerecha
                           1007 ;src/enemigos/enemigos.c:206: crearEnemigoDerecha(12,5,sprite_enemigo1);
   0517 33            [ 6] 1008 	inc	sp
   0518 21 05 2A      [10] 1009 	ld	hl,#0x2a05
   051B E3            [19] 1010 	ex	(sp),hl
   051C 3E 0C         [ 7] 1011 	ld	a, #0x0c
   051E F5            [11] 1012 	push	af
   051F 33            [ 6] 1013 	inc	sp
   0520 CDr80r04      [17] 1014 	call	_crearEnemigoDerecha
   0523 F1            [10] 1015 	pop	af
   0524 33            [ 6] 1016 	inc	sp
   0525 C9            [10] 1017 	ret
                           1018 ;src/enemigos/enemigos.c:208: void enemigosNvel_04_01(){
                           1019 ;	---------------------------------
                           1020 ; Function enemigosNvel_04_01
                           1021 ; ---------------------------------
   0526                    1022 _enemigosNvel_04_01::
                           1023 ;src/enemigos/enemigos.c:209: crearEnemigoIzquierda(4,4,sprite_enemigo1);
   0526 21 04 2A      [10] 1024 	ld	hl, #0x2a04
   0529 E5            [11] 1025 	push	hl
   052A 3E 04         [ 7] 1026 	ld	a, #0x04
   052C F5            [11] 1027 	push	af
   052D 33            [ 6] 1028 	inc	sp
   052E CDr35r04      [17] 1029 	call	_crearEnemigoIzquierda
   0531 F1            [10] 1030 	pop	af
   0532 33            [ 6] 1031 	inc	sp
   0533 C9            [10] 1032 	ret
                           1033 	.area _CODE
                           1034 	.area _INITIALIZER
                           1035 	.area _CABS (ABS)
