                              1 ;--------------------------------------------------------
                              2 ; File Created by SDCC : free open source ANSI-C Compiler
                              3 ; Version 3.6.8 #9946 (Linux)
                              4 ;--------------------------------------------------------
                              5 	.module fisicas
                              6 	.optsdcc -mz80
                              7 	
                              8 ;--------------------------------------------------------
                              9 ; Public variables in this module
                             10 ;--------------------------------------------------------
                             11 	.globl _calcularPosicionEnPantalla
                             12 	.globl _calcularMaximosyMinimos
                             13 	.globl _comprobarColisiones1vs1
                             14 ;--------------------------------------------------------
                             15 ; special function registers
                             16 ;--------------------------------------------------------
                             17 ;--------------------------------------------------------
                             18 ; ram data
                             19 ;--------------------------------------------------------
                             20 	.area _DATA
                             21 ;--------------------------------------------------------
                             22 ; ram data
                             23 ;--------------------------------------------------------
                             24 	.area _INITIALIZED
                             25 ;--------------------------------------------------------
                             26 ; absolute external ram data
                             27 ;--------------------------------------------------------
                             28 	.area _DABS (ABS)
                             29 ;--------------------------------------------------------
                             30 ; global & static initialisations
                             31 ;--------------------------------------------------------
                             32 	.area _HOME
                             33 	.area _GSINIT
                             34 	.area _GSFINAL
                             35 	.area _GSINIT
                             36 ;--------------------------------------------------------
                             37 ; Home
                             38 ;--------------------------------------------------------
                             39 	.area _HOME
                             40 	.area _HOME
                             41 ;--------------------------------------------------------
                             42 ; code
                             43 ;--------------------------------------------------------
                             44 	.area _CODE
                             45 ;src/fisicas/fisicas.c:18: u8* calcularPosicionEnPantalla(u8 posx, u8 posy){
                             46 ;	---------------------------------
                             47 ; Function calcularPosicionEnPantalla
                             48 ; ---------------------------------
   0000                      49 _calcularPosicionEnPantalla::
   0000 DD E5         [15]   50 	push	ix
   0002 DD 21 00 00   [14]   51 	ld	ix,#0
   0006 DD 39         [15]   52 	add	ix,sp
                             53 ;src/fisicas/fisicas.c:20: return cpctm_screenPtr(CPCT_VMEM_START, posx*4, posy*16);
   0008 DD 6E 05      [19]   54 	ld	l, 5 (ix)
   000B 26 00         [ 7]   55 	ld	h, #0x00
   000D 29            [11]   56 	add	hl, hl
   000E 29            [11]   57 	add	hl, hl
   000F 29            [11]   58 	add	hl, hl
   0010 29            [11]   59 	add	hl, hl
   0011 EB            [ 4]   60 	ex	de,hl
   0012 4B            [ 4]   61 	ld	c, e
   0013 42            [ 4]   62 	ld	b, d
   0014 CB 28         [ 8]   63 	sra	b
   0016 CB 19         [ 8]   64 	rr	c
   0018 CB 28         [ 8]   65 	sra	b
   001A CB 19         [ 8]   66 	rr	c
   001C CB 28         [ 8]   67 	sra	b
   001E CB 19         [ 8]   68 	rr	c
   0020 69            [ 4]   69 	ld	l, c
   0021 60            [ 4]   70 	ld	h, b
   0022 29            [11]   71 	add	hl, hl
   0023 29            [11]   72 	add	hl, hl
   0024 09            [11]   73 	add	hl, bc
   0025 29            [11]   74 	add	hl, hl
   0026 29            [11]   75 	add	hl, hl
   0027 29            [11]   76 	add	hl, hl
   0028 29            [11]   77 	add	hl, hl
   0029 01 00 C0      [10]   78 	ld	bc, #0xc000
   002C 09            [11]   79 	add	hl, bc
   002D 7B            [ 4]   80 	ld	a, e
   002E E6 07         [ 7]   81 	and	a, #0x07
   0030 07            [ 4]   82 	rlca
   0031 07            [ 4]   83 	rlca
   0032 07            [ 4]   84 	rlca
   0033 E6 F8         [ 7]   85 	and	a, #0xf8
   0035 47            [ 4]   86 	ld	b, a
   0036 0E 00         [ 7]   87 	ld	c, #0x00
   0038 09            [11]   88 	add	hl,bc
   0039 4D            [ 4]   89 	ld	c, l
   003A 44            [ 4]   90 	ld	b, h
   003B DD 6E 04      [19]   91 	ld	l, 4 (ix)
   003E 26 00         [ 7]   92 	ld	h, #0x00
   0040 29            [11]   93 	add	hl, hl
   0041 29            [11]   94 	add	hl, hl
   0042 09            [11]   95 	add	hl, bc
   0043 DD E1         [14]   96 	pop	ix
   0045 C9            [10]   97 	ret
                             98 ;src/fisicas/fisicas.c:22: u8 calcularMaximosyMinimos(u8 movimiento,u8 posx, u8 posy,u8 posicion){   
                             99 ;	---------------------------------
                            100 ; Function calcularMaximosyMinimos
                            101 ; ---------------------------------
   0046                     102 _calcularMaximosyMinimos::
   0046 DD E5         [15]  103 	push	ix
   0048 DD 21 00 00   [14]  104 	ld	ix,#0
   004C DD 39         [15]  105 	add	ix,sp
                            106 ;src/fisicas/fisicas.c:25: if(posicion==posicion_Izquieda){        
   004E DD 7E 07      [19]  107 	ld	a, 7 (ix)
   0051 B7            [ 4]  108 	or	a, a
   0052 20 06         [12]  109 	jr	NZ,00102$
                            110 ;src/fisicas/fisicas.c:26: maximox=posxMax;
   0054 0E 07         [ 7]  111 	ld	c, #0x07
                            112 ;src/fisicas/fisicas.c:27: minimox=posMin;
   0056 1E 01         [ 7]  113 	ld	e, #0x01
   0058 18 04         [12]  114 	jr	00103$
   005A                     115 00102$:
                            116 ;src/fisicas/fisicas.c:29: maximox=posxMaxEspejo;
   005A 0E 0F         [ 7]  117 	ld	c, #0x0f
                            118 ;src/fisicas/fisicas.c:30: minimox=posxminEspejo;
   005C 1E 09         [ 7]  119 	ld	e, #0x09
   005E                     120 00103$:
                            121 ;src/fisicas/fisicas.c:33: if(movimiento!=mover_SinMovimiento){
   005E DD 7E 04      [19]  122 	ld	a, 4 (ix)
   0061 B7            [ 4]  123 	or	a, a
   0062 28 75         [12]  124 	jr	Z,00124$
                            125 ;src/fisicas/fisicas.c:35: if(posx-1<minimox)
   0064 DD 6E 05      [19]  126 	ld	l, 5 (ix)
   0067 26 00         [ 7]  127 	ld	h, #0x00
                            128 ;src/fisicas/fisicas.c:34: if(movimiento==mover_Izquierda){
   0069 DD 7E 04      [19]  129 	ld	a, 4 (ix)
   006C 3D            [ 4]  130 	dec	a
   006D 20 15         [12]  131 	jr	NZ,00121$
                            132 ;src/fisicas/fisicas.c:35: if(posx-1<minimox)
   006F 2B            [ 6]  133 	dec	hl
   0070 0E 00         [ 7]  134 	ld	c, #0x00
   0072 7D            [ 4]  135 	ld	a, l
   0073 93            [ 4]  136 	sub	a, e
   0074 7C            [ 4]  137 	ld	a, h
   0075 99            [ 4]  138 	sbc	a, c
   0076 E2r7Br00      [10]  139 	jp	PO, 00169$
   0079 EE 80         [ 7]  140 	xor	a, #0x80
   007B                     141 00169$:
   007B F2rD9r00      [10]  142 	jp	P, 00124$
                            143 ;src/fisicas/fisicas.c:36: movimiento=mover_SinMovimiento;
   007E DD 36 04 00   [19]  144 	ld	4 (ix), #0x00
   0082 18 55         [12]  145 	jr	00124$
   0084                     146 00121$:
                            147 ;src/fisicas/fisicas.c:38: if(posy-1<posMin)
   0084 DD 5E 06      [19]  148 	ld	e, 6 (ix)
   0087 16 00         [ 7]  149 	ld	d, #0x00
                            150 ;src/fisicas/fisicas.c:37: }else if(movimiento==mover_Arriba){
   0089 DD 7E 04      [19]  151 	ld	a, 4 (ix)
   008C D6 02         [ 7]  152 	sub	a, #0x02
   008E 20 12         [12]  153 	jr	NZ,00118$
                            154 ;src/fisicas/fisicas.c:38: if(posy-1<posMin)
   0090 1B            [ 6]  155 	dec	de
   0091 7B            [ 4]  156 	ld	a, e
   0092 D6 01         [ 7]  157 	sub	a, #0x01
   0094 7A            [ 4]  158 	ld	a, d
   0095 17            [ 4]  159 	rla
   0096 3F            [ 4]  160 	ccf
   0097 1F            [ 4]  161 	rra
   0098 DE 80         [ 7]  162 	sbc	a, #0x80
   009A 30 3D         [12]  163 	jr	NC,00124$
                            164 ;src/fisicas/fisicas.c:39: movimiento=mover_SinMovimiento;
   009C DD 36 04 00   [19]  165 	ld	4 (ix), #0x00
   00A0 18 37         [12]  166 	jr	00124$
   00A2                     167 00118$:
                            168 ;src/fisicas/fisicas.c:40: }else if(movimiento==mover_Derecha){
   00A2 DD 7E 04      [19]  169 	ld	a, 4 (ix)
   00A5 D6 03         [ 7]  170 	sub	a, #0x03
   00A7 20 15         [12]  171 	jr	NZ,00115$
                            172 ;src/fisicas/fisicas.c:41: if(posx+1>maximox)
   00A9 23            [ 6]  173 	inc	hl
   00AA 06 00         [ 7]  174 	ld	b, #0x00
   00AC 79            [ 4]  175 	ld	a, c
   00AD 95            [ 4]  176 	sub	a, l
   00AE 78            [ 4]  177 	ld	a, b
   00AF 9C            [ 4]  178 	sbc	a, h
   00B0 E2rB5r00      [10]  179 	jp	PO, 00174$
   00B3 EE 80         [ 7]  180 	xor	a, #0x80
   00B5                     181 00174$:
   00B5 F2rD9r00      [10]  182 	jp	P, 00124$
                            183 ;src/fisicas/fisicas.c:42: movimiento=mover_SinMovimiento;
   00B8 DD 36 04 00   [19]  184 	ld	4 (ix), #0x00
   00BC 18 1B         [12]  185 	jr	00124$
   00BE                     186 00115$:
                            187 ;src/fisicas/fisicas.c:43: }else if(movimiento==mover_Abajo){
   00BE DD 7E 04      [19]  188 	ld	a, 4 (ix)
   00C1 D6 04         [ 7]  189 	sub	a, #0x04
   00C3 20 14         [12]  190 	jr	NZ,00124$
                            191 ;src/fisicas/fisicas.c:44: if(posy+1>posyMax)
   00C5 13            [ 6]  192 	inc	de
   00C6 4B            [ 4]  193 	ld	c, e
   00C7 3E 07         [ 7]  194 	ld	a, #0x07
   00C9 B9            [ 4]  195 	cp	a, c
   00CA 3E 00         [ 7]  196 	ld	a, #0x00
   00CC 9A            [ 4]  197 	sbc	a, d
   00CD E2rD2r00      [10]  198 	jp	PO, 00177$
   00D0 EE 80         [ 7]  199 	xor	a, #0x80
   00D2                     200 00177$:
   00D2 F2rD9r00      [10]  201 	jp	P, 00124$
                            202 ;src/fisicas/fisicas.c:45: movimiento=mover_SinMovimiento;
   00D5 DD 36 04 00   [19]  203 	ld	4 (ix), #0x00
   00D9                     204 00124$:
                            205 ;src/fisicas/fisicas.c:48: return movimiento;
   00D9 DD 6E 04      [19]  206 	ld	l, 4 (ix)
   00DC DD E1         [14]  207 	pop	ix
   00DE C9            [10]  208 	ret
                            209 ;src/fisicas/fisicas.c:50: u8 comprobarColisiones1vs1(u8 posx, u8 posy,u8 posxRock, u8 posyRock){    
                            210 ;	---------------------------------
                            211 ; Function comprobarColisiones1vs1
                            212 ; ---------------------------------
   00DF                     213 _comprobarColisiones1vs1::
                            214 ;src/fisicas/fisicas.c:51: if(posx==posxRock && posy==posyRock){        
   00DF 21 02 00      [10]  215 	ld	hl, #2+0
   00E2 39            [11]  216 	add	hl, sp
   00E3 7E            [ 7]  217 	ld	a, (hl)
   00E4 FD 21 04 00   [14]  218 	ld	iy, #4
   00E8 FD 39         [15]  219 	add	iy, sp
   00EA FD 96 00      [19]  220 	sub	a, 0 (iy)
   00ED 20 13         [12]  221 	jr	NZ,00102$
   00EF 21 03 00      [10]  222 	ld	hl, #3+0
   00F2 39            [11]  223 	add	hl, sp
   00F3 7E            [ 7]  224 	ld	a, (hl)
   00F4 FD 21 05 00   [14]  225 	ld	iy, #5
   00F8 FD 39         [15]  226 	add	iy, sp
   00FA FD 96 00      [19]  227 	sub	a, 0 (iy)
   00FD 20 03         [12]  228 	jr	NZ,00102$
                            229 ;src/fisicas/fisicas.c:52: return hay_Colision;
   00FF 2E 01         [ 7]  230 	ld	l, #0x01
   0101 C9            [10]  231 	ret
   0102                     232 00102$:
                            233 ;src/fisicas/fisicas.c:54: return no_Hay_Colision;
   0102 2E 00         [ 7]  234 	ld	l, #0x00
   0104 C9            [10]  235 	ret
                            236 	.area _CODE
                            237 	.area _INITIALIZER
                            238 	.area _CABS (ABS)
