                              1 ;--------------------------------------------------------
                              2 ; File Created by SDCC : free open source ANSI-C Compiler
                              3 ; Version 3.6.8 #9946 (Linux)
                              4 ;--------------------------------------------------------
                              5 	.module court
                              6 	.optsdcc -mz80
                              7 	
                              8 ;--------------------------------------------------------
                              9 ; Public variables in this module
                             10 ;--------------------------------------------------------
                             11 	.globl _g_level0_4bit
                             12 ;--------------------------------------------------------
                             13 ; special function registers
                             14 ;--------------------------------------------------------
                             15 ;--------------------------------------------------------
                             16 ; ram data
                             17 ;--------------------------------------------------------
                             18 	.area _DATA
                             19 ;--------------------------------------------------------
                             20 ; ram data
                             21 ;--------------------------------------------------------
                             22 	.area _INITIALIZED
                             23 ;--------------------------------------------------------
                             24 ; absolute external ram data
                             25 ;--------------------------------------------------------
                             26 	.area _DABS (ABS)
                             27 ;--------------------------------------------------------
                             28 ; global & static initialisations
                             29 ;--------------------------------------------------------
                             30 	.area _HOME
                             31 	.area _GSINIT
                             32 	.area _GSFINAL
                             33 	.area _GSINIT
                             34 ;--------------------------------------------------------
                             35 ; Home
                             36 ;--------------------------------------------------------
                             37 	.area _HOME
                             38 	.area _HOME
                             39 ;--------------------------------------------------------
                             40 ; code
                             41 ;--------------------------------------------------------
                             42 	.area _CODE
                             43 	.area _CODE
   0000                      44 _g_level0_4bit:
   0000 00                   45 	.db #0x00	; 0
   0001 01                   46 	.db #0x01	; 1
   0002 02                   47 	.db #0x02	; 2
   0003 03                   48 	.db #0x03	; 3
   0004 04                   49 	.db #0x04	; 4
   0005 04                   50 	.db #0x04	; 4
   0006 04                   51 	.db #0x04	; 4
   0007 04                   52 	.db #0x04	; 4
   0008 06                   53 	.db #0x06	; 6
   0009 07                   54 	.db #0x07	; 7
   000A 04                   55 	.db #0x04	; 4
   000B 04                   56 	.db #0x04	; 4
   000C 04                   57 	.db #0x04	; 4
   000D 09                   58 	.db #0x09	; 9
   000E 0A                   59 	.db #0x0a	; 10
   000F 2B                   60 	.db #0x2b	; 43
   0010 1E                   61 	.db #0x1e	; 30
   0011 1F                   62 	.db #0x1f	; 31
   0012 0B                   63 	.db #0x0b	; 11
   0013 0C                   64 	.db #0x0c	; 12
   0014 0D                   65 	.db #0x0d	; 13
   0015 0E                   66 	.db #0x0e	; 14
   0016 0F                   67 	.db #0x0f	; 15
   0017 10                   68 	.db #0x10	; 16
   0018 0F                   69 	.db #0x0f	; 15
   0019 10                   70 	.db #0x10	; 16
   001A 11                   71 	.db #0x11	; 17
   001B 12                   72 	.db #0x12	; 18
   001C 13                   73 	.db #0x13	; 19
   001D 14                   74 	.db #0x14	; 20
   001E 13                   75 	.db #0x13	; 19
   001F 14                   76 	.db #0x14	; 20
   0020 15                   77 	.db #0x15	; 21
   0021 36                   78 	.db #0x36	; 54	'6'
   0022 29                   79 	.db #0x29	; 41
   0023 2A                   80 	.db #0x2a	; 42
   0024 16                   81 	.db #0x16	; 22
   0025 17                   82 	.db #0x17	; 23
   0026 18                   83 	.db #0x18	; 24
   0027 19                   84 	.db #0x19	; 25
   0028 1A                   85 	.db #0x1a	; 26
   0029 1B                   86 	.db #0x1b	; 27
   002A 1A                   87 	.db #0x1a	; 26
   002B 1B                   88 	.db #0x1b	; 27
   002C 1C                   89 	.db #0x1c	; 28
   002D 1D                   90 	.db #0x1d	; 29
   002E 1A                   91 	.db #0x1a	; 26
   002F 1B                   92 	.db #0x1b	; 27
   0030 1A                   93 	.db #0x1a	; 26
   0031 1B                   94 	.db #0x1b	; 27
   0032 28                   95 	.db #0x28	; 40
   0033 17                   96 	.db #0x17	; 23
   0034 18                   97 	.db #0x18	; 24
   0035 20                   98 	.db #0x20	; 32
   0036 16                   99 	.db #0x16	; 22
   0037 2F                  100 	.db #0x2f	; 47
   0038 24                  101 	.db #0x24	; 36
   0039 2F                  102 	.db #0x2f	; 47
   003A 24                  103 	.db #0x24	; 36
   003B 2F                  104 	.db #0x2f	; 47
   003C 24                  105 	.db #0x24	; 36
   003D 2F                  106 	.db #0x2f	; 47
   003E 25                  107 	.db #0x25	; 37
   003F 26                  108 	.db #0x26	; 38
   0040 24                  109 	.db #0x24	; 36
   0041 2F                  110 	.db #0x2f	; 47
   0042 24                  111 	.db #0x24	; 36
   0043 2F                  112 	.db #0x2f	; 47
   0044 24                  113 	.db #0x24	; 36
   0045 2F                  114 	.db #0x2f	; 47
   0046 24                  115 	.db #0x24	; 36
   0047 20                  116 	.db #0x20	; 32
   0048 16                  117 	.db #0x16	; 22
   0049 24                  118 	.db #0x24	; 36
   004A 2F                  119 	.db #0x2f	; 47
   004B 24                  120 	.db #0x24	; 36
   004C 2F                  121 	.db #0x2f	; 47
   004D 24                  122 	.db #0x24	; 36
   004E 2F                  123 	.db #0x2f	; 47
   004F 24                  124 	.db #0x24	; 36
   0050 30                  125 	.db #0x30	; 48	'0'
   0051 31                  126 	.db #0x31	; 49	'1'
   0052 2F                  127 	.db #0x2f	; 47
   0053 24                  128 	.db #0x24	; 36
   0054 2F                  129 	.db #0x2f	; 47
   0055 24                  130 	.db #0x24	; 36
   0056 2F                  131 	.db #0x2f	; 47
   0057 24                  132 	.db #0x24	; 36
   0058 2F                  133 	.db #0x2f	; 47
   0059 20                  134 	.db #0x20	; 32
   005A 16                  135 	.db #0x16	; 22
   005B 2F                  136 	.db #0x2f	; 47
   005C 24                  137 	.db #0x24	; 36
   005D 2F                  138 	.db #0x2f	; 47
   005E 24                  139 	.db #0x24	; 36
   005F 2F                  140 	.db #0x2f	; 47
   0060 24                  141 	.db #0x24	; 36
   0061 2F                  142 	.db #0x2f	; 47
   0062 25                  143 	.db #0x25	; 37
   0063 26                  144 	.db #0x26	; 38
   0064 24                  145 	.db #0x24	; 36
   0065 2F                  146 	.db #0x2f	; 47
   0066 24                  147 	.db #0x24	; 36
   0067 2F                  148 	.db #0x2f	; 47
   0068 24                  149 	.db #0x24	; 36
   0069 2F                  150 	.db #0x2f	; 47
   006A 24                  151 	.db #0x24	; 36
   006B 20                  152 	.db #0x20	; 32
   006C 16                  153 	.db #0x16	; 22
   006D 24                  154 	.db #0x24	; 36
   006E 2F                  155 	.db #0x2f	; 47
   006F 24                  156 	.db #0x24	; 36
   0070 2F                  157 	.db #0x2f	; 47
   0071 24                  158 	.db #0x24	; 36
   0072 2F                  159 	.db #0x2f	; 47
   0073 24                  160 	.db #0x24	; 36
   0074 30                  161 	.db #0x30	; 48	'0'
   0075 31                  162 	.db #0x31	; 49	'1'
   0076 2F                  163 	.db #0x2f	; 47
   0077 24                  164 	.db #0x24	; 36
   0078 2F                  165 	.db #0x2f	; 47
   0079 24                  166 	.db #0x24	; 36
   007A 2F                  167 	.db #0x2f	; 47
   007B 24                  168 	.db #0x24	; 36
   007C 2F                  169 	.db #0x2f	; 47
   007D 20                  170 	.db #0x20	; 32
   007E 23                  171 	.db #0x23	; 35
   007F 2F                  172 	.db #0x2f	; 47
   0080 24                  173 	.db #0x24	; 36
   0081 2F                  174 	.db #0x2f	; 47
   0082 24                  175 	.db #0x24	; 36
   0083 2F                  176 	.db #0x2f	; 47
   0084 24                  177 	.db #0x24	; 36
   0085 2F                  178 	.db #0x2f	; 47
   0086 25                  179 	.db #0x25	; 37
   0087 26                  180 	.db #0x26	; 38
   0088 24                  181 	.db #0x24	; 36
   0089 2F                  182 	.db #0x2f	; 47
   008A 24                  183 	.db #0x24	; 36
   008B 2F                  184 	.db #0x2f	; 47
   008C 24                  185 	.db #0x24	; 36
   008D 2F                  186 	.db #0x2f	; 47
   008E 24                  187 	.db #0x24	; 36
   008F 27                  188 	.db #0x27	; 39
   0090 21                  189 	.db #0x21	; 33
   0091 22                  190 	.db #0x22	; 34
   0092 22                  191 	.db #0x22	; 34
   0093 22                  192 	.db #0x22	; 34
   0094 2F                  193 	.db #0x2f	; 47
   0095 24                  194 	.db #0x24	; 36
   0096 2F                  195 	.db #0x2f	; 47
   0097 24                  196 	.db #0x24	; 36
   0098 30                  197 	.db #0x30	; 48	'0'
   0099 31                  198 	.db #0x31	; 49	'1'
   009A 2F                  199 	.db #0x2f	; 47
   009B 24                  200 	.db #0x24	; 36
   009C 2F                  201 	.db #0x2f	; 47
   009D 24                  202 	.db #0x24	; 36
   009E 22                  203 	.db #0x22	; 34
   009F 22                  204 	.db #0x22	; 34
   00A0 22                  205 	.db #0x22	; 34
   00A1 2C                  206 	.db #0x2c	; 44
   00A2 21                  207 	.db #0x21	; 33
   00A3 08                  208 	.db #0x08	; 8
   00A4 08                  209 	.db #0x08	; 8
   00A5 08                  210 	.db #0x08	; 8
   00A6 24                  211 	.db #0x24	; 36
   00A7 2F                  212 	.db #0x2f	; 47
   00A8 24                  213 	.db #0x24	; 36
   00A9 2F                  214 	.db #0x2f	; 47
   00AA 25                  215 	.db #0x25	; 37
   00AB 26                  216 	.db #0x26	; 38
   00AC 24                  217 	.db #0x24	; 36
   00AD 2F                  218 	.db #0x2f	; 47
   00AE 24                  219 	.db #0x24	; 36
   00AF 2F                  220 	.db #0x2f	; 47
   00B0 08                  221 	.db #0x08	; 8
   00B1 08                  222 	.db #0x08	; 8
   00B2 08                  223 	.db #0x08	; 8
   00B3 2C                  224 	.db #0x2c	; 44
   00B4 21                  225 	.db #0x21	; 33
   00B5 08                  226 	.db #0x08	; 8
   00B6 08                  227 	.db #0x08	; 8
   00B7 08                  228 	.db #0x08	; 8
   00B8 2F                  229 	.db #0x2f	; 47
   00B9 24                  230 	.db #0x24	; 36
   00BA 2F                  231 	.db #0x2f	; 47
   00BB 24                  232 	.db #0x24	; 36
   00BC 30                  233 	.db #0x30	; 48	'0'
   00BD 31                  234 	.db #0x31	; 49	'1'
   00BE 2F                  235 	.db #0x2f	; 47
   00BF 24                  236 	.db #0x24	; 36
   00C0 2F                  237 	.db #0x2f	; 47
   00C1 24                  238 	.db #0x24	; 36
   00C2 08                  239 	.db #0x08	; 8
   00C3 08                  240 	.db #0x08	; 8
   00C4 08                  241 	.db #0x08	; 8
   00C5 2C                  242 	.db #0x2c	; 44
   00C6 21                  243 	.db #0x21	; 33
   00C7 08                  244 	.db #0x08	; 8
   00C8 08                  245 	.db #0x08	; 8
   00C9 08                  246 	.db #0x08	; 8
   00CA 24                  247 	.db #0x24	; 36
   00CB 2F                  248 	.db #0x2f	; 47
   00CC 24                  249 	.db #0x24	; 36
   00CD 2F                  250 	.db #0x2f	; 47
   00CE 25                  251 	.db #0x25	; 37
   00CF 26                  252 	.db #0x26	; 38
   00D0 24                  253 	.db #0x24	; 36
   00D1 2F                  254 	.db #0x2f	; 47
   00D2 24                  255 	.db #0x24	; 36
   00D3 2F                  256 	.db #0x2f	; 47
   00D4 08                  257 	.db #0x08	; 8
   00D5 08                  258 	.db #0x08	; 8
   00D6 08                  259 	.db #0x08	; 8
   00D7 2C                  260 	.db #0x2c	; 44
   00D8 21                  261 	.db #0x21	; 33
   00D9 08                  262 	.db #0x08	; 8
   00DA 08                  263 	.db #0x08	; 8
   00DB 08                  264 	.db #0x08	; 8
   00DC 2F                  265 	.db #0x2f	; 47
   00DD 24                  266 	.db #0x24	; 36
   00DE 2F                  267 	.db #0x2f	; 47
   00DF 24                  268 	.db #0x24	; 36
   00E0 30                  269 	.db #0x30	; 48	'0'
   00E1 31                  270 	.db #0x31	; 49	'1'
   00E2 2F                  271 	.db #0x2f	; 47
   00E3 24                  272 	.db #0x24	; 36
   00E4 2F                  273 	.db #0x2f	; 47
   00E5 24                  274 	.db #0x24	; 36
   00E6 08                  275 	.db #0x08	; 8
   00E7 08                  276 	.db #0x08	; 8
   00E8 08                  277 	.db #0x08	; 8
   00E9 2C                  278 	.db #0x2c	; 44
   00EA 21                  279 	.db #0x21	; 33
   00EB 08                  280 	.db #0x08	; 8
   00EC 08                  281 	.db #0x08	; 8
   00ED 08                  282 	.db #0x08	; 8
   00EE 24                  283 	.db #0x24	; 36
   00EF 2F                  284 	.db #0x2f	; 47
   00F0 24                  285 	.db #0x24	; 36
   00F1 2F                  286 	.db #0x2f	; 47
   00F2 25                  287 	.db #0x25	; 37
   00F3 26                  288 	.db #0x26	; 38
   00F4 24                  289 	.db #0x24	; 36
   00F5 2F                  290 	.db #0x2f	; 47
   00F6 24                  291 	.db #0x24	; 36
   00F7 2F                  292 	.db #0x2f	; 47
   00F8 08                  293 	.db #0x08	; 8
   00F9 08                  294 	.db #0x08	; 8
   00FA 08                  295 	.db #0x08	; 8
   00FB 2C                  296 	.db #0x2c	; 44
   00FC 21                  297 	.db #0x21	; 33
   00FD 2D                  298 	.db #0x2d	; 45
   00FE 2D                  299 	.db #0x2d	; 45
   00FF 2D                  300 	.db #0x2d	; 45
   0100 2F                  301 	.db #0x2f	; 47
   0101 24                  302 	.db #0x24	; 36
   0102 2F                  303 	.db #0x2f	; 47
   0103 24                  304 	.db #0x24	; 36
   0104 30                  305 	.db #0x30	; 48	'0'
   0105 31                  306 	.db #0x31	; 49	'1'
   0106 2F                  307 	.db #0x2f	; 47
   0107 24                  308 	.db #0x24	; 36
   0108 2F                  309 	.db #0x2f	; 47
   0109 24                  310 	.db #0x24	; 36
   010A 2D                  311 	.db #0x2d	; 45
   010B 2D                  312 	.db #0x2d	; 45
   010C 2D                  313 	.db #0x2d	; 45
   010D 2C                  314 	.db #0x2c	; 44
   010E 2E                  315 	.db #0x2e	; 46
   010F 2F                  316 	.db #0x2f	; 47
   0110 24                  317 	.db #0x24	; 36
   0111 2F                  318 	.db #0x2f	; 47
   0112 24                  319 	.db #0x24	; 36
   0113 2F                  320 	.db #0x2f	; 47
   0114 24                  321 	.db #0x24	; 36
   0115 2F                  322 	.db #0x2f	; 47
   0116 25                  323 	.db #0x25	; 37
   0117 26                  324 	.db #0x26	; 38
   0118 24                  325 	.db #0x24	; 36
   0119 2F                  326 	.db #0x2f	; 47
   011A 24                  327 	.db #0x24	; 36
   011B 2F                  328 	.db #0x2f	; 47
   011C 24                  329 	.db #0x24	; 36
   011D 2F                  330 	.db #0x2f	; 47
   011E 24                  331 	.db #0x24	; 36
   011F 32                  332 	.db #0x32	; 50	'2'
   0120 37                  333 	.db #0x37	; 55	'7'
   0121 24                  334 	.db #0x24	; 36
   0122 2F                  335 	.db #0x2f	; 47
   0123 24                  336 	.db #0x24	; 36
   0124 2F                  337 	.db #0x2f	; 47
   0125 24                  338 	.db #0x24	; 36
   0126 2F                  339 	.db #0x2f	; 47
   0127 24                  340 	.db #0x24	; 36
   0128 30                  341 	.db #0x30	; 48	'0'
   0129 31                  342 	.db #0x31	; 49	'1'
   012A 2F                  343 	.db #0x2f	; 47
   012B 24                  344 	.db #0x24	; 36
   012C 2F                  345 	.db #0x2f	; 47
   012D 24                  346 	.db #0x24	; 36
   012E 2F                  347 	.db #0x2f	; 47
   012F 24                  348 	.db #0x24	; 36
   0130 2F                  349 	.db #0x2f	; 47
   0131 41                  350 	.db #0x41	; 65	'A'
   0132 37                  351 	.db #0x37	; 55	'7'
   0133 2F                  352 	.db #0x2f	; 47
   0134 24                  353 	.db #0x24	; 36
   0135 2F                  354 	.db #0x2f	; 47
   0136 24                  355 	.db #0x24	; 36
   0137 2F                  356 	.db #0x2f	; 47
   0138 24                  357 	.db #0x24	; 36
   0139 2F                  358 	.db #0x2f	; 47
   013A 25                  359 	.db #0x25	; 37
   013B 26                  360 	.db #0x26	; 38
   013C 24                  361 	.db #0x24	; 36
   013D 2F                  362 	.db #0x2f	; 47
   013E 24                  363 	.db #0x24	; 36
   013F 2F                  364 	.db #0x2f	; 47
   0140 24                  365 	.db #0x24	; 36
   0141 2F                  366 	.db #0x2f	; 47
   0142 24                  367 	.db #0x24	; 36
   0143 41                  368 	.db #0x41	; 65	'A'
   0144 37                  369 	.db #0x37	; 55	'7'
   0145 24                  370 	.db #0x24	; 36
   0146 2F                  371 	.db #0x2f	; 47
   0147 24                  372 	.db #0x24	; 36
   0148 2F                  373 	.db #0x2f	; 47
   0149 24                  374 	.db #0x24	; 36
   014A 2F                  375 	.db #0x2f	; 47
   014B 24                  376 	.db #0x24	; 36
   014C 30                  377 	.db #0x30	; 48	'0'
   014D 31                  378 	.db #0x31	; 49	'1'
   014E 2F                  379 	.db #0x2f	; 47
   014F 24                  380 	.db #0x24	; 36
   0150 2F                  381 	.db #0x2f	; 47
   0151 24                  382 	.db #0x24	; 36
   0152 2F                  383 	.db #0x2f	; 47
   0153 24                  384 	.db #0x24	; 36
   0154 2F                  385 	.db #0x2f	; 47
   0155 41                  386 	.db #0x41	; 65	'A'
   0156 37                  387 	.db #0x37	; 55	'7'
   0157 38                  388 	.db #0x38	; 56	'8'
   0158 39                  389 	.db #0x39	; 57	'9'
   0159 3A                  390 	.db #0x3a	; 58
   015A 3B                  391 	.db #0x3b	; 59
   015B 3C                  392 	.db #0x3c	; 60
   015C 3B                  393 	.db #0x3b	; 59
   015D 3C                  394 	.db #0x3c	; 60
   015E 3D                  395 	.db #0x3d	; 61
   015F 3E                  396 	.db #0x3e	; 62
   0160 3B                  397 	.db #0x3b	; 59
   0161 3C                  398 	.db #0x3c	; 60
   0162 3B                  399 	.db #0x3b	; 59
   0163 3C                  400 	.db #0x3c	; 60
   0164 33                  401 	.db #0x33	; 51	'3'
   0165 38                  402 	.db #0x38	; 56	'8'
   0166 39                  403 	.db #0x39	; 57	'9'
   0167 41                  404 	.db #0x41	; 65	'A'
   0168 42                  405 	.db #0x42	; 66	'B'
   0169 43                  406 	.db #0x43	; 67	'C'
   016A 44                  407 	.db #0x44	; 68	'D'
   016B 45                  408 	.db #0x45	; 69	'E'
   016C 46                  409 	.db #0x46	; 70	'F'
   016D 47                  410 	.db #0x47	; 71	'G'
   016E 46                  411 	.db #0x46	; 70	'F'
   016F 47                  412 	.db #0x47	; 71	'G'
   0170 48                  413 	.db #0x48	; 72	'H'
   0171 49                  414 	.db #0x49	; 73	'I'
   0172 4A                  415 	.db #0x4a	; 74	'J'
   0173 4B                  416 	.db #0x4b	; 75	'K'
   0174 4A                  417 	.db #0x4a	; 74	'J'
   0175 4B                  418 	.db #0x4b	; 75	'K'
   0176 4C                  419 	.db #0x4c	; 76	'L'
   0177 56                  420 	.db #0x56	; 86	'V'
   0178 34                  421 	.db #0x34	; 52	'4'
   0179 35                  422 	.db #0x35	; 53	'5'
   017A 4D                  423 	.db #0x4d	; 77	'M'
   017B 4E                  424 	.db #0x4e	; 78	'N'
   017C 4F                  425 	.db #0x4f	; 79	'O'
   017D 50                  426 	.db #0x50	; 80	'P'
   017E 51                  427 	.db #0x51	; 81	'Q'
   017F 51                  428 	.db #0x51	; 81	'Q'
   0180 51                  429 	.db #0x51	; 81	'Q'
   0181 51                  430 	.db #0x51	; 81	'Q'
   0182 52                  431 	.db #0x52	; 82	'R'
   0183 53                  432 	.db #0x53	; 83	'S'
   0184 51                  433 	.db #0x51	; 81	'Q'
   0185 51                  434 	.db #0x51	; 81	'Q'
   0186 51                  435 	.db #0x51	; 81	'Q'
   0187 51                  436 	.db #0x51	; 81	'Q'
   0188 54                  437 	.db #0x54	; 84	'T'
   0189 55                  438 	.db #0x55	; 85	'U'
   018A 3F                  439 	.db #0x3f	; 63
   018B 40                  440 	.db #0x40	; 64
                            441 	.area _INITIALIZER
                            442 	.area _CABS (ABS)
