                              1 ;--------------------------------------------------------
                              2 ; File Created by SDCC : free open source ANSI-C Compiler
                              3 ; Version 3.6.8 #9946 (Linux)
                              4 ;--------------------------------------------------------
                              5 	.module main
                              6 	.optsdcc -mz80
                              7 	
                              8 ;--------------------------------------------------------
                              9 ; Public variables in this module
                             10 ;--------------------------------------------------------
                             11 	.globl _main
                             12 	.globl _game
                             13 	.globl _cpct_setPalette
                             14 	.globl _cpct_setVideoMode
                             15 	.globl _cpct_disableFirmware
                             16 	.globl _game_palette
                             17 ;--------------------------------------------------------
                             18 ; special function registers
                             19 ;--------------------------------------------------------
                             20 ;--------------------------------------------------------
                             21 ; ram data
                             22 ;--------------------------------------------------------
                             23 	.area _DATA
   0000                      24 _P_portal:
   0000                      25 	.ds 2
   0002                      26 _P_puertas:
   0002                      27 	.ds 2
   0004                      28 _movimientoGuardado:
   0004                      29 	.ds 1
                             30 ;--------------------------------------------------------
                             31 ; ram data
                             32 ;--------------------------------------------------------
                             33 	.area _INITIALIZED
                             34 ;--------------------------------------------------------
                             35 ; absolute external ram data
                             36 ;--------------------------------------------------------
                             37 	.area _DABS (ABS)
                             38 ;--------------------------------------------------------
                             39 ; global & static initialisations
                             40 ;--------------------------------------------------------
                             41 	.area _HOME
                             42 	.area _GSINIT
                             43 	.area _GSFINAL
                             44 	.area _GSINIT
                             45 ;--------------------------------------------------------
                             46 ; Home
                             47 ;--------------------------------------------------------
                             48 	.area _HOME
                             49 	.area _HOME
                             50 ;--------------------------------------------------------
                             51 ; code
                             52 ;--------------------------------------------------------
                             53 	.area _CODE
                             54 ;src/main.c:11: void main(void) {
                             55 ;	---------------------------------
                             56 ; Function main
                             57 ; ---------------------------------
   0000                      58 _main::
                             59 ;src/main.c:12: cpct_disableFirmware();
   0000 CDr00r00      [17]   60 	call	_cpct_disableFirmware
                             61 ;src/main.c:13: cpct_setVideoMode(0);
   0003 2E 00         [ 7]   62 	ld	l, #0x00
   0005 CDr00r00      [17]   63 	call	_cpct_setVideoMode
                             64 ;src/main.c:14: cpct_setPalette(game_palette, 16);   
   0008 21 10 00      [10]   65 	ld	hl, #0x0010
   000B E5            [11]   66 	push	hl
   000C 21r17r00      [10]   67 	ld	hl, #_game_palette
   000F E5            [11]   68 	push	hl
   0010 CDr00r00      [17]   69 	call	_cpct_setPalette
                             70 ;src/main.c:15: game();
   0013 CDr00r00      [17]   71 	call	_game
   0016 C9            [10]   72 	ret
   0017                      73 _game_palette:
   0017 54                   74 	.db #0x54	; 84	'T'
   0018 5D                   75 	.db #0x5d	; 93
   0019 4E                   76 	.db #0x4e	; 78	'N'
   001A 44                   77 	.db #0x44	; 68	'D'
   001B 46                   78 	.db #0x46	; 70	'F'
   001C 42                   79 	.db #0x42	; 66	'B'
   001D 5C                   80 	.db #0x5c	; 92
   001E 47                   81 	.db #0x47	; 71	'G'
   001F 45                   82 	.db #0x45	; 69	'E'
   0020 58                   83 	.db #0x58	; 88	'X'
   0021 4D                   84 	.db #0x4d	; 77	'M'
   0022 43                   85 	.db #0x43	; 67	'C'
   0023 4F                   86 	.db #0x4f	; 79	'O'
   0024 40                   87 	.db #0x40	; 64
   0025 4C                   88 	.db #0x4c	; 76	'L'
   0026 4B                   89 	.db #0x4b	; 75	'K'
                             90 	.area _CODE
                             91 	.area _INITIALIZER
                             92 	.area _CABS (ABS)
