                              1 ;--------------------------------------------------------
                              2 ; File Created by SDCC : free open source ANSI-C Compiler
                              3 ; Version 3.6.8 #9946 (Linux)
                              4 ;--------------------------------------------------------
                              5 	.module player
                              6 	.optsdcc -mz80
                              7 	
                              8 ;--------------------------------------------------------
                              9 ; Public variables in this module
                             10 ;--------------------------------------------------------
                             11 	.globl _array_1
                             12 	.globl _array_0
                             13 	.globl _tileset
                             14 	.globl _PALETTE
                             15 ;--------------------------------------------------------
                             16 ; special function registers
                             17 ;--------------------------------------------------------
                             18 ;--------------------------------------------------------
                             19 ; ram data
                             20 ;--------------------------------------------------------
                             21 	.area _DATA
                             22 ;--------------------------------------------------------
                             23 ; ram data
                             24 ;--------------------------------------------------------
                             25 	.area _INITIALIZED
                             26 ;--------------------------------------------------------
                             27 ; absolute external ram data
                             28 ;--------------------------------------------------------
                             29 	.area _DABS (ABS)
                             30 ;--------------------------------------------------------
                             31 ; global & static initialisations
                             32 ;--------------------------------------------------------
                             33 	.area _HOME
                             34 	.area _GSINIT
                             35 	.area _GSFINAL
                             36 	.area _GSINIT
                             37 ;--------------------------------------------------------
                             38 ; Home
                             39 ;--------------------------------------------------------
                             40 	.area _HOME
                             41 	.area _HOME
                             42 ;--------------------------------------------------------
                             43 ; code
                             44 ;--------------------------------------------------------
                             45 	.area _CODE
                             46 	.area _CODE
   0000                      47 _PALETTE:
   0000 54                   48 	.db #0x54	; 84	'T'
   0001 44                   49 	.db #0x44	; 68	'D'
   0002 55                   50 	.db #0x55	; 85	'U'
   0003 5C                   51 	.db #0x5c	; 92
   0004 5D                   52 	.db #0x5d	; 93
   0005 4C                   53 	.db #0x4c	; 76	'L'
   0006 56                   54 	.db #0x56	; 86	'V'
   0007 57                   55 	.db #0x57	; 87	'W'
   0008 4E                   56 	.db #0x4e	; 78	'N'
   0009 52                   57 	.db #0x52	; 82	'R'
   000A 42                   58 	.db #0x42	; 66	'B'
   000B 53                   59 	.db #0x53	; 83	'S'
   000C 5A                   60 	.db #0x5a	; 90	'Z'
   000D 59                   61 	.db #0x59	; 89	'Y'
   000E 4A                   62 	.db #0x4a	; 74	'J'
   000F 4B                   63 	.db #0x4b	; 75	'K'
   0010                      64 _tileset:
   0010r14r00                65 	.dw _array_0
   0012r46r00                66 	.dw _array_1
   0014                      67 _array_0:
   0014 00                   68 	.db #0x00	; 0
   0015 00                   69 	.db #0x00	; 0
   0016 00                   70 	.db #0x00	; 0
   0017 00                   71 	.db #0x00	; 0
   0018 00                   72 	.db #0x00	; 0
   0019 55                   73 	.db #0x55	; 85	'U'
   001A FF                   74 	.db #0xff	; 255
   001B F0                   75 	.db #0xf0	; 240
   001C FF                   76 	.db #0xff	; 255
   001D AA                   77 	.db #0xaa	; 170
   001E 55                   78 	.db #0x55	; 85	'U'
   001F FF                   79 	.db #0xff	; 255
   0020 F0                   80 	.db #0xf0	; 240
   0021 FF                   81 	.db #0xff	; 255
   0022 AA                   82 	.db #0xaa	; 170
   0023 55                   83 	.db #0x55	; 85	'U'
   0024 FF                   84 	.db #0xff	; 255
   0025 F0                   85 	.db #0xf0	; 240
   0026 FF                   86 	.db #0xff	; 255
   0027 AA                   87 	.db #0xaa	; 170
   0028 55                   88 	.db #0x55	; 85	'U'
   0029 FF                   89 	.db #0xff	; 255
   002A F0                   90 	.db #0xf0	; 240
   002B FF                   91 	.db #0xff	; 255
   002C AA                   92 	.db #0xaa	; 170
   002D 55                   93 	.db #0x55	; 85	'U'
   002E FF                   94 	.db #0xff	; 255
   002F F0                   95 	.db #0xf0	; 240
   0030 FF                   96 	.db #0xff	; 255
   0031 AA                   97 	.db #0xaa	; 170
   0032 55                   98 	.db #0x55	; 85	'U'
   0033 FF                   99 	.db #0xff	; 255
   0034 F0                  100 	.db #0xf0	; 240
   0035 FF                  101 	.db #0xff	; 255
   0036 AA                  102 	.db #0xaa	; 170
   0037 55                  103 	.db #0x55	; 85	'U'
   0038 FF                  104 	.db #0xff	; 255
   0039 F0                  105 	.db #0xf0	; 240
   003A FF                  106 	.db #0xff	; 255
   003B AA                  107 	.db #0xaa	; 170
   003C 55                  108 	.db #0x55	; 85	'U'
   003D FF                  109 	.db #0xff	; 255
   003E F0                  110 	.db #0xf0	; 240
   003F FF                  111 	.db #0xff	; 255
   0040 AA                  112 	.db #0xaa	; 170
   0041 55                  113 	.db #0x55	; 85	'U'
   0042 FF                  114 	.db #0xff	; 255
   0043 F0                  115 	.db #0xf0	; 240
   0044 FF                  116 	.db #0xff	; 255
   0045 AA                  117 	.db #0xaa	; 170
   0046                     118 _array_1:
   0046 55                  119 	.db #0x55	; 85	'U'
   0047 FF                  120 	.db #0xff	; 255
   0048 F0                  121 	.db #0xf0	; 240
   0049 FF                  122 	.db #0xff	; 255
   004A AA                  123 	.db #0xaa	; 170
   004B 55                  124 	.db #0x55	; 85	'U'
   004C FF                  125 	.db #0xff	; 255
   004D F0                  126 	.db #0xf0	; 240
   004E FF                  127 	.db #0xff	; 255
   004F AA                  128 	.db #0xaa	; 170
   0050 55                  129 	.db #0x55	; 85	'U'
   0051 FF                  130 	.db #0xff	; 255
   0052 F0                  131 	.db #0xf0	; 240
   0053 FF                  132 	.db #0xff	; 255
   0054 AA                  133 	.db #0xaa	; 170
   0055 55                  134 	.db #0x55	; 85	'U'
   0056 FF                  135 	.db #0xff	; 255
   0057 F0                  136 	.db #0xf0	; 240
   0058 FF                  137 	.db #0xff	; 255
   0059 AA                  138 	.db #0xaa	; 170
   005A 55                  139 	.db #0x55	; 85	'U'
   005B FF                  140 	.db #0xff	; 255
   005C F0                  141 	.db #0xf0	; 240
   005D FF                  142 	.db #0xff	; 255
   005E AA                  143 	.db #0xaa	; 170
   005F 55                  144 	.db #0x55	; 85	'U'
   0060 FF                  145 	.db #0xff	; 255
   0061 F0                  146 	.db #0xf0	; 240
   0062 FF                  147 	.db #0xff	; 255
   0063 AA                  148 	.db #0xaa	; 170
   0064 55                  149 	.db #0x55	; 85	'U'
   0065 FF                  150 	.db #0xff	; 255
   0066 F0                  151 	.db #0xf0	; 240
   0067 FF                  152 	.db #0xff	; 255
   0068 AA                  153 	.db #0xaa	; 170
   0069 55                  154 	.db #0x55	; 85	'U'
   006A FF                  155 	.db #0xff	; 255
   006B F0                  156 	.db #0xf0	; 240
   006C FF                  157 	.db #0xff	; 255
   006D AA                  158 	.db #0xaa	; 170
   006E 55                  159 	.db #0x55	; 85	'U'
   006F FF                  160 	.db #0xff	; 255
   0070 F0                  161 	.db #0xf0	; 240
   0071 FF                  162 	.db #0xff	; 255
   0072 AA                  163 	.db #0xaa	; 170
   0073 00                  164 	.db #0x00	; 0
   0074 00                  165 	.db #0x00	; 0
   0075 00                  166 	.db #0x00	; 0
   0076 00                  167 	.db #0x00	; 0
   0077 00                  168 	.db #0x00	; 0
                            169 	.area _INITIALIZER
                            170 	.area _CABS (ABS)
