                              1 ;--------------------------------------------------------
                              2 ; File Created by SDCC : free open source ANSI-C Compiler
                              3 ; Version 3.6.8 #9946 (Linux)
                              4 ;--------------------------------------------------------
                              5 	.module dialogos
                              6 	.optsdcc -mz80
                              7 	
                              8 ;--------------------------------------------------------
                              9 ; Public variables in this module
                             10 ;--------------------------------------------------------
                             11 	.globl _cpct_drawStringM0
                             12 	.globl _contadorDialogos
                             13 	.globl _dialogosTotales
                             14 	.globl _initDialogos
                             15 	.globl _managerDialogo
                             16 	.globl _anadirDialogo
                             17 	.globl _dialogosNivel0
                             18 	.globl _dialogo0
                             19 	.globl _dialogo1
                             20 ;--------------------------------------------------------
                             21 ; special function registers
                             22 ;--------------------------------------------------------
                             23 ;--------------------------------------------------------
                             24 ; ram data
                             25 ;--------------------------------------------------------
                             26 	.area _DATA
   0000                      27 _dialogos:
   0000                      28 	.ds 100
   0064                      29 _dialogosTotales::
   0064                      30 	.ds 150
   00FA                      31 _contadorDialogos::
   00FA                      32 	.ds 1
                             33 ;--------------------------------------------------------
                             34 ; ram data
                             35 ;--------------------------------------------------------
                             36 	.area _INITIALIZED
                             37 ;--------------------------------------------------------
                             38 ; absolute external ram data
                             39 ;--------------------------------------------------------
                             40 	.area _DABS (ABS)
                             41 ;--------------------------------------------------------
                             42 ; global & static initialisations
                             43 ;--------------------------------------------------------
                             44 	.area _HOME
                             45 	.area _GSINIT
                             46 	.area _GSFINAL
                             47 	.area _GSINIT
                             48 ;--------------------------------------------------------
                             49 ; Home
                             50 ;--------------------------------------------------------
                             51 	.area _HOME
                             52 	.area _HOME
                             53 ;--------------------------------------------------------
                             54 ; code
                             55 ;--------------------------------------------------------
                             56 	.area _CODE
                             57 ;src/dialogos/dialogos.c:7: void initDialogos(){
                             58 ;	---------------------------------
                             59 ; Function initDialogos
                             60 ; ---------------------------------
   0000                      61 _initDialogos::
                             62 ;src/dialogos/dialogos.c:8: dialogos[0]=dialogo0;
   0000 21rBAr00      [10]   63 	ld	hl, #_dialogo0
   0003 22r00r00      [16]   64 	ld	(_dialogos), hl
                             65 ;src/dialogos/dialogos.c:9: dialogos[1]=dialogo1;
   0006 21rD6r00      [10]   66 	ld	hl, #_dialogo1
   0009 22r02r00      [16]   67 	ld	((_dialogos + 0x0002)), hl
                             68 ;src/dialogos/dialogos.c:11: contadorDialogos=0;
   000C 21rFAr00      [10]   69 	ld	hl,#_contadorDialogos + 0
   000F 36 00         [10]   70 	ld	(hl), #0x00
                             71 ;src/dialogos/dialogos.c:12: dialogosNivel0();
   0011 C3rA1r00      [10]   72 	jp  _dialogosNivel0
                             73 ;src/dialogos/dialogos.c:16: void managerDialogo(u8 nivel, u8 pasos){
                             74 ;	---------------------------------
                             75 ; Function managerDialogo
                             76 ; ---------------------------------
   0014                      77 _managerDialogo::
   0014 DD E5         [15]   78 	push	ix
   0016 DD 21 00 00   [14]   79 	ld	ix,#0
   001A DD 39         [15]   80 	add	ix,sp
   001C F5            [11]   81 	push	af
                             82 ;src/dialogos/dialogos.c:17: for(u8 i=0;i<numDialogosTotales;i++){
   001D 0E 00         [ 7]   83 	ld	c, #0x00
   001F                      84 00107$:
   001F 79            [ 4]   85 	ld	a, c
   0020 D6 32         [ 7]   86 	sub	a, #0x32
   0022 30 36         [12]   87 	jr	NC,00109$
                             88 ;src/dialogos/dialogos.c:18: if(nivel==dialogosTotales[i].nivel){
   0024 06 00         [ 7]   89 	ld	b,#0x00
   0026 69            [ 4]   90 	ld	l, c
   0027 60            [ 4]   91 	ld	h, b
   0028 29            [11]   92 	add	hl, hl
   0029 09            [11]   93 	add	hl, bc
   002A EB            [ 4]   94 	ex	de,hl
   002B 21r64r00      [10]   95 	ld	hl, #_dialogosTotales
   002E 19            [11]   96 	add	hl,de
   002F E3            [19]   97 	ex	(sp), hl
   0030 E1            [10]   98 	pop	hl
   0031 E5            [11]   99 	push	hl
   0032 23            [ 6]  100 	inc	hl
   0033 DD 7E 04      [19]  101 	ld	a,4 (ix)
   0036 96            [ 7]  102 	sub	a,(hl)
   0037 20 1E         [12]  103 	jr	NZ,00108$
                            104 ;src/dialogos/dialogos.c:19: if(dialogosTotales[i].pasos==pasos){
   0039 E1            [10]  105 	pop	hl
   003A E5            [11]  106 	push	hl
   003B 23            [ 6]  107 	inc	hl
   003C 23            [ 6]  108 	inc	hl
   003D 46            [ 7]  109 	ld	b, (hl)
   003E DD 7E 05      [19]  110 	ld	a, 5 (ix)
   0041 90            [ 4]  111 	sub	a, b
   0042 20 13         [12]  112 	jr	NZ,00108$
                            113 ;src/dialogos/dialogos.c:20: dialogos[dialogosTotales[i].id]();  
   0044 E1            [10]  114 	pop	hl
   0045 E5            [11]  115 	push	hl
   0046 6E            [ 7]  116 	ld	l, (hl)
   0047 26 00         [ 7]  117 	ld	h, #0x00
   0049 29            [11]  118 	add	hl, hl
   004A 11r00r00      [10]  119 	ld	de, #_dialogos
   004D 19            [11]  120 	add	hl, de
   004E 7E            [ 7]  121 	ld	a, (hl)
   004F 23            [ 6]  122 	inc	hl
   0050 66            [ 7]  123 	ld	h, (hl)
   0051 6F            [ 4]  124 	ld	l, a
   0052 C5            [11]  125 	push	bc
   0053 CDr00r00      [17]  126 	call	___sdcc_call_hl
   0056 C1            [10]  127 	pop	bc
   0057                     128 00108$:
                            129 ;src/dialogos/dialogos.c:17: for(u8 i=0;i<numDialogosTotales;i++){
   0057 0C            [ 4]  130 	inc	c
   0058 18 C5         [12]  131 	jr	00107$
   005A                     132 00109$:
   005A DD F9         [10]  133 	ld	sp, ix
   005C DD E1         [14]  134 	pop	ix
   005E C9            [10]  135 	ret
                            136 ;src/dialogos/dialogos.c:26: void anadirDialogo(u8 id, u8 nivel,u8 pasos){
                            137 ;	---------------------------------
                            138 ; Function anadirDialogo
                            139 ; ---------------------------------
   005F                     140 _anadirDialogo::
   005F DD E5         [15]  141 	push	ix
   0061 DD 21 00 00   [14]  142 	ld	ix,#0
   0065 DD 39         [15]  143 	add	ix,sp
                            144 ;src/dialogos/dialogos.c:27: dialogosTotales[contadorDialogos].id=id;
   0067 01r64r00      [10]  145 	ld	bc, #_dialogosTotales+0
   006A ED 5BrFAr00   [20]  146 	ld	de, (_contadorDialogos)
   006E 16 00         [ 7]  147 	ld	d, #0x00
   0070 6B            [ 4]  148 	ld	l, e
   0071 62            [ 4]  149 	ld	h, d
   0072 29            [11]  150 	add	hl, hl
   0073 19            [11]  151 	add	hl, de
   0074 09            [11]  152 	add	hl, bc
   0075 DD 7E 04      [19]  153 	ld	a, 4 (ix)
   0078 77            [ 7]  154 	ld	(hl), a
                            155 ;src/dialogos/dialogos.c:28: dialogosTotales[contadorDialogos].nivel=nivel;
   0079 ED 5BrFAr00   [20]  156 	ld	de, (_contadorDialogos)
   007D 16 00         [ 7]  157 	ld	d, #0x00
   007F 6B            [ 4]  158 	ld	l, e
   0080 62            [ 4]  159 	ld	h, d
   0081 29            [11]  160 	add	hl, hl
   0082 19            [11]  161 	add	hl, de
   0083 09            [11]  162 	add	hl, bc
   0084 23            [ 6]  163 	inc	hl
   0085 DD 7E 05      [19]  164 	ld	a, 5 (ix)
   0088 77            [ 7]  165 	ld	(hl), a
                            166 ;src/dialogos/dialogos.c:29: dialogosTotales[contadorDialogos].pasos=pasos;
   0089 ED 5BrFAr00   [20]  167 	ld	de, (_contadorDialogos)
   008D 16 00         [ 7]  168 	ld	d, #0x00
   008F 6B            [ 4]  169 	ld	l, e
   0090 62            [ 4]  170 	ld	h, d
   0091 29            [11]  171 	add	hl, hl
   0092 19            [11]  172 	add	hl, de
   0093 09            [11]  173 	add	hl, bc
   0094 23            [ 6]  174 	inc	hl
   0095 23            [ 6]  175 	inc	hl
   0096 DD 7E 06      [19]  176 	ld	a, 6 (ix)
   0099 77            [ 7]  177 	ld	(hl), a
                            178 ;src/dialogos/dialogos.c:30: contadorDialogos++;
   009A 21rFAr00      [10]  179 	ld	hl, #_contadorDialogos+0
   009D 34            [11]  180 	inc	(hl)
   009E DD E1         [14]  181 	pop	ix
   00A0 C9            [10]  182 	ret
                            183 ;src/dialogos/dialogos.c:32: void dialogosNivel0(){
                            184 ;	---------------------------------
                            185 ; Function dialogosNivel0
                            186 ; ---------------------------------
   00A1                     187 _dialogosNivel0::
                            188 ;src/dialogos/dialogos.c:33: anadirDialogo(0,nivel_01,5);
   00A1 21 01 05      [10]  189 	ld	hl, #0x0501
   00A4 E5            [11]  190 	push	hl
   00A5 AF            [ 4]  191 	xor	a, a
   00A6 F5            [11]  192 	push	af
   00A7 33            [ 6]  193 	inc	sp
   00A8 CDr5Fr00      [17]  194 	call	_anadirDialogo
                            195 ;src/dialogos/dialogos.c:34: anadirDialogo(1,nivel_01,10);
   00AB 33            [ 6]  196 	inc	sp
   00AC 21 01 0A      [10]  197 	ld	hl,#0x0a01
   00AF E3            [19]  198 	ex	(sp),hl
   00B0 3E 01         [ 7]  199 	ld	a, #0x01
   00B2 F5            [11]  200 	push	af
   00B3 33            [ 6]  201 	inc	sp
   00B4 CDr5Fr00      [17]  202 	call	_anadirDialogo
   00B7 F1            [10]  203 	pop	af
   00B8 33            [ 6]  204 	inc	sp
   00B9 C9            [10]  205 	ret
                            206 ;src/dialogos/dialogos.c:37: void dialogo0(){
                            207 ;	---------------------------------
                            208 ; Function dialogo0
                            209 ; ---------------------------------
   00BA                     210 _dialogo0::
                            211 ;src/dialogos/dialogos.c:38: cpct_drawStringM0("dialogo 5 pasos",PuntoEscribir);
   00BA 21 A2 F5      [10]  212 	ld	hl, #0xf5a2
   00BD E5            [11]  213 	push	hl
   00BE 21rC6r00      [10]  214 	ld	hl, #___str_0
   00C1 E5            [11]  215 	push	hl
   00C2 CDr00r00      [17]  216 	call	_cpct_drawStringM0
   00C5 C9            [10]  217 	ret
   00C6                     218 ___str_0:
   00C6 64 69 61 6C 6F 67   219 	.ascii "dialogo 5 pasos"
        6F 20 35 20 70 61
        73 6F 73
   00D5 00                  220 	.db 0x00
                            221 ;src/dialogos/dialogos.c:40: void dialogo1(){
                            222 ;	---------------------------------
                            223 ; Function dialogo1
                            224 ; ---------------------------------
   00D6                     225 _dialogo1::
                            226 ;src/dialogos/dialogos.c:41: cpct_drawStringM0("dialogo 10 pasos",PuntoEscribir);
   00D6 21 A2 F5      [10]  227 	ld	hl, #0xf5a2
   00D9 E5            [11]  228 	push	hl
   00DA 21rE2r00      [10]  229 	ld	hl, #___str_1
   00DD E5            [11]  230 	push	hl
   00DE CDr00r00      [17]  231 	call	_cpct_drawStringM0
   00E1 C9            [10]  232 	ret
   00E2                     233 ___str_1:
   00E2 64 69 61 6C 6F 67   234 	.ascii "dialogo 10 pasos"
        6F 20 31 30 20 70
        61 73 6F 73
   00F2 00                  235 	.db 0x00
                            236 	.area _CODE
                            237 	.area _INITIALIZER
                            238 	.area _CABS (ABS)
