                              1 ;--------------------------------------------------------
                              2 ; File Created by SDCC : free open source ANSI-C Compiler
                              3 ; Version 3.6.8 #9946 (Linux)
                              4 ;--------------------------------------------------------
                              5 	.module Block_Static5_B
                              6 	.optsdcc -mz80
                              7 	
                              8 ;--------------------------------------------------------
                              9 ; Public variables in this module
                             10 ;--------------------------------------------------------
                             11 	.globl _Block_Static5_B_1
                             12 	.globl _Block_Static5_B_0
                             13 	.globl _Block_Static5_B
                             14 	.globl _Block_Static5_BPALETTE
                             15 ;--------------------------------------------------------
                             16 ; special function registers
                             17 ;--------------------------------------------------------
                             18 ;--------------------------------------------------------
                             19 ; ram data
                             20 ;--------------------------------------------------------
                             21 	.area _DATA
                             22 ;--------------------------------------------------------
                             23 ; ram data
                             24 ;--------------------------------------------------------
                             25 	.area _INITIALIZED
                             26 ;--------------------------------------------------------
                             27 ; absolute external ram data
                             28 ;--------------------------------------------------------
                             29 	.area _DABS (ABS)
                             30 ;--------------------------------------------------------
                             31 ; global & static initialisations
                             32 ;--------------------------------------------------------
                             33 	.area _HOME
                             34 	.area _GSINIT
                             35 	.area _GSFINAL
                             36 	.area _GSINIT
                             37 ;--------------------------------------------------------
                             38 ; Home
                             39 ;--------------------------------------------------------
                             40 	.area _HOME
                             41 	.area _HOME
                             42 ;--------------------------------------------------------
                             43 ; code
                             44 ;--------------------------------------------------------
                             45 	.area _CODE
                             46 	.area _CODE
   0000                      47 _Block_Static5_BPALETTE:
   0000 54                   48 	.db #0x54	; 84	'T'
   0001 5B                   49 	.db #0x5b	; 91
   0002 4F                   50 	.db #0x4f	; 79	'O'
   0003 5D                   51 	.db #0x5d	; 93
   0004 44                   52 	.db #0x44	; 68	'D'
   0005 5F                   53 	.db #0x5f	; 95
   0006 4B                   54 	.db #0x4b	; 75	'K'
   0007 55                   55 	.db #0x55	; 85	'U'
   0008 56                   56 	.db #0x56	; 86	'V'
   0009 40                   57 	.db #0x40	; 64
   000A 5C                   58 	.db #0x5c	; 92
   000B 46                   59 	.db #0x46	; 70	'F'
   000C 5B                   60 	.db #0x5b	; 91
   000D 5B                   61 	.db #0x5b	; 91
   000E 5E                   62 	.db #0x5e	; 94
   000F                      63 _Block_Static5_B:
   000Fr13r00                64 	.dw _Block_Static5_B_0
   0011r33r00                65 	.dw _Block_Static5_B_1
   0013                      66 _Block_Static5_B_0:
   0013 83                   67 	.db #0x83	; 131
   0014 03                   68 	.db #0x03	; 3
   0015 03                   69 	.db #0x03	; 3
   0016 83                   70 	.db #0x83	; 131
   0017 83                   71 	.db #0x83	; 131
   0018 03                   72 	.db #0x03	; 3
   0019 03                   73 	.db #0x03	; 3
   001A 83                   74 	.db #0x83	; 131
   001B 43                   75 	.db #0x43	; 67	'C'
   001C CC                   76 	.db #0xcc	; 204
   001D CC                   77 	.db #0xcc	; 204
   001E C3                   78 	.db #0xc3	; 195
   001F 43                   79 	.db #0x43	; 67	'C'
   0020 CC                   80 	.db #0xcc	; 204
   0021 CC                   81 	.db #0xcc	; 204
   0022 C3                   82 	.db #0xc3	; 195
   0023 43                   83 	.db #0x43	; 67	'C'
   0024 00                   84 	.db #0x00	; 0
   0025 00                   85 	.db #0x00	; 0
   0026 C3                   86 	.db #0xc3	; 195
   0027 43                   87 	.db #0x43	; 67	'C'
   0028 00                   88 	.db #0x00	; 0
   0029 00                   89 	.db #0x00	; 0
   002A C3                   90 	.db #0xc3	; 195
   002B C3                   91 	.db #0xc3	; 195
   002C C3                   92 	.db #0xc3	; 195
   002D C3                   93 	.db #0xc3	; 195
   002E C3                   94 	.db #0xc3	; 195
   002F C3                   95 	.db #0xc3	; 195
   0030 C3                   96 	.db #0xc3	; 195
   0031 C3                   97 	.db #0xc3	; 195
   0032 C3                   98 	.db #0xc3	; 195
   0033                      99 _Block_Static5_B_1:
   0033 F0                  100 	.db #0xf0	; 240
   0034 F0                  101 	.db #0xf0	; 240
   0035 CC                  102 	.db #0xcc	; 204
   0036 CC                  103 	.db #0xcc	; 204
   0037 F0                  104 	.db #0xf0	; 240
   0038 F0                  105 	.db #0xf0	; 240
   0039 CC                  106 	.db #0xcc	; 204
   003A CC                  107 	.db #0xcc	; 204
   003B 00                  108 	.db #0x00	; 0
   003C 00                  109 	.db #0x00	; 0
   003D 00                  110 	.db #0x00	; 0
   003E 00                  111 	.db #0x00	; 0
   003F 00                  112 	.db #0x00	; 0
   0040 00                  113 	.db #0x00	; 0
   0041 00                  114 	.db #0x00	; 0
   0042 00                  115 	.db #0x00	; 0
   0043 F0                  116 	.db #0xf0	; 240
   0044 F0                  117 	.db #0xf0	; 240
   0045 CC                  118 	.db #0xcc	; 204
   0046 CC                  119 	.db #0xcc	; 204
   0047 F0                  120 	.db #0xf0	; 240
   0048 F0                  121 	.db #0xf0	; 240
   0049 CC                  122 	.db #0xcc	; 204
   004A CC                  123 	.db #0xcc	; 204
   004B F0                  124 	.db #0xf0	; 240
   004C F0                  125 	.db #0xf0	; 240
   004D CC                  126 	.db #0xcc	; 204
   004E CC                  127 	.db #0xcc	; 204
   004F F0                  128 	.db #0xf0	; 240
   0050 F0                  129 	.db #0xf0	; 240
   0051 CC                  130 	.db #0xcc	; 204
   0052 CC                  131 	.db #0xcc	; 204
                            132 	.area _INITIALIZER
                            133 	.area _CABS (ABS)
