                              1 ;--------------------------------------------------------
                              2 ; File Created by SDCC : free open source ANSI-C Compiler
                              3 ; Version 3.6.8 #9946 (Linux)
                              4 ;--------------------------------------------------------
                              5 	.module Block_Move2_B
                              6 	.optsdcc -mz80
                              7 	
                              8 ;--------------------------------------------------------
                              9 ; Public variables in this module
                             10 ;--------------------------------------------------------
                             11 	.globl _Block_Move2_B_1
                             12 	.globl _Block_Move2_B_0
                             13 	.globl _Block_Move2_B
                             14 	.globl _Block_Move2_BPALETTE
                             15 ;--------------------------------------------------------
                             16 ; special function registers
                             17 ;--------------------------------------------------------
                             18 ;--------------------------------------------------------
                             19 ; ram data
                             20 ;--------------------------------------------------------
                             21 	.area _DATA
                             22 ;--------------------------------------------------------
                             23 ; ram data
                             24 ;--------------------------------------------------------
                             25 	.area _INITIALIZED
                             26 ;--------------------------------------------------------
                             27 ; absolute external ram data
                             28 ;--------------------------------------------------------
                             29 	.area _DABS (ABS)
                             30 ;--------------------------------------------------------
                             31 ; global & static initialisations
                             32 ;--------------------------------------------------------
                             33 	.area _HOME
                             34 	.area _GSINIT
                             35 	.area _GSFINAL
                             36 	.area _GSINIT
                             37 ;--------------------------------------------------------
                             38 ; Home
                             39 ;--------------------------------------------------------
                             40 	.area _HOME
                             41 	.area _HOME
                             42 ;--------------------------------------------------------
                             43 ; code
                             44 ;--------------------------------------------------------
                             45 	.area _CODE
                             46 	.area _CODE
   0000                      47 _Block_Move2_BPALETTE:
   0000 54                   48 	.db #0x54	; 84	'T'
   0001 5B                   49 	.db #0x5b	; 91
   0002 4F                   50 	.db #0x4f	; 79	'O'
   0003 5D                   51 	.db #0x5d	; 93
   0004 44                   52 	.db #0x44	; 68	'D'
   0005 5F                   53 	.db #0x5f	; 95
   0006 4B                   54 	.db #0x4b	; 75	'K'
   0007 55                   55 	.db #0x55	; 85	'U'
   0008 56                   56 	.db #0x56	; 86	'V'
   0009 40                   57 	.db #0x40	; 64
   000A 5C                   58 	.db #0x5c	; 92
   000B 46                   59 	.db #0x46	; 70	'F'
   000C 5B                   60 	.db #0x5b	; 91
   000D 5B                   61 	.db #0x5b	; 91
   000E 5E                   62 	.db #0x5e	; 94
   000F                      63 _Block_Move2_B:
   000Fr13r00                64 	.dw _Block_Move2_B_0
   0011r33r00                65 	.dw _Block_Move2_B_1
   0013                      66 _Block_Move2_B_0:
   0013 CF                   67 	.db #0xcf	; 207
   0014 CF                   68 	.db #0xcf	; 207
   0015 CF                   69 	.db #0xcf	; 207
   0016 CF                   70 	.db #0xcf	; 207
   0017 CF                   71 	.db #0xcf	; 207
   0018 CF                   72 	.db #0xcf	; 207
   0019 CF                   73 	.db #0xcf	; 207
   001A CF                   74 	.db #0xcf	; 207
   001B 9F                   75 	.db #0x9f	; 159
   001C 3F                   76 	.db #0x3f	; 63
   001D 3F                   77 	.db #0x3f	; 63
   001E 3F                   78 	.db #0x3f	; 63
   001F 9F                   79 	.db #0x9f	; 159
   0020 3F                   80 	.db #0x3f	; 63
   0021 3F                   81 	.db #0x3f	; 63
   0022 3F                   82 	.db #0x3f	; 63
   0023 9F                   83 	.db #0x9f	; 159
   0024 3F                   84 	.db #0x3f	; 63
   0025 3F                   85 	.db #0x3f	; 63
   0026 3F                   86 	.db #0x3f	; 63
   0027 9F                   87 	.db #0x9f	; 159
   0028 3F                   88 	.db #0x3f	; 63
   0029 3F                   89 	.db #0x3f	; 63
   002A 3F                   90 	.db #0x3f	; 63
   002B 9F                   91 	.db #0x9f	; 159
   002C 3F                   92 	.db #0x3f	; 63
   002D 3F                   93 	.db #0x3f	; 63
   002E 3F                   94 	.db #0x3f	; 63
   002F 9F                   95 	.db #0x9f	; 159
   0030 3F                   96 	.db #0x3f	; 63
   0031 3F                   97 	.db #0x3f	; 63
   0032 3F                   98 	.db #0x3f	; 63
   0033                      99 _Block_Move2_B_1:
   0033 F0                  100 	.db #0xf0	; 240
   0034 F0                  101 	.db #0xf0	; 240
   0035 CC                  102 	.db #0xcc	; 204
   0036 CC                  103 	.db #0xcc	; 204
   0037 F0                  104 	.db #0xf0	; 240
   0038 F0                  105 	.db #0xf0	; 240
   0039 CC                  106 	.db #0xcc	; 204
   003A CC                  107 	.db #0xcc	; 204
   003B 00                  108 	.db #0x00	; 0
   003C 00                  109 	.db #0x00	; 0
   003D 00                  110 	.db #0x00	; 0
   003E 00                  111 	.db #0x00	; 0
   003F 00                  112 	.db #0x00	; 0
   0040 00                  113 	.db #0x00	; 0
   0041 00                  114 	.db #0x00	; 0
   0042 00                  115 	.db #0x00	; 0
   0043 50                  116 	.db #0x50	; 80	'P'
   0044 F0                  117 	.db #0xf0	; 240
   0045 CC                  118 	.db #0xcc	; 204
   0046 88                  119 	.db #0x88	; 136
   0047 50                  120 	.db #0x50	; 80	'P'
   0048 F0                  121 	.db #0xf0	; 240
   0049 CC                  122 	.db #0xcc	; 204
   004A 88                  123 	.db #0x88	; 136
   004B 44                  124 	.db #0x44	; 68	'D'
   004C 00                  125 	.db #0x00	; 0
   004D 00                  126 	.db #0x00	; 0
   004E A0                  127 	.db #0xa0	; 160
   004F 44                  128 	.db #0x44	; 68	'D'
   0050 00                  129 	.db #0x00	; 0
   0051 00                  130 	.db #0x00	; 0
   0052 A0                  131 	.db #0xa0	; 160
                            132 	.area _INITIALIZER
                            133 	.area _CABS (ABS)
