                              1 ;--------------------------------------------------------
                              2 ; File Created by SDCC : free open source ANSI-C Compiler
                              3 ; Version 3.6.8 #9946 (Linux)
                              4 ;--------------------------------------------------------
                              5 	.module Block_Static4_G
                              6 	.optsdcc -mz80
                              7 	
                              8 ;--------------------------------------------------------
                              9 ; Public variables in this module
                             10 ;--------------------------------------------------------
                             11 	.globl _Block_Static4_G_1
                             12 	.globl _Block_Static4_G_0
                             13 	.globl _Block_Static4_G
                             14 	.globl _Block_Static4_GPALETTE
                             15 ;--------------------------------------------------------
                             16 ; special function registers
                             17 ;--------------------------------------------------------
                             18 ;--------------------------------------------------------
                             19 ; ram data
                             20 ;--------------------------------------------------------
                             21 	.area _DATA
                             22 ;--------------------------------------------------------
                             23 ; ram data
                             24 ;--------------------------------------------------------
                             25 	.area _INITIALIZED
                             26 ;--------------------------------------------------------
                             27 ; absolute external ram data
                             28 ;--------------------------------------------------------
                             29 	.area _DABS (ABS)
                             30 ;--------------------------------------------------------
                             31 ; global & static initialisations
                             32 ;--------------------------------------------------------
                             33 	.area _HOME
                             34 	.area _GSINIT
                             35 	.area _GSFINAL
                             36 	.area _GSINIT
                             37 ;--------------------------------------------------------
                             38 ; Home
                             39 ;--------------------------------------------------------
                             40 	.area _HOME
                             41 	.area _HOME
                             42 ;--------------------------------------------------------
                             43 ; code
                             44 ;--------------------------------------------------------
                             45 	.area _CODE
                             46 	.area _CODE
   0000                      47 _Block_Static4_GPALETTE:
   0000 54                   48 	.db #0x54	; 84	'T'
   0001 5B                   49 	.db #0x5b	; 91
   0002 4F                   50 	.db #0x4f	; 79	'O'
   0003 5D                   51 	.db #0x5d	; 93
   0004 44                   52 	.db #0x44	; 68	'D'
   0005 5F                   53 	.db #0x5f	; 95
   0006 4B                   54 	.db #0x4b	; 75	'K'
   0007 55                   55 	.db #0x55	; 85	'U'
   0008 56                   56 	.db #0x56	; 86	'V'
   0009 40                   57 	.db #0x40	; 64
   000A 5C                   58 	.db #0x5c	; 92
   000B 46                   59 	.db #0x46	; 70	'F'
   000C 5B                   60 	.db #0x5b	; 91
   000D 5B                   61 	.db #0x5b	; 91
   000E 5E                   62 	.db #0x5e	; 94
   000F                      63 _Block_Static4_G:
   000Fr13r00                64 	.dw _Block_Static4_G_0
   0011r33r00                65 	.dw _Block_Static4_G_1
   0013                      66 _Block_Static4_G_0:
   0013 CF                   67 	.db #0xcf	; 207
   0014 CF                   68 	.db #0xcf	; 207
   0015 CF                   69 	.db #0xcf	; 207
   0016 CF                   70 	.db #0xcf	; 207
   0017 CF                   71 	.db #0xcf	; 207
   0018 CF                   72 	.db #0xcf	; 207
   0019 CF                   73 	.db #0xcf	; 207
   001A CF                   74 	.db #0xcf	; 207
   001B CF                   75 	.db #0xcf	; 207
   001C CF                   76 	.db #0xcf	; 207
   001D CF                   77 	.db #0xcf	; 207
   001E CF                   78 	.db #0xcf	; 207
   001F CF                   79 	.db #0xcf	; 207
   0020 CF                   80 	.db #0xcf	; 207
   0021 CF                   81 	.db #0xcf	; 207
   0022 CF                   82 	.db #0xcf	; 207
   0023 CF                   83 	.db #0xcf	; 207
   0024 CF                   84 	.db #0xcf	; 207
   0025 CF                   85 	.db #0xcf	; 207
   0026 CF                   86 	.db #0xcf	; 207
   0027 CF                   87 	.db #0xcf	; 207
   0028 CF                   88 	.db #0xcf	; 207
   0029 CF                   89 	.db #0xcf	; 207
   002A CF                   90 	.db #0xcf	; 207
   002B CF                   91 	.db #0xcf	; 207
   002C CF                   92 	.db #0xcf	; 207
   002D CF                   93 	.db #0xcf	; 207
   002E CF                   94 	.db #0xcf	; 207
   002F CF                   95 	.db #0xcf	; 207
   0030 CF                   96 	.db #0xcf	; 207
   0031 CF                   97 	.db #0xcf	; 207
   0032 CF                   98 	.db #0xcf	; 207
   0033                      99 _Block_Static4_G_1:
   0033 30                  100 	.db #0x30	; 48	'0'
   0034 30                  101 	.db #0x30	; 48	'0'
   0035 30                  102 	.db #0x30	; 48	'0'
   0036 30                  103 	.db #0x30	; 48	'0'
   0037 30                  104 	.db #0x30	; 48	'0'
   0038 30                  105 	.db #0x30	; 48	'0'
   0039 30                  106 	.db #0x30	; 48	'0'
   003A 30                  107 	.db #0x30	; 48	'0'
   003B 00                  108 	.db #0x00	; 0
   003C 00                  109 	.db #0x00	; 0
   003D 00                  110 	.db #0x00	; 0
   003E 00                  111 	.db #0x00	; 0
   003F 00                  112 	.db #0x00	; 0
   0040 00                  113 	.db #0x00	; 0
   0041 00                  114 	.db #0x00	; 0
   0042 00                  115 	.db #0x00	; 0
   0043 30                  116 	.db #0x30	; 48	'0'
   0044 30                  117 	.db #0x30	; 48	'0'
   0045 30                  118 	.db #0x30	; 48	'0'
   0046 30                  119 	.db #0x30	; 48	'0'
   0047 30                  120 	.db #0x30	; 48	'0'
   0048 30                  121 	.db #0x30	; 48	'0'
   0049 30                  122 	.db #0x30	; 48	'0'
   004A 30                  123 	.db #0x30	; 48	'0'
   004B 00                  124 	.db #0x00	; 0
   004C 00                  125 	.db #0x00	; 0
   004D 54                  126 	.db #0x54	; 84	'T'
   004E B8                  127 	.db #0xb8	; 184
   004F 00                  128 	.db #0x00	; 0
   0050 00                  129 	.db #0x00	; 0
   0051 54                  130 	.db #0x54	; 84	'T'
   0052 B8                  131 	.db #0xb8	; 184
                            132 	.area _INITIALIZER
                            133 	.area _CABS (ABS)
