                              1 ;--------------------------------------------------------
                              2 ; File Created by SDCC : free open source ANSI-C Compiler
                              3 ; Version 3.6.8 #9946 (Linux)
                              4 ;--------------------------------------------------------
                              5 	.module Block_Static9_G
                              6 	.optsdcc -mz80
                              7 	
                              8 ;--------------------------------------------------------
                              9 ; Public variables in this module
                             10 ;--------------------------------------------------------
                             11 	.globl _Block_Static9_G_1
                             12 	.globl _Block_Static9_G_0
                             13 	.globl _Block_Static9_G
                             14 	.globl _Block_Static9_G_BPALETTE
                             15 ;--------------------------------------------------------
                             16 ; special function registers
                             17 ;--------------------------------------------------------
                             18 ;--------------------------------------------------------
                             19 ; ram data
                             20 ;--------------------------------------------------------
                             21 	.area _DATA
                             22 ;--------------------------------------------------------
                             23 ; ram data
                             24 ;--------------------------------------------------------
                             25 	.area _INITIALIZED
                             26 ;--------------------------------------------------------
                             27 ; absolute external ram data
                             28 ;--------------------------------------------------------
                             29 	.area _DABS (ABS)
                             30 ;--------------------------------------------------------
                             31 ; global & static initialisations
                             32 ;--------------------------------------------------------
                             33 	.area _HOME
                             34 	.area _GSINIT
                             35 	.area _GSFINAL
                             36 	.area _GSINIT
                             37 ;--------------------------------------------------------
                             38 ; Home
                             39 ;--------------------------------------------------------
                             40 	.area _HOME
                             41 	.area _HOME
                             42 ;--------------------------------------------------------
                             43 ; code
                             44 ;--------------------------------------------------------
                             45 	.area _CODE
                             46 	.area _CODE
   0000                      47 _Block_Static9_G_BPALETTE:
   0000 54                   48 	.db #0x54	; 84	'T'
   0001 5B                   49 	.db #0x5b	; 91
   0002 4F                   50 	.db #0x4f	; 79	'O'
   0003 5D                   51 	.db #0x5d	; 93
   0004 44                   52 	.db #0x44	; 68	'D'
   0005 5F                   53 	.db #0x5f	; 95
   0006 4B                   54 	.db #0x4b	; 75	'K'
   0007 55                   55 	.db #0x55	; 85	'U'
   0008 56                   56 	.db #0x56	; 86	'V'
   0009 40                   57 	.db #0x40	; 64
   000A 5C                   58 	.db #0x5c	; 92
   000B 46                   59 	.db #0x46	; 70	'F'
   000C 5B                   60 	.db #0x5b	; 91
   000D 5B                   61 	.db #0x5b	; 91
   000E 5E                   62 	.db #0x5e	; 94
   000F                      63 _Block_Static9_G:
   000Fr13r00                64 	.dw _Block_Static9_G_0
   0011r33r00                65 	.dw _Block_Static9_G_1
   0013                      66 _Block_Static9_G_0:
   0013 00                   67 	.db #0x00	; 0
   0014 9A                   68 	.db #0x9a	; 154
   0015 9A                   69 	.db #0x9a	; 154
   0016 00                   70 	.db #0x00	; 0
   0017 00                   71 	.db #0x00	; 0
   0018 9A                   72 	.db #0x9a	; 154
   0019 9A                   73 	.db #0x9a	; 154
   001A 00                   74 	.db #0x00	; 0
   001B 00                   75 	.db #0x00	; 0
   001C 9A                   76 	.db #0x9a	; 154
   001D 9A                   77 	.db #0x9a	; 154
   001E 00                   78 	.db #0x00	; 0
   001F 00                   79 	.db #0x00	; 0
   0020 9A                   80 	.db #0x9a	; 154
   0021 9A                   81 	.db #0x9a	; 154
   0022 00                   82 	.db #0x00	; 0
   0023 00                   83 	.db #0x00	; 0
   0024 9A                   84 	.db #0x9a	; 154
   0025 9A                   85 	.db #0x9a	; 154
   0026 00                   86 	.db #0x00	; 0
   0027 00                   87 	.db #0x00	; 0
   0028 9A                   88 	.db #0x9a	; 154
   0029 9A                   89 	.db #0x9a	; 154
   002A 00                   90 	.db #0x00	; 0
   002B 00                   91 	.db #0x00	; 0
   002C 9A                   92 	.db #0x9a	; 154
   002D 9A                   93 	.db #0x9a	; 154
   002E 00                   94 	.db #0x00	; 0
   002F 00                   95 	.db #0x00	; 0
   0030 9A                   96 	.db #0x9a	; 154
   0031 9A                   97 	.db #0x9a	; 154
   0032 00                   98 	.db #0x00	; 0
   0033                      99 _Block_Static9_G_1:
   0033 CF                  100 	.db #0xcf	; 207
   0034 9A                  101 	.db #0x9a	; 154
   0035 9A                  102 	.db #0x9a	; 154
   0036 CF                  103 	.db #0xcf	; 207
   0037 CF                  104 	.db #0xcf	; 207
   0038 9A                  105 	.db #0x9a	; 154
   0039 9A                  106 	.db #0x9a	; 154
   003A CF                  107 	.db #0xcf	; 207
   003B DE                  108 	.db #0xde	; 222
   003C 30                  109 	.db #0x30	; 48	'0'
   003D 20                  110 	.db #0x20	; 32
   003E 45                  111 	.db #0x45	; 69	'E'
   003F DE                  112 	.db #0xde	; 222
   0040 30                  113 	.db #0x30	; 48	'0'
   0041 20                  114 	.db #0x20	; 32
   0042 45                  115 	.db #0x45	; 69	'E'
   0043 CF                  116 	.db #0xcf	; 207
   0044 CF                  117 	.db #0xcf	; 207
   0045 CF                  118 	.db #0xcf	; 207
   0046 CF                  119 	.db #0xcf	; 207
   0047 CF                  120 	.db #0xcf	; 207
   0048 CF                  121 	.db #0xcf	; 207
   0049 CF                  122 	.db #0xcf	; 207
   004A CF                  123 	.db #0xcf	; 207
   004B FC                  124 	.db #0xfc	; 252
   004C FC                  125 	.db #0xfc	; 252
   004D 30                  126 	.db #0x30	; 48	'0'
   004E 20                  127 	.db #0x20	; 32
   004F FC                  128 	.db #0xfc	; 252
   0050 FC                  129 	.db #0xfc	; 252
   0051 30                  130 	.db #0x30	; 48	'0'
   0052 20                  131 	.db #0x20	; 32
                            132 	.area _INITIALIZER
                            133 	.area _CABS (ABS)
