                              1 ;--------------------------------------------------------
                              2 ; File Created by SDCC : free open source ANSI-C Compiler
                              3 ; Version 3.6.8 #9946 (Linux)
                              4 ;--------------------------------------------------------
                              5 	.module Block_Static2_B
                              6 	.optsdcc -mz80
                              7 	
                              8 ;--------------------------------------------------------
                              9 ; Public variables in this module
                             10 ;--------------------------------------------------------
                             11 	.globl _Block_Static2_B_1
                             12 	.globl _Block_Static2_B_0
                             13 	.globl _Block_Static2_B
                             14 	.globl _Block_Static2_BPALETTE
                             15 ;--------------------------------------------------------
                             16 ; special function registers
                             17 ;--------------------------------------------------------
                             18 ;--------------------------------------------------------
                             19 ; ram data
                             20 ;--------------------------------------------------------
                             21 	.area _DATA
                             22 ;--------------------------------------------------------
                             23 ; ram data
                             24 ;--------------------------------------------------------
                             25 	.area _INITIALIZED
                             26 ;--------------------------------------------------------
                             27 ; absolute external ram data
                             28 ;--------------------------------------------------------
                             29 	.area _DABS (ABS)
                             30 ;--------------------------------------------------------
                             31 ; global & static initialisations
                             32 ;--------------------------------------------------------
                             33 	.area _HOME
                             34 	.area _GSINIT
                             35 	.area _GSFINAL
                             36 	.area _GSINIT
                             37 ;--------------------------------------------------------
                             38 ; Home
                             39 ;--------------------------------------------------------
                             40 	.area _HOME
                             41 	.area _HOME
                             42 ;--------------------------------------------------------
                             43 ; code
                             44 ;--------------------------------------------------------
                             45 	.area _CODE
                             46 	.area _CODE
   0000                      47 _Block_Static2_BPALETTE:
   0000 54                   48 	.db #0x54	; 84	'T'
   0001 5B                   49 	.db #0x5b	; 91
   0002 4F                   50 	.db #0x4f	; 79	'O'
   0003 5D                   51 	.db #0x5d	; 93
   0004 44                   52 	.db #0x44	; 68	'D'
   0005 5F                   53 	.db #0x5f	; 95
   0006 4B                   54 	.db #0x4b	; 75	'K'
   0007 55                   55 	.db #0x55	; 85	'U'
   0008 56                   56 	.db #0x56	; 86	'V'
   0009 40                   57 	.db #0x40	; 64
   000A 5C                   58 	.db #0x5c	; 92
   000B 46                   59 	.db #0x46	; 70	'F'
   000C 5B                   60 	.db #0x5b	; 91
   000D 5B                   61 	.db #0x5b	; 91
   000E 5E                   62 	.db #0x5e	; 94
   000F                      63 _Block_Static2_B:
   000Fr13r00                64 	.dw _Block_Static2_B_0
   0011r33r00                65 	.dw _Block_Static2_B_1
   0013                      66 _Block_Static2_B_0:
   0013 00                   67 	.db #0x00	; 0
   0014 00                   68 	.db #0x00	; 0
   0015 28                   69 	.db #0x28	; 40
   0016 00                   70 	.db #0x00	; 0
   0017 00                   71 	.db #0x00	; 0
   0018 00                   72 	.db #0x00	; 0
   0019 28                   73 	.db #0x28	; 40
   001A 00                   74 	.db #0x00	; 0
   001B 03                   75 	.db #0x03	; 3
   001C 16                   76 	.db #0x16	; 22
   001D 09                   77 	.db #0x09	; 9
   001E 83                   78 	.db #0x83	; 131
   001F 03                   79 	.db #0x03	; 3
   0020 16                   80 	.db #0x16	; 22
   0021 09                   81 	.db #0x09	; 9
   0022 83                   82 	.db #0x83	; 131
   0023 43                   83 	.db #0x43	; 67	'C'
   0024 A4                   84 	.db #0xa4	; 164
   0025 2C                   85 	.db #0x2c	; 44
   0026 C3                   86 	.db #0xc3	; 195
   0027 43                   87 	.db #0x43	; 67	'C'
   0028 A4                   88 	.db #0xa4	; 164
   0029 2C                   89 	.db #0x2c	; 44
   002A C3                   90 	.db #0xc3	; 195
   002B C3                   91 	.db #0xc3	; 195
   002C 1C                   92 	.db #0x1c	; 28
   002D 2C                   93 	.db #0x2c	; 44
   002E C3                   94 	.db #0xc3	; 195
   002F C3                   95 	.db #0xc3	; 195
   0030 1C                   96 	.db #0x1c	; 28
   0031 2C                   97 	.db #0x2c	; 44
   0032 C3                   98 	.db #0xc3	; 195
   0033                      99 _Block_Static2_B_1:
   0033 43                  100 	.db #0x43	; 67	'C'
   0034 C3                  101 	.db #0xc3	; 195
   0035 C3                  102 	.db #0xc3	; 195
   0036 C3                  103 	.db #0xc3	; 195
   0037 43                  104 	.db #0x43	; 67	'C'
   0038 C3                  105 	.db #0xc3	; 195
   0039 C3                  106 	.db #0xc3	; 195
   003A C3                  107 	.db #0xc3	; 195
   003B F0                  108 	.db #0xf0	; 240
   003C F0                  109 	.db #0xf0	; 240
   003D CC                  110 	.db #0xcc	; 204
   003E CC                  111 	.db #0xcc	; 204
   003F F0                  112 	.db #0xf0	; 240
   0040 F0                  113 	.db #0xf0	; 240
   0041 CC                  114 	.db #0xcc	; 204
   0042 CC                  115 	.db #0xcc	; 204
   0043 00                  116 	.db #0x00	; 0
   0044 00                  117 	.db #0x00	; 0
   0045 00                  118 	.db #0x00	; 0
   0046 00                  119 	.db #0x00	; 0
   0047 00                  120 	.db #0x00	; 0
   0048 00                  121 	.db #0x00	; 0
   0049 00                  122 	.db #0x00	; 0
   004A 00                  123 	.db #0x00	; 0
   004B 50                  124 	.db #0x50	; 80	'P'
   004C F0                  125 	.db #0xf0	; 240
   004D CC                  126 	.db #0xcc	; 204
   004E 00                  127 	.db #0x00	; 0
   004F 50                  128 	.db #0x50	; 80	'P'
   0050 F0                  129 	.db #0xf0	; 240
   0051 CC                  130 	.db #0xcc	; 204
   0052 00                  131 	.db #0x00	; 0
                            132 	.area _INITIALIZER
                            133 	.area _CABS (ABS)
