                              1 ;--------------------------------------------------------
                              2 ; File Created by SDCC : free open source ANSI-C Compiler
                              3 ; Version 3.6.8 #9946 (Linux)
                              4 ;--------------------------------------------------------
                              5 	.module Character_Father
                              6 	.optsdcc -mz80
                              7 	
                              8 ;--------------------------------------------------------
                              9 ; Public variables in this module
                             10 ;--------------------------------------------------------
                             11 	.globl _Character_Father_1
                             12 	.globl _Character_Father_0
                             13 	.globl _Character_Father
                             14 	.globl _Character_FatherPALETTE
                             15 ;--------------------------------------------------------
                             16 ; special function registers
                             17 ;--------------------------------------------------------
                             18 ;--------------------------------------------------------
                             19 ; ram data
                             20 ;--------------------------------------------------------
                             21 	.area _DATA
                             22 ;--------------------------------------------------------
                             23 ; ram data
                             24 ;--------------------------------------------------------
                             25 	.area _INITIALIZED
                             26 ;--------------------------------------------------------
                             27 ; absolute external ram data
                             28 ;--------------------------------------------------------
                             29 	.area _DABS (ABS)
                             30 ;--------------------------------------------------------
                             31 ; global & static initialisations
                             32 ;--------------------------------------------------------
                             33 	.area _HOME
                             34 	.area _GSINIT
                             35 	.area _GSFINAL
                             36 	.area _GSINIT
                             37 ;--------------------------------------------------------
                             38 ; Home
                             39 ;--------------------------------------------------------
                             40 	.area _HOME
                             41 	.area _HOME
                             42 ;--------------------------------------------------------
                             43 ; code
                             44 ;--------------------------------------------------------
                             45 	.area _CODE
                             46 	.area _CODE
   0000                      47 _Character_FatherPALETTE:
   0000 54                   48 	.db #0x54	; 84	'T'
   0001 5B                   49 	.db #0x5b	; 91
   0002 4F                   50 	.db #0x4f	; 79	'O'
   0003 5D                   51 	.db #0x5d	; 93
   0004 44                   52 	.db #0x44	; 68	'D'
   0005 5F                   53 	.db #0x5f	; 95
   0006 4B                   54 	.db #0x4b	; 75	'K'
   0007 55                   55 	.db #0x55	; 85	'U'
   0008 56                   56 	.db #0x56	; 86	'V'
   0009 40                   57 	.db #0x40	; 64
   000A 5C                   58 	.db #0x5c	; 92
   000B 46                   59 	.db #0x46	; 70	'F'
   000C 5B                   60 	.db #0x5b	; 91
   000D 5B                   61 	.db #0x5b	; 91
   000E 5E                   62 	.db #0x5e	; 94
   000F                      63 _Character_Father:
   000Fr13r00                64 	.dw _Character_Father_0
   0011r33r00                65 	.dw _Character_Father_1
   0013                      66 _Character_Father_0:
   0013 00                   67 	.db #0x00	; 0
   0014 41                   68 	.db #0x41	; 65	'A'
   0015 C3                   69 	.db #0xc3	; 195
   0016 00                   70 	.db #0x00	; 0
   0017 00                   71 	.db #0x00	; 0
   0018 41                   72 	.db #0x41	; 65	'A'
   0019 C3                   73 	.db #0xc3	; 195
   001A 00                   74 	.db #0x00	; 0
   001B 00                   75 	.db #0x00	; 0
   001C 96                   76 	.db #0x96	; 150
   001D 1C                   77 	.db #0x1c	; 28
   001E 00                   78 	.db #0x00	; 0
   001F 00                   79 	.db #0x00	; 0
   0020 96                   80 	.db #0x96	; 150
   0021 1C                   81 	.db #0x1c	; 28
   0022 00                   82 	.db #0x00	; 0
   0023 00                   83 	.db #0x00	; 0
   0024 86                   84 	.db #0x86	; 134
   0025 49                   85 	.db #0x49	; 73	'I'
   0026 00                   86 	.db #0x00	; 0
   0027 00                   87 	.db #0x00	; 0
   0028 86                   88 	.db #0x86	; 134
   0029 49                   89 	.db #0x49	; 73	'I'
   002A 00                   90 	.db #0x00	; 0
   002B 00                   91 	.db #0x00	; 0
   002C 10                   92 	.db #0x10	; 16
   002D 20                   93 	.db #0x20	; 32
   002E 40                   94 	.db #0x40	; 64
   002F 00                   95 	.db #0x00	; 0
   0030 10                   96 	.db #0x10	; 16
   0031 20                   97 	.db #0x20	; 32
   0032 40                   98 	.db #0x40	; 64
   0033                      99 _Character_Father_1:
   0033 10                  100 	.db #0x10	; 16
   0034 30                  101 	.db #0x30	; 48	'0'
   0035 30                  102 	.db #0x30	; 48	'0'
   0036 14                  103 	.db #0x14	; 20
   0037 10                  104 	.db #0x10	; 16
   0038 30                  105 	.db #0x30	; 48	'0'
   0039 30                  106 	.db #0x30	; 48	'0'
   003A 14                  107 	.db #0x14	; 20
   003B 08                  108 	.db #0x08	; 8
   003C 30                  109 	.db #0x30	; 48	'0'
   003D 30                  110 	.db #0x30	; 48	'0'
   003E 0C                  111 	.db #0x0c	; 12
   003F 08                  112 	.db #0x08	; 8
   0040 30                  113 	.db #0x30	; 48	'0'
   0041 30                  114 	.db #0x30	; 48	'0'
   0042 0C                  115 	.db #0x0c	; 12
   0043 00                  116 	.db #0x00	; 0
   0044 8A                  117 	.db #0x8a	; 138
   0045 8A                  118 	.db #0x8a	; 138
   0046 00                  119 	.db #0x00	; 0
   0047 00                  120 	.db #0x00	; 0
   0048 8A                  121 	.db #0x8a	; 138
   0049 8A                  122 	.db #0x8a	; 138
   004A 00                  123 	.db #0x00	; 0
   004B 41                  124 	.db #0x41	; 65	'A'
   004C 82                  125 	.db #0x82	; 130
   004D C3                  126 	.db #0xc3	; 195
   004E 00                  127 	.db #0x00	; 0
   004F 41                  128 	.db #0x41	; 65	'A'
   0050 82                  129 	.db #0x82	; 130
   0051 C3                  130 	.db #0xc3	; 195
   0052 00                  131 	.db #0x00	; 0
                            132 	.area _INITIALIZER
                            133 	.area _CABS (ABS)
