                              1 ;--------------------------------------------------------
                              2 ; File Created by SDCC : free open source ANSI-C Compiler
                              3 ; Version 3.6.8 #9946 (Linux)
                              4 ;--------------------------------------------------------
                              5 	.module LuzAzul
                              6 	.optsdcc -mz80
                              7 	
                              8 ;--------------------------------------------------------
                              9 ; Public variables in this module
                             10 ;--------------------------------------------------------
                             11 	.globl _LuzAzul_1
                             12 	.globl _LuzAzul_0
                             13 	.globl _LuzAzul
                             14 	.globl _LuzAzulPALETTE
                             15 ;--------------------------------------------------------
                             16 ; special function registers
                             17 ;--------------------------------------------------------
                             18 ;--------------------------------------------------------
                             19 ; ram data
                             20 ;--------------------------------------------------------
                             21 	.area _DATA
                             22 ;--------------------------------------------------------
                             23 ; ram data
                             24 ;--------------------------------------------------------
                             25 	.area _INITIALIZED
                             26 ;--------------------------------------------------------
                             27 ; absolute external ram data
                             28 ;--------------------------------------------------------
                             29 	.area _DABS (ABS)
                             30 ;--------------------------------------------------------
                             31 ; global & static initialisations
                             32 ;--------------------------------------------------------
                             33 	.area _HOME
                             34 	.area _GSINIT
                             35 	.area _GSFINAL
                             36 	.area _GSINIT
                             37 ;--------------------------------------------------------
                             38 ; Home
                             39 ;--------------------------------------------------------
                             40 	.area _HOME
                             41 	.area _HOME
                             42 ;--------------------------------------------------------
                             43 ; code
                             44 ;--------------------------------------------------------
                             45 	.area _CODE
                             46 	.area _CODE
   0000                      47 _LuzAzulPALETTE:
   0000 54                   48 	.db #0x54	; 84	'T'
   0001 5B                   49 	.db #0x5b	; 91
   0002 4F                   50 	.db #0x4f	; 79	'O'
   0003 5D                   51 	.db #0x5d	; 93
   0004 44                   52 	.db #0x44	; 68	'D'
   0005 5F                   53 	.db #0x5f	; 95
   0006 4B                   54 	.db #0x4b	; 75	'K'
   0007 55                   55 	.db #0x55	; 85	'U'
   0008 56                   56 	.db #0x56	; 86	'V'
   0009 40                   57 	.db #0x40	; 64
   000A 5C                   58 	.db #0x5c	; 92
   000B 46                   59 	.db #0x46	; 70	'F'
   000C 5B                   60 	.db #0x5b	; 91
   000D 5B                   61 	.db #0x5b	; 91
   000E 5E                   62 	.db #0x5e	; 94
   000F                      63 _LuzAzul:
   000Fr13r00                64 	.dw _LuzAzul_0
   0011r33r00                65 	.dw _LuzAzul_1
   0013                      66 _LuzAzul_0:
   0013 00                   67 	.db #0x00	; 0
   0014 40                   68 	.db #0x40	; 64
   0015 80                   69 	.db #0x80	; 128
   0016 00                   70 	.db #0x00	; 0
   0017 00                   71 	.db #0x00	; 0
   0018 40                   72 	.db #0x40	; 64
   0019 80                   73 	.db #0x80	; 128
   001A 00                   74 	.db #0x00	; 0
   001B 00                   75 	.db #0x00	; 0
   001C 7C                   76 	.db #0x7c	; 124
   001D BC                   77 	.db #0xbc	; 188
   001E 00                   78 	.db #0x00	; 0
   001F 00                   79 	.db #0x00	; 0
   0020 7C                   80 	.db #0x7c	; 124
   0021 BC                   81 	.db #0xbc	; 188
   0022 00                   82 	.db #0x00	; 0
   0023 14                   83 	.db #0x14	; 20
   0024 E8                   84 	.db #0xe8	; 232
   0025 D4                   85 	.db #0xd4	; 212
   0026 28                   86 	.db #0x28	; 40
   0027 14                   87 	.db #0x14	; 20
   0028 E8                   88 	.db #0xe8	; 232
   0029 D4                   89 	.db #0xd4	; 212
   002A 28                   90 	.db #0x28	; 40
   002B D4                   91 	.db #0xd4	; 212
   002C 94                   92 	.db #0x94	; 148
   002D 68                   93 	.db #0x68	; 104	'h'
   002E E8                   94 	.db #0xe8	; 232
   002F D4                   95 	.db #0xd4	; 212
   0030 94                   96 	.db #0x94	; 148
   0031 68                   97 	.db #0x68	; 104	'h'
   0032 E8                   98 	.db #0xe8	; 232
   0033                      99 _LuzAzul_1:
   0033 D4                  100 	.db #0xd4	; 212
   0034 94                  101 	.db #0x94	; 148
   0035 68                  102 	.db #0x68	; 104	'h'
   0036 E8                  103 	.db #0xe8	; 232
   0037 D4                  104 	.db #0xd4	; 212
   0038 94                  105 	.db #0x94	; 148
   0039 68                  106 	.db #0x68	; 104	'h'
   003A E8                  107 	.db #0xe8	; 232
   003B 14                  108 	.db #0x14	; 20
   003C E8                  109 	.db #0xe8	; 232
   003D D4                  110 	.db #0xd4	; 212
   003E 28                  111 	.db #0x28	; 40
   003F 14                  112 	.db #0x14	; 20
   0040 E8                  113 	.db #0xe8	; 232
   0041 D4                  114 	.db #0xd4	; 212
   0042 28                  115 	.db #0x28	; 40
   0043 00                  116 	.db #0x00	; 0
   0044 7C                  117 	.db #0x7c	; 124
   0045 BC                  118 	.db #0xbc	; 188
   0046 00                  119 	.db #0x00	; 0
   0047 00                  120 	.db #0x00	; 0
   0048 7C                  121 	.db #0x7c	; 124
   0049 BC                  122 	.db #0xbc	; 188
   004A 00                  123 	.db #0x00	; 0
   004B 00                  124 	.db #0x00	; 0
   004C 40                  125 	.db #0x40	; 64
   004D 80                  126 	.db #0x80	; 128
   004E 00                  127 	.db #0x00	; 0
   004F 00                  128 	.db #0x00	; 0
   0050 40                  129 	.db #0x40	; 64
   0051 80                  130 	.db #0x80	; 128
   0052 00                  131 	.db #0x00	; 0
                            132 	.area _INITIALIZER
                            133 	.area _CABS (ABS)
