                              1 ;--------------------------------------------------------
                              2 ; File Created by SDCC : free open source ANSI-C Compiler
                              3 ; Version 3.6.8 #9946 (Linux)
                              4 ;--------------------------------------------------------
                              5 	.module PortalDoor_G
                              6 	.optsdcc -mz80
                              7 	
                              8 ;--------------------------------------------------------
                              9 ; Public variables in this module
                             10 ;--------------------------------------------------------
                             11 	.globl _PortalDoor_G_1
                             12 	.globl _PortalDoor_G_0
                             13 	.globl _PortalDoor_G
                             14 	.globl _PortalDoor_GPALETTE
                             15 ;--------------------------------------------------------
                             16 ; special function registers
                             17 ;--------------------------------------------------------
                             18 ;--------------------------------------------------------
                             19 ; ram data
                             20 ;--------------------------------------------------------
                             21 	.area _DATA
                             22 ;--------------------------------------------------------
                             23 ; ram data
                             24 ;--------------------------------------------------------
                             25 	.area _INITIALIZED
                             26 ;--------------------------------------------------------
                             27 ; absolute external ram data
                             28 ;--------------------------------------------------------
                             29 	.area _DABS (ABS)
                             30 ;--------------------------------------------------------
                             31 ; global & static initialisations
                             32 ;--------------------------------------------------------
                             33 	.area _HOME
                             34 	.area _GSINIT
                             35 	.area _GSFINAL
                             36 	.area _GSINIT
                             37 ;--------------------------------------------------------
                             38 ; Home
                             39 ;--------------------------------------------------------
                             40 	.area _HOME
                             41 	.area _HOME
                             42 ;--------------------------------------------------------
                             43 ; code
                             44 ;--------------------------------------------------------
                             45 	.area _CODE
                             46 	.area _CODE
   0000                      47 _PortalDoor_GPALETTE:
   0000 54                   48 	.db #0x54	; 84	'T'
   0001 5B                   49 	.db #0x5b	; 91
   0002 4F                   50 	.db #0x4f	; 79	'O'
   0003 5D                   51 	.db #0x5d	; 93
   0004 44                   52 	.db #0x44	; 68	'D'
   0005 5F                   53 	.db #0x5f	; 95
   0006 4B                   54 	.db #0x4b	; 75	'K'
   0007 55                   55 	.db #0x55	; 85	'U'
   0008 56                   56 	.db #0x56	; 86	'V'
   0009 40                   57 	.db #0x40	; 64
   000A 5C                   58 	.db #0x5c	; 92
   000B 46                   59 	.db #0x46	; 70	'F'
   000C 5B                   60 	.db #0x5b	; 91
   000D 5B                   61 	.db #0x5b	; 91
   000E 5E                   62 	.db #0x5e	; 94
   000F                      63 _PortalDoor_G:
   000Fr13r00                64 	.dw _PortalDoor_G_0
   0011r33r00                65 	.dw _PortalDoor_G_1
   0013                      66 _PortalDoor_G_0:
   0013 20                   67 	.db #0x20	; 32
   0014 20                   68 	.db #0x20	; 32
   0015 20                   69 	.db #0x20	; 32
   0016 A8                   70 	.db #0xa8	; 168
   0017 20                   71 	.db #0x20	; 32
   0018 20                   72 	.db #0x20	; 32
   0019 20                   73 	.db #0x20	; 32
   001A A8                   74 	.db #0xa8	; 168
   001B 10                   75 	.db #0x10	; 16
   001C 54                   76 	.db #0x54	; 84	'T'
   001D 54                   77 	.db #0x54	; 84	'T'
   001E 54                   78 	.db #0x54	; 84	'T'
   001F 10                   79 	.db #0x10	; 16
   0020 54                   80 	.db #0x54	; 84	'T'
   0021 54                   81 	.db #0x54	; 84	'T'
   0022 54                   82 	.db #0x54	; 84	'T'
   0023 A8                   83 	.db #0xa8	; 168
   0024 A8                   84 	.db #0xa8	; 168
   0025 A8                   85 	.db #0xa8	; 168
   0026 A8                   86 	.db #0xa8	; 168
   0027 A8                   87 	.db #0xa8	; 168
   0028 A8                   88 	.db #0xa8	; 168
   0029 A8                   89 	.db #0xa8	; 168
   002A A8                   90 	.db #0xa8	; 168
   002B 10                   91 	.db #0x10	; 16
   002C 54                   92 	.db #0x54	; 84	'T'
   002D 54                   93 	.db #0x54	; 84	'T'
   002E 54                   94 	.db #0x54	; 84	'T'
   002F 10                   95 	.db #0x10	; 16
   0030 54                   96 	.db #0x54	; 84	'T'
   0031 54                   97 	.db #0x54	; 84	'T'
   0032 54                   98 	.db #0x54	; 84	'T'
   0033                      99 _PortalDoor_G_1:
   0033 20                  100 	.db #0x20	; 32
   0034 20                  101 	.db #0x20	; 32
   0035 A8                  102 	.db #0xa8	; 168
   0036 A8                  103 	.db #0xa8	; 168
   0037 20                  104 	.db #0x20	; 32
   0038 20                  105 	.db #0x20	; 32
   0039 A8                  106 	.db #0xa8	; 168
   003A A8                  107 	.db #0xa8	; 168
   003B 54                  108 	.db #0x54	; 84	'T'
   003C 54                  109 	.db #0x54	; 84	'T'
   003D 54                  110 	.db #0x54	; 84	'T'
   003E 54                  111 	.db #0x54	; 84	'T'
   003F 54                  112 	.db #0x54	; 84	'T'
   0040 54                  113 	.db #0x54	; 84	'T'
   0041 54                  114 	.db #0x54	; 84	'T'
   0042 54                  115 	.db #0x54	; 84	'T'
   0043 20                  116 	.db #0x20	; 32
   0044 20                  117 	.db #0x20	; 32
   0045 A8                  118 	.db #0xa8	; 168
   0046 A8                  119 	.db #0xa8	; 168
   0047 20                  120 	.db #0x20	; 32
   0048 20                  121 	.db #0x20	; 32
   0049 A8                  122 	.db #0xa8	; 168
   004A A8                  123 	.db #0xa8	; 168
   004B 10                  124 	.db #0x10	; 16
   004C 54                  125 	.db #0x54	; 84	'T'
   004D 54                  126 	.db #0x54	; 84	'T'
   004E 54                  127 	.db #0x54	; 84	'T'
   004F 10                  128 	.db #0x10	; 16
   0050 54                  129 	.db #0x54	; 84	'T'
   0051 54                  130 	.db #0x54	; 84	'T'
   0052 54                  131 	.db #0x54	; 84	'T'
                            132 	.area _INITIALIZER
                            133 	.area _CABS (ABS)
