                              1 ;--------------------------------------------------------
                              2 ; File Created by SDCC : free open source ANSI-C Compiler
                              3 ; Version 3.6.8 #9946 (Linux)
                              4 ;--------------------------------------------------------
                              5 	.module PrinceOfPersia_PJ_G
                              6 	.optsdcc -mz80
                              7 	
                              8 ;--------------------------------------------------------
                              9 ; Public variables in this module
                             10 ;--------------------------------------------------------
                             11 	.globl _PrinceOfPersia_PJ_G_1
                             12 	.globl _PrinceOfPersia_PJ_G_0
                             13 	.globl _PrinceOfPersia_PJ_G
                             14 	.globl _PrinceOfPersia_PJ_GPALETTE
                             15 ;--------------------------------------------------------
                             16 ; special function registers
                             17 ;--------------------------------------------------------
                             18 ;--------------------------------------------------------
                             19 ; ram data
                             20 ;--------------------------------------------------------
                             21 	.area _DATA
                             22 ;--------------------------------------------------------
                             23 ; ram data
                             24 ;--------------------------------------------------------
                             25 	.area _INITIALIZED
                             26 ;--------------------------------------------------------
                             27 ; absolute external ram data
                             28 ;--------------------------------------------------------
                             29 	.area _DABS (ABS)
                             30 ;--------------------------------------------------------
                             31 ; global & static initialisations
                             32 ;--------------------------------------------------------
                             33 	.area _HOME
                             34 	.area _GSINIT
                             35 	.area _GSFINAL
                             36 	.area _GSINIT
                             37 ;--------------------------------------------------------
                             38 ; Home
                             39 ;--------------------------------------------------------
                             40 	.area _HOME
                             41 	.area _HOME
                             42 ;--------------------------------------------------------
                             43 ; code
                             44 ;--------------------------------------------------------
                             45 	.area _CODE
                             46 	.area _CODE
   0000                      47 _PrinceOfPersia_PJ_GPALETTE:
   0000 54                   48 	.db #0x54	; 84	'T'
   0001 5B                   49 	.db #0x5b	; 91
   0002 4F                   50 	.db #0x4f	; 79	'O'
   0003 5D                   51 	.db #0x5d	; 93
   0004 44                   52 	.db #0x44	; 68	'D'
   0005 5F                   53 	.db #0x5f	; 95
   0006 4B                   54 	.db #0x4b	; 75	'K'
   0007 55                   55 	.db #0x55	; 85	'U'
   0008 56                   56 	.db #0x56	; 86	'V'
   0009 40                   57 	.db #0x40	; 64
   000A 5C                   58 	.db #0x5c	; 92
   000B 46                   59 	.db #0x46	; 70	'F'
   000C 5B                   60 	.db #0x5b	; 91
   000D 5B                   61 	.db #0x5b	; 91
   000E 5E                   62 	.db #0x5e	; 94
   000F                      63 _PrinceOfPersia_PJ_G:
   000Fr13r00                64 	.dw _PrinceOfPersia_PJ_G_0
   0011r33r00                65 	.dw _PrinceOfPersia_PJ_G_1
   0013                      66 _PrinceOfPersia_PJ_G_0:
   0013 00                   67 	.db #0x00	; 0
   0014 3F                   68 	.db #0x3f	; 63
   0015 00                   69 	.db #0x00	; 0
   0016 00                   70 	.db #0x00	; 0
   0017 00                   71 	.db #0x00	; 0
   0018 3F                   72 	.db #0x3f	; 63
   0019 00                   73 	.db #0x00	; 0
   001A 00                   74 	.db #0x00	; 0
   001B 00                   75 	.db #0x00	; 0
   001C 2E                   76 	.db #0x2e	; 46
   001D 2A                   77 	.db #0x2a	; 42
   001E 00                   78 	.db #0x00	; 0
   001F 00                   79 	.db #0x00	; 0
   0020 2E                   80 	.db #0x2e	; 46
   0021 2A                   81 	.db #0x2a	; 42
   0022 00                   82 	.db #0x00	; 0
   0023 14                   83 	.db #0x14	; 20
   0024 2C                   84 	.db #0x2c	; 44
   0025 00                   85 	.db #0x00	; 0
   0026 00                   86 	.db #0x00	; 0
   0027 14                   87 	.db #0x14	; 20
   0028 2C                   88 	.db #0x2c	; 44
   0029 00                   89 	.db #0x00	; 0
   002A 00                   90 	.db #0x00	; 0
   002B 04                   91 	.db #0x04	; 4
   002C 3C                   92 	.db #0x3c	; 60
   002D 1C                   93 	.db #0x1c	; 28
   002E 3C                   94 	.db #0x3c	; 60
   002F 04                   95 	.db #0x04	; 4
   0030 3C                   96 	.db #0x3c	; 60
   0031 1C                   97 	.db #0x1c	; 28
   0032 3C                   98 	.db #0x3c	; 60
   0033                      99 _PrinceOfPersia_PJ_G_1:
   0033 14                  100 	.db #0x14	; 20
   0034 28                  101 	.db #0x28	; 40
   0035 00                  102 	.db #0x00	; 0
   0036 00                  103 	.db #0x00	; 0
   0037 14                  104 	.db #0x14	; 20
   0038 28                  105 	.db #0x28	; 40
   0039 00                  106 	.db #0x00	; 0
   003A 00                  107 	.db #0x00	; 0
   003B 8E                  108 	.db #0x8e	; 142
   003C 8E                  109 	.db #0x8e	; 142
   003D 8A                  110 	.db #0x8a	; 138
   003E 00                  111 	.db #0x00	; 0
   003F 8E                  112 	.db #0x8e	; 142
   0040 8E                  113 	.db #0x8e	; 142
   0041 8A                  114 	.db #0x8a	; 138
   0042 00                  115 	.db #0x00	; 0
   0043 CF                  116 	.db #0xcf	; 207
   0044 CF                  117 	.db #0xcf	; 207
   0045 8A                  118 	.db #0x8a	; 138
   0046 00                  119 	.db #0x00	; 0
   0047 CF                  120 	.db #0xcf	; 207
   0048 CF                  121 	.db #0xcf	; 207
   0049 8A                  122 	.db #0x8a	; 138
   004A 00                  123 	.db #0x00	; 0
   004B FC                  124 	.db #0xfc	; 252
   004C 30                  125 	.db #0x30	; 48	'0'
   004D 20                  126 	.db #0x20	; 32
   004E 00                  127 	.db #0x00	; 0
   004F FC                  128 	.db #0xfc	; 252
   0050 30                  129 	.db #0x30	; 48	'0'
   0051 20                  130 	.db #0x20	; 32
   0052 00                  131 	.db #0x00	; 0
                            132 	.area _INITIALIZER
                            133 	.area _CABS (ABS)
