                              1 ;--------------------------------------------------------
                              2 ; File Created by SDCC : free open source ANSI-C Compiler
                              3 ; Version 3.6.8 #9946 (Linux)
                              4 ;--------------------------------------------------------
                              5 	.module PrinceOfPersia_Tape
                              6 	.optsdcc -mz80
                              7 	
                              8 ;--------------------------------------------------------
                              9 ; Public variables in this module
                             10 ;--------------------------------------------------------
                             11 	.globl _PrinceOfPersia_Tape_1
                             12 	.globl _PrinceOfPersia_Tape_0
                             13 	.globl _PrinceOfPersia_Tape
                             14 	.globl _PrinceOfPersia_TapePALETTE
                             15 ;--------------------------------------------------------
                             16 ; special function registers
                             17 ;--------------------------------------------------------
                             18 ;--------------------------------------------------------
                             19 ; ram data
                             20 ;--------------------------------------------------------
                             21 	.area _DATA
                             22 ;--------------------------------------------------------
                             23 ; ram data
                             24 ;--------------------------------------------------------
                             25 	.area _INITIALIZED
                             26 ;--------------------------------------------------------
                             27 ; absolute external ram data
                             28 ;--------------------------------------------------------
                             29 	.area _DABS (ABS)
                             30 ;--------------------------------------------------------
                             31 ; global & static initialisations
                             32 ;--------------------------------------------------------
                             33 	.area _HOME
                             34 	.area _GSINIT
                             35 	.area _GSFINAL
                             36 	.area _GSINIT
                             37 ;--------------------------------------------------------
                             38 ; Home
                             39 ;--------------------------------------------------------
                             40 	.area _HOME
                             41 	.area _HOME
                             42 ;--------------------------------------------------------
                             43 ; code
                             44 ;--------------------------------------------------------
                             45 	.area _CODE
                             46 	.area _CODE
   0000                      47 _PrinceOfPersia_TapePALETTE:
   0000 54                   48 	.db #0x54	; 84	'T'
   0001 5B                   49 	.db #0x5b	; 91
   0002 4F                   50 	.db #0x4f	; 79	'O'
   0003 5D                   51 	.db #0x5d	; 93
   0004 44                   52 	.db #0x44	; 68	'D'
   0005 5F                   53 	.db #0x5f	; 95
   0006 4B                   54 	.db #0x4b	; 75	'K'
   0007 55                   55 	.db #0x55	; 85	'U'
   0008 56                   56 	.db #0x56	; 86	'V'
   0009 40                   57 	.db #0x40	; 64
   000A 5C                   58 	.db #0x5c	; 92
   000B 46                   59 	.db #0x46	; 70	'F'
   000C 5B                   60 	.db #0x5b	; 91
   000D 5B                   61 	.db #0x5b	; 91
   000E 5E                   62 	.db #0x5e	; 94
   000F                      63 _PrinceOfPersia_Tape:
   000Fr13r00                64 	.dw _PrinceOfPersia_Tape_0
   0011r33r00                65 	.dw _PrinceOfPersia_Tape_1
   0013                      66 _PrinceOfPersia_Tape_0:
   0013 45                   67 	.db #0x45	; 69	'E'
   0014 FC                   68 	.db #0xfc	; 252
   0015 FC                   69 	.db #0xfc	; 252
   0016 A8                   70 	.db #0xa8	; 168
   0017 45                   71 	.db #0x45	; 69	'E'
   0018 FC                   72 	.db #0xfc	; 252
   0019 FC                   73 	.db #0xfc	; 252
   001A A8                   74 	.db #0xa8	; 168
   001B 8A                   75 	.db #0x8a	; 138
   001C 54                   76 	.db #0x54	; 84	'T'
   001D A8                   77 	.db #0xa8	; 168
   001E 54                   78 	.db #0x54	; 84	'T'
   001F 8A                   79 	.db #0x8a	; 138
   0020 54                   80 	.db #0x54	; 84	'T'
   0021 A8                   81 	.db #0xa8	; 168
   0022 54                   82 	.db #0x54	; 84	'T'
   0023 A8                   83 	.db #0xa8	; 168
   0024 82                   84 	.db #0x82	; 130
   0025 41                   85 	.db #0x41	; 65	'A'
   0026 54                   86 	.db #0x54	; 84	'T'
   0027 A8                   87 	.db #0xa8	; 168
   0028 82                   88 	.db #0x82	; 130
   0029 41                   89 	.db #0x41	; 65	'A'
   002A 54                   90 	.db #0x54	; 84	'T'
   002B E9                   91 	.db #0xe9	; 233
   002C 41                   92 	.db #0x41	; 65	'A'
   002D 82                   93 	.db #0x82	; 130
   002E D6                   94 	.db #0xd6	; 214
   002F E9                   95 	.db #0xe9	; 233
   0030 41                   96 	.db #0x41	; 65	'A'
   0031 82                   97 	.db #0x82	; 130
   0032 D6                   98 	.db #0xd6	; 214
   0033                      99 _PrinceOfPersia_Tape_1:
   0033 A8                  100 	.db #0xa8	; 168
   0034 82                  101 	.db #0x82	; 130
   0035 41                  102 	.db #0x41	; 65	'A'
   0036 54                  103 	.db #0x54	; 84	'T'
   0037 A8                  104 	.db #0xa8	; 168
   0038 82                  105 	.db #0x82	; 130
   0039 41                  106 	.db #0x41	; 65	'A'
   003A 54                  107 	.db #0x54	; 84	'T'
   003B A8                  108 	.db #0xa8	; 168
   003C 00                  109 	.db #0x00	; 0
   003D 00                  110 	.db #0x00	; 0
   003E 54                  111 	.db #0x54	; 84	'T'
   003F A8                  112 	.db #0xa8	; 168
   0040 00                  113 	.db #0x00	; 0
   0041 00                  114 	.db #0x00	; 0
   0042 54                  115 	.db #0x54	; 84	'T'
   0043 FC                  116 	.db #0xfc	; 252
   0044 54                  117 	.db #0x54	; 84	'T'
   0045 A8                  118 	.db #0xa8	; 168
   0046 FC                  119 	.db #0xfc	; 252
   0047 FC                  120 	.db #0xfc	; 252
   0048 54                  121 	.db #0x54	; 84	'T'
   0049 A8                  122 	.db #0xa8	; 168
   004A FC                  123 	.db #0xfc	; 252
   004B 20                  124 	.db #0x20	; 32
   004C 30                  125 	.db #0x30	; 48	'0'
   004D 30                  126 	.db #0x30	; 48	'0'
   004E 10                  127 	.db #0x10	; 16
   004F 20                  128 	.db #0x20	; 32
   0050 30                  129 	.db #0x30	; 48	'0'
   0051 30                  130 	.db #0x30	; 48	'0'
   0052 10                  131 	.db #0x10	; 16
                            132 	.area _INITIALIZER
                            133 	.area _CABS (ABS)
