                              1 ;--------------------------------------------------------
                              2 ; File Created by SDCC : free open source ANSI-C Compiler
                              3 ; Version 3.6.8 #9946 (Linux)
                              4 ;--------------------------------------------------------
                              5 	.module StairUp1_B
                              6 	.optsdcc -mz80
                              7 	
                              8 ;--------------------------------------------------------
                              9 ; Public variables in this module
                             10 ;--------------------------------------------------------
                             11 	.globl _StairUp1_B_1
                             12 	.globl _StairUp1_B_0
                             13 	.globl _StairUp1_B
                             14 	.globl _StairUp1_BPALETTE
                             15 ;--------------------------------------------------------
                             16 ; special function registers
                             17 ;--------------------------------------------------------
                             18 ;--------------------------------------------------------
                             19 ; ram data
                             20 ;--------------------------------------------------------
                             21 	.area _DATA
                             22 ;--------------------------------------------------------
                             23 ; ram data
                             24 ;--------------------------------------------------------
                             25 	.area _INITIALIZED
                             26 ;--------------------------------------------------------
                             27 ; absolute external ram data
                             28 ;--------------------------------------------------------
                             29 	.area _DABS (ABS)
                             30 ;--------------------------------------------------------
                             31 ; global & static initialisations
                             32 ;--------------------------------------------------------
                             33 	.area _HOME
                             34 	.area _GSINIT
                             35 	.area _GSFINAL
                             36 	.area _GSINIT
                             37 ;--------------------------------------------------------
                             38 ; Home
                             39 ;--------------------------------------------------------
                             40 	.area _HOME
                             41 	.area _HOME
                             42 ;--------------------------------------------------------
                             43 ; code
                             44 ;--------------------------------------------------------
                             45 	.area _CODE
                             46 	.area _CODE
   0000                      47 _StairUp1_BPALETTE:
   0000 54                   48 	.db #0x54	; 84	'T'
   0001 5B                   49 	.db #0x5b	; 91
   0002 4F                   50 	.db #0x4f	; 79	'O'
   0003 5D                   51 	.db #0x5d	; 93
   0004 44                   52 	.db #0x44	; 68	'D'
   0005 5F                   53 	.db #0x5f	; 95
   0006 4B                   54 	.db #0x4b	; 75	'K'
   0007 55                   55 	.db #0x55	; 85	'U'
   0008 56                   56 	.db #0x56	; 86	'V'
   0009 40                   57 	.db #0x40	; 64
   000A 5C                   58 	.db #0x5c	; 92
   000B 46                   59 	.db #0x46	; 70	'F'
   000C 5B                   60 	.db #0x5b	; 91
   000D 5B                   61 	.db #0x5b	; 91
   000E 5E                   62 	.db #0x5e	; 94
   000F                      63 _StairUp1_B:
   000Fr13r00                64 	.dw _StairUp1_B_0
   0011r33r00                65 	.dw _StairUp1_B_1
   0013                      66 _StairUp1_B_0:
   0013 20                   67 	.db #0x20	; 32
   0014 00                   68 	.db #0x00	; 0
   0015 00                   69 	.db #0x00	; 0
   0016 00                   70 	.db #0x00	; 0
   0017 20                   71 	.db #0x20	; 32
   0018 00                   72 	.db #0x00	; 0
   0019 00                   73 	.db #0x00	; 0
   001A 00                   74 	.db #0x00	; 0
   001B 21                   75 	.db #0x21	; 33
   001C 20                   76 	.db #0x20	; 32
   001D 00                   77 	.db #0x00	; 0
   001E 00                   78 	.db #0x00	; 0
   001F 21                   79 	.db #0x21	; 33
   0020 20                   80 	.db #0x20	; 32
   0021 00                   81 	.db #0x00	; 0
   0022 00                   82 	.db #0x00	; 0
   0023 61                   83 	.db #0x61	; 97	'a'
   0024 21                   84 	.db #0x21	; 33
   0025 20                   85 	.db #0x20	; 32
   0026 00                   86 	.db #0x00	; 0
   0027 61                   87 	.db #0x61	; 97	'a'
   0028 21                   88 	.db #0x21	; 33
   0029 20                   89 	.db #0x20	; 32
   002A 00                   90 	.db #0x00	; 0
   002B 61                   91 	.db #0x61	; 97	'a'
   002C C9                   92 	.db #0xc9	; 201
   002D 21                   93 	.db #0x21	; 33
   002E 20                   94 	.db #0x20	; 32
   002F 61                   95 	.db #0x61	; 97	'a'
   0030 C9                   96 	.db #0xc9	; 201
   0031 21                   97 	.db #0x21	; 33
   0032 20                   98 	.db #0x20	; 32
   0033                      99 _StairUp1_B_1:
   0033 61                  100 	.db #0x61	; 97	'a'
   0034 41                  101 	.db #0x41	; 65	'A'
   0035 C9                  102 	.db #0xc9	; 201
   0036 30                  103 	.db #0x30	; 48	'0'
   0037 61                  104 	.db #0x61	; 97	'a'
   0038 41                  105 	.db #0x41	; 65	'A'
   0039 C9                  106 	.db #0xc9	; 201
   003A 30                  107 	.db #0x30	; 48	'0'
   003B 30                  108 	.db #0x30	; 48	'0'
   003C 61                  109 	.db #0x61	; 97	'a'
   003D 41                  110 	.db #0x41	; 65	'A'
   003E 98                  111 	.db #0x98	; 152
   003F 30                  112 	.db #0x30	; 48	'0'
   0040 61                  113 	.db #0x61	; 97	'a'
   0041 41                  114 	.db #0x41	; 65	'A'
   0042 98                  115 	.db #0x98	; 152
   0043 30                  116 	.db #0x30	; 48	'0'
   0044 30                  117 	.db #0x30	; 48	'0'
   0045 61                  118 	.db #0x61	; 97	'a'
   0046 10                  119 	.db #0x10	; 16
   0047 30                  120 	.db #0x30	; 48	'0'
   0048 30                  121 	.db #0x30	; 48	'0'
   0049 61                  122 	.db #0x61	; 97	'a'
   004A 10                  123 	.db #0x10	; 16
   004B 30                  124 	.db #0x30	; 48	'0'
   004C 30                  125 	.db #0x30	; 48	'0'
   004D 30                  126 	.db #0x30	; 48	'0'
   004E 30                  127 	.db #0x30	; 48	'0'
   004F 30                  128 	.db #0x30	; 48	'0'
   0050 30                  129 	.db #0x30	; 48	'0'
   0051 30                  130 	.db #0x30	; 48	'0'
   0052 30                  131 	.db #0x30	; 48	'0'
                            132 	.area _INITIALIZER
                            133 	.area _CABS (ABS)
