                              1 ;--------------------------------------------------------
                              2 ; File Created by SDCC : free open source ANSI-C Compiler
                              3 ; Version 3.6.8 #9946 (Linux)
                              4 ;--------------------------------------------------------
                              5 	.module StairDown1_G
                              6 	.optsdcc -mz80
                              7 	
                              8 ;--------------------------------------------------------
                              9 ; Public variables in this module
                             10 ;--------------------------------------------------------
                             11 	.globl _StairDown1_G_1
                             12 	.globl _StairDown1_G_0
                             13 	.globl _StairDown1_G
                             14 	.globl _StairDown1_GPALETTE
                             15 ;--------------------------------------------------------
                             16 ; special function registers
                             17 ;--------------------------------------------------------
                             18 ;--------------------------------------------------------
                             19 ; ram data
                             20 ;--------------------------------------------------------
                             21 	.area _DATA
                             22 ;--------------------------------------------------------
                             23 ; ram data
                             24 ;--------------------------------------------------------
                             25 	.area _INITIALIZED
                             26 ;--------------------------------------------------------
                             27 ; absolute external ram data
                             28 ;--------------------------------------------------------
                             29 	.area _DABS (ABS)
                             30 ;--------------------------------------------------------
                             31 ; global & static initialisations
                             32 ;--------------------------------------------------------
                             33 	.area _HOME
                             34 	.area _GSINIT
                             35 	.area _GSFINAL
                             36 	.area _GSINIT
                             37 ;--------------------------------------------------------
                             38 ; Home
                             39 ;--------------------------------------------------------
                             40 	.area _HOME
                             41 	.area _HOME
                             42 ;--------------------------------------------------------
                             43 ; code
                             44 ;--------------------------------------------------------
                             45 	.area _CODE
                             46 	.area _CODE
   0000                      47 _StairDown1_GPALETTE:
   0000 54                   48 	.db #0x54	; 84	'T'
   0001 5B                   49 	.db #0x5b	; 91
   0002 4F                   50 	.db #0x4f	; 79	'O'
   0003 5D                   51 	.db #0x5d	; 93
   0004 44                   52 	.db #0x44	; 68	'D'
   0005 5F                   53 	.db #0x5f	; 95
   0006 4B                   54 	.db #0x4b	; 75	'K'
   0007 55                   55 	.db #0x55	; 85	'U'
   0008 56                   56 	.db #0x56	; 86	'V'
   0009 40                   57 	.db #0x40	; 64
   000A 5C                   58 	.db #0x5c	; 92
   000B 46                   59 	.db #0x46	; 70	'F'
   000C 5B                   60 	.db #0x5b	; 91
   000D 5B                   61 	.db #0x5b	; 91
   000E 5E                   62 	.db #0x5e	; 94
   000F                      63 _StairDown1_G:
   000Fr13r00                64 	.dw _StairDown1_G_0
   0011r33r00                65 	.dw _StairDown1_G_1
   0013                      66 _StairDown1_G_0:
   0013 30                   67 	.db #0x30	; 48	'0'
   0014 30                   68 	.db #0x30	; 48	'0'
   0015 30                   69 	.db #0x30	; 48	'0'
   0016 20                   70 	.db #0x20	; 32
   0017 30                   71 	.db #0x30	; 48	'0'
   0018 30                   72 	.db #0x30	; 48	'0'
   0019 30                   73 	.db #0x30	; 48	'0'
   001A 20                   74 	.db #0x20	; 32
   001B 65                   75 	.db #0x65	; 101	'e'
   001C 10                   76 	.db #0x10	; 16
   001D 00                   77 	.db #0x00	; 0
   001E 30                   78 	.db #0x30	; 48	'0'
   001F 65                   79 	.db #0x65	; 101	'e'
   0020 10                   80 	.db #0x10	; 16
   0021 00                   81 	.db #0x00	; 0
   0022 30                   82 	.db #0x30	; 48	'0'
   0023 65                   83 	.db #0x65	; 101	'e'
   0024 65                   84 	.db #0x65	; 101	'e'
   0025 10                   85 	.db #0x10	; 16
   0026 10                   86 	.db #0x10	; 16
   0027 65                   87 	.db #0x65	; 101	'e'
   0028 65                   88 	.db #0x65	; 101	'e'
   0029 10                   89 	.db #0x10	; 16
   002A 10                   90 	.db #0x10	; 16
   002B 65                   91 	.db #0x65	; 101	'e'
   002C ED                   92 	.db #0xed	; 237
   002D 65                   93 	.db #0x65	; 101	'e'
   002E 10                   94 	.db #0x10	; 16
   002F 65                   95 	.db #0x65	; 101	'e'
   0030 ED                   96 	.db #0xed	; 237
   0031 65                   97 	.db #0x65	; 101	'e'
   0032 10                   98 	.db #0x10	; 16
   0033                      99 _StairDown1_G_1:
   0033 65                  100 	.db #0x65	; 101	'e'
   0034 45                  101 	.db #0x45	; 69	'E'
   0035 ED                  102 	.db #0xed	; 237
   0036 10                  103 	.db #0x10	; 16
   0037 65                  104 	.db #0x65	; 101	'e'
   0038 45                  105 	.db #0x45	; 69	'E'
   0039 ED                  106 	.db #0xed	; 237
   003A 10                  107 	.db #0x10	; 16
   003B 65                  108 	.db #0x65	; 101	'e'
   003C 45                  109 	.db #0x45	; 69	'E'
   003D 45                  110 	.db #0x45	; 69	'E'
   003E 10                  111 	.db #0x10	; 16
   003F 65                  112 	.db #0x65	; 101	'e'
   0040 45                  113 	.db #0x45	; 69	'E'
   0041 45                  114 	.db #0x45	; 69	'E'
   0042 10                  115 	.db #0x10	; 16
   0043 65                  116 	.db #0x65	; 101	'e'
   0044 45                  117 	.db #0x45	; 69	'E'
   0045 45                  118 	.db #0x45	; 69	'E'
   0046 10                  119 	.db #0x10	; 16
   0047 65                  120 	.db #0x65	; 101	'e'
   0048 45                  121 	.db #0x45	; 69	'E'
   0049 45                  122 	.db #0x45	; 69	'E'
   004A 10                  123 	.db #0x10	; 16
   004B 30                  124 	.db #0x30	; 48	'0'
   004C 30                  125 	.db #0x30	; 48	'0'
   004D 30                  126 	.db #0x30	; 48	'0'
   004E 30                  127 	.db #0x30	; 48	'0'
   004F 30                  128 	.db #0x30	; 48	'0'
   0050 30                  129 	.db #0x30	; 48	'0'
   0051 30                  130 	.db #0x30	; 48	'0'
   0052 30                  131 	.db #0x30	; 48	'0'
                            132 	.area _INITIALIZER
                            133 	.area _CABS (ABS)
