                              1 ;--------------------------------------------------------
                              2 ; File Created by SDCC : free open source ANSI-C Compiler
                              3 ; Version 3.6.8 #9946 (Linux)
                              4 ;--------------------------------------------------------
                              5 	.module Wall_Solid1
                              6 	.optsdcc -mz80
                              7 	
                              8 ;--------------------------------------------------------
                              9 ; Public variables in this module
                             10 ;--------------------------------------------------------
                             11 	.globl _Wall_Solid1_1
                             12 	.globl _Wall_Solid1_0
                             13 	.globl _Wall_Solid1
                             14 	.globl _Wall_Solid1PALETTE
                             15 ;--------------------------------------------------------
                             16 ; special function registers
                             17 ;--------------------------------------------------------
                             18 ;--------------------------------------------------------
                             19 ; ram data
                             20 ;--------------------------------------------------------
                             21 	.area _DATA
                             22 ;--------------------------------------------------------
                             23 ; ram data
                             24 ;--------------------------------------------------------
                             25 	.area _INITIALIZED
                             26 ;--------------------------------------------------------
                             27 ; absolute external ram data
                             28 ;--------------------------------------------------------
                             29 	.area _DABS (ABS)
                             30 ;--------------------------------------------------------
                             31 ; global & static initialisations
                             32 ;--------------------------------------------------------
                             33 	.area _HOME
                             34 	.area _GSINIT
                             35 	.area _GSFINAL
                             36 	.area _GSINIT
                             37 ;--------------------------------------------------------
                             38 ; Home
                             39 ;--------------------------------------------------------
                             40 	.area _HOME
                             41 	.area _HOME
                             42 ;--------------------------------------------------------
                             43 ; code
                             44 ;--------------------------------------------------------
                             45 	.area _CODE
                             46 	.area _CODE
   0000                      47 _Wall_Solid1PALETTE:
   0000 54                   48 	.db #0x54	; 84	'T'
   0001 5B                   49 	.db #0x5b	; 91
   0002 4F                   50 	.db #0x4f	; 79	'O'
   0003 5D                   51 	.db #0x5d	; 93
   0004 44                   52 	.db #0x44	; 68	'D'
   0005 5F                   53 	.db #0x5f	; 95
   0006 4B                   54 	.db #0x4b	; 75	'K'
   0007 55                   55 	.db #0x55	; 85	'U'
   0008 56                   56 	.db #0x56	; 86	'V'
   0009 40                   57 	.db #0x40	; 64
   000A 5C                   58 	.db #0x5c	; 92
   000B 46                   59 	.db #0x46	; 70	'F'
   000C 5B                   60 	.db #0x5b	; 91
   000D 5B                   61 	.db #0x5b	; 91
   000E 5E                   62 	.db #0x5e	; 94
   000F                      63 _Wall_Solid1:
   000Fr13r00                64 	.dw _Wall_Solid1_0
   0011r33r00                65 	.dw _Wall_Solid1_1
   0013                      66 _Wall_Solid1_0:
   0013 10                   67 	.db #0x10	; 16
   0014 30                   68 	.db #0x30	; 48	'0'
   0015 30                   69 	.db #0x30	; 48	'0'
   0016 20                   70 	.db #0x20	; 32
   0017 10                   71 	.db #0x10	; 16
   0018 30                   72 	.db #0x30	; 48	'0'
   0019 30                   73 	.db #0x30	; 48	'0'
   001A 20                   74 	.db #0x20	; 32
   001B 30                   75 	.db #0x30	; 48	'0'
   001C 00                   76 	.db #0x00	; 0
   001D 00                   77 	.db #0x00	; 0
   001E 10                   78 	.db #0x10	; 16
   001F 30                   79 	.db #0x30	; 48	'0'
   0020 00                   80 	.db #0x00	; 0
   0021 00                   81 	.db #0x00	; 0
   0022 10                   82 	.db #0x10	; 16
   0023 20                   83 	.db #0x20	; 32
   0024 FC                   84 	.db #0xfc	; 252
   0025 FC                   85 	.db #0xfc	; 252
   0026 10                   86 	.db #0x10	; 16
   0027 20                   87 	.db #0x20	; 32
   0028 FC                   88 	.db #0xfc	; 252
   0029 FC                   89 	.db #0xfc	; 252
   002A 10                   90 	.db #0x10	; 16
   002B 20                   91 	.db #0x20	; 32
   002C B8                   92 	.db #0xb8	; 184
   002D 30                   93 	.db #0x30	; 48	'0'
   002E 10                   94 	.db #0x10	; 16
   002F 20                   95 	.db #0x20	; 32
   0030 B8                   96 	.db #0xb8	; 184
   0031 30                   97 	.db #0x30	; 48	'0'
   0032 10                   98 	.db #0x10	; 16
   0033                      99 _Wall_Solid1_1:
   0033 20                  100 	.db #0x20	; 32
   0034 B8                  101 	.db #0xb8	; 184
   0035 30                  102 	.db #0x30	; 48	'0'
   0036 10                  103 	.db #0x10	; 16
   0037 20                  104 	.db #0x20	; 32
   0038 B8                  105 	.db #0xb8	; 184
   0039 30                  106 	.db #0x30	; 48	'0'
   003A 10                  107 	.db #0x10	; 16
   003B 20                  108 	.db #0x20	; 32
   003C B8                  109 	.db #0xb8	; 184
   003D 30                  110 	.db #0x30	; 48	'0'
   003E 10                  111 	.db #0x10	; 16
   003F 20                  112 	.db #0x20	; 32
   0040 B8                  113 	.db #0xb8	; 184
   0041 30                  114 	.db #0x30	; 48	'0'
   0042 10                  115 	.db #0x10	; 16
   0043 20                  116 	.db #0x20	; 32
   0044 00                  117 	.db #0x00	; 0
   0045 00                  118 	.db #0x00	; 0
   0046 30                  119 	.db #0x30	; 48	'0'
   0047 20                  120 	.db #0x20	; 32
   0048 00                  121 	.db #0x00	; 0
   0049 00                  122 	.db #0x00	; 0
   004A 30                  123 	.db #0x30	; 48	'0'
   004B 10                  124 	.db #0x10	; 16
   004C 30                  125 	.db #0x30	; 48	'0'
   004D 30                  126 	.db #0x30	; 48	'0'
   004E 20                  127 	.db #0x20	; 32
   004F 10                  128 	.db #0x10	; 16
   0050 30                  129 	.db #0x30	; 48	'0'
   0051 30                  130 	.db #0x30	; 48	'0'
   0052 20                  131 	.db #0x20	; 32
                            132 	.area _INITIALIZER
                            133 	.area _CABS (ABS)
