                              1 ;--------------------------------------------------------
                              2 ; File Created by SDCC : free open source ANSI-C Compiler
                              3 ; Version 3.6.8 #9946 (Linux)
                              4 ;--------------------------------------------------------
                              5 	.module Wall_Dust_B
                              6 	.optsdcc -mz80
                              7 	
                              8 ;--------------------------------------------------------
                              9 ; Public variables in this module
                             10 ;--------------------------------------------------------
                             11 	.globl _Wall_Dust_B_1
                             12 	.globl _Wall_Dust_B_0
                             13 	.globl _Wall_Dust_B
                             14 	.globl _Wall_Dust_BPALETTE
                             15 ;--------------------------------------------------------
                             16 ; special function registers
                             17 ;--------------------------------------------------------
                             18 ;--------------------------------------------------------
                             19 ; ram data
                             20 ;--------------------------------------------------------
                             21 	.area _DATA
                             22 ;--------------------------------------------------------
                             23 ; ram data
                             24 ;--------------------------------------------------------
                             25 	.area _INITIALIZED
                             26 ;--------------------------------------------------------
                             27 ; absolute external ram data
                             28 ;--------------------------------------------------------
                             29 	.area _DABS (ABS)
                             30 ;--------------------------------------------------------
                             31 ; global & static initialisations
                             32 ;--------------------------------------------------------
                             33 	.area _HOME
                             34 	.area _GSINIT
                             35 	.area _GSFINAL
                             36 	.area _GSINIT
                             37 ;--------------------------------------------------------
                             38 ; Home
                             39 ;--------------------------------------------------------
                             40 	.area _HOME
                             41 	.area _HOME
                             42 ;--------------------------------------------------------
                             43 ; code
                             44 ;--------------------------------------------------------
                             45 	.area _CODE
                             46 	.area _CODE
   0000                      47 _Wall_Dust_BPALETTE:
   0000 54                   48 	.db #0x54	; 84	'T'
   0001 5B                   49 	.db #0x5b	; 91
   0002 4F                   50 	.db #0x4f	; 79	'O'
   0003 5D                   51 	.db #0x5d	; 93
   0004 44                   52 	.db #0x44	; 68	'D'
   0005 5F                   53 	.db #0x5f	; 95
   0006 4B                   54 	.db #0x4b	; 75	'K'
   0007 55                   55 	.db #0x55	; 85	'U'
   0008 56                   56 	.db #0x56	; 86	'V'
   0009 40                   57 	.db #0x40	; 64
   000A 5C                   58 	.db #0x5c	; 92
   000B 46                   59 	.db #0x46	; 70	'F'
   000C 5B                   60 	.db #0x5b	; 91
   000D 5B                   61 	.db #0x5b	; 91
   000E 5E                   62 	.db #0x5e	; 94
   000F                      63 _Wall_Dust_B:
   000Fr13r00                64 	.dw _Wall_Dust_B_0
   0011r33r00                65 	.dw _Wall_Dust_B_1
   0013                      66 _Wall_Dust_B_0:
   0013 44                   67 	.db #0x44	; 68	'D'
   0014 44                   68 	.db #0x44	; 68	'D'
   0015 88                   69 	.db #0x88	; 136
   0016 88                   70 	.db #0x88	; 136
   0017 44                   71 	.db #0x44	; 68	'D'
   0018 44                   72 	.db #0x44	; 68	'D'
   0019 88                   73 	.db #0x88	; 136
   001A 88                   74 	.db #0x88	; 136
   001B 00                   75 	.db #0x00	; 0
   001C 00                   76 	.db #0x00	; 0
   001D 88                   77 	.db #0x88	; 136
   001E 00                   78 	.db #0x00	; 0
   001F 00                   79 	.db #0x00	; 0
   0020 00                   80 	.db #0x00	; 0
   0021 88                   81 	.db #0x88	; 136
   0022 00                   82 	.db #0x00	; 0
   0023 88                   83 	.db #0x88	; 136
   0024 88                   84 	.db #0x88	; 136
   0025 00                   85 	.db #0x00	; 0
   0026 44                   86 	.db #0x44	; 68	'D'
   0027 88                   87 	.db #0x88	; 136
   0028 88                   88 	.db #0x88	; 136
   0029 00                   89 	.db #0x00	; 0
   002A 44                   90 	.db #0x44	; 68	'D'
   002B 00                   91 	.db #0x00	; 0
   002C 00                   92 	.db #0x00	; 0
   002D 44                   93 	.db #0x44	; 68	'D'
   002E 00                   94 	.db #0x00	; 0
   002F 00                   95 	.db #0x00	; 0
   0030 00                   96 	.db #0x00	; 0
   0031 44                   97 	.db #0x44	; 68	'D'
   0032 00                   98 	.db #0x00	; 0
   0033                      99 _Wall_Dust_B_1:
   0033 88                  100 	.db #0x88	; 136
   0034 00                  101 	.db #0x00	; 0
   0035 00                  102 	.db #0x00	; 0
   0036 88                  103 	.db #0x88	; 136
   0037 88                  104 	.db #0x88	; 136
   0038 00                  105 	.db #0x00	; 0
   0039 00                  106 	.db #0x00	; 0
   003A 88                  107 	.db #0x88	; 136
   003B 88                  108 	.db #0x88	; 136
   003C 44                  109 	.db #0x44	; 68	'D'
   003D 00                  110 	.db #0x00	; 0
   003E 44                  111 	.db #0x44	; 68	'D'
   003F 88                  112 	.db #0x88	; 136
   0040 44                  113 	.db #0x44	; 68	'D'
   0041 00                  114 	.db #0x00	; 0
   0042 44                  115 	.db #0x44	; 68	'D'
   0043 00                  116 	.db #0x00	; 0
   0044 00                  117 	.db #0x00	; 0
   0045 00                  118 	.db #0x00	; 0
   0046 44                  119 	.db #0x44	; 68	'D'
   0047 00                  120 	.db #0x00	; 0
   0048 00                  121 	.db #0x00	; 0
   0049 00                  122 	.db #0x00	; 0
   004A 44                  123 	.db #0x44	; 68	'D'
   004B 44                  124 	.db #0x44	; 68	'D'
   004C 00                  125 	.db #0x00	; 0
   004D CC                  126 	.db #0xcc	; 204
   004E 00                  127 	.db #0x00	; 0
   004F 44                  128 	.db #0x44	; 68	'D'
   0050 00                  129 	.db #0x00	; 0
   0051 CC                  130 	.db #0xcc	; 204
   0052 00                  131 	.db #0x00	; 0
                            132 	.area _INITIALIZER
                            133 	.area _CABS (ABS)
