                              1 ;--------------------------------------------------------
                              2 ; File Created by SDCC : free open source ANSI-C Compiler
                              3 ; Version 3.6.8 #9946 (Linux)
                              4 ;--------------------------------------------------------
                              5 	.module zul1_2
                              6 	.optsdcc -mz80
                              7 	
                              8 ;--------------------------------------------------------
                              9 ; Public variables in this module
                             10 ;--------------------------------------------------------
                             11 	.globl _zul1_2_1
                             12 	.globl _zul1_2_0
                             13 	.globl _zul1_2
                             14 	.globl _zul1_2PALETTE
                             15 ;--------------------------------------------------------
                             16 ; special function registers
                             17 ;--------------------------------------------------------
                             18 ;--------------------------------------------------------
                             19 ; ram data
                             20 ;--------------------------------------------------------
                             21 	.area _DATA
                             22 ;--------------------------------------------------------
                             23 ; ram data
                             24 ;--------------------------------------------------------
                             25 	.area _INITIALIZED
                             26 ;--------------------------------------------------------
                             27 ; absolute external ram data
                             28 ;--------------------------------------------------------
                             29 	.area _DABS (ABS)
                             30 ;--------------------------------------------------------
                             31 ; global & static initialisations
                             32 ;--------------------------------------------------------
                             33 	.area _HOME
                             34 	.area _GSINIT
                             35 	.area _GSFINAL
                             36 	.area _GSINIT
                             37 ;--------------------------------------------------------
                             38 ; Home
                             39 ;--------------------------------------------------------
                             40 	.area _HOME
                             41 	.area _HOME
                             42 ;--------------------------------------------------------
                             43 ; code
                             44 ;--------------------------------------------------------
                             45 	.area _CODE
                             46 	.area _CODE
   0000                      47 _zul1_2PALETTE:
   0000 54                   48 	.db #0x54	; 84	'T'
   0001 5B                   49 	.db #0x5b	; 91
   0002 4F                   50 	.db #0x4f	; 79	'O'
   0003 5D                   51 	.db #0x5d	; 93
   0004 44                   52 	.db #0x44	; 68	'D'
   0005 5F                   53 	.db #0x5f	; 95
   0006 4B                   54 	.db #0x4b	; 75	'K'
   0007 55                   55 	.db #0x55	; 85	'U'
   0008 56                   56 	.db #0x56	; 86	'V'
   0009 40                   57 	.db #0x40	; 64
   000A 5C                   58 	.db #0x5c	; 92
   000B 46                   59 	.db #0x46	; 70	'F'
   000C 5B                   60 	.db #0x5b	; 91
   000D 5B                   61 	.db #0x5b	; 91
   000E 5E                   62 	.db #0x5e	; 94
   000F                      63 _zul1_2:
   000Fr13r00                64 	.dw _zul1_2_0
   0011r33r00                65 	.dw _zul1_2_1
   0013                      66 _zul1_2_0:
   0013 00                   67 	.db #0x00	; 0
   0014 A0                   68 	.db #0xa0	; 160
   0015 F0                   69 	.db #0xf0	; 240
   0016 A0                   70 	.db #0xa0	; 160
   0017 00                   71 	.db #0x00	; 0
   0018 A0                   72 	.db #0xa0	; 160
   0019 F0                   73 	.db #0xf0	; 240
   001A A0                   74 	.db #0xa0	; 160
   001B 0C                   75 	.db #0x0c	; 12
   001C 50                   76 	.db #0x50	; 80	'P'
   001D 50                   77 	.db #0x50	; 80	'P'
   001E A0                   78 	.db #0xa0	; 160
   001F 0C                   79 	.db #0x0c	; 12
   0020 50                   80 	.db #0x50	; 80	'P'
   0021 50                   81 	.db #0x50	; 80	'P'
   0022 A0                   82 	.db #0xa0	; 160
   0023 00                   83 	.db #0x00	; 0
   0024 50                   84 	.db #0x50	; 80	'P'
   0025 04                   85 	.db #0x04	; 4
   0026 08                   86 	.db #0x08	; 8
   0027 00                   87 	.db #0x00	; 0
   0028 50                   88 	.db #0x50	; 80	'P'
   0029 04                   89 	.db #0x04	; 4
   002A 08                   90 	.db #0x08	; 8
   002B 04                   91 	.db #0x04	; 4
   002C F0                   92 	.db #0xf0	; 240
   002D 00                   93 	.db #0x00	; 0
   002E 00                   94 	.db #0x00	; 0
   002F 04                   95 	.db #0x04	; 4
   0030 F0                   96 	.db #0xf0	; 240
   0031 00                   97 	.db #0x00	; 0
   0032 00                   98 	.db #0x00	; 0
   0033                      99 _zul1_2_1:
   0033 08                  100 	.db #0x08	; 8
   0034 50                  101 	.db #0x50	; 80	'P'
   0035 50                  102 	.db #0x50	; 80	'P'
   0036 00                  103 	.db #0x00	; 0
   0037 08                  104 	.db #0x08	; 8
   0038 50                  105 	.db #0x50	; 80	'P'
   0039 50                  106 	.db #0x50	; 80	'P'
   003A 00                  107 	.db #0x00	; 0
   003B 00                  108 	.db #0x00	; 0
   003C 50                  109 	.db #0x50	; 80	'P'
   003D 50                  110 	.db #0x50	; 80	'P'
   003E 00                  111 	.db #0x00	; 0
   003F 00                  112 	.db #0x00	; 0
   0040 50                  113 	.db #0x50	; 80	'P'
   0041 50                  114 	.db #0x50	; 80	'P'
   0042 00                  115 	.db #0x00	; 0
   0043 00                  116 	.db #0x00	; 0
   0044 04                  117 	.db #0x04	; 4
   0045 04                  118 	.db #0x04	; 4
   0046 00                  119 	.db #0x00	; 0
   0047 00                  120 	.db #0x00	; 0
   0048 04                  121 	.db #0x04	; 4
   0049 04                  122 	.db #0x04	; 4
   004A 00                  123 	.db #0x00	; 0
   004B 00                  124 	.db #0x00	; 0
   004C 04                  125 	.db #0x04	; 4
   004D 04                  126 	.db #0x04	; 4
   004E 00                  127 	.db #0x00	; 0
   004F 00                  128 	.db #0x00	; 0
   0050 04                  129 	.db #0x04	; 4
   0051 04                  130 	.db #0x04	; 4
   0052 00                  131 	.db #0x00	; 0
                            132 	.area _INITIALIZER
                            133 	.area _CABS (ABS)
