                              1 ;--------------------------------------------------------
                              2 ; File Created by SDCC : free open source ANSI-C Compiler
                              3 ; Version 3.6.8 #9946 (Linux)
                              4 ;--------------------------------------------------------
                              5 	.module zul1_1
                              6 	.optsdcc -mz80
                              7 	
                              8 ;--------------------------------------------------------
                              9 ; Public variables in this module
                             10 ;--------------------------------------------------------
                             11 	.globl _zul1_1_1
                             12 	.globl _zul1_1_0
                             13 	.globl _zul1_1
                             14 	.globl _zul1_1PALETTE
                             15 ;--------------------------------------------------------
                             16 ; special function registers
                             17 ;--------------------------------------------------------
                             18 ;--------------------------------------------------------
                             19 ; ram data
                             20 ;--------------------------------------------------------
                             21 	.area _DATA
                             22 ;--------------------------------------------------------
                             23 ; ram data
                             24 ;--------------------------------------------------------
                             25 	.area _INITIALIZED
                             26 ;--------------------------------------------------------
                             27 ; absolute external ram data
                             28 ;--------------------------------------------------------
                             29 	.area _DABS (ABS)
                             30 ;--------------------------------------------------------
                             31 ; global & static initialisations
                             32 ;--------------------------------------------------------
                             33 	.area _HOME
                             34 	.area _GSINIT
                             35 	.area _GSFINAL
                             36 	.area _GSINIT
                             37 ;--------------------------------------------------------
                             38 ; Home
                             39 ;--------------------------------------------------------
                             40 	.area _HOME
                             41 	.area _HOME
                             42 ;--------------------------------------------------------
                             43 ; code
                             44 ;--------------------------------------------------------
                             45 	.area _CODE
                             46 	.area _CODE
   0000                      47 _zul1_1PALETTE:
   0000 54                   48 	.db #0x54	; 84	'T'
   0001 5B                   49 	.db #0x5b	; 91
   0002 4F                   50 	.db #0x4f	; 79	'O'
   0003 5D                   51 	.db #0x5d	; 93
   0004 44                   52 	.db #0x44	; 68	'D'
   0005 5F                   53 	.db #0x5f	; 95
   0006 4B                   54 	.db #0x4b	; 75	'K'
   0007 55                   55 	.db #0x55	; 85	'U'
   0008 56                   56 	.db #0x56	; 86	'V'
   0009 40                   57 	.db #0x40	; 64
   000A 5C                   58 	.db #0x5c	; 92
   000B 46                   59 	.db #0x46	; 70	'F'
   000C 5B                   60 	.db #0x5b	; 91
   000D 5B                   61 	.db #0x5b	; 91
   000E 5E                   62 	.db #0x5e	; 94
   000F                      63 _zul1_1:
   000Fr13r00                64 	.dw _zul1_1_0
   0011r33r00                65 	.dw _zul1_1_1
   0013                      66 _zul1_1_0:
   0013 00                   67 	.db #0x00	; 0
   0014 00                   68 	.db #0x00	; 0
   0015 08                   69 	.db #0x08	; 8
   0016 00                   70 	.db #0x00	; 0
   0017 00                   71 	.db #0x00	; 0
   0018 00                   72 	.db #0x00	; 0
   0019 08                   73 	.db #0x08	; 8
   001A 00                   74 	.db #0x00	; 0
   001B 00                   75 	.db #0x00	; 0
   001C 08                   76 	.db #0x08	; 8
   001D 08                   77 	.db #0x08	; 8
   001E 00                   78 	.db #0x00	; 0
   001F 00                   79 	.db #0x00	; 0
   0020 08                   80 	.db #0x08	; 8
   0021 08                   81 	.db #0x08	; 8
   0022 00                   82 	.db #0x00	; 0
   0023 00                   83 	.db #0x00	; 0
   0024 E4                   84 	.db #0xe4	; 228
   0025 A0                   85 	.db #0xa0	; 160
   0026 00                   86 	.db #0x00	; 0
   0027 00                   87 	.db #0x00	; 0
   0028 E4                   88 	.db #0xe4	; 228
   0029 A0                   89 	.db #0xa0	; 160
   002A 00                   90 	.db #0x00	; 0
   002B 00                   91 	.db #0x00	; 0
   002C F0                   92 	.db #0xf0	; 240
   002D 50                   93 	.db #0x50	; 80	'P'
   002E 00                   94 	.db #0x00	; 0
   002F 00                   95 	.db #0x00	; 0
   0030 F0                   96 	.db #0xf0	; 240
   0031 50                   97 	.db #0x50	; 80	'P'
   0032 00                   98 	.db #0x00	; 0
   0033                      99 _zul1_1_1:
   0033 08                  100 	.db #0x08	; 8
   0034 A0                  101 	.db #0xa0	; 160
   0035 00                  102 	.db #0x00	; 0
   0036 04                  103 	.db #0x04	; 4
   0037 08                  104 	.db #0x08	; 8
   0038 A0                  105 	.db #0xa0	; 160
   0039 00                  106 	.db #0x00	; 0
   003A 04                  107 	.db #0x04	; 4
   003B 04                  108 	.db #0x04	; 4
   003C 00                  109 	.db #0x00	; 0
   003D F0                  110 	.db #0xf0	; 240
   003E A0                  111 	.db #0xa0	; 160
   003F 04                  112 	.db #0x04	; 4
   0040 00                  113 	.db #0x00	; 0
   0041 F0                  114 	.db #0xf0	; 240
   0042 A0                  115 	.db #0xa0	; 160
   0043 00                  116 	.db #0x00	; 0
   0044 A0                  117 	.db #0xa0	; 160
   0045 F0                  118 	.db #0xf0	; 240
   0046 00                  119 	.db #0x00	; 0
   0047 00                  120 	.db #0x00	; 0
   0048 A0                  121 	.db #0xa0	; 160
   0049 F0                  122 	.db #0xf0	; 240
   004A 00                  123 	.db #0x00	; 0
   004B 04                  124 	.db #0x04	; 4
   004C A0                  125 	.db #0xa0	; 160
   004D F0                  126 	.db #0xf0	; 240
   004E 00                  127 	.db #0x00	; 0
   004F 04                  128 	.db #0x04	; 4
   0050 A0                  129 	.db #0xa0	; 160
   0051 F0                  130 	.db #0xf0	; 240
   0052 00                  131 	.db #0x00	; 0
                            132 	.area _INITIALIZER
                            133 	.area _CABS (ABS)
